Log file open, 04/15/21 15:22:26
LogInit: Display: Running engine for game: TowerDefence
LogPlatformFile: Not using cached read wrapper
LogTaskGraph: Started task graph with 5 named threads and 35 total threads with 3 sets of task threads.
LogStats: Stats thread started at 7.593267
LogD3D11RHI: Loaded GFSDK_Aftermath_Lib.x64.dll
LogICUInternationalization: ICU TimeZone Detection - Raw Offset: -5:00, Platform Override: ''
LogPluginManager: Mounting plugin Paper2D
LogPluginManager: Mounting plugin AISupport
LogPluginManager: Mounting plugin LightPropagationVolume
LogPluginManager: Mounting plugin CameraShakePreviewer
LogPluginManager: Mounting plugin ActorLayerUtilities
LogPluginManager: Mounting plugin AnimationSharing
LogPluginManager: Mounting plugin CLionSourceCodeAccess
LogPluginManager: Mounting plugin CodeLiteSourceCodeAccess
LogPluginManager: Mounting plugin GitSourceControl
LogPluginManager: Mounting plugin KDevelopSourceCodeAccess
LogPluginManager: Mounting plugin NullSourceCodeAccess
LogPluginManager: Mounting plugin PerforceSourceControl
LogPluginManager: Mounting plugin PlasticSourceControl
LogPluginManager: Mounting plugin RiderSourceCodeAccess
LogPluginManager: Mounting plugin SubversionSourceControl
LogPluginManager: Mounting plugin UObjectPlugin
LogPluginManager: Mounting plugin VisualStudioCodeSourceCodeAccess
LogPluginManager: Mounting plugin VisualStudioSourceCodeAccess
LogPluginManager: Mounting plugin XCodeSourceCodeAccess
LogPluginManager: Mounting plugin AssetManagerEditor
LogPluginManager: Mounting plugin CryptoKeys
LogPluginManager: Mounting plugin CurveEditorTools
LogPluginManager: Mounting plugin DataValidation
LogPluginManager: Mounting plugin EditorScriptingUtilities
LogPluginManager: Mounting plugin FacialAnimation
LogPluginManager: Mounting plugin GameplayTagsEditor
LogPluginManager: Mounting plugin GeometryMode
LogPluginManager: Mounting plugin MacGraphicsSwitching
LogPluginManager: Mounting plugin MaterialAnalyzer
LogPluginManager: Mounting plugin MobileLauncherProfileWizard
LogPluginManager: Mounting plugin PluginBrowser
LogPluginManager: Mounting plugin SpeedTreeImporter
LogPluginManager: Mounting plugin DatasmithContent
LogPluginManager: Mounting plugin VariantManagerContent
LogPluginManager: Mounting plugin AlembicImporter
LogPluginManager: Mounting plugin AutomationUtils
LogPluginManager: Mounting plugin BackChannel
LogPluginManager: Mounting plugin ChaosCloth
LogPluginManager: Mounting plugin ChaosClothEditor
LogPluginManager: Mounting plugin ChaosEditor
LogPluginManager: Mounting plugin ChaosNiagara
LogPluginManager: Mounting plugin ChaosSolverPlugin
LogPluginManager: Mounting plugin CharacterAI
LogPluginManager: Mounting plugin GeometryCache
LogPluginManager: Mounting plugin GeometryCollectionPlugin
LogPluginManager: Mounting plugin GeometryProcessing
LogPluginManager: Mounting plugin PlanarCut
LogPluginManager: Mounting plugin PlatformCrypto
LogPluginManager: Mounting plugin ProxyLODPlugin
LogPluginManager: Mounting plugin SkeletalReduction
LogPluginManager: Mounting plugin Niagara
LogPluginManager: Mounting plugin MagicLeap
LogPluginManager: Mounting plugin MagicLeapLightEstimation
LogPluginManager: Mounting plugin MagicLeapMedia
LogPluginManager: Mounting plugin MagicLeapPassableWorld
LogPluginManager: Mounting plugin MLSDK
LogPluginManager: Mounting plugin AndroidMedia
LogPluginManager: Mounting plugin AvfMedia
LogPluginManager: Mounting plugin ImgMedia
LogPluginManager: Mounting plugin MediaCompositing
LogPluginManager: Mounting plugin MediaPlayerEditor
LogPluginManager: Mounting plugin WebMMedia
LogPluginManager: Mounting plugin WmfMedia
LogPluginManager: Mounting plugin MeshPainting
LogPluginManager: Mounting plugin TcpMessaging
LogPluginManager: Mounting plugin UdpMessaging
LogPluginManager: Mounting plugin ActorSequence
LogPluginManager: Mounting plugin LevelSequenceEditor
LogPluginManager: Mounting plugin MatineeToLevelSequence
LogPluginManager: Mounting plugin MovieRenderPipeline
LogPluginManager: Mounting plugin TemplateSequence
LogPluginManager: Mounting plugin NetcodeUnitTest
LogPluginManager: Mounting plugin NUTUnrealEngine4
LogPluginManager: Mounting plugin OnlineSubsystemGooglePlay
LogPluginManager: Mounting plugin OnlineSubsystemIOS
LogPluginManager: Mounting plugin OnlineSubsystem
LogPluginManager: Mounting plugin OnlineSubsystemNull
LogPluginManager: Mounting plugin OnlineSubsystemUtils
LogPluginManager: Mounting plugin LauncherChunkInstaller
LogPluginManager: Mounting plugin AndroidDeviceProfileSelector
LogPluginManager: Mounting plugin AndroidMoviePlayer
LogPluginManager: Mounting plugin AndroidPermission
LogPluginManager: Mounting plugin AppleImageUtils
LogPluginManager: Mounting plugin AppleMoviePlayer
LogPluginManager: Mounting plugin ArchVisCharacter
LogPluginManager: Mounting plugin AssetTags
LogPluginManager: Mounting plugin AudioCapture
LogPluginManager: Mounting plugin CableComponent
LogPluginManager: Mounting plugin CustomMeshComponent
LogPluginManager: Mounting plugin EditableMesh
LogPluginManager: Mounting plugin ExampleDeviceProfileSelector
LogPluginManager: Mounting plugin GoogleCloudMessaging
LogPluginManager: Mounting plugin GooglePAD
LogPluginManager: Mounting plugin IOSDeviceProfileSelector
LogPluginManager: Mounting plugin LinuxDeviceProfileSelector
LogPluginManager: Mounting plugin LocationServicesBPLibrary
LogPluginManager: Mounting plugin MobilePatchingUtils
LogPluginManager: Mounting plugin OculusVR
LogPluginManager: Mounting plugin PhysXVehicles
LogPluginManager: Mounting plugin PostSplashScreen
LogPluginManager: Mounting plugin ProceduralMeshComponent
LogPluginManager: Mounting plugin RuntimePhysXCooking
LogPluginManager: Mounting plugin SignificanceManager
LogPluginManager: Mounting plugin SoundFields
LogPluginManager: Mounting plugin SteamVR
LogPluginManager: Mounting plugin Synthesis
LogPluginManager: Mounting plugin WebMMoviePlayer
LogPluginManager: Mounting plugin WindowsMoviePlayer
LogPluginManager: Mounting plugin ScreenshotTools
LogInit: Using libcurl 7.55.1-DEV
LogInit:  - built for x86_64-pc-win32
LogInit:  - supports SSL with OpenSSL/1.1.1
LogInit:  - supports HTTP deflate (compression) using libz 1.2.8
LogInit:  - other features:
LogInit:      CURL_VERSION_SSL
LogInit:      CURL_VERSION_LIBZ
LogInit:      CURL_VERSION_IPV6
LogInit:      CURL_VERSION_ASYNCHDNS
LogInit:      CURL_VERSION_LARGEFILE
LogInit:      CURL_VERSION_IDN
LogInit:  CurlRequestOptions (configurable via config and command line):
LogInit:  - bVerifyPeer = true  - Libcurl will verify peer certificate
LogInit:  - bUseHttpProxy = false  - Libcurl will NOT use HTTP proxy
LogInit:  - bDontReuseConnections = false  - Libcurl will reuse connections
LogInit:  - MaxHostConnections = 16  - Libcurl will limit the number of connections to a host
LogInit:  - LocalHostAddr = Default
LogInit:  - BufferSize = 65536
LogOnline: OSS: Creating online subsystem instance for: NULL
LogInit: WinSock: version 1.1 (2.2), MaxSocks=32767, MaxUdp=65467
LogOnline: OSS: TryLoadSubsystemAndSetDefault: Loaded subsystem for module [NULL]
LogInit: Build: ++UE4+Release-4.25-CL-13942748
LogInit: Engine Version: 4.25.3-13942748+++UE4+Release-4.25
LogInit: Compatible Engine Version: 4.25.0-13144385+++UE4+Release-4.25
LogInit: Net CL: 13144385
LogInit: OS: Windows 10 (Release 2009) (), CPU: Intel(R) Core(TM) i7-8750H CPU @ 2.20GHz, GPU: Intel(R) UHD Graphics 630
LogInit: Compiled (64-bit): Jul 25 2020 02:07:48
LogInit: Compiled with Visual C++: 19.24.28315.00
LogInit: Build Configuration: Development
LogInit: Branch Name: ++UE4+Release-4.25
LogInit: Command Line:  -skipcompile
LogInit: Base Directory: D:/Epic Games Files/UE_4.25/Engine/Binaries/Win64/
LogInit: Allocator: TBB
LogInit: Installed Engine Build: 1
LogDevObjectVersion: Number of dev versions registered: 26
LogDevObjectVersion:   Dev-Blueprints (B0D832E4-1F89-4F0D-ACCF-7EB736FD4AA2): 10
LogDevObjectVersion:   Dev-Build (E1C64328-A22C-4D53-A36C-8E866417BD8C): 0
LogDevObjectVersion:   Dev-Core (375EC13C-06E4-48FB-B500-84F0262A717E): 4
LogDevObjectVersion:   Dev-Editor (E4B068ED-F494-42E9-A231-DA0B2E46BB41): 38
LogDevObjectVersion:   Dev-Framework (CFFC743F-43B0-4480-9391-14DF171D2073): 37
LogDevObjectVersion:   Dev-Mobile (B02B49B5-BB20-44E9-A304-32B752E40360): 2
LogDevObjectVersion:   Dev-Networking (A4E4105C-59A1-49B5-A7C5-40C4547EDFEE): 0
LogDevObjectVersion:   Dev-Online (39C831C9-5AE6-47DC-9A44-9C173E1C8E7C): 0
LogDevObjectVersion:   Dev-Physics (78F01B33-EBEA-4F98-B9B4-84EACCB95AA2): 4
LogDevObjectVersion:   Dev-Platform (6631380F-2D4D-43E0-8009-CF276956A95A): 0
LogDevObjectVersion:   Dev-Rendering (12F88B9F-8875-4AFC-A67C-D90C383ABD29): 43
LogDevObjectVersion:   Dev-Sequencer (7B5AE74C-D270-4C10-A958-57980B212A5A): 12
LogDevObjectVersion:   Dev-VR (D7296918-1DD6-4BDD-9DE2-64A83CC13884): 3
LogDevObjectVersion:   Dev-LoadTimes (C2A15278-BFE7-4AFE-6C17-90FF531DF755): 1
LogDevObjectVersion:   Private-Geometry (6EACA3D4-40EC-4CC1-B786-8BED09428FC5): 3
LogDevObjectVersion:   Dev-AnimPhys (29E575DD-E0A3-4627-9D10-D276232CDCEA): 17
LogDevObjectVersion:   Dev-Anim (AF43A65D-7FD3-4947-9873-3E8ED9C1BB05): 7
LogDevObjectVersion:   Dev-ReflectionCapture (6B266CEC-1EC7-4B8F-A30B-E4D90942FC07): 1
LogDevObjectVersion:   Dev-Automation (0DF73D61-A23F-47EA-B727-89E90C41499A): 1
LogDevObjectVersion:   FortniteMain (601D1886-AC64-4F84-AA16-D3DE0DEAC7D6): 31
LogDevObjectVersion:   Dev-Enterprise (9DFFBCD6-494F-0158-E221-12823C92A888): 10
LogDevObjectVersion:   Dev-Niagara (F2AED0AC-9AFE-416F-8664-AA7FFA26D6FC): 1
LogDevObjectVersion:   Dev-Destruction (174F1F0B-B4C6-45A5-B13F-2EE8D0FB917D): 10
LogDevObjectVersion:   Dev-Physics-Ext (35F94A83-E258-406C-A318-09F59610247C): 37
LogDevObjectVersion:   Dev-PhysicsMaterial-Chaos (B68FC16E-8B1B-42E2-B453-215C058844FE): 1
LogDevObjectVersion:   Dev-CineCamera (B2E18506-4273-CFC2-A54E-F4BB758BBA07): 1
LogInit: Presizing for max 25165824 objects, including 0 objects not considered by GC, pre-allocating 0 bytes for permanent pool.
LogConfig: Applying CVar settings from Section [/Script/Engine.StreamingSettings] File [C:/Users/sethg/Desktop/High Level Development II/W21_GAM1528_NoNameYet/TowerDefence/Saved/Config/Windows/Engine.ini]
LogConfig: Setting CVar [[s.MinBulkDataSizeForAsyncLoading:131072]]
LogConfig: Setting CVar [[s.AsyncLoadingThreadEnabled:0]]
LogConfig: Setting CVar [[s.EventDrivenLoaderEnabled:1]]
LogConfig: Setting CVar [[s.WarnIfTimeLimitExceeded:0]]
LogConfig: Setting CVar [[s.TimeLimitExceededMultiplier:1.5]]
LogConfig: Setting CVar [[s.TimeLimitExceededMinTime:0.005]]
LogConfig: Setting CVar [[s.UseBackgroundLevelStreaming:1]]
LogConfig: Setting CVar [[s.PriorityAsyncLoadingExtraTime:15.0]]
LogConfig: Setting CVar [[s.LevelStreamingActorsUpdateTimeLimit:5.0]]
LogConfig: Setting CVar [[s.PriorityLevelStreamingActorsUpdateExtraTime:5.0]]
LogConfig: Setting CVar [[s.LevelStreamingComponentsRegistrationGranularity:10]]
LogConfig: Setting CVar [[s.UnregisterComponentsTimeLimit:1.0]]
LogConfig: Setting CVar [[s.LevelStreamingComponentsUnregistrationGranularity:5]]
LogConfig: Setting CVar [[s.FlushStreamingOnExit:1]]
LogInit: Object subsystem initialized
LogConfig: Setting CVar [[con.DebugEarlyDefault:1]]
LogConfig: Setting CVar [[r.setres:1280x720]]
[2021.04.15-19.22.29:530][  0]LogConfig: Setting CVar [[r.VSync:0]]
[2021.04.15-19.22.29:531][  0]LogConfig: Setting CVar [[r.RHICmdBypass:0]]
[2021.04.15-19.22.29:533][  0]LogConfig: Applying CVar settings from Section [/Script/Engine.RendererSettings] File [C:/Users/sethg/Desktop/High Level Development II/W21_GAM1528_NoNameYet/TowerDefence/Saved/Config/Windows/Engine.ini]
[2021.04.15-19.22.29:533][  0]LogConfig: Setting CVar [[r.GPUCrashDebugging:0]]
[2021.04.15-19.22.29:533][  0]LogConfig: Applying CVar settings from Section [/Script/Engine.RendererOverrideSettings] File [C:/Users/sethg/Desktop/High Level Development II/W21_GAM1528_NoNameYet/TowerDefence/Saved/Config/Windows/Engine.ini]
[2021.04.15-19.22.29:533][  0]LogConfig: Applying CVar settings from Section [/Script/Engine.StreamingSettings] File [C:/Users/sethg/Desktop/High Level Development II/W21_GAM1528_NoNameYet/TowerDefence/Saved/Config/Windows/Engine.ini]
[2021.04.15-19.22.29:534][  0]LogConfig: Setting CVar [[s.MinBulkDataSizeForAsyncLoading:131072]]
[2021.04.15-19.22.29:534][  0]LogConfig: Setting CVar [[s.AsyncLoadingThreadEnabled:0]]
[2021.04.15-19.22.29:534][  0]LogConfig: Setting CVar [[s.EventDrivenLoaderEnabled:1]]
[2021.04.15-19.22.29:534][  0]LogConfig: Setting CVar [[s.WarnIfTimeLimitExceeded:0]]
[2021.04.15-19.22.29:534][  0]LogConfig: Setting CVar [[s.TimeLimitExceededMultiplier:1.5]]
[2021.04.15-19.22.29:534][  0]LogConfig: Setting CVar [[s.TimeLimitExceededMinTime:0.005]]
[2021.04.15-19.22.29:534][  0]LogConfig: Setting CVar [[s.UseBackgroundLevelStreaming:1]]
[2021.04.15-19.22.29:534][  0]LogConfig: Setting CVar [[s.PriorityAsyncLoadingExtraTime:15.0]]
[2021.04.15-19.22.29:534][  0]LogConfig: Setting CVar [[s.LevelStreamingActorsUpdateTimeLimit:5.0]]
[2021.04.15-19.22.29:534][  0]LogConfig: Setting CVar [[s.PriorityLevelStreamingActorsUpdateExtraTime:5.0]]
[2021.04.15-19.22.29:534][  0]LogConfig: Setting CVar [[s.LevelStreamingComponentsRegistrationGranularity:10]]
[2021.04.15-19.22.29:535][  0]LogConfig: Setting CVar [[s.UnregisterComponentsTimeLimit:1.0]]
[2021.04.15-19.22.29:535][  0]LogConfig: Setting CVar [[s.LevelStreamingComponentsUnregistrationGranularity:5]]
[2021.04.15-19.22.29:535][  0]LogConfig: Setting CVar [[s.FlushStreamingOnExit:1]]
[2021.04.15-19.22.29:535][  0]LogConfig: Applying CVar settings from Section [/Script/Engine.GarbageCollectionSettings] File [C:/Users/sethg/Desktop/High Level Development II/W21_GAM1528_NoNameYet/TowerDefence/Saved/Config/Windows/Engine.ini]
[2021.04.15-19.22.29:535][  0]LogConfig: Setting CVar [[gc.MaxObjectsNotConsideredByGC:1]]
[2021.04.15-19.22.29:535][  0]LogConfig: Setting CVar [[gc.SizeOfPermanentObjectPool:0]]
[2021.04.15-19.22.29:535][  0]LogConfig: Setting CVar [[gc.FlushStreamingOnGC:0]]
[2021.04.15-19.22.29:535][  0]LogConfig: Setting CVar [[gc.NumRetriesBeforeForcingGC:10]]
[2021.04.15-19.22.29:535][  0]LogConfig: Setting CVar [[gc.AllowParallelGC:1]]
[2021.04.15-19.22.29:535][  0]LogConfig: Setting CVar [[gc.TimeBetweenPurgingPendingKillObjects:61.1]]
[2021.04.15-19.22.29:535][  0]LogConfig: Setting CVar [[gc.MaxObjectsInEditor:25165824]]
[2021.04.15-19.22.29:535][  0]LogConfig: Setting CVar [[gc.IncrementalBeginDestroyEnabled:1]]
[2021.04.15-19.22.29:535][  0]LogConfig: Setting CVar [[gc.CreateGCClusters:1]]
[2021.04.15-19.22.29:535][  0]LogConfig: Setting CVar [[gc.MinGCClusterSize:5]]
[2021.04.15-19.22.29:535][  0]LogConfig: Setting CVar [[gc.ActorClusteringEnabled:0]]
[2021.04.15-19.22.29:535][  0]LogConfig: Setting CVar [[gc.BlueprintClusteringEnabled:0]]
[2021.04.15-19.22.29:535][  0]LogConfig: Setting CVar [[gc.UseDisregardForGCOnDedicatedServers:0]]
[2021.04.15-19.22.29:536][  0]LogConfig: Applying CVar settings from Section [/Script/Engine.NetworkSettings] File [C:/Users/sethg/Desktop/High Level Development II/W21_GAM1528_NoNameYet/TowerDefence/Saved/Config/Windows/Engine.ini]
[2021.04.15-19.22.29:536][  0]LogConfig: Applying CVar settings from Section [/Script/UnrealEd.CookerSettings] File [C:/Users/sethg/Desktop/High Level Development II/W21_GAM1528_NoNameYet/TowerDefence/Saved/Config/Windows/Engine.ini]
[2021.04.15-19.22.29:581][  0]LogConfig: Applying CVar settings from Section [ViewDistanceQuality@3] File [C:/Users/sethg/Desktop/High Level Development II/W21_GAM1528_NoNameYet/TowerDefence/Saved/Config/Windows/Scalability.ini]
[2021.04.15-19.22.29:581][  0]LogConfig: Setting CVar [[r.SkeletalMeshLODBias:0]]
[2021.04.15-19.22.29:581][  0]LogConfig: Setting CVar [[r.ViewDistanceScale:1.0]]
[2021.04.15-19.22.29:581][  0]LogConfig: Applying CVar settings from Section [AntiAliasingQuality@3] File [C:/Users/sethg/Desktop/High Level Development II/W21_GAM1528_NoNameYet/TowerDefence/Saved/Config/Windows/Scalability.ini]
[2021.04.15-19.22.29:581][  0]LogConfig: Setting CVar [[r.PostProcessAAQuality:4]]
[2021.04.15-19.22.29:581][  0]LogConfig: Applying CVar settings from Section [ShadowQuality@3] File [C:/Users/sethg/Desktop/High Level Development II/W21_GAM1528_NoNameYet/TowerDefence/Saved/Config/Windows/Scalability.ini]
[2021.04.15-19.22.29:582][  0]LogConfig: Setting CVar [[r.LightFunctionQuality:1]]
[2021.04.15-19.22.29:582][  0]LogConfig: Setting CVar [[r.ShadowQuality:5]]
[2021.04.15-19.22.29:582][  0]LogConfig: Setting CVar [[r.Shadow.CSM.MaxCascades:10]]
[2021.04.15-19.22.29:582][  0]LogConfig: Setting CVar [[r.Shadow.MaxResolution:2048]]
[2021.04.15-19.22.29:582][  0]LogConfig: Setting CVar [[r.Shadow.MaxCSMResolution:2048]]
[2021.04.15-19.22.29:582][  0]LogConfig: Setting CVar [[r.Shadow.RadiusThreshold:0.01]]
[2021.04.15-19.22.29:582][  0]LogConfig: Setting CVar [[r.Shadow.DistanceScale:1.0]]
[2021.04.15-19.22.29:582][  0]LogConfig: Setting CVar [[r.Shadow.CSM.TransitionScale:1.0]]
[2021.04.15-19.22.29:582][  0]LogConfig: Setting CVar [[r.Shadow.PreShadowResolutionFactor:1.0]]
[2021.04.15-19.22.29:582][  0]LogConfig: Setting CVar [[r.DistanceFieldShadowing:1]]
[2021.04.15-19.22.29:582][  0]LogConfig: Setting CVar [[r.DistanceFieldAO:1]]
[2021.04.15-19.22.29:582][  0]LogConfig: Setting CVar [[r.AOQuality:2]]
[2021.04.15-19.22.29:583][  0]LogConfig: Setting CVar [[r.VolumetricFog:1]]
[2021.04.15-19.22.29:583][  0]LogConfig: Setting CVar [[r.VolumetricFog.GridPixelSize:8]]
[2021.04.15-19.22.29:583][  0]LogConfig: Setting CVar [[r.VolumetricFog.GridSizeZ:128]]
[2021.04.15-19.22.29:583][  0]LogConfig: Setting CVar [[r.VolumetricFog.HistoryMissSupersampleCount:4]]
[2021.04.15-19.22.29:583][  0]LogConfig: Setting CVar [[r.LightMaxDrawDistanceScale:1]]
[2021.04.15-19.22.29:583][  0]LogConfig: Setting CVar [[r.CapsuleShadows:1]]
[2021.04.15-19.22.29:583][  0]LogConfig: Applying CVar settings from Section [PostProcessQuality@3] File [C:/Users/sethg/Desktop/High Level Development II/W21_GAM1528_NoNameYet/TowerDefence/Saved/Config/Windows/Scalability.ini]
[2021.04.15-19.22.29:583][  0]LogConfig: Setting CVar [[r.MotionBlurQuality:4]]
[2021.04.15-19.22.29:583][  0]LogConfig: Setting CVar [[r.AmbientOcclusionMipLevelFactor:0.4]]
[2021.04.15-19.22.29:583][  0]LogConfig: Setting CVar [[r.AmbientOcclusionMaxQuality:100]]
[2021.04.15-19.22.29:583][  0]LogConfig: Setting CVar [[r.AmbientOcclusionLevels:-1]]
[2021.04.15-19.22.29:583][  0]LogConfig: Setting CVar [[r.AmbientOcclusionRadiusScale:1.0]]
[2021.04.15-19.22.29:583][  0]LogConfig: Setting CVar [[r.DepthOfFieldQuality:2]]
[2021.04.15-19.22.29:583][  0]LogConfig: Setting CVar [[r.RenderTargetPoolMin:400]]
[2021.04.15-19.22.29:583][  0]LogConfig: Setting CVar [[r.LensFlareQuality:2]]
[2021.04.15-19.22.29:583][  0]LogConfig: Setting CVar [[r.SceneColorFringeQuality:1]]
[2021.04.15-19.22.29:583][  0]LogConfig: Setting CVar [[r.EyeAdaptationQuality:2]]
[2021.04.15-19.22.29:583][  0]LogConfig: Setting CVar [[r.BloomQuality:5]]
[2021.04.15-19.22.29:584][  0]LogConfig: Setting CVar [[r.FastBlurThreshold:100]]
[2021.04.15-19.22.29:584][  0]LogConfig: Setting CVar [[r.Upscale.Quality:3]]
[2021.04.15-19.22.29:584][  0]LogConfig: Setting CVar [[r.Tonemapper.GrainQuantization:1]]
[2021.04.15-19.22.29:584][  0]LogConfig: Setting CVar [[r.LightShaftQuality:1]]
[2021.04.15-19.22.29:584][  0]LogConfig: Setting CVar [[r.Filter.SizeScale:1]]
[2021.04.15-19.22.29:584][  0]LogConfig: Setting CVar [[r.Tonemapper.Quality:5]]
[2021.04.15-19.22.29:584][  0]LogConfig: Setting CVar [[r.DOF.Gather.AccumulatorQuality:1        ; higher gathering accumulator quality]]
[2021.04.15-19.22.29:584][  0]LogConfig: Setting CVar [[r.DOF.Gather.PostfilterMethod:1          ; Median3x3 postfilering method]]
[2021.04.15-19.22.29:584][  0]LogConfig: Setting CVar [[r.DOF.Gather.EnableBokehSettings:0       ; no bokeh simulation when gathering]]
[2021.04.15-19.22.29:584][  0]LogConfig: Setting CVar [[r.DOF.Gather.RingCount:4                 ; medium number of samples when gathering]]
[2021.04.15-19.22.29:585][  0]LogConfig: Setting CVar [[r.DOF.Scatter.ForegroundCompositing:1    ; additive foreground scattering]]
[2021.04.15-19.22.29:585][  0]LogConfig: Setting CVar [[r.DOF.Scatter.BackgroundCompositing:2    ; additive background scattering]]
[2021.04.15-19.22.29:585][  0]LogConfig: Setting CVar [[r.DOF.Scatter.EnableBokehSettings:1      ; bokeh simulation when scattering]]
[2021.04.15-19.22.29:585][  0]LogConfig: Setting CVar [[r.DOF.Scatter.MaxSpriteRatio:0.1         ; only a maximum of 10% of scattered bokeh]]
[2021.04.15-19.22.29:585][  0]LogConfig: Setting CVar [[r.DOF.Recombine.Quality:1                ; cheap slight out of focus]]
[2021.04.15-19.22.29:585][  0]LogConfig: Setting CVar [[r.DOF.Recombine.EnableBokehSettings:0    ; no bokeh simulation on slight out of focus]]
[2021.04.15-19.22.29:585][  0]LogConfig: Setting CVar [[r.DOF.TemporalAAQuality:1                ; more stable temporal accumulation]]
[2021.04.15-19.22.29:585][  0]LogConfig: Setting CVar [[r.DOF.Kernel.MaxForegroundRadius:0.025]]
[2021.04.15-19.22.29:585][  0]LogConfig: Setting CVar [[r.DOF.Kernel.MaxBackgroundRadius:0.025]]
[2021.04.15-19.22.29:585][  0]LogConfig: Applying CVar settings from Section [TextureQuality@3] File [C:/Users/sethg/Desktop/High Level Development II/W21_GAM1528_NoNameYet/TowerDefence/Saved/Config/Windows/Scalability.ini]
[2021.04.15-19.22.29:585][  0]LogConfig: Setting CVar [[r.Streaming.MipBias:0]]
[2021.04.15-19.22.29:585][  0]LogConfig: Setting CVar [[r.Streaming.AmortizeCPUToGPUCopy:0]]
[2021.04.15-19.22.29:586][  0]LogConfig: Setting CVar [[r.Streaming.MaxNumTexturesToStreamPerFrame:0]]
[2021.04.15-19.22.29:586][  0]LogConfig: Setting CVar [[r.Streaming.Boost:1]]
[2021.04.15-19.22.29:586][  0]LogConfig: Setting CVar [[r.MaxAnisotropy:8]]
[2021.04.15-19.22.29:586][  0]LogConfig: Setting CVar [[r.VT.MaxAnisotropy:8]]
[2021.04.15-19.22.29:586][  0]LogConfig: Setting CVar [[r.Streaming.LimitPoolSizeToVRAM:0]]
[2021.04.15-19.22.29:586][  0]LogConfig: Setting CVar [[r.Streaming.PoolSize:1000]]
[2021.04.15-19.22.29:586][  0]LogConfig: Setting CVar [[r.Streaming.MaxEffectiveScreenSize:0]]
[2021.04.15-19.22.29:586][  0]LogConfig: Applying CVar settings from Section [EffectsQuality@3] File [C:/Users/sethg/Desktop/High Level Development II/W21_GAM1528_NoNameYet/TowerDefence/Saved/Config/Windows/Scalability.ini]
[2021.04.15-19.22.29:586][  0]LogConfig: Setting CVar [[r.TranslucencyLightingVolumeDim:64]]
[2021.04.15-19.22.29:586][  0]LogConfig: Setting CVar [[r.RefractionQuality:2]]
[2021.04.15-19.22.29:586][  0]LogConfig: Setting CVar [[r.SSR.Quality:3]]
[2021.04.15-19.22.29:586][  0]LogConfig: Setting CVar [[r.SSR.HalfResSceneColor:0]]
[2021.04.15-19.22.29:586][  0]LogConfig: Setting CVar [[r.SceneColorFormat:4]]
[2021.04.15-19.22.29:587][  0]LogConfig: Setting CVar [[r.DetailMode:2]]
[2021.04.15-19.22.29:587][  0]LogConfig: Setting CVar [[r.TranslucencyVolumeBlur:1]]
[2021.04.15-19.22.29:587][  0]LogConfig: Setting CVar [[r.MaterialQualityLevel:1 ; High quality]]
[2021.04.15-19.22.29:587][  0]LogConfig: Setting CVar [[r.SSS.Scale:1]]
[2021.04.15-19.22.29:587][  0]LogConfig: Setting CVar [[r.SSS.SampleSet:2]]
[2021.04.15-19.22.29:587][  0]LogConfig: Setting CVar [[r.SSS.Quality:1]]
[2021.04.15-19.22.29:587][  0]LogConfig: Setting CVar [[r.SSS.HalfRes:0]]
[2021.04.15-19.22.29:587][  0]LogConfig: Setting CVar [[r.SSGI.Quality:3]]
[2021.04.15-19.22.29:587][  0]LogConfig: Setting CVar [[r.EmitterSpawnRateScale:1.0]]
[2021.04.15-19.22.29:587][  0]LogConfig: Setting CVar [[r.ParticleLightQuality:2]]
[2021.04.15-19.22.29:587][  0]LogConfig: Setting CVar [[r.SkyAtmosphere.AerialPerspectiveLUT.FastApplyOnOpaque:1 ; Always have FastSkyLUT 1 in this case to avoid wrong sky]]
[2021.04.15-19.22.29:587][  0]LogConfig: Setting CVar [[r.SkyAtmosphere.AerialPerspectiveLUT.SampleCountPerSlice:1]]
[2021.04.15-19.22.29:587][  0]LogConfig: Setting CVar [[r.SkyAtmosphere.AerialPerspectiveLUT.DepthResolution:16.0]]
[2021.04.15-19.22.29:587][  0]LogConfig: Setting CVar [[r.SkyAtmosphere.FastSkyLUT:1]]
[2021.04.15-19.22.29:588][  0]LogConfig: Setting CVar [[r.SkyAtmosphere.FastSkyLUT.SampleCountMin:4.0]]
[2021.04.15-19.22.29:588][  0]LogConfig: Setting CVar [[r.SkyAtmosphere.FastSkyLUT.SampleCountMax:32.0]]
[2021.04.15-19.22.29:588][  0]LogConfig: Setting CVar [[r.SkyAtmosphere.SampleCountMin:4.0]]
[2021.04.15-19.22.29:588][  0]LogConfig: Setting CVar [[r.SkyAtmosphere.SampleCountMax:32.0]]
[2021.04.15-19.22.29:588][  0]LogConfig: Setting CVar [[r.SkyAtmosphere.TransmittanceLUT.UseSmallFormat:0]]
[2021.04.15-19.22.29:588][  0]LogConfig: Setting CVar [[r.SkyAtmosphere.TransmittanceLUT.SampleCount:10.0]]
[2021.04.15-19.22.29:588][  0]LogConfig: Setting CVar [[r.SkyAtmosphere.MultiScatteringLUT.SampleCount:15.0]]
[2021.04.15-19.22.29:588][  0]LogConfig: Applying CVar settings from Section [FoliageQuality@3] File [C:/Users/sethg/Desktop/High Level Development II/W21_GAM1528_NoNameYet/TowerDefence/Saved/Config/Windows/Scalability.ini]
[2021.04.15-19.22.29:588][  0]LogConfig: Setting CVar [[foliage.DensityScale:1.0]]
[2021.04.15-19.22.29:588][  0]LogConfig: Setting CVar [[grass.DensityScale:1.0]]
[2021.04.15-19.22.29:589][  0]LogConfig: Applying CVar settings from Section [ShadingQuality@3] File [C:/Users/sethg/Desktop/High Level Development II/W21_GAM1528_NoNameYet/TowerDefence/Saved/Config/Windows/Scalability.ini]
[2021.04.15-19.22.29:589][  0]LogConfig: Setting CVar [[r.HairStrands.SkyLighting.SampleCount:16]]
[2021.04.15-19.22.29:589][  0]LogConfig: Setting CVar [[r.HairStrands.SkyLighting.JitterIntegration:0]]
[2021.04.15-19.22.29:589][  0]LogConfig: Setting CVar [[r.HairStrands.SkyAO.SampleCount:16]]
[2021.04.15-19.22.29:589][  0]LogConfig: Setting CVar [[r.HairStrands.DeepShadow.SuperSampling:0]]
[2021.04.15-19.22.29:589][  0]LogConfig: Setting CVar [[r.HairStrands.VisibilityPPLL:0]]
[2021.04.15-19.22.29:589][  0]LogConfig: Setting CVar [[r.HairStrands.RasterizationScale:0.5]]
[2021.04.15-19.22.29:589][  0]LogConfig: Setting CVar [[r.HairStrands.VelocityRasterizationScale:1]]
[2021.04.15-19.22.29:610][  0]LogInit: Selected Device Profile: [Windows]
[2021.04.15-19.22.29:611][  0]LogInit: Applying CVar settings loaded from the selected device profile: [Windows]
[2021.04.15-19.22.29:640][  0]LogHAL: Display: Platform has ~ 16 GB [17023397888 / 17179869184 / 16], which maps to Larger [LargestMinGB=32, LargerMinGB=12, DefaultMinGB=8, SmallerMinGB=6, SmallestMinGB=0)
[2021.04.15-19.22.29:641][  0]LogInit: Going up to parent DeviceProfile []
[2021.04.15-19.22.29:643][  0]LogConfig: Applying CVar settings from Section [ViewDistanceQuality@3] File [C:/Users/sethg/Desktop/High Level Development II/W21_GAM1528_NoNameYet/TowerDefence/Saved/Config/Windows/Scalability.ini]
[2021.04.15-19.22.29:643][  0]LogConfig: Setting CVar [[r.SkeletalMeshLODBias:0]]
[2021.04.15-19.22.29:643][  0]LogConfig: Setting CVar [[r.ViewDistanceScale:1.0]]
[2021.04.15-19.22.29:643][  0]LogConfig: Applying CVar settings from Section [AntiAliasingQuality@3] File [C:/Users/sethg/Desktop/High Level Development II/W21_GAM1528_NoNameYet/TowerDefence/Saved/Config/Windows/Scalability.ini]
[2021.04.15-19.22.29:643][  0]LogConfig: Setting CVar [[r.PostProcessAAQuality:4]]
[2021.04.15-19.22.29:644][  0]LogConfig: Applying CVar settings from Section [ShadowQuality@3] File [C:/Users/sethg/Desktop/High Level Development II/W21_GAM1528_NoNameYet/TowerDefence/Saved/Config/Windows/Scalability.ini]
[2021.04.15-19.22.29:644][  0]LogConfig: Setting CVar [[r.LightFunctionQuality:1]]
[2021.04.15-19.22.29:644][  0]LogConfig: Setting CVar [[r.ShadowQuality:5]]
[2021.04.15-19.22.29:644][  0]LogConfig: Setting CVar [[r.Shadow.CSM.MaxCascades:10]]
[2021.04.15-19.22.29:644][  0]LogConfig: Setting CVar [[r.Shadow.MaxResolution:2048]]
[2021.04.15-19.22.29:644][  0]LogConfig: Setting CVar [[r.Shadow.MaxCSMResolution:2048]]
[2021.04.15-19.22.29:644][  0]LogConfig: Setting CVar [[r.Shadow.RadiusThreshold:0.01]]
[2021.04.15-19.22.29:644][  0]LogConfig: Setting CVar [[r.Shadow.DistanceScale:1.0]]
[2021.04.15-19.22.29:644][  0]LogConfig: Setting CVar [[r.Shadow.CSM.TransitionScale:1.0]]
[2021.04.15-19.22.29:644][  0]LogConfig: Setting CVar [[r.Shadow.PreShadowResolutionFactor:1.0]]
[2021.04.15-19.22.29:644][  0]LogConfig: Setting CVar [[r.DistanceFieldShadowing:1]]
[2021.04.15-19.22.29:644][  0]LogConfig: Setting CVar [[r.DistanceFieldAO:1]]
[2021.04.15-19.22.29:644][  0]LogConfig: Setting CVar [[r.AOQuality:2]]
[2021.04.15-19.22.29:644][  0]LogConfig: Setting CVar [[r.VolumetricFog:1]]
[2021.04.15-19.22.29:644][  0]LogConfig: Setting CVar [[r.VolumetricFog.GridPixelSize:8]]
[2021.04.15-19.22.29:645][  0]LogConfig: Setting CVar [[r.VolumetricFog.GridSizeZ:128]]
[2021.04.15-19.22.29:645][  0]LogConfig: Setting CVar [[r.VolumetricFog.HistoryMissSupersampleCount:4]]
[2021.04.15-19.22.29:645][  0]LogConfig: Setting CVar [[r.LightMaxDrawDistanceScale:1]]
[2021.04.15-19.22.29:645][  0]LogConfig: Setting CVar [[r.CapsuleShadows:1]]
[2021.04.15-19.22.29:645][  0]LogConfig: Applying CVar settings from Section [PostProcessQuality@3] File [C:/Users/sethg/Desktop/High Level Development II/W21_GAM1528_NoNameYet/TowerDefence/Saved/Config/Windows/Scalability.ini]
[2021.04.15-19.22.29:645][  0]LogConfig: Setting CVar [[r.MotionBlurQuality:4]]
[2021.04.15-19.22.29:645][  0]LogConfig: Setting CVar [[r.AmbientOcclusionMipLevelFactor:0.4]]
[2021.04.15-19.22.29:645][  0]LogConfig: Setting CVar [[r.AmbientOcclusionMaxQuality:100]]
[2021.04.15-19.22.29:645][  0]LogConfig: Setting CVar [[r.AmbientOcclusionLevels:-1]]
[2021.04.15-19.22.29:645][  0]LogConfig: Setting CVar [[r.AmbientOcclusionRadiusScale:1.0]]
[2021.04.15-19.22.29:646][  0]LogConfig: Setting CVar [[r.DepthOfFieldQuality:2]]
[2021.04.15-19.22.29:646][  0]LogConfig: Setting CVar [[r.RenderTargetPoolMin:400]]
[2021.04.15-19.22.29:646][  0]LogConfig: Setting CVar [[r.LensFlareQuality:2]]
[2021.04.15-19.22.29:646][  0]LogConfig: Setting CVar [[r.SceneColorFringeQuality:1]]
[2021.04.15-19.22.29:646][  0]LogConfig: Setting CVar [[r.EyeAdaptationQuality:2]]
[2021.04.15-19.22.29:646][  0]LogConfig: Setting CVar [[r.BloomQuality:5]]
[2021.04.15-19.22.29:646][  0]LogConfig: Setting CVar [[r.FastBlurThreshold:100]]
[2021.04.15-19.22.29:646][  0]LogConfig: Setting CVar [[r.Upscale.Quality:3]]
[2021.04.15-19.22.29:646][  0]LogConfig: Setting CVar [[r.Tonemapper.GrainQuantization:1]]
[2021.04.15-19.22.29:646][  0]LogConfig: Setting CVar [[r.LightShaftQuality:1]]
[2021.04.15-19.22.29:646][  0]LogConfig: Setting CVar [[r.Filter.SizeScale:1]]
[2021.04.15-19.22.29:646][  0]LogConfig: Setting CVar [[r.Tonemapper.Quality:5]]
[2021.04.15-19.22.29:646][  0]LogConfig: Setting CVar [[r.DOF.Gather.AccumulatorQuality:1        ; higher gathering accumulator quality]]
[2021.04.15-19.22.29:646][  0]LogConfig: Setting CVar [[r.DOF.Gather.PostfilterMethod:1          ; Median3x3 postfilering method]]
[2021.04.15-19.22.29:646][  0]LogConfig: Setting CVar [[r.DOF.Gather.EnableBokehSettings:0       ; no bokeh simulation when gathering]]
[2021.04.15-19.22.29:646][  0]LogConfig: Setting CVar [[r.DOF.Gather.RingCount:4                 ; medium number of samples when gathering]]
[2021.04.15-19.22.29:647][  0]LogConfig: Setting CVar [[r.DOF.Scatter.ForegroundCompositing:1    ; additive foreground scattering]]
[2021.04.15-19.22.29:647][  0]LogConfig: Setting CVar [[r.DOF.Scatter.BackgroundCompositing:2    ; additive background scattering]]
[2021.04.15-19.22.29:647][  0]LogConfig: Setting CVar [[r.DOF.Scatter.EnableBokehSettings:1      ; bokeh simulation when scattering]]
[2021.04.15-19.22.29:647][  0]LogConfig: Setting CVar [[r.DOF.Scatter.MaxSpriteRatio:0.1         ; only a maximum of 10% of scattered bokeh]]
[2021.04.15-19.22.29:647][  0]LogConfig: Setting CVar [[r.DOF.Recombine.Quality:1                ; cheap slight out of focus]]
[2021.04.15-19.22.29:647][  0]LogConfig: Setting CVar [[r.DOF.Recombine.EnableBokehSettings:0    ; no bokeh simulation on slight out of focus]]
[2021.04.15-19.22.29:647][  0]LogConfig: Setting CVar [[r.DOF.TemporalAAQuality:1                ; more stable temporal accumulation]]
[2021.04.15-19.22.29:647][  0]LogConfig: Setting CVar [[r.DOF.Kernel.MaxForegroundRadius:0.025]]
[2021.04.15-19.22.29:647][  0]LogConfig: Setting CVar [[r.DOF.Kernel.MaxBackgroundRadius:0.025]]
[2021.04.15-19.22.29:647][  0]LogConfig: Applying CVar settings from Section [TextureQuality@3] File [C:/Users/sethg/Desktop/High Level Development II/W21_GAM1528_NoNameYet/TowerDefence/Saved/Config/Windows/Scalability.ini]
[2021.04.15-19.22.29:647][  0]LogConfig: Setting CVar [[r.Streaming.MipBias:0]]
[2021.04.15-19.22.29:647][  0]LogConfig: Setting CVar [[r.Streaming.AmortizeCPUToGPUCopy:0]]
[2021.04.15-19.22.29:647][  0]LogConfig: Setting CVar [[r.Streaming.MaxNumTexturesToStreamPerFrame:0]]
[2021.04.15-19.22.29:647][  0]LogConfig: Setting CVar [[r.Streaming.Boost:1]]
[2021.04.15-19.22.29:647][  0]LogConfig: Setting CVar [[r.MaxAnisotropy:8]]
[2021.04.15-19.22.29:647][  0]LogConfig: Setting CVar [[r.VT.MaxAnisotropy:8]]
[2021.04.15-19.22.29:647][  0]LogConfig: Setting CVar [[r.Streaming.LimitPoolSizeToVRAM:0]]
[2021.04.15-19.22.29:647][  0]LogConfig: Setting CVar [[r.Streaming.PoolSize:1000]]
[2021.04.15-19.22.29:647][  0]LogConfig: Setting CVar [[r.Streaming.MaxEffectiveScreenSize:0]]
[2021.04.15-19.22.29:648][  0]LogConfig: Applying CVar settings from Section [EffectsQuality@3] File [C:/Users/sethg/Desktop/High Level Development II/W21_GAM1528_NoNameYet/TowerDefence/Saved/Config/Windows/Scalability.ini]
[2021.04.15-19.22.29:648][  0]LogConfig: Setting CVar [[r.TranslucencyLightingVolumeDim:64]]
[2021.04.15-19.22.29:648][  0]LogConfig: Setting CVar [[r.RefractionQuality:2]]
[2021.04.15-19.22.29:648][  0]LogConfig: Setting CVar [[r.SSR.Quality:3]]
[2021.04.15-19.22.29:648][  0]LogConfig: Setting CVar [[r.SSR.HalfResSceneColor:0]]
[2021.04.15-19.22.29:648][  0]LogConfig: Setting CVar [[r.SceneColorFormat:4]]
[2021.04.15-19.22.29:648][  0]LogConfig: Setting CVar [[r.DetailMode:2]]
[2021.04.15-19.22.29:648][  0]LogConfig: Setting CVar [[r.TranslucencyVolumeBlur:1]]
[2021.04.15-19.22.29:648][  0]LogConfig: Setting CVar [[r.MaterialQualityLevel:1 ; High quality]]
[2021.04.15-19.22.29:648][  0]LogConfig: Setting CVar [[r.SSS.Scale:1]]
[2021.04.15-19.22.29:648][  0]LogConfig: Setting CVar [[r.SSS.SampleSet:2]]
[2021.04.15-19.22.29:648][  0]LogConfig: Setting CVar [[r.SSS.Quality:1]]
[2021.04.15-19.22.29:648][  0]LogConfig: Setting CVar [[r.SSS.HalfRes:0]]
[2021.04.15-19.22.29:648][  0]LogConfig: Setting CVar [[r.SSGI.Quality:3]]
[2021.04.15-19.22.29:648][  0]LogConfig: Setting CVar [[r.EmitterSpawnRateScale:1.0]]
[2021.04.15-19.22.29:648][  0]LogConfig: Setting CVar [[r.ParticleLightQuality:2]]
[2021.04.15-19.22.29:648][  0]LogConfig: Setting CVar [[r.SkyAtmosphere.AerialPerspectiveLUT.FastApplyOnOpaque:1 ; Always have FastSkyLUT 1 in this case to avoid wrong sky]]
[2021.04.15-19.22.29:649][  0]LogConfig: Setting CVar [[r.SkyAtmosphere.AerialPerspectiveLUT.SampleCountPerSlice:1]]
[2021.04.15-19.22.29:649][  0]LogConfig: Setting CVar [[r.SkyAtmosphere.AerialPerspectiveLUT.DepthResolution:16.0]]
[2021.04.15-19.22.29:649][  0]LogConfig: Setting CVar [[r.SkyAtmosphere.FastSkyLUT:1]]
[2021.04.15-19.22.29:649][  0]LogConfig: Setting CVar [[r.SkyAtmosphere.FastSkyLUT.SampleCountMin:4.0]]
[2021.04.15-19.22.29:649][  0]LogConfig: Setting CVar [[r.SkyAtmosphere.FastSkyLUT.SampleCountMax:32.0]]
[2021.04.15-19.22.29:649][  0]LogConfig: Setting CVar [[r.SkyAtmosphere.SampleCountMin:4.0]]
[2021.04.15-19.22.29:649][  0]LogConfig: Setting CVar [[r.SkyAtmosphere.SampleCountMax:32.0]]
[2021.04.15-19.22.29:649][  0]LogConfig: Setting CVar [[r.SkyAtmosphere.TransmittanceLUT.UseSmallFormat:0]]
[2021.04.15-19.22.29:649][  0]LogConfig: Setting CVar [[r.SkyAtmosphere.TransmittanceLUT.SampleCount:10.0]]
[2021.04.15-19.22.29:649][  0]LogConfig: Setting CVar [[r.SkyAtmosphere.MultiScatteringLUT.SampleCount:15.0]]
[2021.04.15-19.22.29:649][  0]LogConfig: Applying CVar settings from Section [FoliageQuality@3] File [C:/Users/sethg/Desktop/High Level Development II/W21_GAM1528_NoNameYet/TowerDefence/Saved/Config/Windows/Scalability.ini]
[2021.04.15-19.22.29:649][  0]LogConfig: Setting CVar [[foliage.DensityScale:1.0]]
[2021.04.15-19.22.29:649][  0]LogConfig: Setting CVar [[grass.DensityScale:1.0]]
[2021.04.15-19.22.29:649][  0]LogConfig: Applying CVar settings from Section [ShadingQuality@3] File [C:/Users/sethg/Desktop/High Level Development II/W21_GAM1528_NoNameYet/TowerDefence/Saved/Config/Windows/Scalability.ini]
[2021.04.15-19.22.29:649][  0]LogConfig: Setting CVar [[r.HairStrands.SkyLighting.SampleCount:16]]
[2021.04.15-19.22.29:649][  0]LogConfig: Setting CVar [[r.HairStrands.SkyLighting.JitterIntegration:0]]
[2021.04.15-19.22.29:649][  0]LogConfig: Setting CVar [[r.HairStrands.SkyAO.SampleCount:16]]
[2021.04.15-19.22.29:649][  0]LogConfig: Setting CVar [[r.HairStrands.DeepShadow.SuperSampling:0]]
[2021.04.15-19.22.29:650][  0]LogConfig: Setting CVar [[r.HairStrands.VisibilityPPLL:0]]
[2021.04.15-19.22.29:650][  0]LogConfig: Setting CVar [[r.HairStrands.RasterizationScale:0.5]]
[2021.04.15-19.22.29:650][  0]LogConfig: Setting CVar [[r.HairStrands.VelocityRasterizationScale:1]]
[2021.04.15-19.22.29:650][  0]LogConfig: Applying CVar settings from Section [Startup] File [../../../Engine/Config/ConsoleVariables.ini]
[2021.04.15-19.22.29:650][  0]LogConfig: Setting CVar [[net.UseAdaptiveNetUpdateFrequency:0]]
[2021.04.15-19.22.29:650][  0]LogConfig: Setting CVar [[p.chaos.AllowCreatePhysxBodies:1]]
[2021.04.15-19.22.29:650][  0]LogConfig: Setting CVar [[fx.SkipVectorVMBackendOptimizations:1]]
[2021.04.15-19.22.29:650][  0]LogConfig: Applying CVar settings from Section [ConsoleVariables] File [C:/Users/sethg/Desktop/High Level Development II/W21_GAM1528_NoNameYet/TowerDefence/Saved/Config/Windows/Engine.ini]
[2021.04.15-19.22.29:679][  0]LogInit: Computer: LAPTOP-K3PBHEDP
[2021.04.15-19.22.29:679][  0]LogInit: User: sethg
[2021.04.15-19.22.29:679][  0]LogInit: CPU Page size=4096, Cores=6
[2021.04.15-19.22.29:679][  0]LogInit: High frequency timer resolution =10.000000 MHz
[2021.04.15-19.22.29:679][  0]LogMemory: Memory total: Physical=15.9GB (16GB approx)
[2021.04.15-19.22.29:679][  0]LogMemory: Platform Memory Stats for Windows
[2021.04.15-19.22.29:679][  0]LogMemory: Process Physical Memory: 117.26 MB used, 117.26 MB peak
[2021.04.15-19.22.29:680][  0]LogMemory: Process Virtual Memory: 105.25 MB used, 105.25 MB peak
[2021.04.15-19.22.29:680][  0]LogMemory: Physical Memory: 12614.77 MB used,  3620.01 MB free, 16234.78 MB total
[2021.04.15-19.22.29:680][  0]LogMemory: Virtual Memory: 5174.91 MB used,  134212552.00 MB free, 134217728.00 MB total
[2021.04.15-19.22.29:694][  0]LogWindows: WindowsPlatformFeatures enabled
[2021.04.15-19.22.31:834][  0]LogInit: Physics initialised using underlying interface: PhysX
[2021.04.15-19.22.31:894][  0]LogInit: Using OS detected language (en-US).
[2021.04.15-19.22.31:894][  0]LogInit: Using OS detected locale (en-CA).
[2021.04.15-19.22.31:896][  0]LogTextLocalizationManager: No specific localization for 'en-US' exists, so the 'en' localization will be used.
[2021.04.15-19.22.32:553][  0]LogInit: Setting process to per monitor DPI aware
[2021.04.15-19.22.33:075][  0]LogSlate: New Slate User Created.  User Index 0, Is Virtual User: 0
[2021.04.15-19.22.33:075][  0]LogSlate: Slate User Registered.  User Index 0, Is Virtual User: 0
[2021.04.15-19.22.34:203][  0]LogHMD: Failed to initialize OpenVR with code 110
[2021.04.15-19.22.34:203][  0]LogD3D11RHI: D3D11 min allowed feature level: 11_0
[2021.04.15-19.22.34:203][  0]LogD3D11RHI: D3D11 max allowed feature level: 11_0
[2021.04.15-19.22.34:203][  0]LogD3D11RHI: D3D11 adapters:
[2021.04.15-19.22.35:383][  0]LogD3D11RHI:    0. 'NVIDIA GeForce GTX 1060' (Feature Level 11_0)
[2021.04.15-19.22.35:383][  0]LogD3D11RHI:       6052/0/8117 MB DedicatedVideo/DedicatedSystem/SharedSystem, Outputs:1, VendorId:0x10de
[2021.04.15-19.22.35:430][  0]LogD3D11RHI:    1. 'Intel(R) UHD Graphics 630' (Feature Level 11_0)
[2021.04.15-19.22.35:430][  0]LogD3D11RHI:       128/0/8117 MB DedicatedVideo/DedicatedSystem/SharedSystem, Outputs:0, VendorId:0x8086
[2021.04.15-19.22.35:441][  0]LogD3D11RHI:    2. 'Microsoft Basic Render Driver' (Feature Level 11_0)
[2021.04.15-19.22.35:441][  0]LogD3D11RHI:       0/0/8117 MB DedicatedVideo/DedicatedSystem/SharedSystem, Outputs:0, VendorId:0x1414
[2021.04.15-19.22.35:442][  0]LogD3D11RHI: Chosen D3D11 Adapter: 0
[2021.04.15-19.22.35:540][  0]LogD3D11RHI: Creating new Direct3DDevice
[2021.04.15-19.22.35:540][  0]LogD3D11RHI:     GPU DeviceId: 0x1c20 (for the marketing name, search the web for "GPU Device Id")
[2021.04.15-19.22.35:541][  0]LogWindows: EnumDisplayDevices:
[2021.04.15-19.22.35:541][  0]LogWindows:    0. 'Intel(R) UHD Graphics 630' (P:1 D:1)
[2021.04.15-19.22.35:541][  0]LogWindows:    1. 'Intel(R) UHD Graphics 630' (P:0 D:0)
[2021.04.15-19.22.35:542][  0]LogWindows:    2. 'Intel(R) UHD Graphics 630' (P:0 D:0)
[2021.04.15-19.22.35:542][  0]LogWindows:    3. 'NVIDIA GeForce GTX 1060' (P:0 D:0)
[2021.04.15-19.22.35:542][  0]LogWindows: DebugString: PrimaryIsNotTheChoosenAdapter PrimaryIsNotTheChoosenAdapter PrimaryIsNotTheChoosenAdapter 
[2021.04.15-19.22.35:542][  0]LogD3D11RHI:     Adapter Name: NVIDIA GeForce GTX 1060
[2021.04.15-19.22.35:542][  0]LogD3D11RHI:   Driver Version: 451.67 (internal:27.21.14.5167, unified:451.67)
[2021.04.15-19.22.35:543][  0]LogD3D11RHI:      Driver Date: 7-5-2020
[2021.04.15-19.22.35:543][  0]LogRHI: Texture pool is 4236 MB (70% of 6052 MB)
[2021.04.15-19.22.35:653][  0]LogD3D11RHI: RHI has support for 64 bit atomics
[2021.04.15-19.22.35:658][  0]LogD3D11RHI: [Aftermath] Enabled and primed
[2021.04.15-19.22.35:669][  0]LogD3D11RHI: Async texture creation enabled
[2021.04.15-19.22.35:669][  0]LogD3D11RHI: Array index from any shader is supported
[2021.04.15-19.22.36:084][  0]LogD3D11RHI: GPU Timing Frequency: 1000.000000 (Debug: 2 1)
[2021.04.15-19.22.36:547][  0]LogTargetPlatformManager: Display: Loaded TargetPlatform 'AllDesktop'
[2021.04.15-19.22.36:605][  0]LogTargetPlatformManager: Display: Loaded TargetPlatform 'Android'
[2021.04.15-19.22.36:605][  0]LogTargetPlatformManager: Display: Loaded TargetPlatform 'Android_ASTC'
[2021.04.15-19.22.36:605][  0]LogTargetPlatformManager: Display: Loaded TargetPlatform 'Android_DXT'
[2021.04.15-19.22.36:606][  0]LogTargetPlatformManager: Display: Loaded TargetPlatform 'Android_ETC2'
[2021.04.15-19.22.36:606][  0]LogTargetPlatformManager: Display: Loaded TargetPlatform 'AndroidClient'
[2021.04.15-19.22.36:606][  0]LogTargetPlatformManager: Display: Loaded TargetPlatform 'Android_ASTCClient'
[2021.04.15-19.22.36:606][  0]LogTargetPlatformManager: Display: Loaded TargetPlatform 'Android_DXTClient'
[2021.04.15-19.22.36:606][  0]LogTargetPlatformManager: Display: Loaded TargetPlatform 'Android_ETC2Client'
[2021.04.15-19.22.36:606][  0]LogTargetPlatformManager: Display: Loaded TargetPlatform 'Android_Multi'
[2021.04.15-19.22.36:606][  0]LogTargetPlatformManager: Display: Loaded TargetPlatform 'Android_MultiClient'
[2021.04.15-19.22.36:705][  0]LogTargetPlatformManager: Display: Loaded TargetPlatform 'IOSClient'
[2021.04.15-19.22.36:705][  0]LogTargetPlatformManager: Display: Loaded TargetPlatform 'IOS'
[2021.04.15-19.22.36:732][  0]LogTargetPlatformManager: Display: Loaded TargetPlatform 'Linux'
[2021.04.15-19.22.36:764][  0]LogTargetPlatformManager: Display: Loaded TargetPlatform 'LinuxNoEditor'
[2021.04.15-19.22.36:784][  0]LogTargetPlatformManager: Display: Loaded TargetPlatform 'LinuxClient'
[2021.04.15-19.22.36:814][  0]LogTargetPlatformManager: Display: Loaded TargetPlatform 'LinuxServer'
[2021.04.15-19.22.36:841][  0]LogTargetPlatformManager: Display: Loaded TargetPlatform 'LinuxAArch64NoEditor'
[2021.04.15-19.22.36:878][  0]LogTargetPlatformManager: Display: Loaded TargetPlatform 'LinuxAArch64Client'
[2021.04.15-19.22.36:911][  0]LogTargetPlatformManager: Display: Loaded TargetPlatform 'LinuxAArch64Server'
[2021.04.15-19.22.36:960][  0]LogTargetPlatformManager: Display: Loaded TargetPlatform 'Lumin'
[2021.04.15-19.22.36:960][  0]LogTargetPlatformManager: Display: Loaded TargetPlatform 'LuminClient'
[2021.04.15-19.22.37:000][  0]LogTargetPlatformManager: Display: Loaded TargetPlatform 'TVOSClient'
[2021.04.15-19.22.37:000][  0]LogTargetPlatformManager: Display: Loaded TargetPlatform 'TVOS'
[2021.04.15-19.22.37:029][  0]LogTargetPlatformManager: Display: Loaded TargetPlatform 'WindowsNoEditor'
[2021.04.15-19.22.37:067][  0]LogTargetPlatformManager: Display: Loaded TargetPlatform 'Windows'
[2021.04.15-19.22.37:099][  0]LogTargetPlatformManager: Display: Loaded TargetPlatform 'WindowsClient'
[2021.04.15-19.22.37:130][  0]LogTargetPlatformManager: Display: Loaded TargetPlatform 'WindowsServer'
[2021.04.15-19.22.37:130][  0]LogTargetPlatformManager: Display: Building Assets For Windows
[2021.04.15-19.22.37:289][  0]LogAudioDebug: Display: Lib vorbis DLL was dynamically loaded.
[2021.04.15-19.22.38:147][  0]LogShaderCompilers: Guid format shader working directory is -38 characters bigger than the processId version (C:/Users/sethg/Desktop/High Level Development II/W21_GAM1528_NoNameYet/TowerDefence/Intermediate/Shaders/WorkingDirectory/10100/).
[2021.04.15-19.22.38:147][  0]LogShaderCompilers: Cleaned the shader compiler working directory 'C:/Users/sethg/AppData/Local/Temp/UnrealShaderWorkingDir/BFBF22D8483A6136B8C534BA7B034FA3/'.
[2021.04.15-19.22.38:169][  0]LogXGEController: Cleaning working directory: C:/Users/sethg/AppData/Local/Temp/UnrealXGEWorkingDir/
[2021.04.15-19.22.38:169][  0]LogXGEController: Cannot use XGE Controller as Incredibuild is not installed on this machine.
[2021.04.15-19.22.38:170][  0]LogShaderCompilers: Cannot use XGE Shader Compiler as Incredibuild is not installed on this machine.
[2021.04.15-19.22.38:170][  0]LogShaderCompilers: Display: Using Local Shader Compiler.
[2021.04.15-19.22.40:392][  0]LogDerivedDataCache: Display: Max Cache Size: 512 MB
[2021.04.15-19.22.40:527][  0]LogDerivedDataCache: Loaded boot cache 0.13s 75MB C:/Users/sethg/AppData/Local/UnrealEngine/4.25/DerivedDataCache/Boot.ddc.
[2021.04.15-19.22.40:527][  0]LogDerivedDataCache: Display: Loaded Boot cache: C:/Users/sethg/AppData/Local/UnrealEngine/4.25/DerivedDataCache/Boot.ddc
[2021.04.15-19.22.40:527][  0]LogDerivedDataCache: FDerivedDataBackendGraph:  Pak pak cache file C:/Users/sethg/Desktop/High Level Development II/W21_GAM1528_NoNameYet/TowerDefence/DerivedDataCache/DDC.ddp not found, will not use a pak cache.
[2021.04.15-19.22.40:527][  0]LogDerivedDataCache: Unable to find inner node Pak for hierarchical cache Hierarchy.
[2021.04.15-19.22.40:527][  0]LogDerivedDataCache: FDerivedDataBackendGraph:  CompressedPak pak cache file C:/Users/sethg/Desktop/High Level Development II/W21_GAM1528_NoNameYet/TowerDefence/DerivedDataCache/Compressed.ddp not found, will not use a pak cache.
[2021.04.15-19.22.40:528][  0]LogDerivedDataCache: Unable to find inner node CompressedPak for hierarchical cache Hierarchy.
[2021.04.15-19.22.40:599][  0]LogDerivedDataCache: Display: Pak cache opened for reading ../../../Engine/DerivedDataCache/Compressed.ddp.
[2021.04.15-19.22.40:599][  0]LogDerivedDataCache: FDerivedDataBackendGraph:  EnterprisePak pak cache file ../../../Enterprise/DerivedDataCache/Compressed.ddp not found, will not use a pak cache.
[2021.04.15-19.22.40:599][  0]LogDerivedDataCache: Unable to find inner node EnterprisePak for hierarchical cache Hierarchy.
[2021.04.15-19.22.40:602][  0]LogDerivedDataCache: Using Local data cache path C:/Users/sethg/AppData/Local/UnrealEngine/Common/DerivedDataCache: Writable
[2021.04.15-19.22.40:602][  0]LogDerivedDataCache: Shared data cache path not found in *engine.ini, will not use an Shared cache.
[2021.04.15-19.22.40:602][  0]LogDerivedDataCache: Unable to find inner node Shared for hierarchical cache Hierarchy.
[2021.04.15-19.22.40:786][  0]LogSlate: Using FreeType 2.10.0
[2021.04.15-19.22.40:841][  0]LogSlate: SlateFontServices - WITH_FREETYPE: 1, WITH_HARFBUZZ: 1
[2021.04.15-19.22.41:354][  0]LogAssetRegistry: FAssetRegistry took 0.0243 seconds to start up
[2021.04.15-19.22.45:279][  0]LogInit: Selected Device Profile: [Windows]
[2021.04.15-19.22.47:354][  0]LogMeshReduction: Using QuadricMeshReduction for automatic static mesh reduction
[2021.04.15-19.22.47:355][  0]LogMeshReduction: Using SimplygonMeshReduction for automatic skeletal mesh reduction
[2021.04.15-19.22.47:355][  0]LogMeshReduction: Using ProxyLODMeshReduction for automatic mesh merging
[2021.04.15-19.22.47:355][  0]LogMeshReduction: No distributed automatic mesh merging module available
[2021.04.15-19.22.47:357][  0]LogMeshMerging: No distributed automatic mesh merging module available
[2021.04.15-19.22.47:968][  0]LogNetVersion: TowerDefence 1.0.0, NetCL: 13144385, EngineNetVer: 14, GameNetVer: 0 (Checksum: 2510641227)
[2021.04.15-19.22.56:050][  0]LogAISub: UAISubsystem::UAISubsystem AISubsystem (00000217B9FADF80), frame # 0
[2021.04.15-19.22.56:050][  0]LogAISub: UAISubsystem::UAISubsystem AIPerceptionSystem (00000217B9E26AC0), frame # 0
[2021.04.15-19.22.56:105][  0]LogAISub: UAISubsystem::UAISubsystem EnvQueryManager (00000217B9F8E800), frame # 0
[2021.04.15-19.22.56:846][  0]LogPackageLocalizationCache: Processed 19 localized package path(s) for 1 prioritized culture(s) in 0.140567 seconds
[2021.04.15-19.22.56:876][  0]LogUObjectArray: 15917 objects as part of root set at end of initial load.
[2021.04.15-19.22.56:895][  0]LogUObjectAllocator: 3965568 out of 0 bytes used by permanent object pool.
[2021.04.15-19.22.56:896][  0]LogUObjectArray: CloseDisregardForGC: 0/0 objects in disregard for GC pool
[2021.04.15-19.23.03:382][  0]LogTcpMessaging: Initializing TcpMessaging bridge
[2021.04.15-19.23.03:436][  0]LogUdpMessaging: Initializing bridge on interface 0.0.0.0:0 to multicast group 230.0.0.1:6666.
[2021.04.15-19.23.04:826][  0]SourceControl: Source control is disabled
[2021.04.15-19.23.04:833][  0]SourceControl: Source control is disabled
[2021.04.15-19.23.04:940][  0]SourceControl: Source control is disabled
[2021.04.15-19.23.04:977][  0]SourceControl: Source control is disabled
[2021.04.15-19.23.05:032][  0]SourceControl: Source control is disabled
[2021.04.15-19.23.08:298][  0]LogAndroidPermission: UAndroidPermissionCallbackProxy::GetInstance
[2021.04.15-19.23.08:426][  0]LogAudioCaptureCore: Display: No Audio Capture implementations found. Audio input will be silent.
[2021.04.15-19.23.08:426][  0]LogAudioCaptureCore: Display: No Audio Capture implementations found. Audio input will be silent.
[2021.04.15-19.23.08:877][  0]LogOcInput: OculusInput pre-init called
[2021.04.15-19.23.08:950][  0]LogWindows: Failed to load 'OVRPlugin.dll' (GetLastError=126)
[2021.04.15-19.23.08:950][  0]LogWindows: File 'OVRPlugin.dll' does not exist
[2021.04.15-19.23.11:644][  0]LogEngine: Initializing Engine...
[2021.04.15-19.23.11:729][  0]LogHMD: Failed to initialize OpenVR with code 110
[2021.04.15-19.23.11:738][  0]LogMagicLeap: Warning: VR disabled because ZI is not enabled.  To enable, in the editor, Edit -> Project Settings -> Plugins -> Magic Leap Plugin -> Enable Zero Iteration
[2021.04.15-19.23.11:808][  0]LogStats: UGameplayTagsManager::InitializeManager -  0.024 s
[2021.04.15-19.23.12:332][  0]LogInit: Initializing FReadOnlyCVARCache
[2021.04.15-19.23.13:266][  0]LogAIModule: Creating AISystem for world Untitled
[2021.04.15-19.23.13:266][  0]LogAISub: UAISubsystem::UAISubsystem EnvQueryManager (00000217BC8C9A00), frame # 0
[2021.04.15-19.23.13:267][  0]LogAISub: UAISubsystem::UAISubsystem AIPerceptionSystem (00000217BC90CB80), frame # 0
[2021.04.15-19.23.13:517][  0]LogAudioMixer: Display: Audio Mixer Platform Settings:
[2021.04.15-19.23.13:517][  0]LogAudioMixer: Display: 	Sample Rate:						  48000
[2021.04.15-19.23.13:517][  0]LogAudioMixer: Display: 	Callback Buffer Frame Size Requested: 1024
[2021.04.15-19.23.13:517][  0]LogAudioMixer: Display: 	Callback Buffer Frame Size To Use:	  1024
[2021.04.15-19.23.13:517][  0]LogAudioMixer: Display: 	Number of buffers to queue:			  2
[2021.04.15-19.23.13:517][  0]LogAudioMixer: Display: 	Max Channels (voices):				  32
[2021.04.15-19.23.13:517][  0]LogAudioMixer: Display: 	Number of Async Source Workers:		  0
[2021.04.15-19.23.13:528][  0]LogAudio: Display: AudioDevice MaxSources: 32
[2021.04.15-19.23.13:544][  0]LogAudio: Display: Using built-in audio occlusion.
[2021.04.15-19.23.13:545][  0]LogAudioMixer: Display: Initializing audio mixer.
[2021.04.15-19.23.13:674][  0]LogAudioMixer: Display: 0: FrontLeft
[2021.04.15-19.23.13:674][  0]LogAudioMixer: Display: 1: FrontRight
[2021.04.15-19.23.13:764][  0]LogAudioMixer: Display: Using Audio Device Speakers (Realtek(R) Audio)
[2021.04.15-19.23.13:798][  0]LogAudioMixer: Display: Initializing Sound Submixes...
[2021.04.15-19.23.13:836][  0]LogAudioMixer: Display: Creating Master Submix 'MasterSubmixDefault'
[2021.04.15-19.23.13:836][  0]LogAudioMixer: Display: Creating Master Submix 'MasterReverbSubmixDefault'
[2021.04.15-19.23.13:858][  0]LogAudioMixer: Display: Creating Master Submix 'MasterEQSubmixDefault'
[2021.04.15-19.23.13:862][  0]LogInit: FAudioDevice initialized.
[2021.04.15-19.23.13:884][  0]LogNetVersion: Set ProjectVersion to 1.0.0.0. Version Checksum will be recalculated on next use.
[2021.04.15-19.23.13:933][  0]LogDerivedDataCache: Saved boot cache 0.05s 75MB C:/Users/sethg/AppData/Local/UnrealEngine/4.25/DerivedDataCache/Boot.ddc.
[2021.04.15-19.23.13:934][  0]LogInit: Texture streaming: Enabled
[2021.04.15-19.23.14:149][  0]LogEngineSessionManager: EngineSessionManager initialized
[2021.04.15-19.23.14:149][  0]LogEditorSessionSummary: Verbose: Initializing EditorSessionSummaryWriter for editor session tracking
[2021.04.15-19.23.14:217][  0]LogEditorSessionSummary: EditorSessionSummaryWriter initialized
[2021.04.15-19.23.14:651][  0]LogInit: Transaction tracking system initialized
[2021.04.15-19.23.15:148][  0]BlueprintLog: New page: Editor Load
[2021.04.15-19.23.16:644][  0]LocalizationService: Localization service is disabled
[2021.04.15-19.23.19:447][  0]LogFileCache: Scanning file cache for directory 'C:/Users/sethg/Desktop/High Level Development II/W21_GAM1528_NoNameYet/TowerDefence/Content/' took 0.02s
[2021.04.15-19.23.19:447][  0]LogCook: Display: Max memory allowance for cook 16384mb min free memory 0mb
[2021.04.15-19.23.19:450][  0]LogCook: Display: Mobile HDR setting 1
[2021.04.15-19.23.22:867][  0]SourceControl: Source control is disabled
[2021.04.15-19.23.22:877][  0]LogUnrealEdMisc: Loading editor; pre map load, took 68.687
[2021.04.15-19.23.22:920][  0]Cmd: MAP LOAD FILE="C:/Users/sethg/Desktop/High Level Development II/W21_GAM1528_NoNameYet/TowerDefence/Content/Maps/Test.umap" TEMPLATE=0 SHOWPROGRESS=1 FEATURELEVEL=3
[2021.04.15-19.23.22:948][  0]LightingResults: New page: Lighting Build
[2021.04.15-19.23.23:220][  0]LogWorld: UWorld::CleanupWorld for Untitled, bSessionEnded=true, bCleanupResources=true
[2021.04.15-19.23.23:275][  0]LogSlate: InvalidateAllWidgets triggered.  All widgets were invalidated
[2021.04.15-19.23.23:370][  0]MapCheck: New page: Map Check
[2021.04.15-19.23.23:370][  0]LightingResults: New page: Lighting Build
[2021.04.15-19.23.24:323][  0]LogAISub: UAISubsystem::~UAISubsystem EnvQueryManager (00000217BC8C9A00), frame # 0
[2021.04.15-19.23.24:324][  0]LogAISub: UAISubsystem::~UAISubsystem AIPerceptionSystem (00000217BC90CB80), frame # 0
[2021.04.15-19.23.24:328][  0]LogUObjectHash: Compacting FUObjectHashTables data took   0.65ms
[2021.04.15-19.23.24:395][  0]LogLinker: Warning: While loading 'C:/Users/sethg/Desktop/High Level Development II/W21_GAM1528_NoNameYet/TowerDefence/Content/Assets/Models/Troop_melee/troop_melee.uasset' failed to load '/Game/Assets/Models/Troop_melee/Material_001': Can't find file.
[2021.04.15-19.23.24:395][  0]LogLinker: Warning: While loading 'C:/Users/sethg/Desktop/High Level Development II/W21_GAM1528_NoNameYet/TowerDefence/Content/Assets/Models/Troop_melee/troop_melee.uasset' failed to load '/Game/Assets/Models/Troop_melee/Material_001': Can't find file.
[2021.04.15-19.23.24:395][  0]LogLinker: Warning: While loading 'C:/Users/sethg/Desktop/High Level Development II/W21_GAM1528_NoNameYet/TowerDefence/Content/Assets/Models/Troop_melee/troop_melee.uasset' failed to load '/Game/Assets/Models/Troop_melee/wire_087225087_002': Can't find file.
[2021.04.15-19.23.24:396][  0]LogLinker: Warning: While loading 'C:/Users/sethg/Desktop/High Level Development II/W21_GAM1528_NoNameYet/TowerDefence/Content/Assets/Models/Troop_melee/troop_melee.uasset' failed to load '/Game/Assets/Models/Troop_melee/wire_087225087_002': Can't find file.
[2021.04.15-19.23.24:396][  0]LogLinker: Warning: While loading 'C:/Users/sethg/Desktop/High Level Development II/W21_GAM1528_NoNameYet/TowerDefence/Content/Assets/Models/Troop_melee/troop_melee.uasset' failed to load '/Game/Assets/Models/Troop_melee/wire_177028149_002': Can't find file.
[2021.04.15-19.23.24:396][  0]LogLinker: Warning: While loading 'C:/Users/sethg/Desktop/High Level Development II/W21_GAM1528_NoNameYet/TowerDefence/Content/Assets/Models/Troop_melee/troop_melee.uasset' failed to load '/Game/Assets/Models/Troop_melee/wire_177028149_002': Can't find file.
[2021.04.15-19.23.24:397][  0]LogLinker: Warning: While loading 'C:/Users/sethg/Desktop/High Level Development II/W21_GAM1528_NoNameYet/TowerDefence/Content/Assets/Models/Troop_melee/troop_melee.uasset' failed to load '/Game/Assets/Models/Troop_melee/Material_001': Can't find file.
[2021.04.15-19.23.24:397][  0]LogLinker: Warning: While loading 'C:/Users/sethg/Desktop/High Level Development II/W21_GAM1528_NoNameYet/TowerDefence/Content/Assets/Models/Troop_melee/troop_melee.uasset' failed to load '/Game/Assets/Models/Troop_melee/Material_001': Can't find file.
[2021.04.15-19.23.24:399][  0]LogLinker: Warning: While loading 'C:/Users/sethg/Desktop/High Level Development II/W21_GAM1528_NoNameYet/TowerDefence/Content/Assets/Models/Troop_melee/troop_melee.uasset' failed to load '/Game/Assets/Models/Troop_melee/wire_087225087_002': Can't find file.
[2021.04.15-19.23.24:399][  0]LogLinker: Warning: While loading 'C:/Users/sethg/Desktop/High Level Development II/W21_GAM1528_NoNameYet/TowerDefence/Content/Assets/Models/Troop_melee/troop_melee.uasset' failed to load '/Game/Assets/Models/Troop_melee/wire_087225087_002': Can't find file.
[2021.04.15-19.23.24:400][  0]LogLinker: Warning: While loading 'C:/Users/sethg/Desktop/High Level Development II/W21_GAM1528_NoNameYet/TowerDefence/Content/Assets/Models/Troop_melee/troop_melee.uasset' failed to load '/Game/Assets/Models/Troop_melee/wire_177028149_002': Can't find file.
[2021.04.15-19.23.24:400][  0]LogLinker: Warning: While loading 'C:/Users/sethg/Desktop/High Level Development II/W21_GAM1528_NoNameYet/TowerDefence/Content/Assets/Models/Troop_melee/troop_melee.uasset' failed to load '/Game/Assets/Models/Troop_melee/wire_177028149_002': Can't find file.
[2021.04.15-19.23.26:148][  0]LogLinker: Warning: While loading 'C:/Users/sethg/Desktop/High Level Development II/W21_GAM1528_NoNameYet/TowerDefence/Content/StarterContent/Materials/M_Brick_Clay_Beveled.uasset' failed to load '/Game/StarterContent/Textures/T_Brick_Clay_Beveled_D': Can't find file.
[2021.04.15-19.23.26:148][  0]LogLinker: Warning: While loading 'C:/Users/sethg/Desktop/High Level Development II/W21_GAM1528_NoNameYet/TowerDefence/Content/StarterContent/Materials/M_Brick_Clay_Beveled.uasset' failed to load '/Game/StarterContent/Textures/T_Brick_Clay_Beveled_D': Can't find file.
[2021.04.15-19.23.26:148][  0]LogLinker: Warning: While loading 'C:/Users/sethg/Desktop/High Level Development II/W21_GAM1528_NoNameYet/TowerDefence/Content/StarterContent/Materials/M_Brick_Clay_Beveled.uasset' failed to load '/Game/StarterContent/Textures/T_Brick_Clay_Beveled_M': Can't find file.
[2021.04.15-19.23.26:149][  0]LogLinker: Warning: While loading 'C:/Users/sethg/Desktop/High Level Development II/W21_GAM1528_NoNameYet/TowerDefence/Content/StarterContent/Materials/M_Brick_Clay_Beveled.uasset' failed to load '/Game/StarterContent/Textures/T_Brick_Clay_Beveled_M': Can't find file.
[2021.04.15-19.23.26:149][  0]LogLinker: Warning: While loading 'C:/Users/sethg/Desktop/High Level Development II/W21_GAM1528_NoNameYet/TowerDefence/Content/StarterContent/Materials/M_Brick_Clay_Beveled.uasset' failed to load '/Game/StarterContent/Textures/T_Brick_Clay_Beveled_N': Can't find file.
[2021.04.15-19.23.26:149][  0]LogLinker: Warning: While loading 'C:/Users/sethg/Desktop/High Level Development II/W21_GAM1528_NoNameYet/TowerDefence/Content/StarterContent/Materials/M_Brick_Clay_Beveled.uasset' failed to load '/Game/StarterContent/Textures/T_Brick_Clay_Beveled_N': Can't find file.
[2021.04.15-19.23.26:151][  0]LogLinker: Warning: While loading 'C:/Users/sethg/Desktop/High Level Development II/W21_GAM1528_NoNameYet/TowerDefence/Content/StarterContent/Materials/M_Brick_Clay_Beveled.uasset' failed to load '/Game/StarterContent/Textures/T_Brick_Clay_Beveled_D': Can't find file.
[2021.04.15-19.23.26:151][  0]LogLinker: Warning: While loading 'C:/Users/sethg/Desktop/High Level Development II/W21_GAM1528_NoNameYet/TowerDefence/Content/StarterContent/Materials/M_Brick_Clay_Beveled.uasset' failed to load '/Game/StarterContent/Textures/T_Brick_Clay_Beveled_D': Can't find file.
[2021.04.15-19.23.26:152][  0]LogLinker: Warning: While loading 'C:/Users/sethg/Desktop/High Level Development II/W21_GAM1528_NoNameYet/TowerDefence/Content/StarterContent/Materials/M_Brick_Clay_Beveled.uasset' failed to load '/Game/StarterContent/Textures/T_Brick_Clay_Beveled_M': Can't find file.
[2021.04.15-19.23.26:152][  0]LogLinker: Warning: While loading 'C:/Users/sethg/Desktop/High Level Development II/W21_GAM1528_NoNameYet/TowerDefence/Content/StarterContent/Materials/M_Brick_Clay_Beveled.uasset' failed to load '/Game/StarterContent/Textures/T_Brick_Clay_Beveled_M': Can't find file.
[2021.04.15-19.23.26:152][  0]LogLinker: Warning: While loading 'C:/Users/sethg/Desktop/High Level Development II/W21_GAM1528_NoNameYet/TowerDefence/Content/StarterContent/Materials/M_Brick_Clay_Beveled.uasset' failed to load '/Game/StarterContent/Textures/T_Brick_Clay_Beveled_N': Can't find file.
[2021.04.15-19.23.26:153][  0]LogLinker: Warning: While loading 'C:/Users/sethg/Desktop/High Level Development II/W21_GAM1528_NoNameYet/TowerDefence/Content/StarterContent/Materials/M_Brick_Clay_Beveled.uasset' failed to load '/Game/StarterContent/Textures/T_Brick_Clay_Beveled_N': Can't find file.
[2021.04.15-19.23.26:287][  0]LogLinker: Warning: While loading 'C:/Users/sethg/Desktop/High Level Development II/W21_GAM1528_NoNameYet/TowerDefence/Content/Assets/Models/Troop_melee/troop_melee.uasset' failed to load '/Game/Assets/Models/Troop_melee/wire_087225087_002': Can't find file.
[2021.04.15-19.23.26:288][  0]LoadErrors: Failed to load /Game/Assets/Models/Troop_melee/wire_087225087_002.wire_087225087_002 Referenced by troop_melee
[2021.04.15-19.23.26:288][  0]LogLinker: Warning: While loading 'C:/Users/sethg/Desktop/High Level Development II/W21_GAM1528_NoNameYet/TowerDefence/Content/Assets/Models/Troop_melee/troop_melee.uasset' failed to load '/Game/Assets/Models/Troop_melee/wire_087225087_002': Can't find file.
[2021.04.15-19.23.26:288][  0]LoadErrors: Failed to load /Game/Assets/Models/Troop_melee/wire_087225087_002.wire_087225087_002 Referenced by troop_melee
[2021.04.15-19.23.26:288][  0]LogLinker: Warning: While loading 'C:/Users/sethg/Desktop/High Level Development II/W21_GAM1528_NoNameYet/TowerDefence/Content/Assets/Models/Troop_melee/troop_melee.uasset' failed to load '/Game/Assets/Models/Troop_melee/wire_177028149_002': Can't find file.
[2021.04.15-19.23.26:289][  0]LoadErrors: Failed to load /Game/Assets/Models/Troop_melee/wire_177028149_002.wire_177028149_002 Referenced by troop_melee
[2021.04.15-19.23.26:289][  0]LogLinker: Warning: While loading 'C:/Users/sethg/Desktop/High Level Development II/W21_GAM1528_NoNameYet/TowerDefence/Content/Assets/Models/Troop_melee/troop_melee.uasset' failed to load '/Game/Assets/Models/Troop_melee/wire_177028149_002': Can't find file.
[2021.04.15-19.23.26:289][  0]LoadErrors: Failed to load /Game/Assets/Models/Troop_melee/wire_177028149_002.wire_177028149_002 Referenced by troop_melee
[2021.04.15-19.23.26:289][  0]LogLinker: Warning: While loading 'C:/Users/sethg/Desktop/High Level Development II/W21_GAM1528_NoNameYet/TowerDefence/Content/Assets/Models/Troop_melee/troop_melee.uasset' failed to load '/Game/Assets/Models/Troop_melee/Material_001': Can't find file.
[2021.04.15-19.23.26:289][  0]LoadErrors: Failed to load /Game/Assets/Models/Troop_melee/Material_001.Material_001 Referenced by troop_melee
[2021.04.15-19.23.26:290][  0]LogLinker: Warning: While loading 'C:/Users/sethg/Desktop/High Level Development II/W21_GAM1528_NoNameYet/TowerDefence/Content/Assets/Models/Troop_melee/troop_melee.uasset' failed to load '/Game/Assets/Models/Troop_melee/Material_001': Can't find file.
[2021.04.15-19.23.26:290][  0]LoadErrors: Failed to load /Game/Assets/Models/Troop_melee/Material_001.Material_001 Referenced by troop_melee
[2021.04.15-19.23.26:363][  0]LogLinker: Warning: While loading 'C:/Users/sethg/Desktop/High Level Development II/W21_GAM1528_NoNameYet/TowerDefence/Content/StarterContent/Materials/M_Brick_Clay_Beveled.uasset' failed to load '/Game/StarterContent/Textures/T_Brick_Clay_Beveled_N': Can't find file.
[2021.04.15-19.23.26:364][  0]LoadErrors: Failed to load /Game/StarterContent/Textures/T_Brick_Clay_Beveled_N.T_Brick_Clay_Beveled_N Referenced by MaterialExpressionTextureSample_1
[2021.04.15-19.23.26:364][  0]LogLinker: Warning: While loading 'C:/Users/sethg/Desktop/High Level Development II/W21_GAM1528_NoNameYet/TowerDefence/Content/StarterContent/Materials/M_Brick_Clay_Beveled.uasset' failed to load '/Game/StarterContent/Textures/T_Brick_Clay_Beveled_N': Can't find file.
[2021.04.15-19.23.26:364][  0]LoadErrors: Failed to load /Game/StarterContent/Textures/T_Brick_Clay_Beveled_N.T_Brick_Clay_Beveled_N Referenced by MaterialExpressionTextureSample_1
[2021.04.15-19.23.26:364][  0]LogLinker: Warning: While loading 'C:/Users/sethg/Desktop/High Level Development II/W21_GAM1528_NoNameYet/TowerDefence/Content/StarterContent/Materials/M_Brick_Clay_Beveled.uasset' failed to load '/Game/StarterContent/Textures/T_Brick_Clay_Beveled_M': Can't find file.
[2021.04.15-19.23.26:364][  0]LoadErrors: Failed to load /Game/StarterContent/Textures/T_Brick_Clay_Beveled_M.T_Brick_Clay_Beveled_M Referenced by MaterialExpressionTextureSample_2
[2021.04.15-19.23.26:365][  0]LogLinker: Warning: While loading 'C:/Users/sethg/Desktop/High Level Development II/W21_GAM1528_NoNameYet/TowerDefence/Content/StarterContent/Materials/M_Brick_Clay_Beveled.uasset' failed to load '/Game/StarterContent/Textures/T_Brick_Clay_Beveled_M': Can't find file.
[2021.04.15-19.23.26:365][  0]LoadErrors: Failed to load /Game/StarterContent/Textures/T_Brick_Clay_Beveled_M.T_Brick_Clay_Beveled_M Referenced by MaterialExpressionTextureSample_2
[2021.04.15-19.23.26:365][  0]LogLinker: Warning: While loading 'C:/Users/sethg/Desktop/High Level Development II/W21_GAM1528_NoNameYet/TowerDefence/Content/StarterContent/Materials/M_Brick_Clay_Beveled.uasset' failed to load '/Game/StarterContent/Textures/T_Brick_Clay_Beveled_D': Can't find file.
[2021.04.15-19.23.26:366][  0]LoadErrors: Failed to load /Game/StarterContent/Textures/T_Brick_Clay_Beveled_D.T_Brick_Clay_Beveled_D Referenced by MaterialExpressionTextureSample_4
[2021.04.15-19.23.26:366][  0]LogLinker: Warning: While loading 'C:/Users/sethg/Desktop/High Level Development II/W21_GAM1528_NoNameYet/TowerDefence/Content/StarterContent/Materials/M_Brick_Clay_Beveled.uasset' failed to load '/Game/StarterContent/Textures/T_Brick_Clay_Beveled_D': Can't find file.
[2021.04.15-19.23.26:366][  0]LoadErrors: Failed to load /Game/StarterContent/Textures/T_Brick_Clay_Beveled_D.T_Brick_Clay_Beveled_D Referenced by MaterialExpressionTextureSample_4
[2021.04.15-19.23.26:367][  0]LogLinker: Warning: While loading 'C:/Users/sethg/Desktop/High Level Development II/W21_GAM1528_NoNameYet/TowerDefence/Content/StarterContent/Materials/M_Brick_Clay_Beveled.uasset' failed to load '/Game/StarterContent/Textures/T_Brick_Clay_Beveled_D': Can't find file.
[2021.04.15-19.23.26:367][  0]LoadErrors: Failed to load /Game/StarterContent/Textures/T_Brick_Clay_Beveled_D.T_Brick_Clay_Beveled_D Referenced by MaterialExpressionTextureSample_5
[2021.04.15-19.23.26:367][  0]LogLinker: Warning: While loading 'C:/Users/sethg/Desktop/High Level Development II/W21_GAM1528_NoNameYet/TowerDefence/Content/StarterContent/Materials/M_Brick_Clay_Beveled.uasset' failed to load '/Game/StarterContent/Textures/T_Brick_Clay_Beveled_D': Can't find file.
[2021.04.15-19.23.26:367][  0]LoadErrors: Failed to load /Game/StarterContent/Textures/T_Brick_Clay_Beveled_D.T_Brick_Clay_Beveled_D Referenced by MaterialExpressionTextureSample_5
[2021.04.15-19.23.26:687][  0]LogMaterial: Display: Missing cached shader map for material M_Brick_Clay_Beveled, compiling. 
[2021.04.15-19.23.26:738][  0]LogMaterial: Warning: C:\Users\sethg\Desktop\High Level Development II\W21_GAM1528_NoNameYet\TowerDefence\Content\StarterContent\Materials\M_Brick_Clay_Beveled.uasset: Failed to compile Material for platform PCD3D_SM5, Default Material will be used in game.
[2021.04.15-19.23.26:738][  0]LogMaterial: Display: 	(Node TextureSample) Texture Sample> Missing input texture
[2021.04.15-19.23.26:942][  0]LogAIModule: Creating AISystem for world Test
[2021.04.15-19.23.26:942][  0]LogAISub: UAISubsystem::UAISubsystem EnvQueryManager (00000217C651D800), frame # 0
[2021.04.15-19.23.26:943][  0]LogAISub: UAISubsystem::UAISubsystem AIPerceptionSystem (00000217ACF91940), frame # 0
[2021.04.15-19.23.27:847][  0]LogEditorServer: Finished looking for orphan Actors (0.000 secs)
[2021.04.15-19.23.28:086][  0]LogUObjectHash: Compacting FUObjectHashTables data took   0.85ms
[2021.04.15-19.23.28:109][  0]Cmd: MAP CHECKDEP NOCLEARLOG
[2021.04.15-19.23.28:123][  0]MapCheck: Map check complete: 0 Error(s), 0 Warning(s), took 1.821ms to complete.
[2021.04.15-19.23.28:124][  0]LogFileHelpers: Loading map 'Test' took 5.232
[2021.04.15-19.23.30:405][  0]LogUnrealEdMisc: Total Editor Startup Time, took 76.216
[2021.04.15-19.23.31:801][  0]LogSlate: Updating window title bar state: overlay mode, drag disabled, window buttons hidden, title bar hidden
[2021.04.15-19.23.31:816][  0]LogSlate: Updating window title bar state: overlay mode, drag disabled, window buttons hidden, title bar hidden
[2021.04.15-19.23.31:823][  0]LogSlate: Updating window title bar state: overlay mode, drag disabled, window buttons hidden, title bar hidden
[2021.04.15-19.23.31:830][  0]LogSlate: Updating window title bar state: overlay mode, drag disabled, window buttons hidden, title bar hidden
[2021.04.15-19.23.31:940][  0]LogCollectionManager: Loaded 0 collections in 0.001716 seconds
[2021.04.15-19.23.32:327][  0]LogFileCache: Scanning file cache for directory 'C:/Users/sethg/Desktop/High Level Development II/W21_GAM1528_NoNameYet/TowerDefence/Saved/Collections/' took 0.00s
[2021.04.15-19.23.32:328][  0]LogFileCache: Scanning file cache for directory 'C:/Users/sethg/Desktop/High Level Development II/W21_GAM1528_NoNameYet/TowerDefence/Content/Developers/sethg/Collections/' took 0.00s
[2021.04.15-19.23.32:328][  0]LogFileCache: Scanning file cache for directory 'C:/Users/sethg/Desktop/High Level Development II/W21_GAM1528_NoNameYet/TowerDefence/Content/Collections/' took 0.00s
[2021.04.15-19.23.32:328][  0]LogContentBrowser: Native class hierarchy populated in 0.0880 seconds. Added 3451 classes and 824 folders.
[2021.04.15-19.23.32:547][  0]LogContentBrowser: Native class hierarchy updated for 'WidgetCarousel' in 0.0005 seconds. Added 0 classes and 0 folders.
[2021.04.15-19.23.34:098][  0]LogContentBrowser: Native class hierarchy updated for 'AddContentDialog' in 0.0005 seconds. Added 0 classes and 0 folders.
[2021.04.15-19.23.34:155][  0]LogContentBrowser: Native class hierarchy updated for 'SceneOutliner' in 0.0005 seconds. Added 2 classes and 0 folders.
[2021.04.15-19.23.35:648][  0]LogSlate: Took 0.020942 seconds to synchronously load lazily loaded font '../../../Engine/Content/Slate/Fonts/Roboto-Regular.ttf' (155K)
[2021.04.15-19.23.35:689][  0]LogSlate: Took 0.012969 seconds to synchronously load lazily loaded font '../../../Engine/Content/Slate/Fonts/Roboto-Bold.ttf' (160K)
[2021.04.15-19.23.35:783][  0]LogSlate: Took 0.013206 seconds to synchronously load lazily loaded font '../../../Engine/Content/Editor/Slate/Fonts/FontAwesome.ttf' (139K)
[2021.04.15-19.23.36:545][  0]LogRenderer: Reallocating scene render targets to support 1088x536 Format 10 NumSamples 1 (Frame:1).
[2021.04.15-19.23.37:743][  0]LogContentBrowser: Native class hierarchy updated for 'HierarchicalLODOutliner' in 0.0006 seconds. Added 0 classes and 0 folders.
[2021.04.15-19.23.37:743][  0]LogLoad: (Engine Initialization) Total time: 83.55 seconds
[2021.04.15-19.23.37:743][  0]LogLoad: (Engine Initialization) Total Blueprint compile time: 0.00 seconds
[2021.04.15-19.23.38:516][  0]LogContentStreaming: Texture pool size now 1000 MB
[2021.04.15-19.23.39:000][  0]LogRenderer: Reallocating scene render targets to support 1088x552 Format 10 NumSamples 1 (Frame:2).
[2021.04.15-19.23.39:001][  0]LogSlate: Took 0.016888 seconds to synchronously load lazily loaded font '../../../Engine/Content/Slate/Fonts/Roboto-Light.ttf' (167K)
[2021.04.15-19.23.39:062][  0]LogSlate: Took 0.017022 seconds to synchronously load lazily loaded font '../../../Engine/Content/Slate/Fonts/DroidSansMono.ttf' (77K)
[2021.04.15-19.23.39:350][  1]LogAssetRegistry: Asset discovery search completed in 58.0036 seconds
[2021.04.15-19.23.39:452][  1]LogCollectionManager: Fixed up redirectors for 0 collections in 0.010663 seconds (updated 0 objects)
[2021.04.15-19.23.40:807][ 42]LogSlate: Window 'Message Log' being destroyed
[2021.04.15-19.23.40:827][ 42]LogSlate: Window 'Message Log' being destroyed
[2021.04.15-19.23.47:037][387]LogSlate: Took 0.000769 seconds to synchronously load lazily loaded font '../../../Engine/Content/Slate/Fonts/Roboto-Light.ttf' (167K)
[2021.04.15-19.23.47:058][387]LogAssetEditorSubsystem: Opening Asset editor for Blueprint /Game/Blueprints/Towers/BPTower_Canon.BPTower_Canon
[2021.04.15-19.23.48:087][387]LogContentBrowser: Native class hierarchy updated for 'BlueprintGraph' in 0.0007 seconds. Added 125 classes and 0 folders.
[2021.04.15-19.23.52:902][476]LogSlate: Window 'BPTower_Canon' being destroyed
[2021.04.15-19.23.53:038][476]LogWorld: UWorld::CleanupWorld for World_4, bSessionEnded=true, bCleanupResources=true
[2021.04.15-19.23.53:038][476]LogSlate: InvalidateAllWidgets triggered.  All widgets were invalidated
[2021.04.15-19.23.53:384][476]LogAssetEditorSubsystem: Opening Asset editor for Blueprint /Game/Blueprints/Towers/BPTower_Canon.BPTower_Canon
[2021.04.15-19.23.54:094][476]LogSlate: Took 0.020636 seconds to synchronously load lazily loaded font '../../../Engine/Content/Slate/Fonts/Roboto-BoldCondensed.ttf' (158K)
[2021.04.15-19.24.06:969][ 61]BlueprintLog: New page: Compile BPTower_Canon
[2021.04.15-19.24.07:706][ 61]LogUObjectHash: Compacting FUObjectHashTables data took   1.98ms
[2021.04.15-19.24.08:213][ 61]LogSavePackage: Moving 'C:/Users/sethg/Desktop/High Level Development II/W21_GAM1528_NoNameYet/TowerDefence/Saved/BPTower_Canon4722CC734A3BC0551041FCB06DB3AD1F.tmp' to 'C:/Users/sethg/Desktop/High Level Development II/W21_GAM1528_NoNameYet/TowerDefence/Content/Blueprints/Towers/BPTower_Canon.uasset'
[2021.04.15-19.24.08:302][ 61]AssetCheck: New page: Asset Save: BPTower_Canon
[2021.04.15-19.24.08:302][ 61]LogContentValidation: Display: Validating Blueprint /Game/Blueprints/Towers/BPTower_Canon.BPTower_Canon
[2021.04.15-19.24.11:396][212]LogSlate: Window 'BPTower_Canon' being destroyed
[2021.04.15-19.24.11:401][212]LogSlate: Window 'BPTower_Canon' being destroyed
[2021.04.15-19.24.11:402][212]LogWorld: UWorld::CleanupWorld for World_5, bSessionEnded=true, bCleanupResources=true
[2021.04.15-19.24.11:402][212]LogSlate: InvalidateAllWidgets triggered.  All widgets were invalidated
[2021.04.15-19.24.20:546][727]LogTemp: Repeating last play command: Selected Viewport
[2021.04.15-19.24.20:742][727]LogPlayLevel: PlayLevel: No blueprints needed recompiling
[2021.04.15-19.24.20:830][727]PIE: New page: PIE session: Test (Apr. 15, 2021, 11:24:20 a.m.)
[2021.04.15-19.24.20:910][727]LogOnline: OSS: Creating online subsystem instance for: NULL
[2021.04.15-19.24.20:917][727]LogOnline: OSS: TryLoadSubsystemAndSetDefault: Loaded subsystem for module [NULL]
[2021.04.15-19.24.20:937][727]LogPlayLevel: Creating play world package: /Game/Maps/UEDPIE_0_Test
[2021.04.15-19.24.20:999][727]LogPlayLevel: PIE: StaticDuplicateObject took: (0.061645s)
[2021.04.15-19.24.21:019][727]LogAIModule: Creating AISystem for world Test
[2021.04.15-19.24.21:019][727]LogAISub: UAISubsystem::UAISubsystem EnvQueryManager (000002180FACBE00), frame # 1727
[2021.04.15-19.24.21:020][727]LogAISub: UAISubsystem::UAISubsystem AIPerceptionSystem (0000021817BABD80), frame # 1727
[2021.04.15-19.24.21:020][727]LogPlayLevel: PIE: World Init took: (0.020673s)
[2021.04.15-19.24.21:022][727]LogPlayLevel: PIE: Created PIE world by copying editor world from /Game/Maps/Test.Test to /Game/Maps/UEDPIE_0_Test.Test (0.082901s)
[2021.04.15-19.24.21:058][727]LogUObjectHash: Compacting FUObjectHashTables data took   1.90ms
[2021.04.15-19.24.21:065][727]LogAudioMixer: Display: Audio Mixer Platform Settings:
[2021.04.15-19.24.21:065][727]LogAudioMixer: Display: 	Sample Rate:						  48000
[2021.04.15-19.24.21:065][727]LogAudioMixer: Display: 	Callback Buffer Frame Size Requested: 1024
[2021.04.15-19.24.21:065][727]LogAudioMixer: Display: 	Callback Buffer Frame Size To Use:	  1024
[2021.04.15-19.24.21:065][727]LogAudioMixer: Display: 	Number of buffers to queue:			  2
[2021.04.15-19.24.21:066][727]LogAudioMixer: Display: 	Max Channels (voices):				  32
[2021.04.15-19.24.21:066][727]LogAudioMixer: Display: 	Number of Async Source Workers:		  0
[2021.04.15-19.24.21:066][727]LogAudio: Display: AudioDevice MaxSources: 32
[2021.04.15-19.24.21:066][727]LogAudio: Display: Using built-in audio occlusion.
[2021.04.15-19.24.21:066][727]LogAudioMixer: Display: Initializing audio mixer.
[2021.04.15-19.24.21:070][727]LogAudioMixer: Display: 0: FrontLeft
[2021.04.15-19.24.21:070][727]LogAudioMixer: Display: 1: FrontRight
[2021.04.15-19.24.21:134][727]LogAudioMixer: Display: Using Audio Device Speakers (Realtek(R) Audio)
[2021.04.15-19.24.21:134][727]LogAudioMixer: Display: Initializing Sound Submixes...
[2021.04.15-19.24.21:135][727]LogAudioMixer: Display: Creating Master Submix 'MasterSubmixDefault'
[2021.04.15-19.24.21:135][727]LogAudioMixer: Display: Creating Master Submix 'MasterReverbSubmixDefault'
[2021.04.15-19.24.21:135][727]LogAudioMixer: Display: Creating Master Submix 'MasterEQSubmixDefault'
[2021.04.15-19.24.21:151][727]LogInit: FAudioDevice initialized.
[2021.04.15-19.24.21:254][727]LogLoad: Game class is 'BP_GameMode_C'
[2021.04.15-19.24.21:375][727]LogWorld: Bringing World /Game/Maps/UEDPIE_0_Test.Test up for play (max tick rate 60) at 2021.04.15-15.24.21
[2021.04.15-19.24.21:377][727]LogActor: Warning: BP_MyGameStateBase_C /Game/Maps/UEDPIE_0_Test.Test:PersistentLevel.BP_MyGameStateBase_C_0 has natively added scene component(s), but none of them were set as the actor's RootComponent - picking one arbitrarily
[2021.04.15-19.24.21:389][727]LogWorld: Bringing up level for play took: 0.014337
[2021.04.15-19.24.21:392][727]LogOnline: OSS: Creating online subsystem instance for: :Context_7
[2021.04.15-19.24.21:544][727]LogContentBrowser: Native class hierarchy updated for 'MovieSceneCapture' in 0.0006 seconds. Added 20 classes and 0 folders.
[2021.04.15-19.24.21:839][727]PIE: Server logged in
[2021.04.15-19.24.21:843][727]PIE: Play in editor total start time 1.185 seconds.
[2021.04.15-19.24.25:620][892]LogAudioMixer: Display: Audio Buffer Underrun detected.
[2021.04.15-19.24.26:911][959]LogScript: Warning: Accessed None trying to read property Item
	InventoryItem_C /Engine/Transient.UnrealEdEngine_0:GameInstance_0.InventoryItem_C_0
	Function /Game/Blueprints/UI/InventoryItem.InventoryItem_C:GetThumbnail:0027
[2021.04.15-19.24.27:155][959]PIE: Error: Blueprint Runtime Error: "Accessed None trying to read property Item". Blueprint:  InventoryItem Function:  Get Thumbnail Graph:  GetThumbnail Node:  Return Node
[2021.04.15-19.24.27:162][959]LogScript: Warning: Accessed None trying to read property Item
	InventoryItem_C /Engine/Transient.UnrealEdEngine_0:GameInstance_0.InventoryItem_C_0
	Function /Game/Blueprints/UI/InventoryItem.InventoryItem_C:GetThumbnail:0027
[2021.04.15-19.24.27:162][959]LogScript: Warning: Accessed None trying to read property Item
	InventoryItem_C /Engine/Transient.UnrealEdEngine_0:GameInstance_0.InventoryItem_C_0
	Function /Game/Blueprints/UI/InventoryItem.InventoryItem_C:Get_name:001F
[2021.04.15-19.24.27:389][959]LogScript: Warning: Accessed None trying to read property Item
	InventoryItem_C /Engine/Transient.UnrealEdEngine_0:GameInstance_0.InventoryItem_C_0
	Function /Game/Blueprints/UI/InventoryItem.InventoryItem_C:Get_count:00BB
[2021.04.15-19.24.27:391][959]LogScript: Warning: Accessed None trying to read property Item
	InventoryItem_C /Engine/Transient.UnrealEdEngine_0:GameInstance_0.InventoryItem_C_0
	Function /Game/Blueprints/UI/InventoryItem.InventoryItem_C:GetThumbnail:0027
[2021.04.15-19.24.27:397][960]LogScript: Warning: Accessed None trying to read property Item
	InventoryItem_C /Engine/Transient.UnrealEdEngine_0:GameInstance_0.InventoryItem_C_0
	Function /Game/Blueprints/UI/InventoryItem.InventoryItem_C:GetThumbnail:0027
[2021.04.15-19.24.27:397][960]LogScript: Warning: Accessed None trying to read property Item
	InventoryItem_C /Engine/Transient.UnrealEdEngine_0:GameInstance_0.InventoryItem_C_0
	Function /Game/Blueprints/UI/InventoryItem.InventoryItem_C:Get_name:001F
[2021.04.15-19.24.27:397][960]LogScript: Warning: Accessed None trying to read property Item
	InventoryItem_C /Engine/Transient.UnrealEdEngine_0:GameInstance_0.InventoryItem_C_0
	Function /Game/Blueprints/UI/InventoryItem.InventoryItem_C:Get_count:00BB
[2021.04.15-19.24.27:399][960]LogScript: Warning: Accessed None trying to read property Item
	InventoryItem_C /Engine/Transient.UnrealEdEngine_0:GameInstance_0.InventoryItem_C_0
	Function /Game/Blueprints/UI/InventoryItem.InventoryItem_C:GetThumbnail:0027
[2021.04.15-19.24.27:415][961]LogScript: Warning: Accessed None trying to read property Item
	InventoryItem_C /Engine/Transient.UnrealEdEngine_0:GameInstance_0.InventoryItem_C_0
	Function /Game/Blueprints/UI/InventoryItem.InventoryItem_C:GetThumbnail:0027
[2021.04.15-19.24.27:416][961]LogScript: Warning: Accessed None trying to read property Item
	InventoryItem_C /Engine/Transient.UnrealEdEngine_0:GameInstance_0.InventoryItem_C_0
	Function /Game/Blueprints/UI/InventoryItem.InventoryItem_C:Get_name:001F
[2021.04.15-19.24.27:416][961]LogScript: Warning: Accessed None trying to read property Item
	InventoryItem_C /Engine/Transient.UnrealEdEngine_0:GameInstance_0.InventoryItem_C_0
	Function /Game/Blueprints/UI/InventoryItem.InventoryItem_C:Get_count:00BB
[2021.04.15-19.24.27:419][961]LogScript: Warning: Accessed None trying to read property Item
	InventoryItem_C /Engine/Transient.UnrealEdEngine_0:GameInstance_0.InventoryItem_C_0
	Function /Game/Blueprints/UI/InventoryItem.InventoryItem_C:GetThumbnail:0027
[2021.04.15-19.24.27:429][962]LogScript: Warning: Accessed None trying to read property Item
	InventoryItem_C /Engine/Transient.UnrealEdEngine_0:GameInstance_0.InventoryItem_C_0
	Function /Game/Blueprints/UI/InventoryItem.InventoryItem_C:GetThumbnail:0027
[2021.04.15-19.24.27:429][962]LogScript: Warning: Accessed None trying to read property Item
	InventoryItem_C /Engine/Transient.UnrealEdEngine_0:GameInstance_0.InventoryItem_C_0
	Function /Game/Blueprints/UI/InventoryItem.InventoryItem_C:Get_name:001F
[2021.04.15-19.24.27:429][962]LogScript: Warning: Accessed None trying to read property Item
	InventoryItem_C /Engine/Transient.UnrealEdEngine_0:GameInstance_0.InventoryItem_C_0
	Function /Game/Blueprints/UI/InventoryItem.InventoryItem_C:Get_count:00BB
[2021.04.15-19.24.27:431][962]LogScript: Warning: Accessed None trying to read property Item
	InventoryItem_C /Engine/Transient.UnrealEdEngine_0:GameInstance_0.InventoryItem_C_0
	Function /Game/Blueprints/UI/InventoryItem.InventoryItem_C:GetThumbnail:0027
[2021.04.15-19.25.01:892][952]LogSlate: Updating window title bar state: overlay mode, drag disabled, window buttons hidden, title bar hidden
[2021.04.15-19.25.01:892][952]LogWorld: BeginTearingDown for /Game/Maps/UEDPIE_0_Test
[2021.04.15-19.25.01:894][952]LogWorld: UWorld::CleanupWorld for Test, bSessionEnded=true, bCleanupResources=true
[2021.04.15-19.25.01:896][952]LogSlate: InvalidateAllWidgets triggered.  All widgets were invalidated
[2021.04.15-19.25.01:915][952]LogPlayLevel: Display: Shutting down PIE online subsystems
[2021.04.15-19.25.01:943][952]LogSlate: InvalidateAllWidgets triggered.  All widgets were invalidated
[2021.04.15-19.25.02:122][952]LogSlate: Updating window title bar state: overlay mode, drag disabled, window buttons hidden, title bar hidden
[2021.04.15-19.25.02:174][952]LogAISub: UAISubsystem::~UAISubsystem AIPerceptionSystem (0000021817BABD80), frame # 3952
[2021.04.15-19.25.02:175][952]LogAISub: UAISubsystem::~UAISubsystem EnvQueryManager (000002180FACBE00), frame # 3952
[2021.04.15-19.25.02:284][952]LogUObjectHash: Compacting FUObjectHashTables data took   5.41ms
[2021.04.15-19.25.02:425][953]LogPlayLevel: Display: Destroying online subsystem :Context_7
[2021.04.15-19.25.04:488][ 67]LogSlate: Window 'Message Log' being destroyed
[2021.04.15-19.25.04:500][ 67]LogSlate: Window 'Message Log' being destroyed
[2021.04.15-19.25.11:123][455]LogAssetEditorSubsystem: Opening Asset editor for Blueprint /Game/Blueprints/Towers/BPTower_Canon.BPTower_Canon
[2021.04.15-19.25.15:368][649]LogSlate: Window 'BPTower_Canon' being destroyed
[2021.04.15-19.25.15:379][649]LogSlate: Window 'BPTower_Canon' being destroyed
[2021.04.15-19.25.15:381][649]LogWorld: UWorld::CleanupWorld for World_6, bSessionEnded=true, bCleanupResources=true
[2021.04.15-19.25.15:382][649]LogSlate: InvalidateAllWidgets triggered.  All widgets were invalidated
[2021.04.15-19.25.16:454][695]LogAssetEditorSubsystem: Opening Asset editor for Blueprint /Game/Blueprints/Towers/BP_Tower_Canon.BP_Tower_Canon
[2021.04.15-19.25.18:118][755]LogSlate: Window 'BP_Tower_Canon' being destroyed
[2021.04.15-19.25.18:143][755]LogWorld: UWorld::CleanupWorld for World_7, bSessionEnded=true, bCleanupResources=true
[2021.04.15-19.25.18:144][755]LogSlate: InvalidateAllWidgets triggered.  All widgets were invalidated
[2021.04.15-19.25.18:247][755]LogAssetEditorSubsystem: Opening Asset editor for Blueprint /Game/Blueprints/Towers/BP_Tower_Canon.BP_Tower_Canon
[2021.04.15-19.25.38:100][737]BlueprintLog: New page: Compile BP_Tower_Canon
[2021.04.15-19.25.38:250][737]LogUObjectHash: Compacting FUObjectHashTables data took   2.88ms
[2021.04.15-19.25.38:350][737]LogSavePackage: Moving 'C:/Users/sethg/Desktop/High Level Development II/W21_GAM1528_NoNameYet/TowerDefence/Saved/BP_Tower_Canon9A124C4B46F97AE0EC3DF6BFE2B2D7C6.tmp' to 'C:/Users/sethg/Desktop/High Level Development II/W21_GAM1528_NoNameYet/TowerDefence/Content/Blueprints/Towers/BP_Tower_Canon.uasset'
[2021.04.15-19.25.38:372][737]AssetCheck: New page: Asset Save: BP_Tower_Canon
[2021.04.15-19.25.38:372][737]LogContentValidation: Display: Validating Blueprint /Game/Blueprints/Towers/BP_Tower_Canon.BP_Tower_Canon
[2021.04.15-19.25.39:456][785]LogSlate: Window 'BP_Tower_Canon' being destroyed
[2021.04.15-19.25.39:463][785]LogSlate: Window 'BP_Tower_Canon' being destroyed
[2021.04.15-19.25.39:464][785]LogWorld: UWorld::CleanupWorld for World_8, bSessionEnded=true, bCleanupResources=true
[2021.04.15-19.25.39:464][785]LogSlate: InvalidateAllWidgets triggered.  All widgets were invalidated
[2021.04.15-19.27.34:474][660]LogAssetEditorSubsystem: Opening Asset editor for Blueprint /Game/Blueprints/Towers/BP_Tower_Canon.BP_Tower_Canon
[2021.04.15-19.27.37:625][769]LogSlate: Window 'BP_Tower_Canon' being destroyed
[2021.04.15-19.27.37:640][769]LogSlate: Window 'BP_Tower_Canon' being destroyed
[2021.04.15-19.27.37:643][769]LogWorld: UWorld::CleanupWorld for World_9, bSessionEnded=true, bCleanupResources=true
[2021.04.15-19.27.37:643][769]LogSlate: InvalidateAllWidgets triggered.  All widgets were invalidated
[2021.04.15-19.27.38:458][803]LogUObjectHash: Compacting FUObjectHashTables data took   2.15ms
[2021.04.15-19.27.40:303][803]LogSlate: Window 'Save Content' being destroyed
[2021.04.15-19.27.40:446][803]LogUObjectHash: Compacting FUObjectHashTables data took   3.87ms
[2021.04.15-19.27.40:507][803]LogSavePackage: Moving 'C:/Users/sethg/Desktop/High Level Development II/W21_GAM1528_NoNameYet/TowerDefence/Saved/Test5E5F1E2C49E2DB1A8A56B79DBE370C7A.tmp' to 'C:/Users/sethg/Desktop/High Level Development II/W21_GAM1528_NoNameYet/TowerDefence/Content/Maps/Test.umap'
[2021.04.15-19.27.40:544][803]LogFileHelpers: Saving map 'Test' took 0.202
[2021.04.15-19.27.40:656][803]LogSlate: Window 'TowerDefence - Unreal Editor' being destroyed
[2021.04.15-19.27.40:664][803]LogWindowsTextInputMethodSystem: Display: IME system now deactivated.
[2021.04.15-19.27.41:015][803]AssetCheck: New page: Asset Save: Test
[2021.04.15-19.27.41:016][803]LogContentValidation: Display: Validating World /Game/Maps/Test.Test
[2021.04.15-19.27.41:036][804]Cmd: QUIT_EDITOR
[2021.04.15-19.27.41:036][804]LogCore: Engine exit requested (reason: UUnrealEdEngine::CloseEditor())
[2021.04.15-19.27.41:064][804]LogCore: Engine exit requested (reason: EngineExit() was called; note: exit was already requested)
[2021.04.15-19.27.41:424][804]LogExit: Preparing to exit.
[2021.04.15-19.27.42:196][804]LogWorld: UWorld::CleanupWorld for World_0, bSessionEnded=true, bCleanupResources=true
[2021.04.15-19.27.42:197][804]LogWorld: UWorld::CleanupWorld for World_1, bSessionEnded=true, bCleanupResources=true
[2021.04.15-19.27.42:199][804]LogWorld: UWorld::CleanupWorld for World_2, bSessionEnded=true, bCleanupResources=true
[2021.04.15-19.27.42:200][804]LogWorld: UWorld::CleanupWorld for World_3, bSessionEnded=true, bCleanupResources=true
[2021.04.15-19.27.42:345][804]LogDemo: Cleaned up 0 splitscreen connections with owner deletion
[2021.04.15-19.27.42:498][804]LogWorld: UWorld::CleanupWorld for None, bSessionEnded=true, bCleanupResources=true
[2021.04.15-19.27.42:499][804]LogExit: Editor shut down
[2021.04.15-19.27.42:499][804]LogExit: Transaction tracking system shut down
[2021.04.15-19.27.43:763][804]LogAISub: UAISubsystem::~UAISubsystem AISubsystem (00000217B9FADF80), frame # 12804
[2021.04.15-19.27.43:763][804]LogAISub: UAISubsystem::~UAISubsystem AIPerceptionSystem (00000217B9E26AC0), frame # 12804
[2021.04.15-19.27.43:780][804]LogAISub: UAISubsystem::~UAISubsystem EnvQueryManager (00000217B9F8E800), frame # 12804
[2021.04.15-19.27.45:064][804]LogAISub: UAISubsystem::~UAISubsystem EnvQueryManager (00000217C651D800), frame # 12804
[2021.04.15-19.27.45:064][804]LogAISub: UAISubsystem::~UAISubsystem AIPerceptionSystem (00000217ACF91940), frame # 12804
[2021.04.15-19.27.45:175][804]LogExit: Object subsystem successfully closed.
[2021.04.15-19.27.45:441][804]LogShaderCompilers: Display: Shaders left to compile 0
