Log file open, 02/24/21 15:36:53
LogInit: Display: Running engine for game: TowerDefence
LogPlatformFile: Not using cached read wrapper
LogTaskGraph: Started task graph with 5 named threads and 35 total threads with 3 sets of task threads.
LogStats: Stats thread started at 0.676964
LogD3D11RHI: Loaded GFSDK_Aftermath_Lib.x64.dll
LogICUInternationalization: ICU TimeZone Detection - Raw Offset: -5:00, Platform Override: ''
LogPluginManager: Mounting plugin Paper2D
LogPluginManager: Mounting plugin AISupport
LogPluginManager: Mounting plugin LightPropagationVolume
LogPluginManager: Mounting plugin CameraShakePreviewer
LogPluginManager: Mounting plugin ActorLayerUtilities
LogPluginManager: Mounting plugin AnimationSharing
LogPluginManager: Mounting plugin CLionSourceCodeAccess
LogPluginManager: Mounting plugin CodeLiteSourceCodeAccess
LogPluginManager: Mounting plugin GitSourceControl
LogPluginManager: Mounting plugin KDevelopSourceCodeAccess
LogPluginManager: Mounting plugin NullSourceCodeAccess
LogPluginManager: Mounting plugin PerforceSourceControl
LogPluginManager: Mounting plugin PlasticSourceControl
LogPluginManager: Mounting plugin RiderSourceCodeAccess
LogPluginManager: Mounting plugin SubversionSourceControl
LogPluginManager: Mounting plugin UObjectPlugin
LogPluginManager: Mounting plugin VisualStudioCodeSourceCodeAccess
LogPluginManager: Mounting plugin VisualStudioSourceCodeAccess
LogPluginManager: Mounting plugin XCodeSourceCodeAccess
LogPluginManager: Mounting plugin AssetManagerEditor
LogPluginManager: Mounting plugin CryptoKeys
LogPluginManager: Mounting plugin CurveEditorTools
LogPluginManager: Mounting plugin DataValidation
LogPluginManager: Mounting plugin EditorScriptingUtilities
LogPluginManager: Mounting plugin FacialAnimation
LogPluginManager: Mounting plugin GameplayTagsEditor
LogPluginManager: Mounting plugin GeometryMode
LogPluginManager: Mounting plugin MacGraphicsSwitching
LogPluginManager: Mounting plugin MaterialAnalyzer
LogPluginManager: Mounting plugin MobileLauncherProfileWizard
LogPluginManager: Mounting plugin PluginBrowser
LogPluginManager: Mounting plugin SpeedTreeImporter
LogPluginManager: Mounting plugin DatasmithContent
LogPluginManager: Mounting plugin VariantManagerContent
LogPluginManager: Mounting plugin AlembicImporter
LogPluginManager: Mounting plugin AutomationUtils
LogPluginManager: Mounting plugin BackChannel
LogPluginManager: Mounting plugin ChaosCloth
LogPluginManager: Mounting plugin ChaosClothEditor
LogPluginManager: Mounting plugin ChaosEditor
LogPluginManager: Mounting plugin ChaosNiagara
LogPluginManager: Mounting plugin ChaosSolverPlugin
LogPluginManager: Mounting plugin CharacterAI
LogPluginManager: Mounting plugin GeometryCache
LogPluginManager: Mounting plugin GeometryCollectionPlugin
LogPluginManager: Mounting plugin GeometryProcessing
LogPluginManager: Mounting plugin PlanarCut
LogPluginManager: Mounting plugin PlatformCrypto
LogPluginManager: Mounting plugin ProxyLODPlugin
LogPluginManager: Mounting plugin SkeletalReduction
LogPluginManager: Mounting plugin Niagara
LogPluginManager: Mounting plugin MagicLeap
LogPluginManager: Mounting plugin MagicLeapLightEstimation
LogPluginManager: Mounting plugin MagicLeapMedia
LogPluginManager: Mounting plugin MagicLeapPassableWorld
LogPluginManager: Mounting plugin MLSDK
LogPluginManager: Mounting plugin AndroidMedia
LogPluginManager: Mounting plugin AvfMedia
LogPluginManager: Mounting plugin ImgMedia
LogPluginManager: Mounting plugin MediaCompositing
LogPluginManager: Mounting plugin MediaPlayerEditor
LogPluginManager: Mounting plugin WebMMedia
LogPluginManager: Mounting plugin WmfMedia
LogPluginManager: Mounting plugin MeshPainting
LogPluginManager: Mounting plugin TcpMessaging
LogPluginManager: Mounting plugin UdpMessaging
LogPluginManager: Mounting plugin ActorSequence
LogPluginManager: Mounting plugin LevelSequenceEditor
LogPluginManager: Mounting plugin MatineeToLevelSequence
LogPluginManager: Mounting plugin MovieRenderPipeline
LogPluginManager: Mounting plugin TemplateSequence
LogPluginManager: Mounting plugin NetcodeUnitTest
LogPluginManager: Mounting plugin NUTUnrealEngine4
LogPluginManager: Mounting plugin OnlineSubsystemGooglePlay
LogPluginManager: Mounting plugin OnlineSubsystemIOS
LogPluginManager: Mounting plugin OnlineSubsystem
LogPluginManager: Mounting plugin OnlineSubsystemNull
LogPluginManager: Mounting plugin OnlineSubsystemUtils
LogPluginManager: Mounting plugin LauncherChunkInstaller
LogPluginManager: Mounting plugin AndroidDeviceProfileSelector
LogPluginManager: Mounting plugin AndroidMoviePlayer
LogPluginManager: Mounting plugin AndroidPermission
LogPluginManager: Mounting plugin AppleImageUtils
LogPluginManager: Mounting plugin AppleMoviePlayer
LogPluginManager: Mounting plugin ArchVisCharacter
LogPluginManager: Mounting plugin AssetTags
LogPluginManager: Mounting plugin AudioCapture
LogPluginManager: Mounting plugin CableComponent
LogPluginManager: Mounting plugin CustomMeshComponent
LogPluginManager: Mounting plugin EditableMesh
LogPluginManager: Mounting plugin ExampleDeviceProfileSelector
LogPluginManager: Mounting plugin GoogleCloudMessaging
LogPluginManager: Mounting plugin GooglePAD
LogPluginManager: Mounting plugin IOSDeviceProfileSelector
LogPluginManager: Mounting plugin LinuxDeviceProfileSelector
LogPluginManager: Mounting plugin LocationServicesBPLibrary
LogPluginManager: Mounting plugin MobilePatchingUtils
LogPluginManager: Mounting plugin OculusVR
LogPluginManager: Mounting plugin PhysXVehicles
LogPluginManager: Mounting plugin PostSplashScreen
LogPluginManager: Mounting plugin ProceduralMeshComponent
LogPluginManager: Mounting plugin RuntimePhysXCooking
LogPluginManager: Mounting plugin SignificanceManager
LogPluginManager: Mounting plugin SoundFields
LogPluginManager: Mounting plugin SteamVR
LogPluginManager: Mounting plugin Synthesis
LogPluginManager: Mounting plugin WebMMoviePlayer
LogPluginManager: Mounting plugin WindowsMoviePlayer
LogPluginManager: Mounting plugin ScreenshotTools
LogInit: Using libcurl 7.55.1-DEV
LogInit:  - built for x86_64-pc-win32
LogInit:  - supports SSL with OpenSSL/1.1.1
LogInit:  - supports HTTP deflate (compression) using libz 1.2.8
LogInit:  - other features:
LogInit:      CURL_VERSION_SSL
LogInit:      CURL_VERSION_LIBZ
LogInit:      CURL_VERSION_IPV6
LogInit:      CURL_VERSION_ASYNCHDNS
LogInit:      CURL_VERSION_LARGEFILE
LogInit:      CURL_VERSION_IDN
LogInit:  CurlRequestOptions (configurable via config and command line):
LogInit:  - bVerifyPeer = true  - Libcurl will verify peer certificate
LogInit:  - bUseHttpProxy = false  - Libcurl will NOT use HTTP proxy
LogInit:  - bDontReuseConnections = false  - Libcurl will reuse connections
LogInit:  - MaxHostConnections = 16  - Libcurl will limit the number of connections to a host
LogInit:  - LocalHostAddr = Default
LogInit:  - BufferSize = 65536
LogOnline: OSS: Creating online subsystem instance for: NULL
LogInit: WinSock: version 1.1 (2.2), MaxSocks=32767, MaxUdp=65467
LogOnline: OSS: TryLoadSubsystemAndSetDefault: Loaded subsystem for module [NULL]
LogInit: Build: ++UE4+Release-4.25-CL-13942748
LogInit: Engine Version: 4.25.3-13942748+++UE4+Release-4.25
LogInit: Compatible Engine Version: 4.25.0-13144385+++UE4+Release-4.25
LogInit: Net CL: 13144385
LogInit: OS: Windows 10 (Release 1909) (), CPU: Intel(R) Core(TM) i7-8750H CPU @ 2.20GHz, GPU: Intel(R) UHD Graphics 630
LogInit: Compiled (64-bit): Jul 25 2020 02:07:48
LogInit: Compiled with Visual C++: 19.24.28315.00
LogInit: Build Configuration: Development
LogInit: Branch Name: ++UE4+Release-4.25
LogInit: Command Line:  -skipcompile
LogInit: Base Directory: D:/Epic Games Files/UE_4.25/Engine/Binaries/Win64/
LogInit: Allocator: TBB
LogInit: Installed Engine Build: 1
LogDevObjectVersion: Number of dev versions registered: 26
LogDevObjectVersion:   Dev-Blueprints (B0D832E4-1F89-4F0D-ACCF-7EB736FD4AA2): 10
LogDevObjectVersion:   Dev-Build (E1C64328-A22C-4D53-A36C-8E866417BD8C): 0
LogDevObjectVersion:   Dev-Core (375EC13C-06E4-48FB-B500-84F0262A717E): 4
LogDevObjectVersion:   Dev-Editor (E4B068ED-F494-42E9-A231-DA0B2E46BB41): 38
LogDevObjectVersion:   Dev-Framework (CFFC743F-43B0-4480-9391-14DF171D2073): 37
LogDevObjectVersion:   Dev-Mobile (B02B49B5-BB20-44E9-A304-32B752E40360): 2
LogDevObjectVersion:   Dev-Networking (A4E4105C-59A1-49B5-A7C5-40C4547EDFEE): 0
LogDevObjectVersion:   Dev-Online (39C831C9-5AE6-47DC-9A44-9C173E1C8E7C): 0
LogDevObjectVersion:   Dev-Physics (78F01B33-EBEA-4F98-B9B4-84EACCB95AA2): 4
LogDevObjectVersion:   Dev-Platform (6631380F-2D4D-43E0-8009-CF276956A95A): 0
LogDevObjectVersion:   Dev-Rendering (12F88B9F-8875-4AFC-A67C-D90C383ABD29): 43
LogDevObjectVersion:   Dev-Sequencer (7B5AE74C-D270-4C10-A958-57980B212A5A): 12
LogDevObjectVersion:   Dev-VR (D7296918-1DD6-4BDD-9DE2-64A83CC13884): 3
LogDevObjectVersion:   Dev-LoadTimes (C2A15278-BFE7-4AFE-6C17-90FF531DF755): 1
LogDevObjectVersion:   Private-Geometry (6EACA3D4-40EC-4CC1-B786-8BED09428FC5): 3
LogDevObjectVersion:   Dev-AnimPhys (29E575DD-E0A3-4627-9D10-D276232CDCEA): 17
LogDevObjectVersion:   Dev-Anim (AF43A65D-7FD3-4947-9873-3E8ED9C1BB05): 7
LogDevObjectVersion:   Dev-ReflectionCapture (6B266CEC-1EC7-4B8F-A30B-E4D90942FC07): 1
LogDevObjectVersion:   Dev-Automation (0DF73D61-A23F-47EA-B727-89E90C41499A): 1
LogDevObjectVersion:   FortniteMain (601D1886-AC64-4F84-AA16-D3DE0DEAC7D6): 31
LogDevObjectVersion:   Dev-Enterprise (9DFFBCD6-494F-0158-E221-12823C92A888): 10
LogDevObjectVersion:   Dev-Niagara (F2AED0AC-9AFE-416F-8664-AA7FFA26D6FC): 1
LogDevObjectVersion:   Dev-Destruction (174F1F0B-B4C6-45A5-B13F-2EE8D0FB917D): 10
LogDevObjectVersion:   Dev-Physics-Ext (35F94A83-E258-406C-A318-09F59610247C): 37
LogDevObjectVersion:   Dev-PhysicsMaterial-Chaos (B68FC16E-8B1B-42E2-B453-215C058844FE): 1
LogDevObjectVersion:   Dev-CineCamera (B2E18506-4273-CFC2-A54E-F4BB758BBA07): 1
LogInit: Presizing for max 25165824 objects, including 0 objects not considered by GC, pre-allocating 0 bytes for permanent pool.
LogConfig: Applying CVar settings from Section [/Script/Engine.StreamingSettings] File [C:/Users/sethg/Desktop/High Level Development II/W21_GAM1528_NoNameYet/TowerDefence/Saved/Config/Windows/Engine.ini]
LogConfig: Setting CVar [[s.MinBulkDataSizeForAsyncLoading:131072]]
LogConfig: Setting CVar [[s.AsyncLoadingThreadEnabled:0]]
LogConfig: Setting CVar [[s.EventDrivenLoaderEnabled:1]]
LogConfig: Setting CVar [[s.WarnIfTimeLimitExceeded:0]]
LogConfig: Setting CVar [[s.TimeLimitExceededMultiplier:1.5]]
LogConfig: Setting CVar [[s.TimeLimitExceededMinTime:0.005]]
LogConfig: Setting CVar [[s.UseBackgroundLevelStreaming:1]]
LogConfig: Setting CVar [[s.PriorityAsyncLoadingExtraTime:15.0]]
LogConfig: Setting CVar [[s.LevelStreamingActorsUpdateTimeLimit:5.0]]
LogConfig: Setting CVar [[s.PriorityLevelStreamingActorsUpdateExtraTime:5.0]]
LogConfig: Setting CVar [[s.LevelStreamingComponentsRegistrationGranularity:10]]
LogConfig: Setting CVar [[s.UnregisterComponentsTimeLimit:1.0]]
LogConfig: Setting CVar [[s.LevelStreamingComponentsUnregistrationGranularity:5]]
LogConfig: Setting CVar [[s.FlushStreamingOnExit:1]]
LogInit: Object subsystem initialized
LogConfig: Setting CVar [[con.DebugEarlyDefault:1]]
LogConfig: Setting CVar [[r.setres:1280x720]]
[2021.02.24-20.36.55:277][  0]LogConfig: Setting CVar [[r.VSync:0]]
[2021.02.24-20.36.55:277][  0]LogConfig: Setting CVar [[r.RHICmdBypass:0]]
[2021.02.24-20.36.55:277][  0]LogConfig: Applying CVar settings from Section [/Script/Engine.RendererSettings] File [C:/Users/sethg/Desktop/High Level Development II/W21_GAM1528_NoNameYet/TowerDefence/Saved/Config/Windows/Engine.ini]
[2021.02.24-20.36.55:277][  0]LogConfig: Setting CVar [[r.GPUCrashDebugging:0]]
[2021.02.24-20.36.55:277][  0]LogConfig: Applying CVar settings from Section [/Script/Engine.RendererOverrideSettings] File [C:/Users/sethg/Desktop/High Level Development II/W21_GAM1528_NoNameYet/TowerDefence/Saved/Config/Windows/Engine.ini]
[2021.02.24-20.36.55:277][  0]LogConfig: Applying CVar settings from Section [/Script/Engine.StreamingSettings] File [C:/Users/sethg/Desktop/High Level Development II/W21_GAM1528_NoNameYet/TowerDefence/Saved/Config/Windows/Engine.ini]
[2021.02.24-20.36.55:277][  0]LogConfig: Setting CVar [[s.MinBulkDataSizeForAsyncLoading:131072]]
[2021.02.24-20.36.55:278][  0]LogConfig: Setting CVar [[s.AsyncLoadingThreadEnabled:0]]
[2021.02.24-20.36.55:278][  0]LogConfig: Setting CVar [[s.EventDrivenLoaderEnabled:1]]
[2021.02.24-20.36.55:278][  0]LogConfig: Setting CVar [[s.WarnIfTimeLimitExceeded:0]]
[2021.02.24-20.36.55:278][  0]LogConfig: Setting CVar [[s.TimeLimitExceededMultiplier:1.5]]
[2021.02.24-20.36.55:278][  0]LogConfig: Setting CVar [[s.TimeLimitExceededMinTime:0.005]]
[2021.02.24-20.36.55:278][  0]LogConfig: Setting CVar [[s.UseBackgroundLevelStreaming:1]]
[2021.02.24-20.36.55:278][  0]LogConfig: Setting CVar [[s.PriorityAsyncLoadingExtraTime:15.0]]
[2021.02.24-20.36.55:278][  0]LogConfig: Setting CVar [[s.LevelStreamingActorsUpdateTimeLimit:5.0]]
[2021.02.24-20.36.55:278][  0]LogConfig: Setting CVar [[s.PriorityLevelStreamingActorsUpdateExtraTime:5.0]]
[2021.02.24-20.36.55:278][  0]LogConfig: Setting CVar [[s.LevelStreamingComponentsRegistrationGranularity:10]]
[2021.02.24-20.36.55:278][  0]LogConfig: Setting CVar [[s.UnregisterComponentsTimeLimit:1.0]]
[2021.02.24-20.36.55:278][  0]LogConfig: Setting CVar [[s.LevelStreamingComponentsUnregistrationGranularity:5]]
[2021.02.24-20.36.55:279][  0]LogConfig: Setting CVar [[s.FlushStreamingOnExit:1]]
[2021.02.24-20.36.55:279][  0]LogConfig: Applying CVar settings from Section [/Script/Engine.GarbageCollectionSettings] File [C:/Users/sethg/Desktop/High Level Development II/W21_GAM1528_NoNameYet/TowerDefence/Saved/Config/Windows/Engine.ini]
[2021.02.24-20.36.55:279][  0]LogConfig: Setting CVar [[gc.MaxObjectsNotConsideredByGC:1]]
[2021.02.24-20.36.55:279][  0]LogConfig: Setting CVar [[gc.SizeOfPermanentObjectPool:0]]
[2021.02.24-20.36.55:279][  0]LogConfig: Setting CVar [[gc.FlushStreamingOnGC:0]]
[2021.02.24-20.36.55:279][  0]LogConfig: Setting CVar [[gc.NumRetriesBeforeForcingGC:10]]
[2021.02.24-20.36.55:279][  0]LogConfig: Setting CVar [[gc.AllowParallelGC:1]]
[2021.02.24-20.36.55:279][  0]LogConfig: Setting CVar [[gc.TimeBetweenPurgingPendingKillObjects:61.1]]
[2021.02.24-20.36.55:279][  0]LogConfig: Setting CVar [[gc.MaxObjectsInEditor:25165824]]
[2021.02.24-20.36.55:280][  0]LogConfig: Setting CVar [[gc.IncrementalBeginDestroyEnabled:1]]
[2021.02.24-20.36.55:280][  0]LogConfig: Setting CVar [[gc.CreateGCClusters:1]]
[2021.02.24-20.36.55:280][  0]LogConfig: Setting CVar [[gc.MinGCClusterSize:5]]
[2021.02.24-20.36.55:280][  0]LogConfig: Setting CVar [[gc.ActorClusteringEnabled:0]]
[2021.02.24-20.36.55:280][  0]LogConfig: Setting CVar [[gc.BlueprintClusteringEnabled:0]]
[2021.02.24-20.36.55:280][  0]LogConfig: Setting CVar [[gc.UseDisregardForGCOnDedicatedServers:0]]
[2021.02.24-20.36.55:280][  0]LogConfig: Applying CVar settings from Section [/Script/Engine.NetworkSettings] File [C:/Users/sethg/Desktop/High Level Development II/W21_GAM1528_NoNameYet/TowerDefence/Saved/Config/Windows/Engine.ini]
[2021.02.24-20.36.55:280][  0]LogConfig: Applying CVar settings from Section [/Script/UnrealEd.CookerSettings] File [C:/Users/sethg/Desktop/High Level Development II/W21_GAM1528_NoNameYet/TowerDefence/Saved/Config/Windows/Engine.ini]
[2021.02.24-20.36.55:313][  0]LogConfig: Applying CVar settings from Section [ViewDistanceQuality@3] File [C:/Users/sethg/Desktop/High Level Development II/W21_GAM1528_NoNameYet/TowerDefence/Saved/Config/Windows/Scalability.ini]
[2021.02.24-20.36.55:313][  0]LogConfig: Setting CVar [[r.SkeletalMeshLODBias:0]]
[2021.02.24-20.36.55:314][  0]LogConfig: Setting CVar [[r.ViewDistanceScale:1.0]]
[2021.02.24-20.36.55:314][  0]LogConfig: Applying CVar settings from Section [AntiAliasingQuality@3] File [C:/Users/sethg/Desktop/High Level Development II/W21_GAM1528_NoNameYet/TowerDefence/Saved/Config/Windows/Scalability.ini]
[2021.02.24-20.36.55:314][  0]LogConfig: Setting CVar [[r.PostProcessAAQuality:4]]
[2021.02.24-20.36.55:314][  0]LogConfig: Applying CVar settings from Section [ShadowQuality@3] File [C:/Users/sethg/Desktop/High Level Development II/W21_GAM1528_NoNameYet/TowerDefence/Saved/Config/Windows/Scalability.ini]
[2021.02.24-20.36.55:314][  0]LogConfig: Setting CVar [[r.LightFunctionQuality:1]]
[2021.02.24-20.36.55:314][  0]LogConfig: Setting CVar [[r.ShadowQuality:5]]
[2021.02.24-20.36.55:314][  0]LogConfig: Setting CVar [[r.Shadow.CSM.MaxCascades:10]]
[2021.02.24-20.36.55:314][  0]LogConfig: Setting CVar [[r.Shadow.MaxResolution:2048]]
[2021.02.24-20.36.55:314][  0]LogConfig: Setting CVar [[r.Shadow.MaxCSMResolution:2048]]
[2021.02.24-20.36.55:314][  0]LogConfig: Setting CVar [[r.Shadow.RadiusThreshold:0.01]]
[2021.02.24-20.36.55:314][  0]LogConfig: Setting CVar [[r.Shadow.DistanceScale:1.0]]
[2021.02.24-20.36.55:314][  0]LogConfig: Setting CVar [[r.Shadow.CSM.TransitionScale:1.0]]
[2021.02.24-20.36.55:315][  0]LogConfig: Setting CVar [[r.Shadow.PreShadowResolutionFactor:1.0]]
[2021.02.24-20.36.55:315][  0]LogConfig: Setting CVar [[r.DistanceFieldShadowing:1]]
[2021.02.24-20.36.55:315][  0]LogConfig: Setting CVar [[r.DistanceFieldAO:1]]
[2021.02.24-20.36.55:315][  0]LogConfig: Setting CVar [[r.AOQuality:2]]
[2021.02.24-20.36.55:315][  0]LogConfig: Setting CVar [[r.VolumetricFog:1]]
[2021.02.24-20.36.55:315][  0]LogConfig: Setting CVar [[r.VolumetricFog.GridPixelSize:8]]
[2021.02.24-20.36.55:315][  0]LogConfig: Setting CVar [[r.VolumetricFog.GridSizeZ:128]]
[2021.02.24-20.36.55:315][  0]LogConfig: Setting CVar [[r.VolumetricFog.HistoryMissSupersampleCount:4]]
[2021.02.24-20.36.55:315][  0]LogConfig: Setting CVar [[r.LightMaxDrawDistanceScale:1]]
[2021.02.24-20.36.55:315][  0]LogConfig: Setting CVar [[r.CapsuleShadows:1]]
[2021.02.24-20.36.55:316][  0]LogConfig: Applying CVar settings from Section [PostProcessQuality@3] File [C:/Users/sethg/Desktop/High Level Development II/W21_GAM1528_NoNameYet/TowerDefence/Saved/Config/Windows/Scalability.ini]
[2021.02.24-20.36.55:316][  0]LogConfig: Setting CVar [[r.MotionBlurQuality:4]]
[2021.02.24-20.36.55:316][  0]LogConfig: Setting CVar [[r.AmbientOcclusionMipLevelFactor:0.4]]
[2021.02.24-20.36.55:316][  0]LogConfig: Setting CVar [[r.AmbientOcclusionMaxQuality:100]]
[2021.02.24-20.36.55:317][  0]LogConfig: Setting CVar [[r.AmbientOcclusionLevels:-1]]
[2021.02.24-20.36.55:317][  0]LogConfig: Setting CVar [[r.AmbientOcclusionRadiusScale:1.0]]
[2021.02.24-20.36.55:317][  0]LogConfig: Setting CVar [[r.DepthOfFieldQuality:2]]
[2021.02.24-20.36.55:318][  0]LogConfig: Setting CVar [[r.RenderTargetPoolMin:400]]
[2021.02.24-20.36.55:318][  0]LogConfig: Setting CVar [[r.LensFlareQuality:2]]
[2021.02.24-20.36.55:318][  0]LogConfig: Setting CVar [[r.SceneColorFringeQuality:1]]
[2021.02.24-20.36.55:318][  0]LogConfig: Setting CVar [[r.EyeAdaptationQuality:2]]
[2021.02.24-20.36.55:319][  0]LogConfig: Setting CVar [[r.BloomQuality:5]]
[2021.02.24-20.36.55:319][  0]LogConfig: Setting CVar [[r.FastBlurThreshold:100]]
[2021.02.24-20.36.55:319][  0]LogConfig: Setting CVar [[r.Upscale.Quality:3]]
[2021.02.24-20.36.55:319][  0]LogConfig: Setting CVar [[r.Tonemapper.GrainQuantization:1]]
[2021.02.24-20.36.55:319][  0]LogConfig: Setting CVar [[r.LightShaftQuality:1]]
[2021.02.24-20.36.55:319][  0]LogConfig: Setting CVar [[r.Filter.SizeScale:1]]
[2021.02.24-20.36.55:319][  0]LogConfig: Setting CVar [[r.Tonemapper.Quality:5]]
[2021.02.24-20.36.55:319][  0]LogConfig: Setting CVar [[r.DOF.Gather.AccumulatorQuality:1        ; higher gathering accumulator quality]]
[2021.02.24-20.36.55:320][  0]LogConfig: Setting CVar [[r.DOF.Gather.PostfilterMethod:1          ; Median3x3 postfilering method]]
[2021.02.24-20.36.55:320][  0]LogConfig: Setting CVar [[r.DOF.Gather.EnableBokehSettings:0       ; no bokeh simulation when gathering]]
[2021.02.24-20.36.55:320][  0]LogConfig: Setting CVar [[r.DOF.Gather.RingCount:4                 ; medium number of samples when gathering]]
[2021.02.24-20.36.55:320][  0]LogConfig: Setting CVar [[r.DOF.Scatter.ForegroundCompositing:1    ; additive foreground scattering]]
[2021.02.24-20.36.55:320][  0]LogConfig: Setting CVar [[r.DOF.Scatter.BackgroundCompositing:2    ; additive background scattering]]
[2021.02.24-20.36.55:320][  0]LogConfig: Setting CVar [[r.DOF.Scatter.EnableBokehSettings:1      ; bokeh simulation when scattering]]
[2021.02.24-20.36.55:320][  0]LogConfig: Setting CVar [[r.DOF.Scatter.MaxSpriteRatio:0.1         ; only a maximum of 10% of scattered bokeh]]
[2021.02.24-20.36.55:320][  0]LogConfig: Setting CVar [[r.DOF.Recombine.Quality:1                ; cheap slight out of focus]]
[2021.02.24-20.36.55:320][  0]LogConfig: Setting CVar [[r.DOF.Recombine.EnableBokehSettings:0    ; no bokeh simulation on slight out of focus]]
[2021.02.24-20.36.55:320][  0]LogConfig: Setting CVar [[r.DOF.TemporalAAQuality:1                ; more stable temporal accumulation]]
[2021.02.24-20.36.55:320][  0]LogConfig: Setting CVar [[r.DOF.Kernel.MaxForegroundRadius:0.025]]
[2021.02.24-20.36.55:321][  0]LogConfig: Setting CVar [[r.DOF.Kernel.MaxBackgroundRadius:0.025]]
[2021.02.24-20.36.55:321][  0]LogConfig: Applying CVar settings from Section [TextureQuality@3] File [C:/Users/sethg/Desktop/High Level Development II/W21_GAM1528_NoNameYet/TowerDefence/Saved/Config/Windows/Scalability.ini]
[2021.02.24-20.36.55:321][  0]LogConfig: Setting CVar [[r.Streaming.MipBias:0]]
[2021.02.24-20.36.55:321][  0]LogConfig: Setting CVar [[r.Streaming.AmortizeCPUToGPUCopy:0]]
[2021.02.24-20.36.55:321][  0]LogConfig: Setting CVar [[r.Streaming.MaxNumTexturesToStreamPerFrame:0]]
[2021.02.24-20.36.55:321][  0]LogConfig: Setting CVar [[r.Streaming.Boost:1]]
[2021.02.24-20.36.55:321][  0]LogConfig: Setting CVar [[r.MaxAnisotropy:8]]
[2021.02.24-20.36.55:321][  0]LogConfig: Setting CVar [[r.VT.MaxAnisotropy:8]]
[2021.02.24-20.36.55:321][  0]LogConfig: Setting CVar [[r.Streaming.LimitPoolSizeToVRAM:0]]
[2021.02.24-20.36.55:321][  0]LogConfig: Setting CVar [[r.Streaming.PoolSize:1000]]
[2021.02.24-20.36.55:322][  0]LogConfig: Setting CVar [[r.Streaming.MaxEffectiveScreenSize:0]]
[2021.02.24-20.36.55:322][  0]LogConfig: Applying CVar settings from Section [EffectsQuality@3] File [C:/Users/sethg/Desktop/High Level Development II/W21_GAM1528_NoNameYet/TowerDefence/Saved/Config/Windows/Scalability.ini]
[2021.02.24-20.36.55:322][  0]LogConfig: Setting CVar [[r.TranslucencyLightingVolumeDim:64]]
[2021.02.24-20.36.55:322][  0]LogConfig: Setting CVar [[r.RefractionQuality:2]]
[2021.02.24-20.36.55:322][  0]LogConfig: Setting CVar [[r.SSR.Quality:3]]
[2021.02.24-20.36.55:322][  0]LogConfig: Setting CVar [[r.SSR.HalfResSceneColor:0]]
[2021.02.24-20.36.55:322][  0]LogConfig: Setting CVar [[r.SceneColorFormat:4]]
[2021.02.24-20.36.55:322][  0]LogConfig: Setting CVar [[r.DetailMode:2]]
[2021.02.24-20.36.55:323][  0]LogConfig: Setting CVar [[r.TranslucencyVolumeBlur:1]]
[2021.02.24-20.36.55:323][  0]LogConfig: Setting CVar [[r.MaterialQualityLevel:1 ; High quality]]
[2021.02.24-20.36.55:323][  0]LogConfig: Setting CVar [[r.SSS.Scale:1]]
[2021.02.24-20.36.55:323][  0]LogConfig: Setting CVar [[r.SSS.SampleSet:2]]
[2021.02.24-20.36.55:323][  0]LogConfig: Setting CVar [[r.SSS.Quality:1]]
[2021.02.24-20.36.55:323][  0]LogConfig: Setting CVar [[r.SSS.HalfRes:0]]
[2021.02.24-20.36.55:323][  0]LogConfig: Setting CVar [[r.SSGI.Quality:3]]
[2021.02.24-20.36.55:323][  0]LogConfig: Setting CVar [[r.EmitterSpawnRateScale:1.0]]
[2021.02.24-20.36.55:323][  0]LogConfig: Setting CVar [[r.ParticleLightQuality:2]]
[2021.02.24-20.36.55:323][  0]LogConfig: Setting CVar [[r.SkyAtmosphere.AerialPerspectiveLUT.FastApplyOnOpaque:1 ; Always have FastSkyLUT 1 in this case to avoid wrong sky]]
[2021.02.24-20.36.55:324][  0]LogConfig: Setting CVar [[r.SkyAtmosphere.AerialPerspectiveLUT.SampleCountPerSlice:1]]
[2021.02.24-20.36.55:324][  0]LogConfig: Setting CVar [[r.SkyAtmosphere.AerialPerspectiveLUT.DepthResolution:16.0]]
[2021.02.24-20.36.55:324][  0]LogConfig: Setting CVar [[r.SkyAtmosphere.FastSkyLUT:1]]
[2021.02.24-20.36.55:324][  0]LogConfig: Setting CVar [[r.SkyAtmosphere.FastSkyLUT.SampleCountMin:4.0]]
[2021.02.24-20.36.55:324][  0]LogConfig: Setting CVar [[r.SkyAtmosphere.FastSkyLUT.SampleCountMax:32.0]]
[2021.02.24-20.36.55:324][  0]LogConfig: Setting CVar [[r.SkyAtmosphere.SampleCountMin:4.0]]
[2021.02.24-20.36.55:324][  0]LogConfig: Setting CVar [[r.SkyAtmosphere.SampleCountMax:32.0]]
[2021.02.24-20.36.55:324][  0]LogConfig: Setting CVar [[r.SkyAtmosphere.TransmittanceLUT.UseSmallFormat:0]]
[2021.02.24-20.36.55:324][  0]LogConfig: Setting CVar [[r.SkyAtmosphere.TransmittanceLUT.SampleCount:10.0]]
[2021.02.24-20.36.55:324][  0]LogConfig: Setting CVar [[r.SkyAtmosphere.MultiScatteringLUT.SampleCount:15.0]]
[2021.02.24-20.36.55:325][  0]LogConfig: Applying CVar settings from Section [FoliageQuality@3] File [C:/Users/sethg/Desktop/High Level Development II/W21_GAM1528_NoNameYet/TowerDefence/Saved/Config/Windows/Scalability.ini]
[2021.02.24-20.36.55:325][  0]LogConfig: Setting CVar [[foliage.DensityScale:1.0]]
[2021.02.24-20.36.55:325][  0]LogConfig: Setting CVar [[grass.DensityScale:1.0]]
[2021.02.24-20.36.55:325][  0]LogConfig: Applying CVar settings from Section [ShadingQuality@3] File [C:/Users/sethg/Desktop/High Level Development II/W21_GAM1528_NoNameYet/TowerDefence/Saved/Config/Windows/Scalability.ini]
[2021.02.24-20.36.55:325][  0]LogConfig: Setting CVar [[r.HairStrands.SkyLighting.SampleCount:16]]
[2021.02.24-20.36.55:325][  0]LogConfig: Setting CVar [[r.HairStrands.SkyLighting.JitterIntegration:0]]
[2021.02.24-20.36.55:325][  0]LogConfig: Setting CVar [[r.HairStrands.SkyAO.SampleCount:16]]
[2021.02.24-20.36.55:325][  0]LogConfig: Setting CVar [[r.HairStrands.DeepShadow.SuperSampling:0]]
[2021.02.24-20.36.55:326][  0]LogConfig: Setting CVar [[r.HairStrands.VisibilityPPLL:0]]
[2021.02.24-20.36.55:326][  0]LogConfig: Setting CVar [[r.HairStrands.RasterizationScale:0.5]]
[2021.02.24-20.36.55:326][  0]LogConfig: Setting CVar [[r.HairStrands.VelocityRasterizationScale:1]]
[2021.02.24-20.36.55:326][  0]LogInit: Selected Device Profile: [Windows]
[2021.02.24-20.36.55:326][  0]LogInit: Applying CVar settings loaded from the selected device profile: [Windows]
[2021.02.24-20.36.55:326][  0]LogHAL: Display: Platform has ~ 16 GB [17023397888 / 17179869184 / 16], which maps to Larger [LargestMinGB=32, LargerMinGB=12, DefaultMinGB=8, SmallerMinGB=6, SmallestMinGB=0)
[2021.02.24-20.36.55:327][  0]LogInit: Going up to parent DeviceProfile []
[2021.02.24-20.36.55:327][  0]LogConfig: Applying CVar settings from Section [ViewDistanceQuality@3] File [C:/Users/sethg/Desktop/High Level Development II/W21_GAM1528_NoNameYet/TowerDefence/Saved/Config/Windows/Scalability.ini]
[2021.02.24-20.36.55:327][  0]LogConfig: Setting CVar [[r.SkeletalMeshLODBias:0]]
[2021.02.24-20.36.55:327][  0]LogConfig: Setting CVar [[r.ViewDistanceScale:1.0]]
[2021.02.24-20.36.55:327][  0]LogConfig: Applying CVar settings from Section [AntiAliasingQuality@3] File [C:/Users/sethg/Desktop/High Level Development II/W21_GAM1528_NoNameYet/TowerDefence/Saved/Config/Windows/Scalability.ini]
[2021.02.24-20.36.55:327][  0]LogConfig: Setting CVar [[r.PostProcessAAQuality:4]]
[2021.02.24-20.36.55:327][  0]LogConfig: Applying CVar settings from Section [ShadowQuality@3] File [C:/Users/sethg/Desktop/High Level Development II/W21_GAM1528_NoNameYet/TowerDefence/Saved/Config/Windows/Scalability.ini]
[2021.02.24-20.36.55:327][  0]LogConfig: Setting CVar [[r.LightFunctionQuality:1]]
[2021.02.24-20.36.55:327][  0]LogConfig: Setting CVar [[r.ShadowQuality:5]]
[2021.02.24-20.36.55:328][  0]LogConfig: Setting CVar [[r.Shadow.CSM.MaxCascades:10]]
[2021.02.24-20.36.55:328][  0]LogConfig: Setting CVar [[r.Shadow.MaxResolution:2048]]
[2021.02.24-20.36.55:328][  0]LogConfig: Setting CVar [[r.Shadow.MaxCSMResolution:2048]]
[2021.02.24-20.36.55:328][  0]LogConfig: Setting CVar [[r.Shadow.RadiusThreshold:0.01]]
[2021.02.24-20.36.55:328][  0]LogConfig: Setting CVar [[r.Shadow.DistanceScale:1.0]]
[2021.02.24-20.36.55:328][  0]LogConfig: Setting CVar [[r.Shadow.CSM.TransitionScale:1.0]]
[2021.02.24-20.36.55:328][  0]LogConfig: Setting CVar [[r.Shadow.PreShadowResolutionFactor:1.0]]
[2021.02.24-20.36.55:328][  0]LogConfig: Setting CVar [[r.DistanceFieldShadowing:1]]
[2021.02.24-20.36.55:328][  0]LogConfig: Setting CVar [[r.DistanceFieldAO:1]]
[2021.02.24-20.36.55:328][  0]LogConfig: Setting CVar [[r.AOQuality:2]]
[2021.02.24-20.36.55:328][  0]LogConfig: Setting CVar [[r.VolumetricFog:1]]
[2021.02.24-20.36.55:329][  0]LogConfig: Setting CVar [[r.VolumetricFog.GridPixelSize:8]]
[2021.02.24-20.36.55:329][  0]LogConfig: Setting CVar [[r.VolumetricFog.GridSizeZ:128]]
[2021.02.24-20.36.55:329][  0]LogConfig: Setting CVar [[r.VolumetricFog.HistoryMissSupersampleCount:4]]
[2021.02.24-20.36.55:329][  0]LogConfig: Setting CVar [[r.LightMaxDrawDistanceScale:1]]
[2021.02.24-20.36.55:329][  0]LogConfig: Setting CVar [[r.CapsuleShadows:1]]
[2021.02.24-20.36.55:329][  0]LogConfig: Applying CVar settings from Section [PostProcessQuality@3] File [C:/Users/sethg/Desktop/High Level Development II/W21_GAM1528_NoNameYet/TowerDefence/Saved/Config/Windows/Scalability.ini]
[2021.02.24-20.36.55:330][  0]LogConfig: Setting CVar [[r.MotionBlurQuality:4]]
[2021.02.24-20.36.55:330][  0]LogConfig: Setting CVar [[r.AmbientOcclusionMipLevelFactor:0.4]]
[2021.02.24-20.36.55:330][  0]LogConfig: Setting CVar [[r.AmbientOcclusionMaxQuality:100]]
[2021.02.24-20.36.55:330][  0]LogConfig: Setting CVar [[r.AmbientOcclusionLevels:-1]]
[2021.02.24-20.36.55:330][  0]LogConfig: Setting CVar [[r.AmbientOcclusionRadiusScale:1.0]]
[2021.02.24-20.36.55:330][  0]LogConfig: Setting CVar [[r.DepthOfFieldQuality:2]]
[2021.02.24-20.36.55:331][  0]LogConfig: Setting CVar [[r.RenderTargetPoolMin:400]]
[2021.02.24-20.36.55:331][  0]LogConfig: Setting CVar [[r.LensFlareQuality:2]]
[2021.02.24-20.36.55:332][  0]LogConfig: Setting CVar [[r.SceneColorFringeQuality:1]]
[2021.02.24-20.36.55:332][  0]LogConfig: Setting CVar [[r.EyeAdaptationQuality:2]]
[2021.02.24-20.36.55:332][  0]LogConfig: Setting CVar [[r.BloomQuality:5]]
[2021.02.24-20.36.55:333][  0]LogConfig: Setting CVar [[r.FastBlurThreshold:100]]
[2021.02.24-20.36.55:333][  0]LogConfig: Setting CVar [[r.Upscale.Quality:3]]
[2021.02.24-20.36.55:333][  0]LogConfig: Setting CVar [[r.Tonemapper.GrainQuantization:1]]
[2021.02.24-20.36.55:333][  0]LogConfig: Setting CVar [[r.LightShaftQuality:1]]
[2021.02.24-20.36.55:333][  0]LogConfig: Setting CVar [[r.Filter.SizeScale:1]]
[2021.02.24-20.36.55:333][  0]LogConfig: Setting CVar [[r.Tonemapper.Quality:5]]
[2021.02.24-20.36.55:333][  0]LogConfig: Setting CVar [[r.DOF.Gather.AccumulatorQuality:1        ; higher gathering accumulator quality]]
[2021.02.24-20.36.55:333][  0]LogConfig: Setting CVar [[r.DOF.Gather.PostfilterMethod:1          ; Median3x3 postfilering method]]
[2021.02.24-20.36.55:334][  0]LogConfig: Setting CVar [[r.DOF.Gather.EnableBokehSettings:0       ; no bokeh simulation when gathering]]
[2021.02.24-20.36.55:334][  0]LogConfig: Setting CVar [[r.DOF.Gather.RingCount:4                 ; medium number of samples when gathering]]
[2021.02.24-20.36.55:334][  0]LogConfig: Setting CVar [[r.DOF.Scatter.ForegroundCompositing:1    ; additive foreground scattering]]
[2021.02.24-20.36.55:334][  0]LogConfig: Setting CVar [[r.DOF.Scatter.BackgroundCompositing:2    ; additive background scattering]]
[2021.02.24-20.36.55:334][  0]LogConfig: Setting CVar [[r.DOF.Scatter.EnableBokehSettings:1      ; bokeh simulation when scattering]]
[2021.02.24-20.36.55:334][  0]LogConfig: Setting CVar [[r.DOF.Scatter.MaxSpriteRatio:0.1         ; only a maximum of 10% of scattered bokeh]]
[2021.02.24-20.36.55:334][  0]LogConfig: Setting CVar [[r.DOF.Recombine.Quality:1                ; cheap slight out of focus]]
[2021.02.24-20.36.55:334][  0]LogConfig: Setting CVar [[r.DOF.Recombine.EnableBokehSettings:0    ; no bokeh simulation on slight out of focus]]
[2021.02.24-20.36.55:334][  0]LogConfig: Setting CVar [[r.DOF.TemporalAAQuality:1                ; more stable temporal accumulation]]
[2021.02.24-20.36.55:335][  0]LogConfig: Setting CVar [[r.DOF.Kernel.MaxForegroundRadius:0.025]]
[2021.02.24-20.36.55:335][  0]LogConfig: Setting CVar [[r.DOF.Kernel.MaxBackgroundRadius:0.025]]
[2021.02.24-20.36.55:335][  0]LogConfig: Applying CVar settings from Section [TextureQuality@3] File [C:/Users/sethg/Desktop/High Level Development II/W21_GAM1528_NoNameYet/TowerDefence/Saved/Config/Windows/Scalability.ini]
[2021.02.24-20.36.55:335][  0]LogConfig: Setting CVar [[r.Streaming.MipBias:0]]
[2021.02.24-20.36.55:335][  0]LogConfig: Setting CVar [[r.Streaming.AmortizeCPUToGPUCopy:0]]
[2021.02.24-20.36.55:335][  0]LogConfig: Setting CVar [[r.Streaming.MaxNumTexturesToStreamPerFrame:0]]
[2021.02.24-20.36.55:335][  0]LogConfig: Setting CVar [[r.Streaming.Boost:1]]
[2021.02.24-20.36.55:335][  0]LogConfig: Setting CVar [[r.MaxAnisotropy:8]]
[2021.02.24-20.36.55:335][  0]LogConfig: Setting CVar [[r.VT.MaxAnisotropy:8]]
[2021.02.24-20.36.55:335][  0]LogConfig: Setting CVar [[r.Streaming.LimitPoolSizeToVRAM:0]]
[2021.02.24-20.36.55:336][  0]LogConfig: Setting CVar [[r.Streaming.PoolSize:1000]]
[2021.02.24-20.36.55:336][  0]LogConfig: Setting CVar [[r.Streaming.MaxEffectiveScreenSize:0]]
[2021.02.24-20.36.55:336][  0]LogConfig: Applying CVar settings from Section [EffectsQuality@3] File [C:/Users/sethg/Desktop/High Level Development II/W21_GAM1528_NoNameYet/TowerDefence/Saved/Config/Windows/Scalability.ini]
[2021.02.24-20.36.55:336][  0]LogConfig: Setting CVar [[r.TranslucencyLightingVolumeDim:64]]
[2021.02.24-20.36.55:336][  0]LogConfig: Setting CVar [[r.RefractionQuality:2]]
[2021.02.24-20.36.55:337][  0]LogConfig: Setting CVar [[r.SSR.Quality:3]]
[2021.02.24-20.36.55:337][  0]LogConfig: Setting CVar [[r.SSR.HalfResSceneColor:0]]
[2021.02.24-20.36.55:337][  0]LogConfig: Setting CVar [[r.SceneColorFormat:4]]
[2021.02.24-20.36.55:337][  0]LogConfig: Setting CVar [[r.DetailMode:2]]
[2021.02.24-20.36.55:337][  0]LogConfig: Setting CVar [[r.TranslucencyVolumeBlur:1]]
[2021.02.24-20.36.55:338][  0]LogConfig: Setting CVar [[r.MaterialQualityLevel:1 ; High quality]]
[2021.02.24-20.36.55:338][  0]LogConfig: Setting CVar [[r.SSS.Scale:1]]
[2021.02.24-20.36.55:338][  0]LogConfig: Setting CVar [[r.SSS.SampleSet:2]]
[2021.02.24-20.36.55:338][  0]LogConfig: Setting CVar [[r.SSS.Quality:1]]
[2021.02.24-20.36.55:338][  0]LogConfig: Setting CVar [[r.SSS.HalfRes:0]]
[2021.02.24-20.36.55:338][  0]LogConfig: Setting CVar [[r.SSGI.Quality:3]]
[2021.02.24-20.36.55:339][  0]LogConfig: Setting CVar [[r.EmitterSpawnRateScale:1.0]]
[2021.02.24-20.36.55:339][  0]LogConfig: Setting CVar [[r.ParticleLightQuality:2]]
[2021.02.24-20.36.55:339][  0]LogConfig: Setting CVar [[r.SkyAtmosphere.AerialPerspectiveLUT.FastApplyOnOpaque:1 ; Always have FastSkyLUT 1 in this case to avoid wrong sky]]
[2021.02.24-20.36.55:339][  0]LogConfig: Setting CVar [[r.SkyAtmosphere.AerialPerspectiveLUT.SampleCountPerSlice:1]]
[2021.02.24-20.36.55:339][  0]LogConfig: Setting CVar [[r.SkyAtmosphere.AerialPerspectiveLUT.DepthResolution:16.0]]
[2021.02.24-20.36.55:339][  0]LogConfig: Setting CVar [[r.SkyAtmosphere.FastSkyLUT:1]]
[2021.02.24-20.36.55:339][  0]LogConfig: Setting CVar [[r.SkyAtmosphere.FastSkyLUT.SampleCountMin:4.0]]
[2021.02.24-20.36.55:341][  0]LogConfig: Setting CVar [[r.SkyAtmosphere.FastSkyLUT.SampleCountMax:32.0]]
[2021.02.24-20.36.55:341][  0]LogConfig: Setting CVar [[r.SkyAtmosphere.SampleCountMin:4.0]]
[2021.02.24-20.36.55:341][  0]LogConfig: Setting CVar [[r.SkyAtmosphere.SampleCountMax:32.0]]
[2021.02.24-20.36.55:341][  0]LogConfig: Setting CVar [[r.SkyAtmosphere.TransmittanceLUT.UseSmallFormat:0]]
[2021.02.24-20.36.55:341][  0]LogConfig: Setting CVar [[r.SkyAtmosphere.TransmittanceLUT.SampleCount:10.0]]
[2021.02.24-20.36.55:342][  0]LogConfig: Setting CVar [[r.SkyAtmosphere.MultiScatteringLUT.SampleCount:15.0]]
[2021.02.24-20.36.55:342][  0]LogConfig: Applying CVar settings from Section [FoliageQuality@3] File [C:/Users/sethg/Desktop/High Level Development II/W21_GAM1528_NoNameYet/TowerDefence/Saved/Config/Windows/Scalability.ini]
[2021.02.24-20.36.55:342][  0]LogConfig: Setting CVar [[foliage.DensityScale:1.0]]
[2021.02.24-20.36.55:342][  0]LogConfig: Setting CVar [[grass.DensityScale:1.0]]
[2021.02.24-20.36.55:342][  0]LogConfig: Applying CVar settings from Section [ShadingQuality@3] File [C:/Users/sethg/Desktop/High Level Development II/W21_GAM1528_NoNameYet/TowerDefence/Saved/Config/Windows/Scalability.ini]
[2021.02.24-20.36.55:343][  0]LogConfig: Setting CVar [[r.HairStrands.SkyLighting.SampleCount:16]]
[2021.02.24-20.36.55:343][  0]LogConfig: Setting CVar [[r.HairStrands.SkyLighting.JitterIntegration:0]]
[2021.02.24-20.36.55:343][  0]LogConfig: Setting CVar [[r.HairStrands.SkyAO.SampleCount:16]]
[2021.02.24-20.36.55:343][  0]LogConfig: Setting CVar [[r.HairStrands.DeepShadow.SuperSampling:0]]
[2021.02.24-20.36.55:343][  0]LogConfig: Setting CVar [[r.HairStrands.VisibilityPPLL:0]]
[2021.02.24-20.36.55:343][  0]LogConfig: Setting CVar [[r.HairStrands.RasterizationScale:0.5]]
[2021.02.24-20.36.55:343][  0]LogConfig: Setting CVar [[r.HairStrands.VelocityRasterizationScale:1]]
[2021.02.24-20.36.55:343][  0]LogConfig: Applying CVar settings from Section [Startup] File [../../../Engine/Config/ConsoleVariables.ini]
[2021.02.24-20.36.55:345][  0]LogConfig: Setting CVar [[net.UseAdaptiveNetUpdateFrequency:0]]
[2021.02.24-20.36.55:345][  0]LogConfig: Setting CVar [[p.chaos.AllowCreatePhysxBodies:1]]
[2021.02.24-20.36.55:345][  0]LogConfig: Setting CVar [[fx.SkipVectorVMBackendOptimizations:1]]
[2021.02.24-20.36.55:346][  0]LogConfig: Applying CVar settings from Section [ConsoleVariables] File [C:/Users/sethg/Desktop/High Level Development II/W21_GAM1528_NoNameYet/TowerDefence/Saved/Config/Windows/Engine.ini]
[2021.02.24-20.36.55:346][  0]LogInit: Computer: LAPTOP-K3PBHEDP
[2021.02.24-20.36.55:347][  0]LogInit: User: sethg
[2021.02.24-20.36.55:347][  0]LogInit: CPU Page size=4096, Cores=6
[2021.02.24-20.36.55:348][  0]LogInit: High frequency timer resolution =10.000000 MHz
[2021.02.24-20.36.55:349][  0]LogMemory: Memory total: Physical=15.9GB (16GB approx)
[2021.02.24-20.36.55:349][  0]LogMemory: Platform Memory Stats for Windows
[2021.02.24-20.36.55:349][  0]LogMemory: Process Physical Memory: 115.68 MB used, 115.69 MB peak
[2021.02.24-20.36.55:350][  0]LogMemory: Process Virtual Memory: 105.37 MB used, 105.37 MB peak
[2021.02.24-20.36.55:350][  0]LogMemory: Physical Memory: 11223.73 MB used,  5011.04 MB free, 16234.78 MB total
[2021.02.24-20.36.55:350][  0]LogMemory: Virtual Memory: 5173.16 MB used,  134212552.00 MB free, 134217728.00 MB total
[2021.02.24-20.36.55:405][  0]LogWindows: WindowsPlatformFeatures enabled
[2021.02.24-20.36.56:229][  0]LogInit: Physics initialised using underlying interface: PhysX
[2021.02.24-20.36.56:231][  0]LogInit: Using OS detected language (en-US).
[2021.02.24-20.36.56:231][  0]LogInit: Using OS detected locale (en-CA).
[2021.02.24-20.36.56:236][  0]LogTextLocalizationManager: No specific localization for 'en-US' exists, so the 'en' localization will be used.
[2021.02.24-20.36.56:890][  0]LogInit: Setting process to per monitor DPI aware
[2021.02.24-20.36.57:104][  0]LogSlate: New Slate User Created.  User Index 0, Is Virtual User: 0
[2021.02.24-20.36.57:105][  0]LogSlate: Slate User Registered.  User Index 0, Is Virtual User: 0
[2021.02.24-20.36.57:746][  0]LogHMD: Failed to initialize OpenVR with code 110
[2021.02.24-20.36.57:746][  0]LogD3D11RHI: D3D11 min allowed feature level: 11_0
[2021.02.24-20.36.57:747][  0]LogD3D11RHI: D3D11 max allowed feature level: 11_0
[2021.02.24-20.36.57:748][  0]LogD3D11RHI: D3D11 adapters:
[2021.02.24-20.36.58:533][  0]LogD3D11RHI:    0. 'NVIDIA GeForce GTX 1060' (Feature Level 11_0)
[2021.02.24-20.36.58:533][  0]LogD3D11RHI:       6052/0/8117 MB DedicatedVideo/DedicatedSystem/SharedSystem, Outputs:1, VendorId:0x10de
[2021.02.24-20.36.58:640][  0]LogD3D11RHI:    1. 'Intel(R) UHD Graphics 630' (Feature Level 11_0)
[2021.02.24-20.36.58:640][  0]LogD3D11RHI:       128/0/8117 MB DedicatedVideo/DedicatedSystem/SharedSystem, Outputs:0, VendorId:0x8086
[2021.02.24-20.36.58:662][  0]LogD3D11RHI:    2. 'Microsoft Basic Render Driver' (Feature Level 11_0)
[2021.02.24-20.36.58:662][  0]LogD3D11RHI:       0/0/8117 MB DedicatedVideo/DedicatedSystem/SharedSystem, Outputs:0, VendorId:0x1414
[2021.02.24-20.36.58:662][  0]LogD3D11RHI: Chosen D3D11 Adapter: 0
[2021.02.24-20.36.58:696][  0]LogD3D11RHI: Creating new Direct3DDevice
[2021.02.24-20.36.58:697][  0]LogD3D11RHI:     GPU DeviceId: 0x1c20 (for the marketing name, search the web for "GPU Device Id")
[2021.02.24-20.36.58:697][  0]LogWindows: EnumDisplayDevices:
[2021.02.24-20.36.58:698][  0]LogWindows:    0. 'Intel(R) UHD Graphics 630' (P:1 D:1)
[2021.02.24-20.36.58:698][  0]LogWindows:    1. 'Intel(R) UHD Graphics 630' (P:0 D:0)
[2021.02.24-20.36.58:699][  0]LogWindows:    2. 'Intel(R) UHD Graphics 630' (P:0 D:0)
[2021.02.24-20.36.58:700][  0]LogWindows:    3. 'NVIDIA GeForce GTX 1060' (P:0 D:0)
[2021.02.24-20.36.58:702][  0]LogWindows: DebugString: PrimaryIsNotTheChoosenAdapter PrimaryIsNotTheChoosenAdapter PrimaryIsNotTheChoosenAdapter 
[2021.02.24-20.36.58:702][  0]LogD3D11RHI:     Adapter Name: NVIDIA GeForce GTX 1060
[2021.02.24-20.36.58:702][  0]LogD3D11RHI:   Driver Version: 461.40 (internal:27.21.14.6140, unified:461.40)
[2021.02.24-20.36.58:702][  0]LogD3D11RHI:      Driver Date: 1-22-2021
[2021.02.24-20.36.58:702][  0]LogRHI: Texture pool is 4236 MB (70% of 6052 MB)
[2021.02.24-20.36.58:903][  0]LogD3D11RHI: RHI has support for 64 bit atomics
[2021.02.24-20.36.58:908][  0]LogD3D11RHI: [Aftermath] Enabled and primed
[2021.02.24-20.36.58:909][  0]LogD3D11RHI: Async texture creation enabled
[2021.02.24-20.36.58:909][  0]LogD3D11RHI: Array index from any shader is supported
[2021.02.24-20.36.58:986][  0]LogD3D11RHI: GPU Timing Frequency: 1000.000000 (Debug: 2 1)
[2021.02.24-20.36.59:720][  0]LogTargetPlatformManager: Display: Loaded TargetPlatform 'AllDesktop'
[2021.02.24-20.36.59:764][  0]LogTargetPlatformManager: Display: Loaded TargetPlatform 'Android'
[2021.02.24-20.36.59:764][  0]LogTargetPlatformManager: Display: Loaded TargetPlatform 'Android_ASTC'
[2021.02.24-20.36.59:765][  0]LogTargetPlatformManager: Display: Loaded TargetPlatform 'Android_DXT'
[2021.02.24-20.36.59:765][  0]LogTargetPlatformManager: Display: Loaded TargetPlatform 'Android_ETC2'
[2021.02.24-20.36.59:765][  0]LogTargetPlatformManager: Display: Loaded TargetPlatform 'AndroidClient'
[2021.02.24-20.36.59:765][  0]LogTargetPlatformManager: Display: Loaded TargetPlatform 'Android_ASTCClient'
[2021.02.24-20.36.59:765][  0]LogTargetPlatformManager: Display: Loaded TargetPlatform 'Android_DXTClient'
[2021.02.24-20.36.59:765][  0]LogTargetPlatformManager: Display: Loaded TargetPlatform 'Android_ETC2Client'
[2021.02.24-20.36.59:765][  0]LogTargetPlatformManager: Display: Loaded TargetPlatform 'Android_Multi'
[2021.02.24-20.36.59:765][  0]LogTargetPlatformManager: Display: Loaded TargetPlatform 'Android_MultiClient'
[2021.02.24-20.36.59:844][  0]LogTargetPlatformManager: Display: Loaded TargetPlatform 'IOSClient'
[2021.02.24-20.36.59:845][  0]LogTargetPlatformManager: Display: Loaded TargetPlatform 'IOS'
[2021.02.24-20.36.59:879][  0]LogTargetPlatformManager: Display: Loaded TargetPlatform 'Linux'
[2021.02.24-20.36.59:910][  0]LogTargetPlatformManager: Display: Loaded TargetPlatform 'LinuxNoEditor'
[2021.02.24-20.36.59:949][  0]LogTargetPlatformManager: Display: Loaded TargetPlatform 'LinuxClient'
[2021.02.24-20.36.59:978][  0]LogTargetPlatformManager: Display: Loaded TargetPlatform 'LinuxServer'
[2021.02.24-20.37.00:021][  0]LogTargetPlatformManager: Display: Loaded TargetPlatform 'LinuxAArch64NoEditor'
[2021.02.24-20.37.00:065][  0]LogTargetPlatformManager: Display: Loaded TargetPlatform 'LinuxAArch64Client'
[2021.02.24-20.37.00:118][  0]LogTargetPlatformManager: Display: Loaded TargetPlatform 'LinuxAArch64Server'
[2021.02.24-20.37.00:205][  0]LogTargetPlatformManager: Display: Loaded TargetPlatform 'Lumin'
[2021.02.24-20.37.00:205][  0]LogTargetPlatformManager: Display: Loaded TargetPlatform 'LuminClient'
[2021.02.24-20.37.00:252][  0]LogTargetPlatformManager: Display: Loaded TargetPlatform 'TVOSClient'
[2021.02.24-20.37.00:253][  0]LogTargetPlatformManager: Display: Loaded TargetPlatform 'TVOS'
[2021.02.24-20.37.00:288][  0]LogTargetPlatformManager: Display: Loaded TargetPlatform 'WindowsNoEditor'
[2021.02.24-20.37.00:321][  0]LogTargetPlatformManager: Display: Loaded TargetPlatform 'Windows'
[2021.02.24-20.37.00:360][  0]LogTargetPlatformManager: Display: Loaded TargetPlatform 'WindowsClient'
[2021.02.24-20.37.00:395][  0]LogTargetPlatformManager: Display: Loaded TargetPlatform 'WindowsServer'
[2021.02.24-20.37.00:395][  0]LogTargetPlatformManager: Display: Building Assets For Windows
[2021.02.24-20.37.00:454][  0]LogAudioDebug: Display: Lib vorbis DLL was dynamically loaded.
[2021.02.24-20.37.00:836][  0]LogShaderCompilers: Guid format shader working directory is -38 characters bigger than the processId version (C:/Users/sethg/Desktop/High Level Development II/W21_GAM1528_NoNameYet/TowerDefence/Intermediate/Shaders/WorkingDirectory/30740/).
[2021.02.24-20.37.00:837][  0]LogShaderCompilers: Cleaned the shader compiler working directory 'C:/Users/sethg/AppData/Local/Temp/UnrealShaderWorkingDir/1C33C98A43789B777CF123B8FC9835E2/'.
[2021.02.24-20.37.00:837][  0]LogXGEController: Cleaning working directory: C:/Users/sethg/AppData/Local/Temp/UnrealXGEWorkingDir/
[2021.02.24-20.37.00:838][  0]LogXGEController: Cannot use XGE Controller as Incredibuild is not installed on this machine.
[2021.02.24-20.37.00:838][  0]LogShaderCompilers: Cannot use XGE Shader Compiler as Incredibuild is not installed on this machine.
[2021.02.24-20.37.00:838][  0]LogShaderCompilers: Display: Using Local Shader Compiler.
[2021.02.24-20.37.02:125][  0]LogDerivedDataCache: Display: Max Cache Size: 512 MB
[2021.02.24-20.37.02:260][  0]LogDerivedDataCache: Loaded boot cache 0.14s 75MB C:/Users/sethg/AppData/Local/UnrealEngine/4.25/DerivedDataCache/Boot.ddc.
[2021.02.24-20.37.02:261][  0]LogDerivedDataCache: Display: Loaded Boot cache: C:/Users/sethg/AppData/Local/UnrealEngine/4.25/DerivedDataCache/Boot.ddc
[2021.02.24-20.37.02:261][  0]LogDerivedDataCache: FDerivedDataBackendGraph:  Pak pak cache file C:/Users/sethg/Desktop/High Level Development II/W21_GAM1528_NoNameYet/TowerDefence/DerivedDataCache/DDC.ddp not found, will not use a pak cache.
[2021.02.24-20.37.02:261][  0]LogDerivedDataCache: Unable to find inner node Pak for hierarchical cache Hierarchy.
[2021.02.24-20.37.02:262][  0]LogDerivedDataCache: FDerivedDataBackendGraph:  CompressedPak pak cache file C:/Users/sethg/Desktop/High Level Development II/W21_GAM1528_NoNameYet/TowerDefence/DerivedDataCache/Compressed.ddp not found, will not use a pak cache.
[2021.02.24-20.37.02:262][  0]LogDerivedDataCache: Unable to find inner node CompressedPak for hierarchical cache Hierarchy.
[2021.02.24-20.37.02:282][  0]LogDerivedDataCache: Display: Pak cache opened for reading ../../../Engine/DerivedDataCache/Compressed.ddp.
[2021.02.24-20.37.02:282][  0]LogDerivedDataCache: FDerivedDataBackendGraph:  EnterprisePak pak cache file ../../../Enterprise/DerivedDataCache/Compressed.ddp not found, will not use a pak cache.
[2021.02.24-20.37.02:283][  0]LogDerivedDataCache: Unable to find inner node EnterprisePak for hierarchical cache Hierarchy.
[2021.02.24-20.37.02:289][  0]LogDerivedDataCache: Using Local data cache path C:/Users/sethg/AppData/Local/UnrealEngine/Common/DerivedDataCache: Writable
[2021.02.24-20.37.02:289][  0]LogDerivedDataCache: Shared data cache path not found in *engine.ini, will not use an Shared cache.
[2021.02.24-20.37.02:289][  0]LogDerivedDataCache: Unable to find inner node Shared for hierarchical cache Hierarchy.
[2021.02.24-20.37.02:376][  0]LogSlate: Using FreeType 2.10.0
[2021.02.24-20.37.02:378][  0]LogSlate: SlateFontServices - WITH_FREETYPE: 1, WITH_HARFBUZZ: 1
[2021.02.24-20.37.02:433][  0]LogAssetRegistry: FAssetRegistry took 0.0057 seconds to start up
[2021.02.24-20.37.02:907][  0]LogInit: Selected Device Profile: [Windows]
[2021.02.24-20.37.03:193][  0]LogMeshReduction: Using QuadricMeshReduction for automatic static mesh reduction
[2021.02.24-20.37.03:193][  0]LogMeshReduction: Using SimplygonMeshReduction for automatic skeletal mesh reduction
[2021.02.24-20.37.03:194][  0]LogMeshReduction: Using ProxyLODMeshReduction for automatic mesh merging
[2021.02.24-20.37.03:194][  0]LogMeshReduction: No distributed automatic mesh merging module available
[2021.02.24-20.37.03:194][  0]LogMeshMerging: No distributed automatic mesh merging module available
[2021.02.24-20.37.03:231][  0]LogNetVersion: TowerDefence 1.0.0, NetCL: 13144385, EngineNetVer: 14, GameNetVer: 0 (Checksum: 2510641227)
[2021.02.24-20.37.04:254][  0]LogAISub: UAISubsystem::UAISubsystem AISubsystem (0000023600626980), frame # 0
[2021.02.24-20.37.04:254][  0]LogAISub: UAISubsystem::UAISubsystem AIPerceptionSystem (00000236004CAAC0), frame # 0
[2021.02.24-20.37.04:256][  0]LogAISub: UAISubsystem::UAISubsystem EnvQueryManager (0000023600622800), frame # 0
[2021.02.24-20.37.04:470][  0]LogPackageLocalizationCache: Processed 19 localized package path(s) for 1 prioritized culture(s) in 0.207057 seconds
[2021.02.24-20.37.04:488][  0]LogUObjectArray: 15917 objects as part of root set at end of initial load.
[2021.02.24-20.37.04:488][  0]LogUObjectAllocator: 3965568 out of 0 bytes used by permanent object pool.
[2021.02.24-20.37.04:488][  0]LogUObjectArray: CloseDisregardForGC: 0/0 objects in disregard for GC pool
[2021.02.24-20.37.05:906][  0]LogTcpMessaging: Initializing TcpMessaging bridge
[2021.02.24-20.37.05:927][  0]LogUdpMessaging: Initializing bridge on interface 0.0.0.0:0 to multicast group 230.0.0.1:6666.
[2021.02.24-20.37.06:475][  0]SourceControl: Source control is disabled
[2021.02.24-20.37.06:476][  0]SourceControl: Source control is disabled
[2021.02.24-20.37.06:512][  0]SourceControl: Source control is disabled
[2021.02.24-20.37.06:532][  0]SourceControl: Source control is disabled
[2021.02.24-20.37.06:592][  0]SourceControl: Source control is disabled
[2021.02.24-20.37.07:855][  0]LogAndroidPermission: UAndroidPermissionCallbackProxy::GetInstance
[2021.02.24-20.37.07:965][  0]LogAudioCaptureCore: Display: No Audio Capture implementations found. Audio input will be silent.
[2021.02.24-20.37.07:965][  0]LogAudioCaptureCore: Display: No Audio Capture implementations found. Audio input will be silent.
[2021.02.24-20.37.08:185][  0]LogOcInput: OculusInput pre-init called
[2021.02.24-20.37.08:235][  0]LogWindows: Failed to load 'OVRPlugin.dll' (GetLastError=126)
[2021.02.24-20.37.08:236][  0]LogWindows: File 'OVRPlugin.dll' does not exist
[2021.02.24-20.37.08:385][  0]LogEngine: Initializing Engine...
[2021.02.24-20.37.08:387][  0]LogHMD: Failed to initialize OpenVR with code 110
[2021.02.24-20.37.08:387][  0]LogMagicLeap: Warning: VR disabled because ZI is not enabled.  To enable, in the editor, Edit -> Project Settings -> Plugins -> Magic Leap Plugin -> Enable Zero Iteration
[2021.02.24-20.37.08:389][  0]LogStats: UGameplayTagsManager::InitializeManager -  0.000 s
[2021.02.24-20.37.08:784][  0]LogInit: Initializing FReadOnlyCVARCache
[2021.02.24-20.37.08:816][  0]LogAIModule: Creating AISystem for world Untitled
[2021.02.24-20.37.08:817][  0]LogAISub: UAISubsystem::UAISubsystem EnvQueryManager (00000236023F7C00), frame # 0
[2021.02.24-20.37.08:818][  0]LogAISub: UAISubsystem::UAISubsystem AIPerceptionSystem (00000236024B0A40), frame # 0
[2021.02.24-20.37.08:883][  0]LogAudioMixer: Display: Audio Mixer Platform Settings:
[2021.02.24-20.37.08:883][  0]LogAudioMixer: Display: 	Sample Rate:						  48000
[2021.02.24-20.37.08:883][  0]LogAudioMixer: Display: 	Callback Buffer Frame Size Requested: 1024
[2021.02.24-20.37.08:883][  0]LogAudioMixer: Display: 	Callback Buffer Frame Size To Use:	  1024
[2021.02.24-20.37.08:883][  0]LogAudioMixer: Display: 	Number of buffers to queue:			  2
[2021.02.24-20.37.08:883][  0]LogAudioMixer: Display: 	Max Channels (voices):				  32
[2021.02.24-20.37.08:884][  0]LogAudioMixer: Display: 	Number of Async Source Workers:		  0
[2021.02.24-20.37.08:884][  0]LogAudio: Display: AudioDevice MaxSources: 32
[2021.02.24-20.37.08:886][  0]LogAudio: Display: Using built-in audio occlusion.
[2021.02.24-20.37.08:886][  0]LogAudioMixer: Display: Initializing audio mixer.
[2021.02.24-20.37.08:946][  0]LogAudioMixer: Display: 0: FrontLeft
[2021.02.24-20.37.08:947][  0]LogAudioMixer: Display: 1: FrontRight
[2021.02.24-20.37.09:193][  0]LogAudioMixer: Display: Using Audio Device Speakers (Realtek(R) Audio)
[2021.02.24-20.37.09:200][  0]LogAudioMixer: Display: Initializing Sound Submixes...
[2021.02.24-20.37.09:206][  0]LogAudioMixer: Display: Creating Master Submix 'MasterSubmixDefault'
[2021.02.24-20.37.09:207][  0]LogAudioMixer: Display: Creating Master Submix 'MasterReverbSubmixDefault'
[2021.02.24-20.37.09:209][  0]LogAudioMixer: Display: Creating Master Submix 'MasterEQSubmixDefault'
[2021.02.24-20.37.09:219][  0]LogInit: FAudioDevice initialized.
[2021.02.24-20.37.09:221][  0]LogNetVersion: Set ProjectVersion to 1.0.0.0. Version Checksum will be recalculated on next use.
[2021.02.24-20.37.09:351][  0]LogDerivedDataCache: Saved boot cache 0.13s 75MB C:/Users/sethg/AppData/Local/UnrealEngine/4.25/DerivedDataCache/Boot.ddc.
[2021.02.24-20.37.09:362][  0]LogInit: Texture streaming: Enabled
[2021.02.24-20.37.09:450][  0]LogEngineSessionManager: EngineSessionManager initialized
[2021.02.24-20.37.09:450][  0]LogEditorSessionSummary: Verbose: Initializing EditorSessionSummaryWriter for editor session tracking
[2021.02.24-20.37.09:465][  0]LogEditorSessionSummary: EditorSessionSummaryWriter initialized
[2021.02.24-20.37.09:653][  0]LogInit: Transaction tracking system initialized
[2021.02.24-20.37.09:761][  0]BlueprintLog: New page: Editor Load
[2021.02.24-20.37.10:134][  0]LocalizationService: Localization service is disabled
[2021.02.24-20.37.10:818][  0]LogCook: Display: Max memory allowance for cook 16384mb min free memory 0mb
[2021.02.24-20.37.10:819][  0]LogCook: Display: Mobile HDR setting 1
[2021.02.24-20.37.11:454][  0]LogFileCache: Scanning file cache for directory 'C:/Users/sethg/Desktop/High Level Development II/W21_GAM1528_NoNameYet/TowerDefence/Content/' took 0.01s
[2021.02.24-20.37.11:930][  0]SourceControl: Source control is disabled
[2021.02.24-20.37.11:930][  0]LogUnrealEdMisc: Loading editor; pre map load, took 22.874
[2021.02.24-20.37.11:931][  0]Cmd: MAP LOAD FILE="C:/Users/sethg/Desktop/High Level Development II/W21_GAM1528_NoNameYet/TowerDefence/Content/Maps/Test.umap" TEMPLATE=0 SHOWPROGRESS=1 FEATURELEVEL=3
[2021.02.24-20.37.11:931][  0]LogEditorServer: Warning: Can't find file 'C:/Users/sethg/Desktop/High Level Development II/W21_GAM1528_NoNameYet/TowerDefence/Content/Maps/Test.umap'
[2021.02.24-20.37.11:932][  0]Cmd: MAP CHECKDEP NOCLEARLOG
[2021.02.24-20.37.11:933][  0]MapCheck: Map check complete: 0 Error(s), 0 Warning(s), took 0.797ms to complete.
[2021.02.24-20.37.11:933][  0]LogFileHelpers: Loading map 'Test' took 0.003
[2021.02.24-20.37.11:944][  0]LogUnrealEdMisc: Total Editor Startup Time, took 22.887
[2021.02.24-20.37.12:241][  0]LogSlate: Updating window title bar state: overlay mode, drag disabled, window buttons hidden, title bar hidden
[2021.02.24-20.37.12:269][  0]LogSlate: Updating window title bar state: overlay mode, drag disabled, window buttons hidden, title bar hidden
[2021.02.24-20.37.12:293][  0]LogSlate: Updating window title bar state: overlay mode, drag disabled, window buttons hidden, title bar hidden
[2021.02.24-20.37.12:312][  0]LogSlate: Updating window title bar state: overlay mode, drag disabled, window buttons hidden, title bar hidden
[2021.02.24-20.37.12:354][  0]LogCollectionManager: Loaded 0 collections in 0.002749 seconds
[2021.02.24-20.37.12:428][  0]LogFileCache: Scanning file cache for directory 'C:/Users/sethg/Desktop/High Level Development II/W21_GAM1528_NoNameYet/TowerDefence/Saved/Collections/' took 0.01s
[2021.02.24-20.37.12:429][  0]LogFileCache: Scanning file cache for directory 'C:/Users/sethg/Desktop/High Level Development II/W21_GAM1528_NoNameYet/TowerDefence/Content/Developers/sethg/Collections/' took 0.02s
[2021.02.24-20.37.12:429][  0]LogFileCache: Scanning file cache for directory 'C:/Users/sethg/Desktop/High Level Development II/W21_GAM1528_NoNameYet/TowerDefence/Content/Collections/' took 0.01s
[2021.02.24-20.37.12:429][  0]LogContentBrowser: Native class hierarchy populated in 0.0282 seconds. Added 3438 classes and 824 folders.
[2021.02.24-20.37.12:440][  0]LogContentBrowser: Native class hierarchy updated for 'WidgetCarousel' in 0.0021 seconds. Added 0 classes and 0 folders.
[2021.02.24-20.37.12:620][  0]LogContentBrowser: Native class hierarchy updated for 'AddContentDialog' in 0.0006 seconds. Added 0 classes and 0 folders.
[2021.02.24-20.37.12:623][  0]LogContentBrowser: Native class hierarchy updated for 'SceneOutliner' in 0.0007 seconds. Added 2 classes and 0 folders.
[2021.02.24-20.37.12:896][  0]LogSlate: Took 0.000491 seconds to synchronously load lazily loaded font '../../../Engine/Content/Slate/Fonts/Roboto-Regular.ttf' (155K)
[2021.02.24-20.37.12:900][  0]LogSlate: Took 0.000420 seconds to synchronously load lazily loaded font '../../../Engine/Content/Slate/Fonts/Roboto-Bold.ttf' (160K)
[2021.02.24-20.37.12:915][  0]LogSlate: Took 0.001037 seconds to synchronously load lazily loaded font '../../../Engine/Content/Editor/Slate/Fonts/FontAwesome.ttf' (139K)
[2021.02.24-20.37.13:077][  0]LogRenderer: Reallocating scene render targets to support 1088x536 Format 10 NumSamples 1 (Frame:1).
[2021.02.24-20.37.13:404][  0]LogContentBrowser: Native class hierarchy updated for 'HierarchicalLODOutliner' in 0.0030 seconds. Added 0 classes and 0 folders.
[2021.02.24-20.37.13:405][  0]LogLoad: (Engine Initialization) Total time: 24.35 seconds
[2021.02.24-20.37.13:405][  0]LogLoad: (Engine Initialization) Total Blueprint compile time: 0.00 seconds
[2021.02.24-20.37.13:502][  0]LogContentStreaming: Texture pool size now 1000 MB
[2021.02.24-20.37.13:652][  1]LogRenderer: Reallocating scene render targets to support 1088x552 Format 10 NumSamples 1 (Frame:2).
[2021.02.24-20.37.13:672][  1]LogAssetRegistry: Asset discovery search completed in 11.2439 seconds
[2021.02.24-20.37.13:692][  1]LogCollectionManager: Fixed up redirectors for 0 collections in 0.000004 seconds (updated 0 objects)
[2021.02.24-20.37.54:136][165]LogSlate: Took 0.000588 seconds to synchronously load lazily loaded font '../../../Engine/Content/Slate/Fonts/Roboto-Light.ttf' (167K)
[2021.02.24-20.38.00:167][412]LogSlate: Took 0.000277 seconds to synchronously load lazily loaded font '../../../Engine/Content/Slate/Fonts/Roboto-Light.ttf' (167K)
[2021.02.24-20.38.00:210][412]LogAssetEditorSubsystem: Opening Asset editor for Class /Script/TowerDefence.Projectile_RangedTroop
[2021.02.24-20.38.07:374][571]LogSlate: WidgetSwitcher ('None') active index changed to -1
[2021.02.24-20.38.07:376][571]LogSlate: WidgetSwitcher ('None') active index changed to 1
[2021.02.24-20.38.07:493][571]LogSlate: Took 0.000364 seconds to synchronously load lazily loaded font '../../../Engine/Content/Slate/Fonts/Roboto-BoldCondensed.ttf' (158K)
[2021.02.24-20.38.12:877][786]LogAssetEditorSubsystem: Opening Asset editor for Blueprint /Game/MyProjectile_RangedTroop.MyProjectile_RangedTroop
[2021.02.24-20.38.13:414][786]LogContentBrowser: Native class hierarchy updated for 'BlueprintGraph' in 0.0030 seconds. Added 125 classes and 0 folders.
[2021.02.24-20.38.15:429][786]LogSlate: Window 'Add Blueprint Class' being destroyed
[2021.02.24-20.38.23:239][977]LogSlate: Took 0.001102 seconds to synchronously load lazily loaded font '../../../Engine/Content/Slate/Fonts/Roboto-Italic.ttf' (157K)
[2021.02.24-20.38.26:931][ 75]LogSlate: Window 'MyProjectile_RangedTroop' being destroyed
[2021.02.24-20.38.26:958][ 75]LogSlate: Window 'MyProjectile_RangedTroop' being destroyed
[2021.02.24-20.38.27:023][ 75]LogWorld: UWorld::CleanupWorld for World_0, bSessionEnded=true, bCleanupResources=true
[2021.02.24-20.38.27:025][ 75]LogSlate: InvalidateAllWidgets triggered.  All widgets were invalidated
[2021.02.24-20.38.30:146][203]LogUObjectHash: Compacting FUObjectHashTables data took   8.32ms
[2021.02.24-20.38.31:610][203]LogSlate: Window 'Save Content' being destroyed
[2021.02.24-20.38.31:811][203]LogSlate: Window 'TowerDefence - Unreal Editor' being destroyed
[2021.02.24-20.38.32:182][204]Cmd: QUIT_EDITOR
[2021.02.24-20.38.32:183][204]LogCore: Engine exit requested (reason: UUnrealEdEngine::CloseEditor())
[2021.02.24-20.38.32:210][204]LogCore: Engine exit requested (reason: EngineExit() was called; note: exit was already requested)
[2021.02.24-20.38.32:419][204]LogWindowsTextInputMethodSystem: Display: IME system now deactivated.
[2021.02.24-20.38.32:453][204]LogExit: Preparing to exit.
[2021.02.24-20.38.33:155][204]LogDemo: Cleaned up 0 splitscreen connections with owner deletion
[2021.02.24-20.38.33:173][204]LogWorld: UWorld::CleanupWorld for None, bSessionEnded=true, bCleanupResources=true
[2021.02.24-20.38.33:174][204]LogExit: Editor shut down
[2021.02.24-20.38.33:185][204]LogExit: Transaction tracking system shut down
[2021.02.24-20.38.33:462][204]LogAISub: UAISubsystem::~UAISubsystem AISubsystem (0000023600626980), frame # 3204
[2021.02.24-20.38.33:463][204]LogAISub: UAISubsystem::~UAISubsystem AIPerceptionSystem (00000236004CAAC0), frame # 3204
[2021.02.24-20.38.33:463][204]LogAISub: UAISubsystem::~UAISubsystem EnvQueryManager (0000023600622800), frame # 3204
[2021.02.24-20.38.33:474][204]LogAISub: UAISubsystem::~UAISubsystem EnvQueryManager (00000236023F7C00), frame # 3204
[2021.02.24-20.38.33:474][204]LogAISub: UAISubsystem::~UAISubsystem AIPerceptionSystem (00000236024B0A40), frame # 3204
[2021.02.24-20.38.33:657][204]LogExit: Object subsystem successfully closed.
