Log file open, 04/13/21 13:49:10
LogInit: Display: Running engine for game: TowerDefence
LogPlatformFile: Not using cached read wrapper
LogTaskGraph: Started task graph with 5 named threads and 35 total threads with 3 sets of task threads.
LogStats: Stats thread started at 0.410427
LogD3D11RHI: Loaded GFSDK_Aftermath_Lib.x64.dll
LogICUInternationalization: ICU TimeZone Detection - Raw Offset: -5:00, Platform Override: ''
LogPluginManager: Mounting plugin Paper2D
LogPluginManager: Mounting plugin AISupport
LogPluginManager: Mounting plugin LightPropagationVolume
LogPluginManager: Mounting plugin CameraShakePreviewer
LogPluginManager: Mounting plugin ActorLayerUtilities
LogPluginManager: Mounting plugin AnimationSharing
LogPluginManager: Mounting plugin CLionSourceCodeAccess
LogPluginManager: Mounting plugin CodeLiteSourceCodeAccess
LogPluginManager: Mounting plugin GitSourceControl
LogPluginManager: Mounting plugin KDevelopSourceCodeAccess
LogPluginManager: Mounting plugin NullSourceCodeAccess
LogPluginManager: Mounting plugin PerforceSourceControl
LogPluginManager: Mounting plugin PlasticSourceControl
LogPluginManager: Mounting plugin RiderSourceCodeAccess
LogPluginManager: Mounting plugin SubversionSourceControl
LogPluginManager: Mounting plugin UObjectPlugin
LogPluginManager: Mounting plugin VisualStudioCodeSourceCodeAccess
LogPluginManager: Mounting plugin VisualStudioSourceCodeAccess
LogPluginManager: Mounting plugin XCodeSourceCodeAccess
LogPluginManager: Mounting plugin AssetManagerEditor
LogPluginManager: Mounting plugin CryptoKeys
LogPluginManager: Mounting plugin CurveEditorTools
LogPluginManager: Mounting plugin DataValidation
LogPluginManager: Mounting plugin EditorScriptingUtilities
LogPluginManager: Mounting plugin FacialAnimation
LogPluginManager: Mounting plugin GameplayTagsEditor
LogPluginManager: Mounting plugin GeometryMode
LogPluginManager: Mounting plugin MacGraphicsSwitching
LogPluginManager: Mounting plugin MaterialAnalyzer
LogPluginManager: Mounting plugin MobileLauncherProfileWizard
LogPluginManager: Mounting plugin PluginBrowser
LogPluginManager: Mounting plugin SpeedTreeImporter
LogPluginManager: Mounting plugin DatasmithContent
LogPluginManager: Mounting plugin VariantManagerContent
LogPluginManager: Mounting plugin AlembicImporter
LogPluginManager: Mounting plugin AutomationUtils
LogPluginManager: Mounting plugin BackChannel
LogPluginManager: Mounting plugin ChaosCloth
LogPluginManager: Mounting plugin ChaosClothEditor
LogPluginManager: Mounting plugin ChaosEditor
LogPluginManager: Mounting plugin ChaosNiagara
LogPluginManager: Mounting plugin ChaosSolverPlugin
LogPluginManager: Mounting plugin CharacterAI
LogPluginManager: Mounting plugin GeometryCache
LogPluginManager: Mounting plugin GeometryCollectionPlugin
LogPluginManager: Mounting plugin GeometryProcessing
LogPluginManager: Mounting plugin PlanarCut
LogPluginManager: Mounting plugin PlatformCrypto
LogPluginManager: Mounting plugin ProxyLODPlugin
LogPluginManager: Mounting plugin SkeletalReduction
LogPluginManager: Mounting plugin Niagara
LogPluginManager: Mounting plugin MagicLeap
LogPluginManager: Mounting plugin MagicLeapLightEstimation
LogPluginManager: Mounting plugin MagicLeapMedia
LogPluginManager: Mounting plugin MagicLeapPassableWorld
LogPluginManager: Mounting plugin MLSDK
LogPluginManager: Mounting plugin AndroidMedia
LogPluginManager: Mounting plugin AvfMedia
LogPluginManager: Mounting plugin ImgMedia
LogPluginManager: Mounting plugin MediaCompositing
LogPluginManager: Mounting plugin MediaPlayerEditor
LogPluginManager: Mounting plugin WebMMedia
LogPluginManager: Mounting plugin WmfMedia
LogPluginManager: Mounting plugin MeshPainting
LogPluginManager: Mounting plugin TcpMessaging
LogPluginManager: Mounting plugin UdpMessaging
LogPluginManager: Mounting plugin ActorSequence
LogPluginManager: Mounting plugin LevelSequenceEditor
LogPluginManager: Mounting plugin MatineeToLevelSequence
LogPluginManager: Mounting plugin MovieRenderPipeline
LogPluginManager: Mounting plugin TemplateSequence
LogPluginManager: Mounting plugin NetcodeUnitTest
LogPluginManager: Mounting plugin NUTUnrealEngine4
LogPluginManager: Mounting plugin OnlineSubsystemGooglePlay
LogPluginManager: Mounting plugin OnlineSubsystemIOS
LogPluginManager: Mounting plugin OnlineSubsystem
LogPluginManager: Mounting plugin OnlineSubsystemNull
LogPluginManager: Mounting plugin OnlineSubsystemUtils
LogPluginManager: Mounting plugin LauncherChunkInstaller
LogPluginManager: Mounting plugin AndroidDeviceProfileSelector
LogPluginManager: Mounting plugin AndroidMoviePlayer
LogPluginManager: Mounting plugin AndroidPermission
LogPluginManager: Mounting plugin AppleImageUtils
LogPluginManager: Mounting plugin AppleMoviePlayer
LogPluginManager: Mounting plugin ArchVisCharacter
LogPluginManager: Mounting plugin AssetTags
LogPluginManager: Mounting plugin AudioCapture
LogPluginManager: Mounting plugin CableComponent
LogPluginManager: Mounting plugin CustomMeshComponent
LogPluginManager: Mounting plugin EditableMesh
LogPluginManager: Mounting plugin ExampleDeviceProfileSelector
LogPluginManager: Mounting plugin GoogleCloudMessaging
LogPluginManager: Mounting plugin GooglePAD
LogPluginManager: Mounting plugin IOSDeviceProfileSelector
LogPluginManager: Mounting plugin LinuxDeviceProfileSelector
LogPluginManager: Mounting plugin LocationServicesBPLibrary
LogPluginManager: Mounting plugin MobilePatchingUtils
LogPluginManager: Mounting plugin OculusVR
LogPluginManager: Mounting plugin PhysXVehicles
LogPluginManager: Mounting plugin PostSplashScreen
LogPluginManager: Mounting plugin ProceduralMeshComponent
LogPluginManager: Mounting plugin RuntimePhysXCooking
LogPluginManager: Mounting plugin SignificanceManager
LogPluginManager: Mounting plugin SoundFields
LogPluginManager: Mounting plugin SteamVR
LogPluginManager: Mounting plugin Synthesis
LogPluginManager: Mounting plugin WebMMoviePlayer
LogPluginManager: Mounting plugin WindowsMoviePlayer
LogPluginManager: Mounting plugin ScreenshotTools
LogInit: Using libcurl 7.55.1-DEV
LogInit:  - built for x86_64-pc-win32
LogInit:  - supports SSL with OpenSSL/1.1.1
LogInit:  - supports HTTP deflate (compression) using libz 1.2.8
LogInit:  - other features:
LogInit:      CURL_VERSION_SSL
LogInit:      CURL_VERSION_LIBZ
LogInit:      CURL_VERSION_IPV6
LogInit:      CURL_VERSION_ASYNCHDNS
LogInit:      CURL_VERSION_LARGEFILE
LogInit:      CURL_VERSION_IDN
LogInit:  CurlRequestOptions (configurable via config and command line):
LogInit:  - bVerifyPeer = true  - Libcurl will verify peer certificate
LogInit:  - bUseHttpProxy = false  - Libcurl will NOT use HTTP proxy
LogInit:  - bDontReuseConnections = false  - Libcurl will reuse connections
LogInit:  - MaxHostConnections = 16  - Libcurl will limit the number of connections to a host
LogInit:  - LocalHostAddr = Default
LogInit:  - BufferSize = 65536
LogOnline: OSS: Creating online subsystem instance for: NULL
LogInit: WinSock: version 1.1 (2.2), MaxSocks=32767, MaxUdp=65467
LogOnline: OSS: TryLoadSubsystemAndSetDefault: Loaded subsystem for module [NULL]
LogInit: Build: ++UE4+Release-4.25-CL-13942748
LogInit: Engine Version: 4.25.3-13942748+++UE4+Release-4.25
LogInit: Compatible Engine Version: 4.25.0-13144385+++UE4+Release-4.25
LogInit: Net CL: 13144385
LogInit: OS: Windows 10 (Release 2009) (), CPU: Intel(R) Core(TM) i7-8750H CPU @ 2.20GHz, GPU: Intel(R) UHD Graphics 630
LogInit: Compiled (64-bit): Jul 25 2020 02:07:48
LogInit: Compiled with Visual C++: 19.24.28315.00
LogInit: Build Configuration: Development
LogInit: Branch Name: ++UE4+Release-4.25
LogInit: Command Line:  -skipcompile
LogInit: Base Directory: D:/Epic Games Files/UE_4.25/Engine/Binaries/Win64/
LogInit: Allocator: TBB
LogInit: Installed Engine Build: 1
LogDevObjectVersion: Number of dev versions registered: 26
LogDevObjectVersion:   Dev-Blueprints (B0D832E4-1F89-4F0D-ACCF-7EB736FD4AA2): 10
LogDevObjectVersion:   Dev-Build (E1C64328-A22C-4D53-A36C-8E866417BD8C): 0
LogDevObjectVersion:   Dev-Core (375EC13C-06E4-48FB-B500-84F0262A717E): 4
LogDevObjectVersion:   Dev-Editor (E4B068ED-F494-42E9-A231-DA0B2E46BB41): 38
LogDevObjectVersion:   Dev-Framework (CFFC743F-43B0-4480-9391-14DF171D2073): 37
LogDevObjectVersion:   Dev-Mobile (B02B49B5-BB20-44E9-A304-32B752E40360): 2
LogDevObjectVersion:   Dev-Networking (A4E4105C-59A1-49B5-A7C5-40C4547EDFEE): 0
LogDevObjectVersion:   Dev-Online (39C831C9-5AE6-47DC-9A44-9C173E1C8E7C): 0
LogDevObjectVersion:   Dev-Physics (78F01B33-EBEA-4F98-B9B4-84EACCB95AA2): 4
LogDevObjectVersion:   Dev-Platform (6631380F-2D4D-43E0-8009-CF276956A95A): 0
LogDevObjectVersion:   Dev-Rendering (12F88B9F-8875-4AFC-A67C-D90C383ABD29): 43
LogDevObjectVersion:   Dev-Sequencer (7B5AE74C-D270-4C10-A958-57980B212A5A): 12
LogDevObjectVersion:   Dev-VR (D7296918-1DD6-4BDD-9DE2-64A83CC13884): 3
LogDevObjectVersion:   Dev-LoadTimes (C2A15278-BFE7-4AFE-6C17-90FF531DF755): 1
LogDevObjectVersion:   Private-Geometry (6EACA3D4-40EC-4CC1-B786-8BED09428FC5): 3
LogDevObjectVersion:   Dev-AnimPhys (29E575DD-E0A3-4627-9D10-D276232CDCEA): 17
LogDevObjectVersion:   Dev-Anim (AF43A65D-7FD3-4947-9873-3E8ED9C1BB05): 7
LogDevObjectVersion:   Dev-ReflectionCapture (6B266CEC-1EC7-4B8F-A30B-E4D90942FC07): 1
LogDevObjectVersion:   Dev-Automation (0DF73D61-A23F-47EA-B727-89E90C41499A): 1
LogDevObjectVersion:   FortniteMain (601D1886-AC64-4F84-AA16-D3DE0DEAC7D6): 31
LogDevObjectVersion:   Dev-Enterprise (9DFFBCD6-494F-0158-E221-12823C92A888): 10
LogDevObjectVersion:   Dev-Niagara (F2AED0AC-9AFE-416F-8664-AA7FFA26D6FC): 1
LogDevObjectVersion:   Dev-Destruction (174F1F0B-B4C6-45A5-B13F-2EE8D0FB917D): 10
LogDevObjectVersion:   Dev-Physics-Ext (35F94A83-E258-406C-A318-09F59610247C): 37
LogDevObjectVersion:   Dev-PhysicsMaterial-Chaos (B68FC16E-8B1B-42E2-B453-215C058844FE): 1
LogDevObjectVersion:   Dev-CineCamera (B2E18506-4273-CFC2-A54E-F4BB758BBA07): 1
LogInit: Presizing for max 25165824 objects, including 0 objects not considered by GC, pre-allocating 0 bytes for permanent pool.
LogConfig: Applying CVar settings from Section [/Script/Engine.StreamingSettings] File [C:/Users/sethg/Desktop/Backups/MergeFile/W21_GAM1528_NoNameYet/TowerDefence/Saved/Config/Windows/Engine.ini]
LogConfig: Setting CVar [[s.MinBulkDataSizeForAsyncLoading:131072]]
LogConfig: Setting CVar [[s.AsyncLoadingThreadEnabled:0]]
LogConfig: Setting CVar [[s.EventDrivenLoaderEnabled:1]]
LogConfig: Setting CVar [[s.WarnIfTimeLimitExceeded:0]]
LogConfig: Setting CVar [[s.TimeLimitExceededMultiplier:1.5]]
LogConfig: Setting CVar [[s.TimeLimitExceededMinTime:0.005]]
LogConfig: Setting CVar [[s.UseBackgroundLevelStreaming:1]]
LogConfig: Setting CVar [[s.PriorityAsyncLoadingExtraTime:15.0]]
LogConfig: Setting CVar [[s.LevelStreamingActorsUpdateTimeLimit:5.0]]
LogConfig: Setting CVar [[s.PriorityLevelStreamingActorsUpdateExtraTime:5.0]]
LogConfig: Setting CVar [[s.LevelStreamingComponentsRegistrationGranularity:10]]
LogConfig: Setting CVar [[s.UnregisterComponentsTimeLimit:1.0]]
LogConfig: Setting CVar [[s.LevelStreamingComponentsUnregistrationGranularity:5]]
LogConfig: Setting CVar [[s.FlushStreamingOnExit:1]]
LogInit: Object subsystem initialized
LogConfig: Setting CVar [[con.DebugEarlyDefault:1]]
LogConfig: Setting CVar [[r.setres:1280x720]]
[2021.04.13-17.49.10:971][  0]LogConfig: Setting CVar [[r.VSync:0]]
[2021.04.13-17.49.10:971][  0]LogConfig: Setting CVar [[r.RHICmdBypass:0]]
[2021.04.13-17.49.10:971][  0]LogConfig: Applying CVar settings from Section [/Script/Engine.RendererSettings] File [C:/Users/sethg/Desktop/Backups/MergeFile/W21_GAM1528_NoNameYet/TowerDefence/Saved/Config/Windows/Engine.ini]
[2021.04.13-17.49.10:971][  0]LogConfig: Setting CVar [[r.GPUCrashDebugging:0]]
[2021.04.13-17.49.10:971][  0]LogConfig: Applying CVar settings from Section [/Script/Engine.RendererOverrideSettings] File [C:/Users/sethg/Desktop/Backups/MergeFile/W21_GAM1528_NoNameYet/TowerDefence/Saved/Config/Windows/Engine.ini]
[2021.04.13-17.49.10:971][  0]LogConfig: Applying CVar settings from Section [/Script/Engine.StreamingSettings] File [C:/Users/sethg/Desktop/Backups/MergeFile/W21_GAM1528_NoNameYet/TowerDefence/Saved/Config/Windows/Engine.ini]
[2021.04.13-17.49.10:971][  0]LogConfig: Setting CVar [[s.MinBulkDataSizeForAsyncLoading:131072]]
[2021.04.13-17.49.10:971][  0]LogConfig: Setting CVar [[s.AsyncLoadingThreadEnabled:0]]
[2021.04.13-17.49.10:971][  0]LogConfig: Setting CVar [[s.EventDrivenLoaderEnabled:1]]
[2021.04.13-17.49.10:971][  0]LogConfig: Setting CVar [[s.WarnIfTimeLimitExceeded:0]]
[2021.04.13-17.49.10:972][  0]LogConfig: Setting CVar [[s.TimeLimitExceededMultiplier:1.5]]
[2021.04.13-17.49.10:972][  0]LogConfig: Setting CVar [[s.TimeLimitExceededMinTime:0.005]]
[2021.04.13-17.49.10:972][  0]LogConfig: Setting CVar [[s.UseBackgroundLevelStreaming:1]]
[2021.04.13-17.49.10:972][  0]LogConfig: Setting CVar [[s.PriorityAsyncLoadingExtraTime:15.0]]
[2021.04.13-17.49.10:972][  0]LogConfig: Setting CVar [[s.LevelStreamingActorsUpdateTimeLimit:5.0]]
[2021.04.13-17.49.10:972][  0]LogConfig: Setting CVar [[s.PriorityLevelStreamingActorsUpdateExtraTime:5.0]]
[2021.04.13-17.49.10:972][  0]LogConfig: Setting CVar [[s.LevelStreamingComponentsRegistrationGranularity:10]]
[2021.04.13-17.49.10:972][  0]LogConfig: Setting CVar [[s.UnregisterComponentsTimeLimit:1.0]]
[2021.04.13-17.49.10:972][  0]LogConfig: Setting CVar [[s.LevelStreamingComponentsUnregistrationGranularity:5]]
[2021.04.13-17.49.10:972][  0]LogConfig: Setting CVar [[s.FlushStreamingOnExit:1]]
[2021.04.13-17.49.10:972][  0]LogConfig: Applying CVar settings from Section [/Script/Engine.GarbageCollectionSettings] File [C:/Users/sethg/Desktop/Backups/MergeFile/W21_GAM1528_NoNameYet/TowerDefence/Saved/Config/Windows/Engine.ini]
[2021.04.13-17.49.10:972][  0]LogConfig: Setting CVar [[gc.MaxObjectsNotConsideredByGC:1]]
[2021.04.13-17.49.10:972][  0]LogConfig: Setting CVar [[gc.SizeOfPermanentObjectPool:0]]
[2021.04.13-17.49.10:972][  0]LogConfig: Setting CVar [[gc.FlushStreamingOnGC:0]]
[2021.04.13-17.49.10:972][  0]LogConfig: Setting CVar [[gc.NumRetriesBeforeForcingGC:10]]
[2021.04.13-17.49.10:972][  0]LogConfig: Setting CVar [[gc.AllowParallelGC:1]]
[2021.04.13-17.49.10:972][  0]LogConfig: Setting CVar [[gc.TimeBetweenPurgingPendingKillObjects:61.1]]
[2021.04.13-17.49.10:972][  0]LogConfig: Setting CVar [[gc.MaxObjectsInEditor:25165824]]
[2021.04.13-17.49.10:972][  0]LogConfig: Setting CVar [[gc.IncrementalBeginDestroyEnabled:1]]
[2021.04.13-17.49.10:972][  0]LogConfig: Setting CVar [[gc.CreateGCClusters:1]]
[2021.04.13-17.49.10:973][  0]LogConfig: Setting CVar [[gc.MinGCClusterSize:5]]
[2021.04.13-17.49.10:973][  0]LogConfig: Setting CVar [[gc.ActorClusteringEnabled:0]]
[2021.04.13-17.49.10:973][  0]LogConfig: Setting CVar [[gc.BlueprintClusteringEnabled:0]]
[2021.04.13-17.49.10:973][  0]LogConfig: Setting CVar [[gc.UseDisregardForGCOnDedicatedServers:0]]
[2021.04.13-17.49.10:973][  0]LogConfig: Applying CVar settings from Section [/Script/Engine.NetworkSettings] File [C:/Users/sethg/Desktop/Backups/MergeFile/W21_GAM1528_NoNameYet/TowerDefence/Saved/Config/Windows/Engine.ini]
[2021.04.13-17.49.10:973][  0]LogConfig: Applying CVar settings from Section [/Script/UnrealEd.CookerSettings] File [C:/Users/sethg/Desktop/Backups/MergeFile/W21_GAM1528_NoNameYet/TowerDefence/Saved/Config/Windows/Engine.ini]
[2021.04.13-17.49.10:978][  0]LogConfig: Applying CVar settings from Section [ViewDistanceQuality@3] File [C:/Users/sethg/Desktop/Backups/MergeFile/W21_GAM1528_NoNameYet/TowerDefence/Saved/Config/Windows/Scalability.ini]
[2021.04.13-17.49.10:978][  0]LogConfig: Setting CVar [[r.SkeletalMeshLODBias:0]]
[2021.04.13-17.49.10:979][  0]LogConfig: Setting CVar [[r.ViewDistanceScale:1.0]]
[2021.04.13-17.49.10:979][  0]LogConfig: Applying CVar settings from Section [AntiAliasingQuality@3] File [C:/Users/sethg/Desktop/Backups/MergeFile/W21_GAM1528_NoNameYet/TowerDefence/Saved/Config/Windows/Scalability.ini]
[2021.04.13-17.49.10:979][  0]LogConfig: Setting CVar [[r.PostProcessAAQuality:4]]
[2021.04.13-17.49.10:979][  0]LogConfig: Applying CVar settings from Section [ShadowQuality@3] File [C:/Users/sethg/Desktop/Backups/MergeFile/W21_GAM1528_NoNameYet/TowerDefence/Saved/Config/Windows/Scalability.ini]
[2021.04.13-17.49.10:979][  0]LogConfig: Setting CVar [[r.LightFunctionQuality:1]]
[2021.04.13-17.49.10:979][  0]LogConfig: Setting CVar [[r.ShadowQuality:5]]
[2021.04.13-17.49.10:979][  0]LogConfig: Setting CVar [[r.Shadow.CSM.MaxCascades:10]]
[2021.04.13-17.49.10:979][  0]LogConfig: Setting CVar [[r.Shadow.MaxResolution:2048]]
[2021.04.13-17.49.10:979][  0]LogConfig: Setting CVar [[r.Shadow.MaxCSMResolution:2048]]
[2021.04.13-17.49.10:979][  0]LogConfig: Setting CVar [[r.Shadow.RadiusThreshold:0.01]]
[2021.04.13-17.49.10:979][  0]LogConfig: Setting CVar [[r.Shadow.DistanceScale:1.0]]
[2021.04.13-17.49.10:979][  0]LogConfig: Setting CVar [[r.Shadow.CSM.TransitionScale:1.0]]
[2021.04.13-17.49.10:979][  0]LogConfig: Setting CVar [[r.Shadow.PreShadowResolutionFactor:1.0]]
[2021.04.13-17.49.10:979][  0]LogConfig: Setting CVar [[r.DistanceFieldShadowing:1]]
[2021.04.13-17.49.10:979][  0]LogConfig: Setting CVar [[r.DistanceFieldAO:1]]
[2021.04.13-17.49.10:979][  0]LogConfig: Setting CVar [[r.AOQuality:2]]
[2021.04.13-17.49.10:979][  0]LogConfig: Setting CVar [[r.VolumetricFog:1]]
[2021.04.13-17.49.10:979][  0]LogConfig: Setting CVar [[r.VolumetricFog.GridPixelSize:8]]
[2021.04.13-17.49.10:979][  0]LogConfig: Setting CVar [[r.VolumetricFog.GridSizeZ:128]]
[2021.04.13-17.49.10:980][  0]LogConfig: Setting CVar [[r.VolumetricFog.HistoryMissSupersampleCount:4]]
[2021.04.13-17.49.10:980][  0]LogConfig: Setting CVar [[r.LightMaxDrawDistanceScale:1]]
[2021.04.13-17.49.10:980][  0]LogConfig: Setting CVar [[r.CapsuleShadows:1]]
[2021.04.13-17.49.10:980][  0]LogConfig: Applying CVar settings from Section [PostProcessQuality@3] File [C:/Users/sethg/Desktop/Backups/MergeFile/W21_GAM1528_NoNameYet/TowerDefence/Saved/Config/Windows/Scalability.ini]
[2021.04.13-17.49.10:980][  0]LogConfig: Setting CVar [[r.MotionBlurQuality:4]]
[2021.04.13-17.49.10:980][  0]LogConfig: Setting CVar [[r.AmbientOcclusionMipLevelFactor:0.4]]
[2021.04.13-17.49.10:980][  0]LogConfig: Setting CVar [[r.AmbientOcclusionMaxQuality:100]]
[2021.04.13-17.49.10:980][  0]LogConfig: Setting CVar [[r.AmbientOcclusionLevels:-1]]
[2021.04.13-17.49.10:980][  0]LogConfig: Setting CVar [[r.AmbientOcclusionRadiusScale:1.0]]
[2021.04.13-17.49.10:980][  0]LogConfig: Setting CVar [[r.DepthOfFieldQuality:2]]
[2021.04.13-17.49.10:980][  0]LogConfig: Setting CVar [[r.RenderTargetPoolMin:400]]
[2021.04.13-17.49.10:980][  0]LogConfig: Setting CVar [[r.LensFlareQuality:2]]
[2021.04.13-17.49.10:980][  0]LogConfig: Setting CVar [[r.SceneColorFringeQuality:1]]
[2021.04.13-17.49.10:980][  0]LogConfig: Setting CVar [[r.EyeAdaptationQuality:2]]
[2021.04.13-17.49.10:980][  0]LogConfig: Setting CVar [[r.BloomQuality:5]]
[2021.04.13-17.49.10:980][  0]LogConfig: Setting CVar [[r.FastBlurThreshold:100]]
[2021.04.13-17.49.10:980][  0]LogConfig: Setting CVar [[r.Upscale.Quality:3]]
[2021.04.13-17.49.10:980][  0]LogConfig: Setting CVar [[r.Tonemapper.GrainQuantization:1]]
[2021.04.13-17.49.10:980][  0]LogConfig: Setting CVar [[r.LightShaftQuality:1]]
[2021.04.13-17.49.10:981][  0]LogConfig: Setting CVar [[r.Filter.SizeScale:1]]
[2021.04.13-17.49.10:981][  0]LogConfig: Setting CVar [[r.Tonemapper.Quality:5]]
[2021.04.13-17.49.10:981][  0]LogConfig: Setting CVar [[r.DOF.Gather.AccumulatorQuality:1        ; higher gathering accumulator quality]]
[2021.04.13-17.49.10:981][  0]LogConfig: Setting CVar [[r.DOF.Gather.PostfilterMethod:1          ; Median3x3 postfilering method]]
[2021.04.13-17.49.10:981][  0]LogConfig: Setting CVar [[r.DOF.Gather.EnableBokehSettings:0       ; no bokeh simulation when gathering]]
[2021.04.13-17.49.10:981][  0]LogConfig: Setting CVar [[r.DOF.Gather.RingCount:4                 ; medium number of samples when gathering]]
[2021.04.13-17.49.10:981][  0]LogConfig: Setting CVar [[r.DOF.Scatter.ForegroundCompositing:1    ; additive foreground scattering]]
[2021.04.13-17.49.10:981][  0]LogConfig: Setting CVar [[r.DOF.Scatter.BackgroundCompositing:2    ; additive background scattering]]
[2021.04.13-17.49.10:981][  0]LogConfig: Setting CVar [[r.DOF.Scatter.EnableBokehSettings:1      ; bokeh simulation when scattering]]
[2021.04.13-17.49.10:981][  0]LogConfig: Setting CVar [[r.DOF.Scatter.MaxSpriteRatio:0.1         ; only a maximum of 10% of scattered bokeh]]
[2021.04.13-17.49.10:981][  0]LogConfig: Setting CVar [[r.DOF.Recombine.Quality:1                ; cheap slight out of focus]]
[2021.04.13-17.49.10:981][  0]LogConfig: Setting CVar [[r.DOF.Recombine.EnableBokehSettings:0    ; no bokeh simulation on slight out of focus]]
[2021.04.13-17.49.10:981][  0]LogConfig: Setting CVar [[r.DOF.TemporalAAQuality:1                ; more stable temporal accumulation]]
[2021.04.13-17.49.10:981][  0]LogConfig: Setting CVar [[r.DOF.Kernel.MaxForegroundRadius:0.025]]
[2021.04.13-17.49.10:981][  0]LogConfig: Setting CVar [[r.DOF.Kernel.MaxBackgroundRadius:0.025]]
[2021.04.13-17.49.10:981][  0]LogConfig: Applying CVar settings from Section [TextureQuality@3] File [C:/Users/sethg/Desktop/Backups/MergeFile/W21_GAM1528_NoNameYet/TowerDefence/Saved/Config/Windows/Scalability.ini]
[2021.04.13-17.49.10:981][  0]LogConfig: Setting CVar [[r.Streaming.MipBias:0]]
[2021.04.13-17.49.10:981][  0]LogConfig: Setting CVar [[r.Streaming.AmortizeCPUToGPUCopy:0]]
[2021.04.13-17.49.10:982][  0]LogConfig: Setting CVar [[r.Streaming.MaxNumTexturesToStreamPerFrame:0]]
[2021.04.13-17.49.10:982][  0]LogConfig: Setting CVar [[r.Streaming.Boost:1]]
[2021.04.13-17.49.10:982][  0]LogConfig: Setting CVar [[r.MaxAnisotropy:8]]
[2021.04.13-17.49.10:982][  0]LogConfig: Setting CVar [[r.VT.MaxAnisotropy:8]]
[2021.04.13-17.49.10:982][  0]LogConfig: Setting CVar [[r.Streaming.LimitPoolSizeToVRAM:0]]
[2021.04.13-17.49.10:982][  0]LogConfig: Setting CVar [[r.Streaming.PoolSize:1000]]
[2021.04.13-17.49.10:982][  0]LogConfig: Setting CVar [[r.Streaming.MaxEffectiveScreenSize:0]]
[2021.04.13-17.49.10:982][  0]LogConfig: Applying CVar settings from Section [EffectsQuality@3] File [C:/Users/sethg/Desktop/Backups/MergeFile/W21_GAM1528_NoNameYet/TowerDefence/Saved/Config/Windows/Scalability.ini]
[2021.04.13-17.49.10:982][  0]LogConfig: Setting CVar [[r.TranslucencyLightingVolumeDim:64]]
[2021.04.13-17.49.10:982][  0]LogConfig: Setting CVar [[r.RefractionQuality:2]]
[2021.04.13-17.49.10:982][  0]LogConfig: Setting CVar [[r.SSR.Quality:3]]
[2021.04.13-17.49.10:982][  0]LogConfig: Setting CVar [[r.SSR.HalfResSceneColor:0]]
[2021.04.13-17.49.10:982][  0]LogConfig: Setting CVar [[r.SceneColorFormat:4]]
[2021.04.13-17.49.10:982][  0]LogConfig: Setting CVar [[r.DetailMode:2]]
[2021.04.13-17.49.10:982][  0]LogConfig: Setting CVar [[r.TranslucencyVolumeBlur:1]]
[2021.04.13-17.49.10:982][  0]LogConfig: Setting CVar [[r.MaterialQualityLevel:1 ; High quality]]
[2021.04.13-17.49.10:982][  0]LogConfig: Setting CVar [[r.SSS.Scale:1]]
[2021.04.13-17.49.10:982][  0]LogConfig: Setting CVar [[r.SSS.SampleSet:2]]
[2021.04.13-17.49.10:982][  0]LogConfig: Setting CVar [[r.SSS.Quality:1]]
[2021.04.13-17.49.10:982][  0]LogConfig: Setting CVar [[r.SSS.HalfRes:0]]
[2021.04.13-17.49.10:983][  0]LogConfig: Setting CVar [[r.SSGI.Quality:3]]
[2021.04.13-17.49.10:983][  0]LogConfig: Setting CVar [[r.EmitterSpawnRateScale:1.0]]
[2021.04.13-17.49.10:983][  0]LogConfig: Setting CVar [[r.ParticleLightQuality:2]]
[2021.04.13-17.49.10:983][  0]LogConfig: Setting CVar [[r.SkyAtmosphere.AerialPerspectiveLUT.FastApplyOnOpaque:1 ; Always have FastSkyLUT 1 in this case to avoid wrong sky]]
[2021.04.13-17.49.10:983][  0]LogConfig: Setting CVar [[r.SkyAtmosphere.AerialPerspectiveLUT.SampleCountPerSlice:1]]
[2021.04.13-17.49.10:983][  0]LogConfig: Setting CVar [[r.SkyAtmosphere.AerialPerspectiveLUT.DepthResolution:16.0]]
[2021.04.13-17.49.10:983][  0]LogConfig: Setting CVar [[r.SkyAtmosphere.FastSkyLUT:1]]
[2021.04.13-17.49.10:983][  0]LogConfig: Setting CVar [[r.SkyAtmosphere.FastSkyLUT.SampleCountMin:4.0]]
[2021.04.13-17.49.10:983][  0]LogConfig: Setting CVar [[r.SkyAtmosphere.FastSkyLUT.SampleCountMax:32.0]]
[2021.04.13-17.49.10:983][  0]LogConfig: Setting CVar [[r.SkyAtmosphere.SampleCountMin:4.0]]
[2021.04.13-17.49.10:983][  0]LogConfig: Setting CVar [[r.SkyAtmosphere.SampleCountMax:32.0]]
[2021.04.13-17.49.10:983][  0]LogConfig: Setting CVar [[r.SkyAtmosphere.TransmittanceLUT.UseSmallFormat:0]]
[2021.04.13-17.49.10:983][  0]LogConfig: Setting CVar [[r.SkyAtmosphere.TransmittanceLUT.SampleCount:10.0]]
[2021.04.13-17.49.10:983][  0]LogConfig: Setting CVar [[r.SkyAtmosphere.MultiScatteringLUT.SampleCount:15.0]]
[2021.04.13-17.49.10:983][  0]LogConfig: Applying CVar settings from Section [FoliageQuality@3] File [C:/Users/sethg/Desktop/Backups/MergeFile/W21_GAM1528_NoNameYet/TowerDefence/Saved/Config/Windows/Scalability.ini]
[2021.04.13-17.49.10:983][  0]LogConfig: Setting CVar [[foliage.DensityScale:1.0]]
[2021.04.13-17.49.10:983][  0]LogConfig: Setting CVar [[grass.DensityScale:1.0]]
[2021.04.13-17.49.10:983][  0]LogConfig: Applying CVar settings from Section [ShadingQuality@3] File [C:/Users/sethg/Desktop/Backups/MergeFile/W21_GAM1528_NoNameYet/TowerDefence/Saved/Config/Windows/Scalability.ini]
[2021.04.13-17.49.10:983][  0]LogConfig: Setting CVar [[r.HairStrands.SkyLighting.SampleCount:16]]
[2021.04.13-17.49.10:983][  0]LogConfig: Setting CVar [[r.HairStrands.SkyLighting.JitterIntegration:0]]
[2021.04.13-17.49.10:984][  0]LogConfig: Setting CVar [[r.HairStrands.SkyAO.SampleCount:16]]
[2021.04.13-17.49.10:984][  0]LogConfig: Setting CVar [[r.HairStrands.DeepShadow.SuperSampling:0]]
[2021.04.13-17.49.10:984][  0]LogConfig: Setting CVar [[r.HairStrands.VisibilityPPLL:0]]
[2021.04.13-17.49.10:984][  0]LogConfig: Setting CVar [[r.HairStrands.RasterizationScale:0.5]]
[2021.04.13-17.49.10:984][  0]LogConfig: Setting CVar [[r.HairStrands.VelocityRasterizationScale:1]]
[2021.04.13-17.49.10:984][  0]LogInit: Selected Device Profile: [Windows]
[2021.04.13-17.49.10:984][  0]LogInit: Applying CVar settings loaded from the selected device profile: [Windows]
[2021.04.13-17.49.10:984][  0]LogHAL: Display: Platform has ~ 16 GB [17023397888 / 17179869184 / 16], which maps to Larger [LargestMinGB=32, LargerMinGB=12, DefaultMinGB=8, SmallerMinGB=6, SmallestMinGB=0)
[2021.04.13-17.49.10:984][  0]LogInit: Going up to parent DeviceProfile []
[2021.04.13-17.49.10:984][  0]LogConfig: Applying CVar settings from Section [ViewDistanceQuality@3] File [C:/Users/sethg/Desktop/Backups/MergeFile/W21_GAM1528_NoNameYet/TowerDefence/Saved/Config/Windows/Scalability.ini]
[2021.04.13-17.49.10:984][  0]LogConfig: Setting CVar [[r.SkeletalMeshLODBias:0]]
[2021.04.13-17.49.10:984][  0]LogConfig: Setting CVar [[r.ViewDistanceScale:1.0]]
[2021.04.13-17.49.10:984][  0]LogConfig: Applying CVar settings from Section [AntiAliasingQuality@3] File [C:/Users/sethg/Desktop/Backups/MergeFile/W21_GAM1528_NoNameYet/TowerDefence/Saved/Config/Windows/Scalability.ini]
[2021.04.13-17.49.10:984][  0]LogConfig: Setting CVar [[r.PostProcessAAQuality:4]]
[2021.04.13-17.49.10:984][  0]LogConfig: Applying CVar settings from Section [ShadowQuality@3] File [C:/Users/sethg/Desktop/Backups/MergeFile/W21_GAM1528_NoNameYet/TowerDefence/Saved/Config/Windows/Scalability.ini]
[2021.04.13-17.49.10:984][  0]LogConfig: Setting CVar [[r.LightFunctionQuality:1]]
[2021.04.13-17.49.10:984][  0]LogConfig: Setting CVar [[r.ShadowQuality:5]]
[2021.04.13-17.49.10:984][  0]LogConfig: Setting CVar [[r.Shadow.CSM.MaxCascades:10]]
[2021.04.13-17.49.10:985][  0]LogConfig: Setting CVar [[r.Shadow.MaxResolution:2048]]
[2021.04.13-17.49.10:985][  0]LogConfig: Setting CVar [[r.Shadow.MaxCSMResolution:2048]]
[2021.04.13-17.49.10:985][  0]LogConfig: Setting CVar [[r.Shadow.RadiusThreshold:0.01]]
[2021.04.13-17.49.10:985][  0]LogConfig: Setting CVar [[r.Shadow.DistanceScale:1.0]]
[2021.04.13-17.49.10:985][  0]LogConfig: Setting CVar [[r.Shadow.CSM.TransitionScale:1.0]]
[2021.04.13-17.49.10:985][  0]LogConfig: Setting CVar [[r.Shadow.PreShadowResolutionFactor:1.0]]
[2021.04.13-17.49.10:985][  0]LogConfig: Setting CVar [[r.DistanceFieldShadowing:1]]
[2021.04.13-17.49.10:985][  0]LogConfig: Setting CVar [[r.DistanceFieldAO:1]]
[2021.04.13-17.49.10:985][  0]LogConfig: Setting CVar [[r.AOQuality:2]]
[2021.04.13-17.49.10:985][  0]LogConfig: Setting CVar [[r.VolumetricFog:1]]
[2021.04.13-17.49.10:985][  0]LogConfig: Setting CVar [[r.VolumetricFog.GridPixelSize:8]]
[2021.04.13-17.49.10:985][  0]LogConfig: Setting CVar [[r.VolumetricFog.GridSizeZ:128]]
[2021.04.13-17.49.10:985][  0]LogConfig: Setting CVar [[r.VolumetricFog.HistoryMissSupersampleCount:4]]
[2021.04.13-17.49.10:985][  0]LogConfig: Setting CVar [[r.LightMaxDrawDistanceScale:1]]
[2021.04.13-17.49.10:985][  0]LogConfig: Setting CVar [[r.CapsuleShadows:1]]
[2021.04.13-17.49.10:985][  0]LogConfig: Applying CVar settings from Section [PostProcessQuality@3] File [C:/Users/sethg/Desktop/Backups/MergeFile/W21_GAM1528_NoNameYet/TowerDefence/Saved/Config/Windows/Scalability.ini]
[2021.04.13-17.49.10:985][  0]LogConfig: Setting CVar [[r.MotionBlurQuality:4]]
[2021.04.13-17.49.10:985][  0]LogConfig: Setting CVar [[r.AmbientOcclusionMipLevelFactor:0.4]]
[2021.04.13-17.49.10:985][  0]LogConfig: Setting CVar [[r.AmbientOcclusionMaxQuality:100]]
[2021.04.13-17.49.10:985][  0]LogConfig: Setting CVar [[r.AmbientOcclusionLevels:-1]]
[2021.04.13-17.49.10:986][  0]LogConfig: Setting CVar [[r.AmbientOcclusionRadiusScale:1.0]]
[2021.04.13-17.49.10:986][  0]LogConfig: Setting CVar [[r.DepthOfFieldQuality:2]]
[2021.04.13-17.49.10:986][  0]LogConfig: Setting CVar [[r.RenderTargetPoolMin:400]]
[2021.04.13-17.49.10:986][  0]LogConfig: Setting CVar [[r.LensFlareQuality:2]]
[2021.04.13-17.49.10:986][  0]LogConfig: Setting CVar [[r.SceneColorFringeQuality:1]]
[2021.04.13-17.49.10:986][  0]LogConfig: Setting CVar [[r.EyeAdaptationQuality:2]]
[2021.04.13-17.49.10:986][  0]LogConfig: Setting CVar [[r.BloomQuality:5]]
[2021.04.13-17.49.10:986][  0]LogConfig: Setting CVar [[r.FastBlurThreshold:100]]
[2021.04.13-17.49.10:986][  0]LogConfig: Setting CVar [[r.Upscale.Quality:3]]
[2021.04.13-17.49.10:986][  0]LogConfig: Setting CVar [[r.Tonemapper.GrainQuantization:1]]
[2021.04.13-17.49.10:986][  0]LogConfig: Setting CVar [[r.LightShaftQuality:1]]
[2021.04.13-17.49.10:986][  0]LogConfig: Setting CVar [[r.Filter.SizeScale:1]]
[2021.04.13-17.49.10:986][  0]LogConfig: Setting CVar [[r.Tonemapper.Quality:5]]
[2021.04.13-17.49.10:986][  0]LogConfig: Setting CVar [[r.DOF.Gather.AccumulatorQuality:1        ; higher gathering accumulator quality]]
[2021.04.13-17.49.10:986][  0]LogConfig: Setting CVar [[r.DOF.Gather.PostfilterMethod:1          ; Median3x3 postfilering method]]
[2021.04.13-17.49.10:986][  0]LogConfig: Setting CVar [[r.DOF.Gather.EnableBokehSettings:0       ; no bokeh simulation when gathering]]
[2021.04.13-17.49.10:986][  0]LogConfig: Setting CVar [[r.DOF.Gather.RingCount:4                 ; medium number of samples when gathering]]
[2021.04.13-17.49.10:986][  0]LogConfig: Setting CVar [[r.DOF.Scatter.ForegroundCompositing:1    ; additive foreground scattering]]
[2021.04.13-17.49.10:986][  0]LogConfig: Setting CVar [[r.DOF.Scatter.BackgroundCompositing:2    ; additive background scattering]]
[2021.04.13-17.49.10:986][  0]LogConfig: Setting CVar [[r.DOF.Scatter.EnableBokehSettings:1      ; bokeh simulation when scattering]]
[2021.04.13-17.49.10:987][  0]LogConfig: Setting CVar [[r.DOF.Scatter.MaxSpriteRatio:0.1         ; only a maximum of 10% of scattered bokeh]]
[2021.04.13-17.49.10:987][  0]LogConfig: Setting CVar [[r.DOF.Recombine.Quality:1                ; cheap slight out of focus]]
[2021.04.13-17.49.10:987][  0]LogConfig: Setting CVar [[r.DOF.Recombine.EnableBokehSettings:0    ; no bokeh simulation on slight out of focus]]
[2021.04.13-17.49.10:987][  0]LogConfig: Setting CVar [[r.DOF.TemporalAAQuality:1                ; more stable temporal accumulation]]
[2021.04.13-17.49.10:987][  0]LogConfig: Setting CVar [[r.DOF.Kernel.MaxForegroundRadius:0.025]]
[2021.04.13-17.49.10:987][  0]LogConfig: Setting CVar [[r.DOF.Kernel.MaxBackgroundRadius:0.025]]
[2021.04.13-17.49.10:987][  0]LogConfig: Applying CVar settings from Section [TextureQuality@3] File [C:/Users/sethg/Desktop/Backups/MergeFile/W21_GAM1528_NoNameYet/TowerDefence/Saved/Config/Windows/Scalability.ini]
[2021.04.13-17.49.10:987][  0]LogConfig: Setting CVar [[r.Streaming.MipBias:0]]
[2021.04.13-17.49.10:987][  0]LogConfig: Setting CVar [[r.Streaming.AmortizeCPUToGPUCopy:0]]
[2021.04.13-17.49.10:987][  0]LogConfig: Setting CVar [[r.Streaming.MaxNumTexturesToStreamPerFrame:0]]
[2021.04.13-17.49.10:987][  0]LogConfig: Setting CVar [[r.Streaming.Boost:1]]
[2021.04.13-17.49.10:987][  0]LogConfig: Setting CVar [[r.MaxAnisotropy:8]]
[2021.04.13-17.49.10:987][  0]LogConfig: Setting CVar [[r.VT.MaxAnisotropy:8]]
[2021.04.13-17.49.10:987][  0]LogConfig: Setting CVar [[r.Streaming.LimitPoolSizeToVRAM:0]]
[2021.04.13-17.49.10:987][  0]LogConfig: Setting CVar [[r.Streaming.PoolSize:1000]]
[2021.04.13-17.49.10:987][  0]LogConfig: Setting CVar [[r.Streaming.MaxEffectiveScreenSize:0]]
[2021.04.13-17.49.10:987][  0]LogConfig: Applying CVar settings from Section [EffectsQuality@3] File [C:/Users/sethg/Desktop/Backups/MergeFile/W21_GAM1528_NoNameYet/TowerDefence/Saved/Config/Windows/Scalability.ini]
[2021.04.13-17.49.10:988][  0]LogConfig: Setting CVar [[r.TranslucencyLightingVolumeDim:64]]
[2021.04.13-17.49.10:988][  0]LogConfig: Setting CVar [[r.RefractionQuality:2]]
[2021.04.13-17.49.10:988][  0]LogConfig: Setting CVar [[r.SSR.Quality:3]]
[2021.04.13-17.49.10:988][  0]LogConfig: Setting CVar [[r.SSR.HalfResSceneColor:0]]
[2021.04.13-17.49.10:988][  0]LogConfig: Setting CVar [[r.SceneColorFormat:4]]
[2021.04.13-17.49.10:988][  0]LogConfig: Setting CVar [[r.DetailMode:2]]
[2021.04.13-17.49.10:988][  0]LogConfig: Setting CVar [[r.TranslucencyVolumeBlur:1]]
[2021.04.13-17.49.10:988][  0]LogConfig: Setting CVar [[r.MaterialQualityLevel:1 ; High quality]]
[2021.04.13-17.49.10:988][  0]LogConfig: Setting CVar [[r.SSS.Scale:1]]
[2021.04.13-17.49.10:988][  0]LogConfig: Setting CVar [[r.SSS.SampleSet:2]]
[2021.04.13-17.49.10:988][  0]LogConfig: Setting CVar [[r.SSS.Quality:1]]
[2021.04.13-17.49.10:988][  0]LogConfig: Setting CVar [[r.SSS.HalfRes:0]]
[2021.04.13-17.49.10:988][  0]LogConfig: Setting CVar [[r.SSGI.Quality:3]]
[2021.04.13-17.49.10:988][  0]LogConfig: Setting CVar [[r.EmitterSpawnRateScale:1.0]]
[2021.04.13-17.49.10:988][  0]LogConfig: Setting CVar [[r.ParticleLightQuality:2]]
[2021.04.13-17.49.10:988][  0]LogConfig: Setting CVar [[r.SkyAtmosphere.AerialPerspectiveLUT.FastApplyOnOpaque:1 ; Always have FastSkyLUT 1 in this case to avoid wrong sky]]
[2021.04.13-17.49.10:988][  0]LogConfig: Setting CVar [[r.SkyAtmosphere.AerialPerspectiveLUT.SampleCountPerSlice:1]]
[2021.04.13-17.49.10:988][  0]LogConfig: Setting CVar [[r.SkyAtmosphere.AerialPerspectiveLUT.DepthResolution:16.0]]
[2021.04.13-17.49.10:988][  0]LogConfig: Setting CVar [[r.SkyAtmosphere.FastSkyLUT:1]]
[2021.04.13-17.49.10:989][  0]LogConfig: Setting CVar [[r.SkyAtmosphere.FastSkyLUT.SampleCountMin:4.0]]
[2021.04.13-17.49.10:989][  0]LogConfig: Setting CVar [[r.SkyAtmosphere.FastSkyLUT.SampleCountMax:32.0]]
[2021.04.13-17.49.10:989][  0]LogConfig: Setting CVar [[r.SkyAtmosphere.SampleCountMin:4.0]]
[2021.04.13-17.49.10:989][  0]LogConfig: Setting CVar [[r.SkyAtmosphere.SampleCountMax:32.0]]
[2021.04.13-17.49.10:989][  0]LogConfig: Setting CVar [[r.SkyAtmosphere.TransmittanceLUT.UseSmallFormat:0]]
[2021.04.13-17.49.10:989][  0]LogConfig: Setting CVar [[r.SkyAtmosphere.TransmittanceLUT.SampleCount:10.0]]
[2021.04.13-17.49.10:989][  0]LogConfig: Setting CVar [[r.SkyAtmosphere.MultiScatteringLUT.SampleCount:15.0]]
[2021.04.13-17.49.10:989][  0]LogConfig: Applying CVar settings from Section [FoliageQuality@3] File [C:/Users/sethg/Desktop/Backups/MergeFile/W21_GAM1528_NoNameYet/TowerDefence/Saved/Config/Windows/Scalability.ini]
[2021.04.13-17.49.10:989][  0]LogConfig: Setting CVar [[foliage.DensityScale:1.0]]
[2021.04.13-17.49.10:989][  0]LogConfig: Setting CVar [[grass.DensityScale:1.0]]
[2021.04.13-17.49.10:989][  0]LogConfig: Applying CVar settings from Section [ShadingQuality@3] File [C:/Users/sethg/Desktop/Backups/MergeFile/W21_GAM1528_NoNameYet/TowerDefence/Saved/Config/Windows/Scalability.ini]
[2021.04.13-17.49.10:989][  0]LogConfig: Setting CVar [[r.HairStrands.SkyLighting.SampleCount:16]]
[2021.04.13-17.49.10:989][  0]LogConfig: Setting CVar [[r.HairStrands.SkyLighting.JitterIntegration:0]]
[2021.04.13-17.49.10:989][  0]LogConfig: Setting CVar [[r.HairStrands.SkyAO.SampleCount:16]]
[2021.04.13-17.49.10:989][  0]LogConfig: Setting CVar [[r.HairStrands.DeepShadow.SuperSampling:0]]
[2021.04.13-17.49.10:989][  0]LogConfig: Setting CVar [[r.HairStrands.VisibilityPPLL:0]]
[2021.04.13-17.49.10:989][  0]LogConfig: Setting CVar [[r.HairStrands.RasterizationScale:0.5]]
[2021.04.13-17.49.10:990][  0]LogConfig: Setting CVar [[r.HairStrands.VelocityRasterizationScale:1]]
[2021.04.13-17.49.10:990][  0]LogConfig: Applying CVar settings from Section [Startup] File [../../../Engine/Config/ConsoleVariables.ini]
[2021.04.13-17.49.10:990][  0]LogConfig: Setting CVar [[net.UseAdaptiveNetUpdateFrequency:0]]
[2021.04.13-17.49.10:990][  0]LogConfig: Setting CVar [[p.chaos.AllowCreatePhysxBodies:1]]
[2021.04.13-17.49.10:990][  0]LogConfig: Setting CVar [[fx.SkipVectorVMBackendOptimizations:1]]
[2021.04.13-17.49.10:990][  0]LogConfig: Applying CVar settings from Section [ConsoleVariables] File [C:/Users/sethg/Desktop/Backups/MergeFile/W21_GAM1528_NoNameYet/TowerDefence/Saved/Config/Windows/Engine.ini]
[2021.04.13-17.49.10:991][  0]LogInit: Computer: LAPTOP-K3PBHEDP
[2021.04.13-17.49.10:991][  0]LogInit: User: sethg
[2021.04.13-17.49.10:991][  0]LogInit: CPU Page size=4096, Cores=6
[2021.04.13-17.49.10:991][  0]LogInit: High frequency timer resolution =10.000000 MHz
[2021.04.13-17.49.10:991][  0]LogMemory: Memory total: Physical=15.9GB (16GB approx)
[2021.04.13-17.49.10:991][  0]LogMemory: Platform Memory Stats for Windows
[2021.04.13-17.49.10:991][  0]LogMemory: Process Physical Memory: 116.73 MB used, 116.74 MB peak
[2021.04.13-17.49.10:991][  0]LogMemory: Process Virtual Memory: 96.81 MB used, 96.81 MB peak
[2021.04.13-17.49.10:991][  0]LogMemory: Physical Memory: 9483.76 MB used,  6751.02 MB free, 16234.78 MB total
[2021.04.13-17.49.10:991][  0]LogMemory: Virtual Memory: 5166.71 MB used,  134212560.00 MB free, 134217728.00 MB total
[2021.04.13-17.49.11:003][  0]LogWindows: WindowsPlatformFeatures enabled
[2021.04.13-17.49.11:280][  0]LogInit: Physics initialised using underlying interface: PhysX
[2021.04.13-17.49.11:281][  0]LogInit: Using OS detected language (en-US).
[2021.04.13-17.49.11:282][  0]LogInit: Using OS detected locale (en-CA).
[2021.04.13-17.49.11:284][  0]LogTextLocalizationManager: No specific localization for 'en-US' exists, so the 'en' localization will be used.
[2021.04.13-17.49.11:461][  0]LogInit: Setting process to per monitor DPI aware
[2021.04.13-17.49.11:518][  0]LogSlate: New Slate User Created.  User Index 0, Is Virtual User: 0
[2021.04.13-17.49.11:518][  0]LogSlate: Slate User Registered.  User Index 0, Is Virtual User: 0
[2021.04.13-17.49.11:801][  0]LogHMD: Failed to initialize OpenVR with code 110
[2021.04.13-17.49.11:801][  0]LogD3D11RHI: D3D11 min allowed feature level: 11_0
[2021.04.13-17.49.11:802][  0]LogD3D11RHI: D3D11 max allowed feature level: 11_0
[2021.04.13-17.49.11:802][  0]LogD3D11RHI: D3D11 adapters:
[2021.04.13-17.49.12:901][  0]LogD3D11RHI:    0. 'NVIDIA GeForce GTX 1060' (Feature Level 11_0)
[2021.04.13-17.49.12:901][  0]LogD3D11RHI:       6052/0/8117 MB DedicatedVideo/DedicatedSystem/SharedSystem, Outputs:1, VendorId:0x10de
[2021.04.13-17.49.12:941][  0]LogD3D11RHI:    1. 'Intel(R) UHD Graphics 630' (Feature Level 11_0)
[2021.04.13-17.49.12:941][  0]LogD3D11RHI:       128/0/8117 MB DedicatedVideo/DedicatedSystem/SharedSystem, Outputs:0, VendorId:0x8086
[2021.04.13-17.49.12:949][  0]LogD3D11RHI:    2. 'Microsoft Basic Render Driver' (Feature Level 11_0)
[2021.04.13-17.49.12:949][  0]LogD3D11RHI:       0/0/8117 MB DedicatedVideo/DedicatedSystem/SharedSystem, Outputs:0, VendorId:0x1414
[2021.04.13-17.49.12:949][  0]LogD3D11RHI: Chosen D3D11 Adapter: 0
[2021.04.13-17.49.12:997][  0]LogD3D11RHI: Creating new Direct3DDevice
[2021.04.13-17.49.12:998][  0]LogD3D11RHI:     GPU DeviceId: 0x1c20 (for the marketing name, search the web for "GPU Device Id")
[2021.04.13-17.49.12:998][  0]LogWindows: EnumDisplayDevices:
[2021.04.13-17.49.12:998][  0]LogWindows:    0. 'Intel(R) UHD Graphics 630' (P:1 D:1)
[2021.04.13-17.49.12:998][  0]LogWindows:    1. 'Intel(R) UHD Graphics 630' (P:0 D:0)
[2021.04.13-17.49.12:999][  0]LogWindows:    2. 'Intel(R) UHD Graphics 630' (P:0 D:0)
[2021.04.13-17.49.12:999][  0]LogWindows:    3. 'NVIDIA GeForce GTX 1060' (P:0 D:0)
[2021.04.13-17.49.12:999][  0]LogWindows: DebugString: PrimaryIsNotTheChoosenAdapter PrimaryIsNotTheChoosenAdapter PrimaryIsNotTheChoosenAdapter 
[2021.04.13-17.49.12:999][  0]LogD3D11RHI:     Adapter Name: NVIDIA GeForce GTX 1060
[2021.04.13-17.49.12:999][  0]LogD3D11RHI:   Driver Version: 451.67 (internal:27.21.14.5167, unified:451.67)
[2021.04.13-17.49.13:000][  0]LogD3D11RHI:      Driver Date: 7-5-2020
[2021.04.13-17.49.13:000][  0]LogRHI: Texture pool is 4236 MB (70% of 6052 MB)
[2021.04.13-17.49.13:065][  0]LogD3D11RHI: RHI has support for 64 bit atomics
[2021.04.13-17.49.13:067][  0]LogD3D11RHI: [Aftermath] Enabled and primed
[2021.04.13-17.49.13:067][  0]LogD3D11RHI: Async texture creation enabled
[2021.04.13-17.49.13:067][  0]LogD3D11RHI: Array index from any shader is supported
[2021.04.13-17.49.13:105][  0]LogD3D11RHI: GPU Timing Frequency: 1000.000000 (Debug: 2 1)
[2021.04.13-17.49.13:438][  0]LogTargetPlatformManager: Display: Loaded TargetPlatform 'AllDesktop'
[2021.04.13-17.49.13:467][  0]LogTargetPlatformManager: Display: Loaded TargetPlatform 'Android'
[2021.04.13-17.49.13:467][  0]LogTargetPlatformManager: Display: Loaded TargetPlatform 'Android_ASTC'
[2021.04.13-17.49.13:467][  0]LogTargetPlatformManager: Display: Loaded TargetPlatform 'Android_DXT'
[2021.04.13-17.49.13:467][  0]LogTargetPlatformManager: Display: Loaded TargetPlatform 'Android_ETC2'
[2021.04.13-17.49.13:467][  0]LogTargetPlatformManager: Display: Loaded TargetPlatform 'AndroidClient'
[2021.04.13-17.49.13:467][  0]LogTargetPlatformManager: Display: Loaded TargetPlatform 'Android_ASTCClient'
[2021.04.13-17.49.13:467][  0]LogTargetPlatformManager: Display: Loaded TargetPlatform 'Android_DXTClient'
[2021.04.13-17.49.13:468][  0]LogTargetPlatformManager: Display: Loaded TargetPlatform 'Android_ETC2Client'
[2021.04.13-17.49.13:468][  0]LogTargetPlatformManager: Display: Loaded TargetPlatform 'Android_Multi'
[2021.04.13-17.49.13:468][  0]LogTargetPlatformManager: Display: Loaded TargetPlatform 'Android_MultiClient'
[2021.04.13-17.49.13:503][  0]LogTargetPlatformManager: Display: Loaded TargetPlatform 'IOSClient'
[2021.04.13-17.49.13:503][  0]LogTargetPlatformManager: Display: Loaded TargetPlatform 'IOS'
[2021.04.13-17.49.13:516][  0]LogTargetPlatformManager: Display: Loaded TargetPlatform 'Linux'
[2021.04.13-17.49.13:531][  0]LogTargetPlatformManager: Display: Loaded TargetPlatform 'LinuxNoEditor'
[2021.04.13-17.49.13:543][  0]LogTargetPlatformManager: Display: Loaded TargetPlatform 'LinuxClient'
[2021.04.13-17.49.13:559][  0]LogTargetPlatformManager: Display: Loaded TargetPlatform 'LinuxServer'
[2021.04.13-17.49.13:574][  0]LogTargetPlatformManager: Display: Loaded TargetPlatform 'LinuxAArch64NoEditor'
[2021.04.13-17.49.13:586][  0]LogTargetPlatformManager: Display: Loaded TargetPlatform 'LinuxAArch64Client'
[2021.04.13-17.49.13:600][  0]LogTargetPlatformManager: Display: Loaded TargetPlatform 'LinuxAArch64Server'
[2021.04.13-17.49.13:631][  0]LogTargetPlatformManager: Display: Loaded TargetPlatform 'Lumin'
[2021.04.13-17.49.13:632][  0]LogTargetPlatformManager: Display: Loaded TargetPlatform 'LuminClient'
[2021.04.13-17.49.13:652][  0]LogTargetPlatformManager: Display: Loaded TargetPlatform 'TVOSClient'
[2021.04.13-17.49.13:652][  0]LogTargetPlatformManager: Display: Loaded TargetPlatform 'TVOS'
[2021.04.13-17.49.13:668][  0]LogTargetPlatformManager: Display: Loaded TargetPlatform 'WindowsNoEditor'
[2021.04.13-17.49.13:681][  0]LogTargetPlatformManager: Display: Loaded TargetPlatform 'Windows'
[2021.04.13-17.49.13:694][  0]LogTargetPlatformManager: Display: Loaded TargetPlatform 'WindowsClient'
[2021.04.13-17.49.13:707][  0]LogTargetPlatformManager: Display: Loaded TargetPlatform 'WindowsServer'
[2021.04.13-17.49.13:707][  0]LogTargetPlatformManager: Display: Building Assets For Windows
[2021.04.13-17.49.13:730][  0]LogAudioDebug: Display: Lib vorbis DLL was dynamically loaded.
[2021.04.13-17.49.13:882][  0]LogShaderCompilers: Guid format shader working directory is -30 characters bigger than the processId version (C:/Users/sethg/Desktop/Backups/MergeFile/W21_GAM1528_NoNameYet/TowerDefence/Intermediate/Shaders/WorkingDirectory/26864/).
[2021.04.13-17.49.13:883][  0]LogShaderCompilers: Cleaned the shader compiler working directory 'C:/Users/sethg/AppData/Local/Temp/UnrealShaderWorkingDir/F3AC14B74C59067303731EB13BE179D0/'.
[2021.04.13-17.49.13:883][  0]LogXGEController: Cleaning working directory: C:/Users/sethg/AppData/Local/Temp/UnrealXGEWorkingDir/
[2021.04.13-17.49.13:884][  0]LogXGEController: Cannot use XGE Controller as Incredibuild is not installed on this machine.
[2021.04.13-17.49.13:884][  0]LogShaderCompilers: Cannot use XGE Shader Compiler as Incredibuild is not installed on this machine.
[2021.04.13-17.49.13:884][  0]LogShaderCompilers: Display: Using Local Shader Compiler.
[2021.04.13-17.49.14:633][  0]LogDerivedDataCache: Display: Max Cache Size: 512 MB
[2021.04.13-17.49.14:693][  0]LogDerivedDataCache: Loaded boot cache 0.06s 75MB C:/Users/sethg/AppData/Local/UnrealEngine/4.25/DerivedDataCache/Boot.ddc.
[2021.04.13-17.49.14:694][  0]LogDerivedDataCache: Display: Loaded Boot cache: C:/Users/sethg/AppData/Local/UnrealEngine/4.25/DerivedDataCache/Boot.ddc
[2021.04.13-17.49.14:694][  0]LogDerivedDataCache: FDerivedDataBackendGraph:  Pak pak cache file C:/Users/sethg/Desktop/Backups/MergeFile/W21_GAM1528_NoNameYet/TowerDefence/DerivedDataCache/DDC.ddp not found, will not use a pak cache.
[2021.04.13-17.49.14:695][  0]LogDerivedDataCache: Unable to find inner node Pak for hierarchical cache Hierarchy.
[2021.04.13-17.49.14:695][  0]LogDerivedDataCache: FDerivedDataBackendGraph:  CompressedPak pak cache file C:/Users/sethg/Desktop/Backups/MergeFile/W21_GAM1528_NoNameYet/TowerDefence/DerivedDataCache/Compressed.ddp not found, will not use a pak cache.
[2021.04.13-17.49.14:695][  0]LogDerivedDataCache: Unable to find inner node CompressedPak for hierarchical cache Hierarchy.
[2021.04.13-17.49.14:705][  0]LogDerivedDataCache: Display: Pak cache opened for reading ../../../Engine/DerivedDataCache/Compressed.ddp.
[2021.04.13-17.49.14:705][  0]LogDerivedDataCache: FDerivedDataBackendGraph:  EnterprisePak pak cache file ../../../Enterprise/DerivedDataCache/Compressed.ddp not found, will not use a pak cache.
[2021.04.13-17.49.14:705][  0]LogDerivedDataCache: Unable to find inner node EnterprisePak for hierarchical cache Hierarchy.
[2021.04.13-17.49.14:708][  0]LogDerivedDataCache: Using Local data cache path C:/Users/sethg/AppData/Local/UnrealEngine/Common/DerivedDataCache: Writable
[2021.04.13-17.49.14:708][  0]LogDerivedDataCache: Shared data cache path not found in *engine.ini, will not use an Shared cache.
[2021.04.13-17.49.14:708][  0]LogDerivedDataCache: Unable to find inner node Shared for hierarchical cache Hierarchy.
[2021.04.13-17.49.14:757][  0]LogSlate: Using FreeType 2.10.0
[2021.04.13-17.49.14:758][  0]LogSlate: SlateFontServices - WITH_FREETYPE: 1, WITH_HARFBUZZ: 1
[2021.04.13-17.49.14:790][  0]LogAssetRegistry: FAssetRegistry took 0.0051 seconds to start up
[2021.04.13-17.49.15:022][  0]LogInit: Selected Device Profile: [Windows]
[2021.04.13-17.49.15:170][  0]LogMeshReduction: Using QuadricMeshReduction for automatic static mesh reduction
[2021.04.13-17.49.15:170][  0]LogMeshReduction: Using SimplygonMeshReduction for automatic skeletal mesh reduction
[2021.04.13-17.49.15:170][  0]LogMeshReduction: Using ProxyLODMeshReduction for automatic mesh merging
[2021.04.13-17.49.15:170][  0]LogMeshReduction: No distributed automatic mesh merging module available
[2021.04.13-17.49.15:171][  0]LogMeshMerging: No distributed automatic mesh merging module available
[2021.04.13-17.49.15:187][  0]LogNetVersion: TowerDefence 1.0.0, NetCL: 13144385, EngineNetVer: 14, GameNetVer: 0 (Checksum: 2510641227)
[2021.04.13-17.49.16:436][  0]LogAISub: UAISubsystem::UAISubsystem AISubsystem (000001D6ADB66980), frame # 0
[2021.04.13-17.49.16:437][  0]LogAISub: UAISubsystem::UAISubsystem AIPerceptionSystem (000001D6AD9E6AC0), frame # 0
[2021.04.13-17.49.16:438][  0]LogAISub: UAISubsystem::UAISubsystem EnvQueryManager (000001D6ADB62800), frame # 0
[2021.04.13-17.49.16:498][  0]LogPackageLocalizationCache: Processed 19 localized package path(s) for 1 prioritized culture(s) in 0.054047 seconds
[2021.04.13-17.49.16:504][  0]LogUObjectArray: 15917 objects as part of root set at end of initial load.
[2021.04.13-17.49.16:504][  0]LogUObjectAllocator: 3965568 out of 0 bytes used by permanent object pool.
[2021.04.13-17.49.16:504][  0]LogUObjectArray: CloseDisregardForGC: 0/0 objects in disregard for GC pool
[2021.04.13-17.49.17:095][  0]LogTcpMessaging: Initializing TcpMessaging bridge
[2021.04.13-17.49.17:104][  0]LogUdpMessaging: Initializing bridge on interface 0.0.0.0:0 to multicast group 230.0.0.1:6666.
[2021.04.13-17.49.17:421][  0]SourceControl: Source control is disabled
[2021.04.13-17.49.17:421][  0]SourceControl: Source control is disabled
[2021.04.13-17.49.17:427][  0]SourceControl: Source control is disabled
[2021.04.13-17.49.17:434][  0]SourceControl: Source control is disabled
[2021.04.13-17.49.17:446][  0]SourceControl: Source control is disabled
[2021.04.13-17.49.18:235][  0]LogAndroidPermission: UAndroidPermissionCallbackProxy::GetInstance
[2021.04.13-17.49.18:274][  0]LogAudioCaptureCore: Display: No Audio Capture implementations found. Audio input will be silent.
[2021.04.13-17.49.18:274][  0]LogAudioCaptureCore: Display: No Audio Capture implementations found. Audio input will be silent.
[2021.04.13-17.49.18:345][  0]LogOcInput: OculusInput pre-init called
[2021.04.13-17.49.18:363][  0]LogWindows: Failed to load 'OVRPlugin.dll' (GetLastError=126)
[2021.04.13-17.49.18:363][  0]LogWindows: File 'OVRPlugin.dll' does not exist
[2021.04.13-17.49.18:443][  0]LogEngine: Initializing Engine...
[2021.04.13-17.49.18:445][  0]LogHMD: Failed to initialize OpenVR with code 110
[2021.04.13-17.49.18:445][  0]LogMagicLeap: Warning: VR disabled because ZI is not enabled.  To enable, in the editor, Edit -> Project Settings -> Plugins -> Magic Leap Plugin -> Enable Zero Iteration
[2021.04.13-17.49.18:446][  0]LogStats: UGameplayTagsManager::InitializeManager -  0.000 s
[2021.04.13-17.49.18:602][  0]LogInit: Initializing FReadOnlyCVARCache
[2021.04.13-17.49.18:613][  0]LogAIModule: Creating AISystem for world Untitled
[2021.04.13-17.49.18:614][  0]LogAISub: UAISubsystem::UAISubsystem EnvQueryManager (000001D6AFFFFC00), frame # 0
[2021.04.13-17.49.18:614][  0]LogAISub: UAISubsystem::UAISubsystem AIPerceptionSystem (000001D6B000BB00), frame # 0
[2021.04.13-17.49.18:642][  0]LogAudioMixer: Display: Audio Mixer Platform Settings:
[2021.04.13-17.49.18:642][  0]LogAudioMixer: Display: 	Sample Rate:						  48000
[2021.04.13-17.49.18:642][  0]LogAudioMixer: Display: 	Callback Buffer Frame Size Requested: 1024
[2021.04.13-17.49.18:642][  0]LogAudioMixer: Display: 	Callback Buffer Frame Size To Use:	  1024
[2021.04.13-17.49.18:642][  0]LogAudioMixer: Display: 	Number of buffers to queue:			  2
[2021.04.13-17.49.18:642][  0]LogAudioMixer: Display: 	Max Channels (voices):				  32
[2021.04.13-17.49.18:643][  0]LogAudioMixer: Display: 	Number of Async Source Workers:		  0
[2021.04.13-17.49.18:643][  0]LogAudio: Display: AudioDevice MaxSources: 32
[2021.04.13-17.49.18:643][  0]LogAudio: Display: Using built-in audio occlusion.
[2021.04.13-17.49.18:644][  0]LogAudioMixer: Display: Initializing audio mixer.
[2021.04.13-17.49.18:667][  0]LogAudioMixer: Display: 0: FrontLeft
[2021.04.13-17.49.18:668][  0]LogAudioMixer: Display: 1: FrontRight
[2021.04.13-17.49.18:880][  0]LogAudioMixer: Display: Using Audio Device Speakers (Realtek(R) Audio)
[2021.04.13-17.49.18:884][  0]LogAudioMixer: Display: Initializing Sound Submixes...
[2021.04.13-17.49.18:888][  0]LogAudioMixer: Display: Creating Master Submix 'MasterSubmixDefault'
[2021.04.13-17.49.18:888][  0]LogAudioMixer: Display: Creating Master Submix 'MasterReverbSubmixDefault'
[2021.04.13-17.49.18:890][  0]LogAudioMixer: Display: Creating Master Submix 'MasterEQSubmixDefault'
[2021.04.13-17.49.18:897][  0]LogInit: FAudioDevice initialized.
[2021.04.13-17.49.18:898][  0]LogNetVersion: Set ProjectVersion to 1.0.0.0. Version Checksum will be recalculated on next use.
[2021.04.13-17.49.18:995][  0]LogDerivedDataCache: Saved boot cache 0.10s 75MB C:/Users/sethg/AppData/Local/UnrealEngine/4.25/DerivedDataCache/Boot.ddc.
[2021.04.13-17.49.18:997][  0]LogInit: Texture streaming: Enabled
[2021.04.13-17.49.19:037][  0]LogEngineSessionManager: EngineSessionManager initialized
[2021.04.13-17.49.19:037][  0]LogEngineSessionManager: EngineSessionManager sent abnormal shutdown report. Type=Debugger, SessionId={5E72A660-41BC-0EB7-7EF9-3D8269E7C391}
[2021.04.13-17.49.19:037][  0]LogEditorSessionSummary: Verbose: Initializing EditorSessionSummaryWriter for editor session tracking
[2021.04.13-17.49.19:044][  0]LogEditorSessionSummary: EditorSessionSummaryWriter initialized
[2021.04.13-17.49.19:091][  0]LogInit: Transaction tracking system initialized
[2021.04.13-17.49.19:149][  0]BlueprintLog: New page: Editor Load
[2021.04.13-17.49.19:283][  0]LocalizationService: Localization service is disabled
[2021.04.13-17.49.19:649][  0]LogCook: Display: Max memory allowance for cook 16384mb min free memory 0mb
[2021.04.13-17.49.19:649][  0]LogCook: Display: Mobile HDR setting 1
[2021.04.13-17.49.20:154][  0]LogFileCache: Scanning file cache for directory 'C:/Users/sethg/Desktop/Backups/MergeFile/W21_GAM1528_NoNameYet/TowerDefence/Content/' took 0.01s
[2021.04.13-17.49.20:404][  0]SourceControl: Source control is disabled
[2021.04.13-17.49.20:404][  0]LogUnrealEdMisc: Loading editor; pre map load, took 12.054
[2021.04.13-17.49.20:404][  0]Cmd: MAP LOAD FILE="C:/Users/sethg/Desktop/Backups/MergeFile/W21_GAM1528_NoNameYet/TowerDefence/Content/Maps/Test.umap" TEMPLATE=0 SHOWPROGRESS=1 FEATURELEVEL=3
[2021.04.13-17.49.20:404][  0]LightingResults: New page: Lighting Build
[2021.04.13-17.49.20:405][  0]LogWorld: UWorld::CleanupWorld for Untitled, bSessionEnded=true, bCleanupResources=true
[2021.04.13-17.49.20:405][  0]LogSlate: InvalidateAllWidgets triggered.  All widgets were invalidated
[2021.04.13-17.49.20:405][  0]MapCheck: New page: Map Check
[2021.04.13-17.49.20:405][  0]LightingResults: New page: Lighting Build
[2021.04.13-17.49.20:415][  0]LogAISub: UAISubsystem::~UAISubsystem EnvQueryManager (000001D6AFFFFC00), frame # 0
[2021.04.13-17.49.20:416][  0]LogAISub: UAISubsystem::~UAISubsystem AIPerceptionSystem (000001D6B000BB00), frame # 0
[2021.04.13-17.49.20:417][  0]LogUObjectHash: Compacting FUObjectHashTables data took   0.87ms
[2021.04.13-17.49.20:427][  0]LogLinker: Warning: While loading 'C:/Users/sethg/Desktop/Backups/MergeFile/W21_GAM1528_NoNameYet/TowerDefence/Content/Assets/Models/Troop_melee/troop_melee.uasset' failed to load '/Game/Assets/Models/Troop_melee/Material_001': Can't find file.
[2021.04.13-17.49.20:427][  0]LogLinker: Warning: While loading 'C:/Users/sethg/Desktop/Backups/MergeFile/W21_GAM1528_NoNameYet/TowerDefence/Content/Assets/Models/Troop_melee/troop_melee.uasset' failed to load '/Game/Assets/Models/Troop_melee/Material_001': Can't find file.
[2021.04.13-17.49.20:428][  0]LogLinker: Warning: While loading 'C:/Users/sethg/Desktop/Backups/MergeFile/W21_GAM1528_NoNameYet/TowerDefence/Content/Assets/Models/Troop_melee/troop_melee.uasset' failed to load '/Game/Assets/Models/Troop_melee/wire_087225087_002': Can't find file.
[2021.04.13-17.49.20:428][  0]LogLinker: Warning: While loading 'C:/Users/sethg/Desktop/Backups/MergeFile/W21_GAM1528_NoNameYet/TowerDefence/Content/Assets/Models/Troop_melee/troop_melee.uasset' failed to load '/Game/Assets/Models/Troop_melee/wire_087225087_002': Can't find file.
[2021.04.13-17.49.20:429][  0]LogLinker: Warning: While loading 'C:/Users/sethg/Desktop/Backups/MergeFile/W21_GAM1528_NoNameYet/TowerDefence/Content/Assets/Models/Troop_melee/troop_melee.uasset' failed to load '/Game/Assets/Models/Troop_melee/wire_177028149_002': Can't find file.
[2021.04.13-17.49.20:429][  0]LogLinker: Warning: While loading 'C:/Users/sethg/Desktop/Backups/MergeFile/W21_GAM1528_NoNameYet/TowerDefence/Content/Assets/Models/Troop_melee/troop_melee.uasset' failed to load '/Game/Assets/Models/Troop_melee/wire_177028149_002': Can't find file.
[2021.04.13-17.49.20:429][  0]LogLinker: Warning: While loading 'C:/Users/sethg/Desktop/Backups/MergeFile/W21_GAM1528_NoNameYet/TowerDefence/Content/Assets/Models/Troop_melee/troop_melee.uasset' failed to load '/Game/Assets/Models/Troop_melee/Material_001': Can't find file.
[2021.04.13-17.49.20:430][  0]LogLinker: Warning: While loading 'C:/Users/sethg/Desktop/Backups/MergeFile/W21_GAM1528_NoNameYet/TowerDefence/Content/Assets/Models/Troop_melee/troop_melee.uasset' failed to load '/Game/Assets/Models/Troop_melee/Material_001': Can't find file.
[2021.04.13-17.49.20:431][  0]LogLinker: Warning: While loading 'C:/Users/sethg/Desktop/Backups/MergeFile/W21_GAM1528_NoNameYet/TowerDefence/Content/Assets/Models/Troop_melee/troop_melee.uasset' failed to load '/Game/Assets/Models/Troop_melee/wire_087225087_002': Can't find file.
[2021.04.13-17.49.20:432][  0]LogLinker: Warning: While loading 'C:/Users/sethg/Desktop/Backups/MergeFile/W21_GAM1528_NoNameYet/TowerDefence/Content/Assets/Models/Troop_melee/troop_melee.uasset' failed to load '/Game/Assets/Models/Troop_melee/wire_087225087_002': Can't find file.
[2021.04.13-17.49.20:432][  0]LogLinker: Warning: While loading 'C:/Users/sethg/Desktop/Backups/MergeFile/W21_GAM1528_NoNameYet/TowerDefence/Content/Assets/Models/Troop_melee/troop_melee.uasset' failed to load '/Game/Assets/Models/Troop_melee/wire_177028149_002': Can't find file.
[2021.04.13-17.49.20:432][  0]LogLinker: Warning: While loading 'C:/Users/sethg/Desktop/Backups/MergeFile/W21_GAM1528_NoNameYet/TowerDefence/Content/Assets/Models/Troop_melee/troop_melee.uasset' failed to load '/Game/Assets/Models/Troop_melee/wire_177028149_002': Can't find file.
[2021.04.13-17.49.20:568][  0]LogLinker: Warning: While loading 'C:/Users/sethg/Desktop/Backups/MergeFile/W21_GAM1528_NoNameYet/TowerDefence/Content/StarterContent/Materials/M_Brick_Clay_Beveled.uasset' failed to load '/Game/StarterContent/Textures/T_Brick_Clay_Beveled_D': Can't find file.
[2021.04.13-17.49.20:569][  0]LogLinker: Warning: While loading 'C:/Users/sethg/Desktop/Backups/MergeFile/W21_GAM1528_NoNameYet/TowerDefence/Content/StarterContent/Materials/M_Brick_Clay_Beveled.uasset' failed to load '/Game/StarterContent/Textures/T_Brick_Clay_Beveled_D': Can't find file.
[2021.04.13-17.49.20:569][  0]LogLinker: Warning: While loading 'C:/Users/sethg/Desktop/Backups/MergeFile/W21_GAM1528_NoNameYet/TowerDefence/Content/StarterContent/Materials/M_Brick_Clay_Beveled.uasset' failed to load '/Game/StarterContent/Textures/T_Brick_Clay_Beveled_M': Can't find file.
[2021.04.13-17.49.20:570][  0]LogLinker: Warning: While loading 'C:/Users/sethg/Desktop/Backups/MergeFile/W21_GAM1528_NoNameYet/TowerDefence/Content/StarterContent/Materials/M_Brick_Clay_Beveled.uasset' failed to load '/Game/StarterContent/Textures/T_Brick_Clay_Beveled_M': Can't find file.
[2021.04.13-17.49.20:571][  0]LogLinker: Warning: While loading 'C:/Users/sethg/Desktop/Backups/MergeFile/W21_GAM1528_NoNameYet/TowerDefence/Content/StarterContent/Materials/M_Brick_Clay_Beveled.uasset' failed to load '/Game/StarterContent/Textures/T_Brick_Clay_Beveled_N': Can't find file.
[2021.04.13-17.49.20:571][  0]LogLinker: Warning: While loading 'C:/Users/sethg/Desktop/Backups/MergeFile/W21_GAM1528_NoNameYet/TowerDefence/Content/StarterContent/Materials/M_Brick_Clay_Beveled.uasset' failed to load '/Game/StarterContent/Textures/T_Brick_Clay_Beveled_N': Can't find file.
[2021.04.13-17.49.20:572][  0]LogLinker: Warning: While loading 'C:/Users/sethg/Desktop/Backups/MergeFile/W21_GAM1528_NoNameYet/TowerDefence/Content/StarterContent/Materials/M_Brick_Clay_Beveled.uasset' failed to load '/Game/StarterContent/Textures/T_Brick_Clay_Beveled_D': Can't find file.
[2021.04.13-17.49.20:572][  0]LogLinker: Warning: While loading 'C:/Users/sethg/Desktop/Backups/MergeFile/W21_GAM1528_NoNameYet/TowerDefence/Content/StarterContent/Materials/M_Brick_Clay_Beveled.uasset' failed to load '/Game/StarterContent/Textures/T_Brick_Clay_Beveled_D': Can't find file.
[2021.04.13-17.49.20:572][  0]LogLinker: Warning: While loading 'C:/Users/sethg/Desktop/Backups/MergeFile/W21_GAM1528_NoNameYet/TowerDefence/Content/StarterContent/Materials/M_Brick_Clay_Beveled.uasset' failed to load '/Game/StarterContent/Textures/T_Brick_Clay_Beveled_M': Can't find file.
[2021.04.13-17.49.20:573][  0]LogLinker: Warning: While loading 'C:/Users/sethg/Desktop/Backups/MergeFile/W21_GAM1528_NoNameYet/TowerDefence/Content/StarterContent/Materials/M_Brick_Clay_Beveled.uasset' failed to load '/Game/StarterContent/Textures/T_Brick_Clay_Beveled_M': Can't find file.
[2021.04.13-17.49.20:573][  0]LogLinker: Warning: While loading 'C:/Users/sethg/Desktop/Backups/MergeFile/W21_GAM1528_NoNameYet/TowerDefence/Content/StarterContent/Materials/M_Brick_Clay_Beveled.uasset' failed to load '/Game/StarterContent/Textures/T_Brick_Clay_Beveled_N': Can't find file.
[2021.04.13-17.49.20:573][  0]LogLinker: Warning: While loading 'C:/Users/sethg/Desktop/Backups/MergeFile/W21_GAM1528_NoNameYet/TowerDefence/Content/StarterContent/Materials/M_Brick_Clay_Beveled.uasset' failed to load '/Game/StarterContent/Textures/T_Brick_Clay_Beveled_N': Can't find file.
[2021.04.13-17.49.20:579][  0]LogLinker: Warning: While loading 'C:/Users/sethg/Desktop/Backups/MergeFile/W21_GAM1528_NoNameYet/TowerDefence/Content/StarterContent/Materials/M_Brick_Clay_Beveled.uasset' failed to load '/Game/StarterContent/Textures/T_Brick_Clay_Beveled_N': Can't find file.
[2021.04.13-17.49.20:579][  0]LoadErrors: Failed to load /Game/StarterContent/Textures/T_Brick_Clay_Beveled_N.T_Brick_Clay_Beveled_N Referenced by MaterialExpressionTextureSample_1
[2021.04.13-17.49.20:579][  0]LogLinker: Warning: While loading 'C:/Users/sethg/Desktop/Backups/MergeFile/W21_GAM1528_NoNameYet/TowerDefence/Content/StarterContent/Materials/M_Brick_Clay_Beveled.uasset' failed to load '/Game/StarterContent/Textures/T_Brick_Clay_Beveled_N': Can't find file.
[2021.04.13-17.49.20:579][  0]LoadErrors: Failed to load /Game/StarterContent/Textures/T_Brick_Clay_Beveled_N.T_Brick_Clay_Beveled_N Referenced by MaterialExpressionTextureSample_1
[2021.04.13-17.49.20:580][  0]LogLinker: Warning: While loading 'C:/Users/sethg/Desktop/Backups/MergeFile/W21_GAM1528_NoNameYet/TowerDefence/Content/StarterContent/Materials/M_Brick_Clay_Beveled.uasset' failed to load '/Game/StarterContent/Textures/T_Brick_Clay_Beveled_M': Can't find file.
[2021.04.13-17.49.20:580][  0]LoadErrors: Failed to load /Game/StarterContent/Textures/T_Brick_Clay_Beveled_M.T_Brick_Clay_Beveled_M Referenced by MaterialExpressionTextureSample_2
[2021.04.13-17.49.20:580][  0]LogLinker: Warning: While loading 'C:/Users/sethg/Desktop/Backups/MergeFile/W21_GAM1528_NoNameYet/TowerDefence/Content/StarterContent/Materials/M_Brick_Clay_Beveled.uasset' failed to load '/Game/StarterContent/Textures/T_Brick_Clay_Beveled_M': Can't find file.
[2021.04.13-17.49.20:581][  0]LoadErrors: Failed to load /Game/StarterContent/Textures/T_Brick_Clay_Beveled_M.T_Brick_Clay_Beveled_M Referenced by MaterialExpressionTextureSample_2
[2021.04.13-17.49.20:581][  0]LogLinker: Warning: While loading 'C:/Users/sethg/Desktop/Backups/MergeFile/W21_GAM1528_NoNameYet/TowerDefence/Content/StarterContent/Materials/M_Brick_Clay_Beveled.uasset' failed to load '/Game/StarterContent/Textures/T_Brick_Clay_Beveled_D': Can't find file.
[2021.04.13-17.49.20:581][  0]LoadErrors: Failed to load /Game/StarterContent/Textures/T_Brick_Clay_Beveled_D.T_Brick_Clay_Beveled_D Referenced by MaterialExpressionTextureSample_4
[2021.04.13-17.49.20:582][  0]LogLinker: Warning: While loading 'C:/Users/sethg/Desktop/Backups/MergeFile/W21_GAM1528_NoNameYet/TowerDefence/Content/StarterContent/Materials/M_Brick_Clay_Beveled.uasset' failed to load '/Game/StarterContent/Textures/T_Brick_Clay_Beveled_D': Can't find file.
[2021.04.13-17.49.20:582][  0]LoadErrors: Failed to load /Game/StarterContent/Textures/T_Brick_Clay_Beveled_D.T_Brick_Clay_Beveled_D Referenced by MaterialExpressionTextureSample_4
[2021.04.13-17.49.20:582][  0]LogLinker: Warning: While loading 'C:/Users/sethg/Desktop/Backups/MergeFile/W21_GAM1528_NoNameYet/TowerDefence/Content/StarterContent/Materials/M_Brick_Clay_Beveled.uasset' failed to load '/Game/StarterContent/Textures/T_Brick_Clay_Beveled_D': Can't find file.
[2021.04.13-17.49.20:582][  0]LoadErrors: Failed to load /Game/StarterContent/Textures/T_Brick_Clay_Beveled_D.T_Brick_Clay_Beveled_D Referenced by MaterialExpressionTextureSample_5
[2021.04.13-17.49.20:583][  0]LogLinker: Warning: While loading 'C:/Users/sethg/Desktop/Backups/MergeFile/W21_GAM1528_NoNameYet/TowerDefence/Content/StarterContent/Materials/M_Brick_Clay_Beveled.uasset' failed to load '/Game/StarterContent/Textures/T_Brick_Clay_Beveled_D': Can't find file.
[2021.04.13-17.49.20:583][  0]LoadErrors: Failed to load /Game/StarterContent/Textures/T_Brick_Clay_Beveled_D.T_Brick_Clay_Beveled_D Referenced by MaterialExpressionTextureSample_5
[2021.04.13-17.49.20:587][  0]LogLinker: Warning: While loading 'C:/Users/sethg/Desktop/Backups/MergeFile/W21_GAM1528_NoNameYet/TowerDefence/Content/Assets/Models/Troop_melee/troop_melee.uasset' failed to load '/Game/Assets/Models/Troop_melee/wire_087225087_002': Can't find file.
[2021.04.13-17.49.20:587][  0]LoadErrors: Failed to load /Game/Assets/Models/Troop_melee/wire_087225087_002.wire_087225087_002 Referenced by troop_melee
[2021.04.13-17.49.20:588][  0]LogLinker: Warning: While loading 'C:/Users/sethg/Desktop/Backups/MergeFile/W21_GAM1528_NoNameYet/TowerDefence/Content/Assets/Models/Troop_melee/troop_melee.uasset' failed to load '/Game/Assets/Models/Troop_melee/wire_087225087_002': Can't find file.
[2021.04.13-17.49.20:588][  0]LoadErrors: Failed to load /Game/Assets/Models/Troop_melee/wire_087225087_002.wire_087225087_002 Referenced by troop_melee
[2021.04.13-17.49.20:588][  0]LogLinker: Warning: While loading 'C:/Users/sethg/Desktop/Backups/MergeFile/W21_GAM1528_NoNameYet/TowerDefence/Content/Assets/Models/Troop_melee/troop_melee.uasset' failed to load '/Game/Assets/Models/Troop_melee/wire_177028149_002': Can't find file.
[2021.04.13-17.49.20:588][  0]LoadErrors: Failed to load /Game/Assets/Models/Troop_melee/wire_177028149_002.wire_177028149_002 Referenced by troop_melee
[2021.04.13-17.49.20:589][  0]LogLinker: Warning: While loading 'C:/Users/sethg/Desktop/Backups/MergeFile/W21_GAM1528_NoNameYet/TowerDefence/Content/Assets/Models/Troop_melee/troop_melee.uasset' failed to load '/Game/Assets/Models/Troop_melee/wire_177028149_002': Can't find file.
[2021.04.13-17.49.20:589][  0]LoadErrors: Failed to load /Game/Assets/Models/Troop_melee/wire_177028149_002.wire_177028149_002 Referenced by troop_melee
[2021.04.13-17.49.20:589][  0]LogLinker: Warning: While loading 'C:/Users/sethg/Desktop/Backups/MergeFile/W21_GAM1528_NoNameYet/TowerDefence/Content/Assets/Models/Troop_melee/troop_melee.uasset' failed to load '/Game/Assets/Models/Troop_melee/Material_001': Can't find file.
[2021.04.13-17.49.20:589][  0]LoadErrors: Failed to load /Game/Assets/Models/Troop_melee/Material_001.Material_001 Referenced by troop_melee
[2021.04.13-17.49.20:589][  0]LogLinker: Warning: While loading 'C:/Users/sethg/Desktop/Backups/MergeFile/W21_GAM1528_NoNameYet/TowerDefence/Content/Assets/Models/Troop_melee/troop_melee.uasset' failed to load '/Game/Assets/Models/Troop_melee/Material_001': Can't find file.
[2021.04.13-17.49.20:589][  0]LoadErrors: Failed to load /Game/Assets/Models/Troop_melee/Material_001.Material_001 Referenced by troop_melee
[2021.04.13-17.49.20:615][  0]LogMaterial: Display: Missing cached shader map for material M_Brick_Clay_Beveled, compiling. 
[2021.04.13-17.49.20:617][  0]LogMaterial: Warning: C:\Users\sethg\Desktop\Backups\MergeFile\W21_GAM1528_NoNameYet\TowerDefence\Content\StarterContent\Materials\M_Brick_Clay_Beveled.uasset: Failed to compile Material for platform PCD3D_SM5, Default Material will be used in game.
[2021.04.13-17.49.20:617][  0]LogMaterial: Display: 	(Node TextureSample) Texture Sample> Missing input texture
[2021.04.13-17.49.20:652][  0]LogAIModule: Creating AISystem for world Test
[2021.04.13-17.49.20:652][  0]LogAISub: UAISubsystem::UAISubsystem EnvQueryManager (000001D69F61CC00), frame # 0
[2021.04.13-17.49.20:652][  0]LogAISub: UAISubsystem::UAISubsystem AIPerceptionSystem (000001D69F775A80), frame # 0
[2021.04.13-17.49.20:662][  0]LogEditorServer: Finished looking for orphan Actors (0.000 secs)
[2021.04.13-17.49.20:684][  0]LogUObjectHash: Compacting FUObjectHashTables data took   1.50ms
[2021.04.13-17.49.20:684][  0]Cmd: MAP CHECKDEP NOCLEARLOG
[2021.04.13-17.49.20:685][  0]MapCheck: Map check complete: 0 Error(s), 0 Warning(s), took 0.252ms to complete.
[2021.04.13-17.49.20:685][  0]LogFileHelpers: Loading map 'Test' took 0.281
[2021.04.13-17.49.20:692][  0]LogUnrealEdMisc: Total Editor Startup Time, took 12.343
[2021.04.13-17.49.21:556][  0]LogSlate: Updating window title bar state: overlay mode, drag disabled, window buttons hidden, title bar hidden
[2021.04.13-17.49.21:566][  0]LogSlate: Updating window title bar state: overlay mode, drag disabled, window buttons hidden, title bar hidden
[2021.04.13-17.49.21:573][  0]LogSlate: Updating window title bar state: overlay mode, drag disabled, window buttons hidden, title bar hidden
[2021.04.13-17.49.21:581][  0]LogSlate: Updating window title bar state: overlay mode, drag disabled, window buttons hidden, title bar hidden
[2021.04.13-17.49.21:594][  0]LogCollectionManager: Loaded 0 collections in 0.003123 seconds
[2021.04.13-17.49.21:619][  0]LogFileCache: Scanning file cache for directory 'C:/Users/sethg/Desktop/Backups/MergeFile/W21_GAM1528_NoNameYet/TowerDefence/Saved/Collections/' took 0.00s
[2021.04.13-17.49.21:619][  0]LogFileCache: Scanning file cache for directory 'C:/Users/sethg/Desktop/Backups/MergeFile/W21_GAM1528_NoNameYet/TowerDefence/Content/Developers/sethg/Collections/' took 0.00s
[2021.04.13-17.49.21:619][  0]LogFileCache: Scanning file cache for directory 'C:/Users/sethg/Desktop/Backups/MergeFile/W21_GAM1528_NoNameYet/TowerDefence/Content/Collections/' took 0.00s
[2021.04.13-17.49.21:619][  0]LogContentBrowser: Native class hierarchy populated in 0.0086 seconds. Added 3449 classes and 824 folders.
[2021.04.13-17.49.21:622][  0]LogContentBrowser: Native class hierarchy updated for 'WidgetCarousel' in 0.0005 seconds. Added 0 classes and 0 folders.
[2021.04.13-17.49.21:742][  0]LogContentBrowser: Native class hierarchy updated for 'AddContentDialog' in 0.0005 seconds. Added 0 classes and 0 folders.
[2021.04.13-17.49.21:743][  0]LogContentBrowser: Native class hierarchy updated for 'SceneOutliner' in 0.0004 seconds. Added 2 classes and 0 folders.
[2021.04.13-17.49.21:874][  0]LogSlate: Took 0.000296 seconds to synchronously load lazily loaded font '../../../Engine/Content/Slate/Fonts/Roboto-Regular.ttf' (155K)
[2021.04.13-17.49.21:878][  0]LogSlate: Took 0.000814 seconds to synchronously load lazily loaded font '../../../Engine/Content/Slate/Fonts/Roboto-Bold.ttf' (160K)
[2021.04.13-17.49.21:895][  0]LogSlate: Took 0.007919 seconds to synchronously load lazily loaded font '../../../Engine/Content/Editor/Slate/Fonts/FontAwesome.ttf' (139K)
[2021.04.13-17.49.22:059][  0]LogRenderer: Reallocating scene render targets to support 1088x536 Format 10 NumSamples 1 (Frame:1).
[2021.04.13-17.49.22:268][  0]LogContentBrowser: Native class hierarchy updated for 'HierarchicalLODOutliner' in 0.0006 seconds. Added 0 classes and 0 folders.
[2021.04.13-17.49.22:268][  0]LogLoad: (Engine Initialization) Total time: 13.92 seconds
[2021.04.13-17.49.22:268][  0]LogLoad: (Engine Initialization) Total Blueprint compile time: 0.00 seconds
[2021.04.13-17.49.22:317][  0]LogAssetRegistry: Asset discovery search completed in 7.5305 seconds
[2021.04.13-17.49.22:323][  0]LogCollectionManager: Fixed up redirectors for 0 collections in 0.000003 seconds (updated 0 objects)
[2021.04.13-17.49.22:324][  0]LogContentStreaming: Texture pool size now 1000 MB
[2021.04.13-17.49.22:421][  0]LogRenderer: Reallocating scene render targets to support 1088x552 Format 10 NumSamples 1 (Frame:3).
[2021.04.13-17.49.22:421][  0]LogSlate: Took 0.000209 seconds to synchronously load lazily loaded font '../../../Engine/Content/Slate/Fonts/Roboto-Light.ttf' (167K)
[2021.04.13-17.49.22:443][  0]LogSlate: Took 0.000331 seconds to synchronously load lazily loaded font '../../../Engine/Content/Slate/Fonts/DroidSansMono.ttf' (77K)
[2021.04.13-17.49.23:787][ 64]LogSlate: Window 'Message Log' being destroyed
[2021.04.13-17.49.23:793][ 64]LogSlate: Window 'Message Log' being destroyed
[2021.04.13-17.49.24:654][113]LogTemp: Repeating last play command: Selected Viewport
[2021.04.13-17.49.24:662][113]LogPlayLevel: PlayLevel: No blueprints needed recompiling
[2021.04.13-17.49.24:663][113]PIE: New page: PIE session: Test (Apr. 13, 2021, 9:49:24 a.m.)
[2021.04.13-17.49.24:666][113]LogOnline: OSS: Creating online subsystem instance for: NULL
[2021.04.13-17.49.24:669][113]LogOnline: OSS: TryLoadSubsystemAndSetDefault: Loaded subsystem for module [NULL]
[2021.04.13-17.49.24:669][113]LogPlayLevel: Creating play world package: /Game/Maps/UEDPIE_0_Test
[2021.04.13-17.49.24:674][113]LogPlayLevel: PIE: StaticDuplicateObject took: (0.005162s)
[2021.04.13-17.49.24:675][113]LogAIModule: Creating AISystem for world Test
[2021.04.13-17.49.24:675][113]LogAISub: UAISubsystem::UAISubsystem EnvQueryManager (000001D6C97CBE00), frame # 113
[2021.04.13-17.49.24:676][113]LogAISub: UAISubsystem::UAISubsystem AIPerceptionSystem (000001D6EF8E6AC0), frame # 113
[2021.04.13-17.49.24:676][113]LogPlayLevel: PIE: World Init took: (0.001389s)
[2021.04.13-17.49.24:676][113]LogPlayLevel: PIE: Created PIE world by copying editor world from /Game/Maps/Test.Test to /Game/Maps/UEDPIE_0_Test.Test (0.006992s)
[2021.04.13-17.49.24:687][113]LogUObjectHash: Compacting FUObjectHashTables data took   0.56ms
[2021.04.13-17.49.24:689][113]LogAudioMixer: Display: Audio Mixer Platform Settings:
[2021.04.13-17.49.24:689][113]LogAudioMixer: Display: 	Sample Rate:						  48000
[2021.04.13-17.49.24:689][113]LogAudioMixer: Display: 	Callback Buffer Frame Size Requested: 1024
[2021.04.13-17.49.24:689][113]LogAudioMixer: Display: 	Callback Buffer Frame Size To Use:	  1024
[2021.04.13-17.49.24:689][113]LogAudioMixer: Display: 	Number of buffers to queue:			  2
[2021.04.13-17.49.24:689][113]LogAudioMixer: Display: 	Max Channels (voices):				  32
[2021.04.13-17.49.24:690][113]LogAudioMixer: Display: 	Number of Async Source Workers:		  0
[2021.04.13-17.49.24:690][113]LogAudio: Display: AudioDevice MaxSources: 32
[2021.04.13-17.49.24:690][113]LogAudio: Display: Using built-in audio occlusion.
[2021.04.13-17.49.24:690][113]LogAudioMixer: Display: Initializing audio mixer.
[2021.04.13-17.49.24:694][113]LogAudioMixer: Display: 0: FrontLeft
[2021.04.13-17.49.24:694][113]LogAudioMixer: Display: 1: FrontRight
[2021.04.13-17.49.24:749][113]LogAudioMixer: Display: Using Audio Device Speakers (Realtek(R) Audio)
[2021.04.13-17.49.24:749][113]LogAudioMixer: Display: Initializing Sound Submixes...
[2021.04.13-17.49.24:749][113]LogAudioMixer: Display: Creating Master Submix 'MasterSubmixDefault'
[2021.04.13-17.49.24:749][113]LogAudioMixer: Display: Creating Master Submix 'MasterReverbSubmixDefault'
[2021.04.13-17.49.24:750][113]LogAudioMixer: Display: Creating Master Submix 'MasterEQSubmixDefault'
[2021.04.13-17.49.24:768][113]LogInit: FAudioDevice initialized.
[2021.04.13-17.49.24:785][113]LogLoad: Game class is 'BP_GameMode_C'
[2021.04.13-17.49.24:787][113]LogWorld: Bringing World /Game/Maps/UEDPIE_0_Test.Test up for play (max tick rate 60) at 2021.04.13-13.49.24
[2021.04.13-17.49.24:787][113]LogWorld: Bringing up level for play took: 0.001004
[2021.04.13-17.49.24:787][113]LogOnline: OSS: Creating online subsystem instance for: :Context_1
[2021.04.13-17.49.24:792][113]LogContentBrowser: Native class hierarchy updated for 'MovieSceneCapture' in 0.0007 seconds. Added 20 classes and 0 folders.
[2021.04.13-17.49.24:795][113]PIE: Server logged in
[2021.04.13-17.49.24:797][113]PIE: Play in editor total start time 0.139 seconds.
[2021.04.13-17.49.48:998][400]LogAudioMixer: Display: Audio Buffer Underrun detected.
[2021.04.13-17.49.48:998][400]LogAudioMixer: Display: Audio Buffer Underrun detected.
[2021.04.13-17.50.50:749][466]LogSlate: Updating window title bar state: overlay mode, drag disabled, window buttons hidden, title bar hidden
[2021.04.13-17.50.50:749][466]LogWorld: BeginTearingDown for /Game/Maps/UEDPIE_0_Test
[2021.04.13-17.50.50:749][466]LogWorld: UWorld::CleanupWorld for Test, bSessionEnded=true, bCleanupResources=true
[2021.04.13-17.50.50:750][466]LogSlate: InvalidateAllWidgets triggered.  All widgets were invalidated
[2021.04.13-17.50.50:761][466]LogPlayLevel: Display: Shutting down PIE online subsystems
[2021.04.13-17.50.50:764][466]LogSlate: InvalidateAllWidgets triggered.  All widgets were invalidated
[2021.04.13-17.50.50:824][466]LogSlate: Updating window title bar state: overlay mode, drag disabled, window buttons hidden, title bar hidden
[2021.04.13-17.50.50:825][466]LogAISub: UAISubsystem::~UAISubsystem AIPerceptionSystem (000001D6EF8E6AC0), frame # 466
[2021.04.13-17.50.50:826][466]LogAISub: UAISubsystem::~UAISubsystem EnvQueryManager (000001D6C97CBE00), frame # 466
[2021.04.13-17.50.50:827][466]LogUObjectHash: Compacting FUObjectHashTables data took   0.83ms
[2021.04.13-17.50.50:843][467]LogPlayLevel: Display: Destroying online subsystem :Context_1
[2021.04.13-17.50.52:506][555]LogEditorViewport: Clicking on Actor (LMB): BP_TroopSpawner_C (BP_TroopSpawner)
[2021.04.13-17.50.56:691][794]LogEditorViewport: Clicking on Actor (LMB): BP_TroopSpawnPoint_C (BP_TroopSpawnPoint3)
[2021.04.13-17.50.58:832][906]LogEditorViewport: Clicking on Actor (LMB): BP_TroopSpawnPoint_C (BP_TroopSpawnPoint2)
[2021.04.13-17.51.00:354][996]LogEditorViewport: Clicking on Actor (LMB): BP_TroopSpawnPoint_C (BP_TroopSpawnPoint)
[2021.04.13-17.51.10:318][588]LogEditorViewport: Clicking on Actor (LMB): BP_TroopSpawner_C (BP_TroopSpawner)
[2021.04.13-17.51.12:496][691]LogSlate: Took 0.000451 seconds to synchronously load lazily loaded font '../../../Engine/Content/Slate/Fonts/Roboto-Light.ttf' (167K)
[2021.04.13-17.51.33:520][933]LogTemp: Repeating last play command: Selected Viewport
[2021.04.13-17.51.33:533][933]LogPlayLevel: PlayLevel: No blueprints needed recompiling
[2021.04.13-17.51.33:533][933]PIE: New page: PIE session: Test (Apr. 13, 2021, 9:51:33 a.m.)
[2021.04.13-17.51.33:533][933]LogPlayLevel: Creating play world package: /Game/Maps/UEDPIE_0_Test
[2021.04.13-17.51.33:537][933]LogPlayLevel: PIE: StaticDuplicateObject took: (0.003667s)
[2021.04.13-17.51.33:538][933]LogAIModule: Creating AISystem for world Test
[2021.04.13-17.51.33:538][933]LogAISub: UAISubsystem::UAISubsystem EnvQueryManager (000001D6C9800800), frame # 2933
[2021.04.13-17.51.33:539][933]LogAISub: UAISubsystem::UAISubsystem AIPerceptionSystem (000001D69FFEC400), frame # 2933
[2021.04.13-17.51.33:539][933]LogPlayLevel: PIE: World Init took: (0.001844s)
[2021.04.13-17.51.33:539][933]LogPlayLevel: PIE: Created PIE world by copying editor world from /Game/Maps/Test.Test to /Game/Maps/UEDPIE_0_Test.Test (0.005990s)
[2021.04.13-17.51.33:550][933]LogUObjectHash: Compacting FUObjectHashTables data took   0.61ms
[2021.04.13-17.51.33:551][933]LogAudioMixer: Display: Audio Mixer Platform Settings:
[2021.04.13-17.51.33:552][933]LogAudioMixer: Display: 	Sample Rate:						  48000
[2021.04.13-17.51.33:552][933]LogAudioMixer: Display: 	Callback Buffer Frame Size Requested: 1024
[2021.04.13-17.51.33:552][933]LogAudioMixer: Display: 	Callback Buffer Frame Size To Use:	  1024
[2021.04.13-17.51.33:552][933]LogAudioMixer: Display: 	Number of buffers to queue:			  2
[2021.04.13-17.51.33:552][933]LogAudioMixer: Display: 	Max Channels (voices):				  32
[2021.04.13-17.51.33:552][933]LogAudioMixer: Display: 	Number of Async Source Workers:		  0
[2021.04.13-17.51.33:552][933]LogAudio: Display: AudioDevice MaxSources: 32
[2021.04.13-17.51.33:553][933]LogAudio: Display: Using built-in audio occlusion.
[2021.04.13-17.51.33:553][933]LogAudioMixer: Display: Initializing audio mixer.
[2021.04.13-17.51.33:557][933]LogAudioMixer: Display: 0: FrontLeft
[2021.04.13-17.51.33:557][933]LogAudioMixer: Display: 1: FrontRight
[2021.04.13-17.51.33:642][933]LogAudioMixer: Display: Using Audio Device Speakers (Realtek(R) Audio)
[2021.04.13-17.51.33:642][933]LogAudioMixer: Display: Initializing Sound Submixes...
[2021.04.13-17.51.33:642][933]LogAudioMixer: Display: Creating Master Submix 'MasterSubmixDefault'
[2021.04.13-17.51.33:642][933]LogAudioMixer: Display: Creating Master Submix 'MasterReverbSubmixDefault'
[2021.04.13-17.51.33:643][933]LogAudioMixer: Display: Creating Master Submix 'MasterEQSubmixDefault'
[2021.04.13-17.51.33:660][933]LogInit: FAudioDevice initialized.
[2021.04.13-17.51.33:675][933]LogLoad: Game class is 'BP_GameMode_C'
[2021.04.13-17.51.33:677][933]LogWorld: Bringing World /Game/Maps/UEDPIE_0_Test.Test up for play (max tick rate 60) at 2021.04.13-13.51.33
[2021.04.13-17.51.33:677][933]LogWorld: Bringing up level for play took: 0.001006
[2021.04.13-17.51.33:677][933]LogOnline: OSS: Creating online subsystem instance for: :Context_5
[2021.04.13-17.51.33:682][933]PIE: Server logged in
[2021.04.13-17.51.33:683][933]PIE: Play in editor total start time 0.157 seconds.
[2021.04.13-17.51.42:649][462]LogSlate: Updating window title bar state: overlay mode, drag disabled, window buttons hidden, title bar hidden
[2021.04.13-17.51.42:650][462]LogWorld: BeginTearingDown for /Game/Maps/UEDPIE_0_Test
[2021.04.13-17.51.42:650][462]LogWorld: UWorld::CleanupWorld for Test, bSessionEnded=true, bCleanupResources=true
[2021.04.13-17.51.42:650][462]LogSlate: InvalidateAllWidgets triggered.  All widgets were invalidated
[2021.04.13-17.51.42:659][462]LogPlayLevel: Display: Shutting down PIE online subsystems
[2021.04.13-17.51.42:661][462]LogSlate: InvalidateAllWidgets triggered.  All widgets were invalidated
[2021.04.13-17.51.42:716][462]LogSlate: Updating window title bar state: overlay mode, drag disabled, window buttons hidden, title bar hidden
[2021.04.13-17.51.42:717][462]LogAISub: UAISubsystem::~UAISubsystem AIPerceptionSystem (000001D69FFEC400), frame # 3462
[2021.04.13-17.51.42:717][462]LogAISub: UAISubsystem::~UAISubsystem EnvQueryManager (000001D6C9800800), frame # 3462
[2021.04.13-17.51.42:718][462]LogUObjectHash: Compacting FUObjectHashTables data took   0.57ms
[2021.04.13-17.51.42:739][463]LogPlayLevel: Display: Destroying online subsystem :Context_5
[2021.04.13-17.51.47:266][705]LogUObjectHash: Compacting FUObjectHashTables data took   1.01ms
[2021.04.13-17.52.40:494][705]LogSlate: Window 'Save Content' being destroyed
[2021.04.13-17.52.40:540][705]Cmd: OBJ SAVEPACKAGE PACKAGE="/Game/Maps/Test" FILE="C:/Users/sethg/Desktop/Backups/MergeFile/W21_GAM1528_NoNameYet/TowerDefence/Content/Maps/Test.umap" SILENT=true AUTOSAVING=false KEEPDIRTY=false
[2021.04.13-17.52.40:554][705]LogUObjectHash: Compacting FUObjectHashTables data took   0.27ms
[2021.04.13-17.52.40:584][705]LogSavePackage: Moving 'C:/Users/sethg/Desktop/Backups/MergeFile/W21_GAM1528_NoNameYet/TowerDefence/Saved/TestB629C51C407077A76FBF0F8C2A1D219A.tmp' to 'C:/Users/sethg/Desktop/Backups/MergeFile/W21_GAM1528_NoNameYet/TowerDefence/Content/Maps/Test.umap'
[2021.04.13-17.52.40:605][705]LogFileHelpers: Saving map 'Test' took 0.067
[2021.04.13-17.52.40:678][705]LogSlate: Window 'TowerDefence - Unreal Editor' being destroyed
[2021.04.13-17.52.40:679][705]LogWindowsTextInputMethodSystem: Display: IME system now deactivated.
[2021.04.13-17.52.40:903][705]AssetCheck: New page: Asset Save: Test
[2021.04.13-17.52.40:904][705]LogContentValidation: Display: Validating World /Game/Maps/Test.Test
[2021.04.13-17.52.40:910][706]Cmd: QUIT_EDITOR
[2021.04.13-17.52.40:911][706]LogCore: Engine exit requested (reason: UUnrealEdEngine::CloseEditor())
[2021.04.13-17.52.40:920][706]LogCore: Engine exit requested (reason: EngineExit() was called; note: exit was already requested)
[2021.04.13-17.52.41:942][706]LogExit: Preparing to exit.
[2021.04.13-17.52.42:982][706]LogWorld: UWorld::CleanupWorld for World_0, bSessionEnded=true, bCleanupResources=true
[2021.04.13-17.52.42:982][706]LogWorld: UWorld::CleanupWorld for World_1, bSessionEnded=true, bCleanupResources=true
[2021.04.13-17.52.42:982][706]LogWorld: UWorld::CleanupWorld for World_2, bSessionEnded=true, bCleanupResources=true
[2021.04.13-17.52.42:989][706]LogDemo: Cleaned up 0 splitscreen connections with owner deletion
[2021.04.13-17.52.42:996][706]LogWorld: UWorld::CleanupWorld for None, bSessionEnded=true, bCleanupResources=true
[2021.04.13-17.52.42:996][706]LogExit: Editor shut down
[2021.04.13-17.52.42:997][706]LogExit: Transaction tracking system shut down
[2021.04.13-17.52.43:125][706]LogAISub: UAISubsystem::~UAISubsystem AISubsystem (000001D6ADB66980), frame # 3706
[2021.04.13-17.52.43:126][706]LogAISub: UAISubsystem::~UAISubsystem AIPerceptionSystem (000001D6AD9E6AC0), frame # 3706
[2021.04.13-17.52.43:126][706]LogAISub: UAISubsystem::~UAISubsystem EnvQueryManager (000001D6ADB62800), frame # 3706
[2021.04.13-17.52.43:133][706]LogAISub: UAISubsystem::~UAISubsystem EnvQueryManager (000001D69F61CC00), frame # 3706
[2021.04.13-17.52.43:133][706]LogAISub: UAISubsystem::~UAISubsystem AIPerceptionSystem (000001D69F775A80), frame # 3706
[2021.04.13-17.52.43:156][706]LogExit: Object subsystem successfully closed.
[2021.04.13-17.52.43:214][706]LogShaderCompilers: Display: Shaders left to compile 0
[2021.04.13-17.52.43:227][706]LogModuleManager: Shutting down and abandoning module MovieSceneCapture (796)
[2021.04.13-17.52.43:227][706]LogModuleManager: Shutting down and abandoning module Voice (794)
[2021.04.13-17.52.43:228][706]LogModuleManager: Shutting down and abandoning module HierarchicalLODOutliner (792)
[2021.04.13-17.52.43:228][706]LogModuleManager: Shutting down and abandoning module SceneOutliner (790)
[2021.04.13-17.52.43:228][706]LogModuleManager: Shutting down and abandoning module AddContentDialog (788)
[2021.04.13-17.52.43:228][706]LogModuleManager: Shutting down and abandoning module WidgetCarousel (787)
[2021.04.13-17.52.43:229][706]LogModuleManager: Shutting down and abandoning module EditorWidgets (784)
[2021.04.13-17.52.43:229][706]LogModuleManager: Shutting down and abandoning module CollectionManager (782)
[2021.04.13-17.52.43:229][706]LogModuleManager: Shutting down and abandoning module StatsViewer (780)
[2021.04.13-17.52.43:229][706]LogModuleManager: Shutting down and abandoning module VirtualTexturingEditor (778)
[2021.04.13-17.52.43:229][706]LogModuleManager: Shutting down and abandoning module FoliageEdit (776)
[2021.04.13-17.52.43:229][706]LogModuleManager: Shutting down and abandoning module LandscapeEditor (774)
[2021.04.13-17.52.43:229][706]LogModuleManager: Shutting down and abandoning module MeshPaintMode (772)
[2021.04.13-17.52.43:230][706]LogModuleManager: Shutting down and abandoning module SceneDepthPickerMode (770)
[2021.04.13-17.52.43:230][706]LogModuleManager: Shutting down and abandoning module ActorPickerMode (768)
[2021.04.13-17.52.43:230][706]LogModuleManager: Shutting down and abandoning module PIEPreviewDeviceProfileSelector (766)
[2021.04.13-17.52.43:230][706]LogModuleManager: Shutting down and abandoning module SequenceRecorderSections (764)
[2021.04.13-17.52.43:230][706]LogModuleManager: Shutting down and abandoning module AutomationWorker (762)
[2021.04.13-17.52.43:230][706]LogModuleManager: Shutting down and abandoning module SteamVREditor (760)
[2021.04.13-17.52.43:230][706]LogModuleManager: Shutting down and abandoning module OculusMR (758)
[2021.04.13-17.52.43:230][706]LogModuleManager: Shutting down and abandoning module GooglePADEditor (756)
[2021.04.13-17.52.43:230][706]LogModuleManager: Shutting down and abandoning module AudioCaptureEditor (754)
[2021.04.13-17.52.43:230][706]LogModuleManager: Shutting down and abandoning module TemplateSequenceEditor (752)
[2021.04.13-17.52.43:230][706]LogModuleManager: Shutting down and abandoning module MatineeToLevelSequence (750)
[2021.04.13-17.52.43:230][706]LogModuleManager: Shutting down and abandoning module LevelSequenceEditor (748)
[2021.04.13-17.52.43:231][706]LogModuleManager: Shutting down and abandoning module ActorSequenceEditor (746)
[2021.04.13-17.52.43:231][706]LogModuleManager: Shutting down and abandoning module WmfMediaFactory (744)
[2021.04.13-17.52.43:231][706]LogModuleManager: Shutting down and abandoning module WmfMediaEditor (742)
[2021.04.13-17.52.43:231][706]LogModuleManager: Shutting down and abandoning module WebMMediaFactory (740)
[2021.04.13-17.52.43:231][706]LogModuleManager: Shutting down and abandoning module WebMMediaEditor (738)
[2021.04.13-17.52.43:231][706]LogModuleManager: Shutting down and abandoning module WebMMedia (736)
[2021.04.13-17.52.43:231][706]LogModuleManager: Shutting down and abandoning module MediaPlayerEditor (734)
[2021.04.13-17.52.43:231][706]LogModuleManager: Shutting down and abandoning module MediaCompositingEditor (732)
[2021.04.13-17.52.43:231][706]LogModuleManager: Shutting down and abandoning module SequenceRecorder (731)
[2021.04.13-17.52.43:231][706]LogModuleManager: Shutting down and abandoning module OpenExrWrapper (728)
[2021.04.13-17.52.43:231][706]LogModuleManager: Shutting down and abandoning module ImgMediaFactory (726)
[2021.04.13-17.52.43:231][706]LogModuleManager: Shutting down and abandoning module ImgMediaEditor (724)
[2021.04.13-17.52.43:231][706]LogModuleManager: Shutting down and abandoning module AvfMediaFactory (722)
[2021.04.13-17.52.43:232][706]LogModuleManager: Shutting down and abandoning module AvfMediaEditor (720)
[2021.04.13-17.52.43:232][706]LogModuleManager: Shutting down and abandoning module AndroidMediaFactory (718)
[2021.04.13-17.52.43:232][706]LogModuleManager: Shutting down and abandoning module AndroidMediaEditor (716)
[2021.04.13-17.52.43:232][706]LogModuleManager: Shutting down and abandoning module MagicLeapMediaCodecFactory (714)
[2021.04.13-17.52.43:232][706]LogModuleManager: Shutting down and abandoning module MagicLeapMediaFactory (712)
[2021.04.13-17.52.43:232][706]LogModuleManager: Shutting down and abandoning module MagicLeapMediaEditor (710)
[2021.04.13-17.52.43:232][706]LogModuleManager: Shutting down and abandoning module PlanarCut (708)
[2021.04.13-17.52.43:232][706]LogModuleManager: Shutting down and abandoning module CharacterAI (706)
[2021.04.13-17.52.43:232][706]LogModuleManager: Shutting down and abandoning module TextureAlignMode (704)
[2021.04.13-17.52.43:232][706]LogModuleManager: Shutting down and abandoning module BspMode (702)
[2021.04.13-17.52.43:232][706]LogModuleManager: Shutting down and abandoning module PlacementMode (701)
[2021.04.13-17.52.43:232][706]LogModuleManager: Shutting down and abandoning module GeometryMode (698)
[2021.04.13-17.52.43:232][706]LogModuleManager: Shutting down and abandoning module CameraShakePreviewer (696)
[2021.04.13-17.52.43:232][706]LogModuleManager: Shutting down and abandoning module SmartSnapping (694)
[2021.04.13-17.52.43:233][706]LogModuleManager: Shutting down and abandoning module SessionServices (692)
[2021.04.13-17.52.43:233][706]LogModuleManager: Shutting down and abandoning module MeshPaint (690)
[2021.04.13-17.52.43:233][706]LogModuleManager: Shutting down and abandoning module ViewportSnapping (688)
[2021.04.13-17.52.43:233][706]LogModuleManager: Shutting down and abandoning module ViewportInteraction (686)
[2021.04.13-17.52.43:233][706]LogModuleManager: Shutting down and abandoning module ClothPainter (684)
[2021.04.13-17.52.43:233][706]LogModuleManager: Shutting down and abandoning module SkeletalMeshEditor (683)
[2021.04.13-17.52.43:233][706]LogModuleManager: Shutting down and abandoning module LogVisualizer (680)
[2021.04.13-17.52.43:233][706]LogModuleManager: Shutting down and abandoning module IntroTutorials (678)
[2021.04.13-17.52.43:233][706]LogModuleManager: Shutting down and abandoning module GameProjectGeneration (677)
[2021.04.13-17.52.43:233][706]LogModuleManager: Shutting down and abandoning module LuminPlatformEditor (674)
[2021.04.13-17.52.43:233][706]LogModuleManager: Shutting down and abandoning module IOSPlatformEditor (672)
[2021.04.13-17.52.43:233][706]LogModuleManager: Shutting down and abandoning module AndroidPlatformEditor (670)
[2021.04.13-17.52.43:233][706]LogModuleManager: Shutting down and abandoning module AndroidDeviceDetection (669)
