Log file open, 04/15/21 15:03:47
LogInit: Display: Running engine for game: TowerDefence
LogPlatformFile: Not using cached read wrapper
LogTaskGraph: Started task graph with 5 named threads and 35 total threads with 3 sets of task threads.
LogStats: Stats thread started at 0.326654
LogD3D11RHI: Loaded GFSDK_Aftermath_Lib.x64.dll
LogICUInternationalization: ICU TimeZone Detection - Raw Offset: -5:00, Platform Override: ''
LogPluginManager: Mounting plugin Paper2D
LogPluginManager: Mounting plugin AISupport
LogPluginManager: Mounting plugin LightPropagationVolume
LogPluginManager: Mounting plugin CameraShakePreviewer
LogPluginManager: Mounting plugin ActorLayerUtilities
LogPluginManager: Mounting plugin AnimationSharing
LogPluginManager: Mounting plugin CLionSourceCodeAccess
LogPluginManager: Mounting plugin CodeLiteSourceCodeAccess
LogPluginManager: Mounting plugin GitSourceControl
LogPluginManager: Mounting plugin KDevelopSourceCodeAccess
LogPluginManager: Mounting plugin NullSourceCodeAccess
LogPluginManager: Mounting plugin PerforceSourceControl
LogPluginManager: Mounting plugin PlasticSourceControl
LogPluginManager: Mounting plugin RiderSourceCodeAccess
LogPluginManager: Mounting plugin SubversionSourceControl
LogPluginManager: Mounting plugin UObjectPlugin
LogPluginManager: Mounting plugin VisualStudioCodeSourceCodeAccess
LogPluginManager: Mounting plugin VisualStudioSourceCodeAccess
LogPluginManager: Mounting plugin XCodeSourceCodeAccess
LogPluginManager: Mounting plugin AssetManagerEditor
LogPluginManager: Mounting plugin CryptoKeys
LogPluginManager: Mounting plugin CurveEditorTools
LogPluginManager: Mounting plugin DataValidation
LogPluginManager: Mounting plugin EditorScriptingUtilities
LogPluginManager: Mounting plugin FacialAnimation
LogPluginManager: Mounting plugin GameplayTagsEditor
LogPluginManager: Mounting plugin GeometryMode
LogPluginManager: Mounting plugin MacGraphicsSwitching
LogPluginManager: Mounting plugin MaterialAnalyzer
LogPluginManager: Mounting plugin MobileLauncherProfileWizard
LogPluginManager: Mounting plugin PluginBrowser
LogPluginManager: Mounting plugin SpeedTreeImporter
LogPluginManager: Mounting plugin DatasmithContent
LogPluginManager: Mounting plugin VariantManagerContent
LogPluginManager: Mounting plugin AlembicImporter
LogPluginManager: Mounting plugin AutomationUtils
LogPluginManager: Mounting plugin BackChannel
LogPluginManager: Mounting plugin ChaosCloth
LogPluginManager: Mounting plugin ChaosClothEditor
LogPluginManager: Mounting plugin ChaosEditor
LogPluginManager: Mounting plugin ChaosNiagara
LogPluginManager: Mounting plugin ChaosSolverPlugin
LogPluginManager: Mounting plugin CharacterAI
LogPluginManager: Mounting plugin GeometryCache
LogPluginManager: Mounting plugin GeometryCollectionPlugin
LogPluginManager: Mounting plugin GeometryProcessing
LogPluginManager: Mounting plugin PlanarCut
LogPluginManager: Mounting plugin PlatformCrypto
LogPluginManager: Mounting plugin ProxyLODPlugin
LogPluginManager: Mounting plugin SkeletalReduction
LogPluginManager: Mounting plugin Niagara
LogPluginManager: Mounting plugin MagicLeap
LogPluginManager: Mounting plugin MagicLeapLightEstimation
LogPluginManager: Mounting plugin MagicLeapMedia
LogPluginManager: Mounting plugin MagicLeapPassableWorld
LogPluginManager: Mounting plugin MLSDK
LogPluginManager: Mounting plugin AndroidMedia
LogPluginManager: Mounting plugin AvfMedia
LogPluginManager: Mounting plugin ImgMedia
LogPluginManager: Mounting plugin MediaCompositing
LogPluginManager: Mounting plugin MediaPlayerEditor
LogPluginManager: Mounting plugin WebMMedia
LogPluginManager: Mounting plugin WmfMedia
LogPluginManager: Mounting plugin MeshPainting
LogPluginManager: Mounting plugin TcpMessaging
LogPluginManager: Mounting plugin UdpMessaging
LogPluginManager: Mounting plugin ActorSequence
LogPluginManager: Mounting plugin LevelSequenceEditor
LogPluginManager: Mounting plugin MatineeToLevelSequence
LogPluginManager: Mounting plugin MovieRenderPipeline
LogPluginManager: Mounting plugin TemplateSequence
LogPluginManager: Mounting plugin NetcodeUnitTest
LogPluginManager: Mounting plugin NUTUnrealEngine4
LogPluginManager: Mounting plugin OnlineSubsystemGooglePlay
LogPluginManager: Mounting plugin OnlineSubsystemIOS
LogPluginManager: Mounting plugin OnlineSubsystem
LogPluginManager: Mounting plugin OnlineSubsystemNull
LogPluginManager: Mounting plugin OnlineSubsystemUtils
LogPluginManager: Mounting plugin LauncherChunkInstaller
LogPluginManager: Mounting plugin AndroidDeviceProfileSelector
LogPluginManager: Mounting plugin AndroidMoviePlayer
LogPluginManager: Mounting plugin AndroidPermission
LogPluginManager: Mounting plugin AppleImageUtils
LogPluginManager: Mounting plugin AppleMoviePlayer
LogPluginManager: Mounting plugin ArchVisCharacter
LogPluginManager: Mounting plugin AssetTags
LogPluginManager: Mounting plugin AudioCapture
LogPluginManager: Mounting plugin CableComponent
LogPluginManager: Mounting plugin CustomMeshComponent
LogPluginManager: Mounting plugin EditableMesh
LogPluginManager: Mounting plugin ExampleDeviceProfileSelector
LogPluginManager: Mounting plugin GoogleCloudMessaging
LogPluginManager: Mounting plugin GooglePAD
LogPluginManager: Mounting plugin IOSDeviceProfileSelector
LogPluginManager: Mounting plugin LinuxDeviceProfileSelector
LogPluginManager: Mounting plugin LocationServicesBPLibrary
LogPluginManager: Mounting plugin MobilePatchingUtils
LogPluginManager: Mounting plugin OculusVR
LogPluginManager: Mounting plugin PhysXVehicles
LogPluginManager: Mounting plugin PostSplashScreen
LogPluginManager: Mounting plugin ProceduralMeshComponent
LogPluginManager: Mounting plugin RuntimePhysXCooking
LogPluginManager: Mounting plugin SignificanceManager
LogPluginManager: Mounting plugin SoundFields
LogPluginManager: Mounting plugin SteamVR
LogPluginManager: Mounting plugin Synthesis
LogPluginManager: Mounting plugin WebMMoviePlayer
LogPluginManager: Mounting plugin WindowsMoviePlayer
LogPluginManager: Mounting plugin ScreenshotTools
LogInit: Using libcurl 7.55.1-DEV
LogInit:  - built for x86_64-pc-win32
LogInit:  - supports SSL with OpenSSL/1.1.1
LogInit:  - supports HTTP deflate (compression) using libz 1.2.8
LogInit:  - other features:
LogInit:      CURL_VERSION_SSL
LogInit:      CURL_VERSION_LIBZ
LogInit:      CURL_VERSION_IPV6
LogInit:      CURL_VERSION_ASYNCHDNS
LogInit:      CURL_VERSION_LARGEFILE
LogInit:      CURL_VERSION_IDN
LogInit:  CurlRequestOptions (configurable via config and command line):
LogInit:  - bVerifyPeer = true  - Libcurl will verify peer certificate
LogInit:  - bUseHttpProxy = false  - Libcurl will NOT use HTTP proxy
LogInit:  - bDontReuseConnections = false  - Libcurl will reuse connections
LogInit:  - MaxHostConnections = 16  - Libcurl will limit the number of connections to a host
LogInit:  - LocalHostAddr = Default
LogInit:  - BufferSize = 65536
LogOnline: OSS: Creating online subsystem instance for: NULL
LogInit: WinSock: version 1.1 (2.2), MaxSocks=32767, MaxUdp=65467
LogOnline: OSS: TryLoadSubsystemAndSetDefault: Loaded subsystem for module [NULL]
LogInit: Build: ++UE4+Release-4.25-CL-13942748
LogInit: Engine Version: 4.25.3-13942748+++UE4+Release-4.25
LogInit: Compatible Engine Version: 4.25.0-13144385+++UE4+Release-4.25
LogInit: Net CL: 13144385
LogInit: OS: Windows 10 (Release 2009) (), CPU: Intel(R) Core(TM) i7-8750H CPU @ 2.20GHz, GPU: Intel(R) UHD Graphics 630
LogInit: Compiled (64-bit): Jul 25 2020 02:07:48
LogInit: Compiled with Visual C++: 19.24.28315.00
LogInit: Build Configuration: Development
LogInit: Branch Name: ++UE4+Release-4.25
LogInit: Command Line:  -skipcompile
LogInit: Base Directory: D:/Epic Games Files/UE_4.25/Engine/Binaries/Win64/
LogInit: Allocator: TBB
LogInit: Installed Engine Build: 1
LogDevObjectVersion: Number of dev versions registered: 26
LogDevObjectVersion:   Dev-Blueprints (B0D832E4-1F89-4F0D-ACCF-7EB736FD4AA2): 10
LogDevObjectVersion:   Dev-Build (E1C64328-A22C-4D53-A36C-8E866417BD8C): 0
LogDevObjectVersion:   Dev-Core (375EC13C-06E4-48FB-B500-84F0262A717E): 4
LogDevObjectVersion:   Dev-Editor (E4B068ED-F494-42E9-A231-DA0B2E46BB41): 38
LogDevObjectVersion:   Dev-Framework (CFFC743F-43B0-4480-9391-14DF171D2073): 37
LogDevObjectVersion:   Dev-Mobile (B02B49B5-BB20-44E9-A304-32B752E40360): 2
LogDevObjectVersion:   Dev-Networking (A4E4105C-59A1-49B5-A7C5-40C4547EDFEE): 0
LogDevObjectVersion:   Dev-Online (39C831C9-5AE6-47DC-9A44-9C173E1C8E7C): 0
LogDevObjectVersion:   Dev-Physics (78F01B33-EBEA-4F98-B9B4-84EACCB95AA2): 4
LogDevObjectVersion:   Dev-Platform (6631380F-2D4D-43E0-8009-CF276956A95A): 0
LogDevObjectVersion:   Dev-Rendering (12F88B9F-8875-4AFC-A67C-D90C383ABD29): 43
LogDevObjectVersion:   Dev-Sequencer (7B5AE74C-D270-4C10-A958-57980B212A5A): 12
LogDevObjectVersion:   Dev-VR (D7296918-1DD6-4BDD-9DE2-64A83CC13884): 3
LogDevObjectVersion:   Dev-LoadTimes (C2A15278-BFE7-4AFE-6C17-90FF531DF755): 1
LogDevObjectVersion:   Private-Geometry (6EACA3D4-40EC-4CC1-B786-8BED09428FC5): 3
LogDevObjectVersion:   Dev-AnimPhys (29E575DD-E0A3-4627-9D10-D276232CDCEA): 17
LogDevObjectVersion:   Dev-Anim (AF43A65D-7FD3-4947-9873-3E8ED9C1BB05): 7
LogDevObjectVersion:   Dev-ReflectionCapture (6B266CEC-1EC7-4B8F-A30B-E4D90942FC07): 1
LogDevObjectVersion:   Dev-Automation (0DF73D61-A23F-47EA-B727-89E90C41499A): 1
LogDevObjectVersion:   FortniteMain (601D1886-AC64-4F84-AA16-D3DE0DEAC7D6): 31
LogDevObjectVersion:   Dev-Enterprise (9DFFBCD6-494F-0158-E221-12823C92A888): 10
LogDevObjectVersion:   Dev-Niagara (F2AED0AC-9AFE-416F-8664-AA7FFA26D6FC): 1
LogDevObjectVersion:   Dev-Destruction (174F1F0B-B4C6-45A5-B13F-2EE8D0FB917D): 10
LogDevObjectVersion:   Dev-Physics-Ext (35F94A83-E258-406C-A318-09F59610247C): 37
LogDevObjectVersion:   Dev-PhysicsMaterial-Chaos (B68FC16E-8B1B-42E2-B453-215C058844FE): 1
LogDevObjectVersion:   Dev-CineCamera (B2E18506-4273-CFC2-A54E-F4BB758BBA07): 1
LogInit: Presizing for max 25165824 objects, including 0 objects not considered by GC, pre-allocating 0 bytes for permanent pool.
LogConfig: Applying CVar settings from Section [/Script/Engine.StreamingSettings] File [C:/Users/sethg/Desktop/High Level Development II/W21_GAM1528_NoNameYet/TowerDefence/Saved/Config/Windows/Engine.ini]
LogConfig: Setting CVar [[s.MinBulkDataSizeForAsyncLoading:131072]]
LogConfig: Setting CVar [[s.AsyncLoadingThreadEnabled:0]]
LogConfig: Setting CVar [[s.EventDrivenLoaderEnabled:1]]
LogConfig: Setting CVar [[s.WarnIfTimeLimitExceeded:0]]
LogConfig: Setting CVar [[s.TimeLimitExceededMultiplier:1.5]]
LogConfig: Setting CVar [[s.TimeLimitExceededMinTime:0.005]]
LogConfig: Setting CVar [[s.UseBackgroundLevelStreaming:1]]
LogConfig: Setting CVar [[s.PriorityAsyncLoadingExtraTime:15.0]]
LogConfig: Setting CVar [[s.LevelStreamingActorsUpdateTimeLimit:5.0]]
LogConfig: Setting CVar [[s.PriorityLevelStreamingActorsUpdateExtraTime:5.0]]
LogConfig: Setting CVar [[s.LevelStreamingComponentsRegistrationGranularity:10]]
LogConfig: Setting CVar [[s.UnregisterComponentsTimeLimit:1.0]]
LogConfig: Setting CVar [[s.LevelStreamingComponentsUnregistrationGranularity:5]]
LogConfig: Setting CVar [[s.FlushStreamingOnExit:1]]
LogInit: Object subsystem initialized
LogConfig: Setting CVar [[con.DebugEarlyDefault:1]]
LogConfig: Setting CVar [[r.setres:1280x720]]
[2021.04.15-19.03.48:102][  0]LogConfig: Setting CVar [[r.VSync:0]]
[2021.04.15-19.03.48:102][  0]LogConfig: Setting CVar [[r.RHICmdBypass:0]]
[2021.04.15-19.03.48:102][  0]LogConfig: Applying CVar settings from Section [/Script/Engine.RendererSettings] File [C:/Users/sethg/Desktop/High Level Development II/W21_GAM1528_NoNameYet/TowerDefence/Saved/Config/Windows/Engine.ini]
[2021.04.15-19.03.48:102][  0]LogConfig: Setting CVar [[r.GPUCrashDebugging:0]]
[2021.04.15-19.03.48:102][  0]LogConfig: Applying CVar settings from Section [/Script/Engine.RendererOverrideSettings] File [C:/Users/sethg/Desktop/High Level Development II/W21_GAM1528_NoNameYet/TowerDefence/Saved/Config/Windows/Engine.ini]
[2021.04.15-19.03.48:102][  0]LogConfig: Applying CVar settings from Section [/Script/Engine.StreamingSettings] File [C:/Users/sethg/Desktop/High Level Development II/W21_GAM1528_NoNameYet/TowerDefence/Saved/Config/Windows/Engine.ini]
[2021.04.15-19.03.48:103][  0]LogConfig: Setting CVar [[s.MinBulkDataSizeForAsyncLoading:131072]]
[2021.04.15-19.03.48:103][  0]LogConfig: Setting CVar [[s.AsyncLoadingThreadEnabled:0]]
[2021.04.15-19.03.48:103][  0]LogConfig: Setting CVar [[s.EventDrivenLoaderEnabled:1]]
[2021.04.15-19.03.48:103][  0]LogConfig: Setting CVar [[s.WarnIfTimeLimitExceeded:0]]
[2021.04.15-19.03.48:103][  0]LogConfig: Setting CVar [[s.TimeLimitExceededMultiplier:1.5]]
[2021.04.15-19.03.48:103][  0]LogConfig: Setting CVar [[s.TimeLimitExceededMinTime:0.005]]
[2021.04.15-19.03.48:103][  0]LogConfig: Setting CVar [[s.UseBackgroundLevelStreaming:1]]
[2021.04.15-19.03.48:103][  0]LogConfig: Setting CVar [[s.PriorityAsyncLoadingExtraTime:15.0]]
[2021.04.15-19.03.48:103][  0]LogConfig: Setting CVar [[s.LevelStreamingActorsUpdateTimeLimit:5.0]]
[2021.04.15-19.03.48:103][  0]LogConfig: Setting CVar [[s.PriorityLevelStreamingActorsUpdateExtraTime:5.0]]
[2021.04.15-19.03.48:103][  0]LogConfig: Setting CVar [[s.LevelStreamingComponentsRegistrationGranularity:10]]
[2021.04.15-19.03.48:103][  0]LogConfig: Setting CVar [[s.UnregisterComponentsTimeLimit:1.0]]
[2021.04.15-19.03.48:103][  0]LogConfig: Setting CVar [[s.LevelStreamingComponentsUnregistrationGranularity:5]]
[2021.04.15-19.03.48:103][  0]LogConfig: Setting CVar [[s.FlushStreamingOnExit:1]]
[2021.04.15-19.03.48:103][  0]LogConfig: Applying CVar settings from Section [/Script/Engine.GarbageCollectionSettings] File [C:/Users/sethg/Desktop/High Level Development II/W21_GAM1528_NoNameYet/TowerDefence/Saved/Config/Windows/Engine.ini]
[2021.04.15-19.03.48:103][  0]LogConfig: Setting CVar [[gc.MaxObjectsNotConsideredByGC:1]]
[2021.04.15-19.03.48:103][  0]LogConfig: Setting CVar [[gc.SizeOfPermanentObjectPool:0]]
[2021.04.15-19.03.48:103][  0]LogConfig: Setting CVar [[gc.FlushStreamingOnGC:0]]
[2021.04.15-19.03.48:103][  0]LogConfig: Setting CVar [[gc.NumRetriesBeforeForcingGC:10]]
[2021.04.15-19.03.48:103][  0]LogConfig: Setting CVar [[gc.AllowParallelGC:1]]
[2021.04.15-19.03.48:104][  0]LogConfig: Setting CVar [[gc.TimeBetweenPurgingPendingKillObjects:61.1]]
[2021.04.15-19.03.48:104][  0]LogConfig: Setting CVar [[gc.MaxObjectsInEditor:25165824]]
[2021.04.15-19.03.48:104][  0]LogConfig: Setting CVar [[gc.IncrementalBeginDestroyEnabled:1]]
[2021.04.15-19.03.48:104][  0]LogConfig: Setting CVar [[gc.CreateGCClusters:1]]
[2021.04.15-19.03.48:104][  0]LogConfig: Setting CVar [[gc.MinGCClusterSize:5]]
[2021.04.15-19.03.48:104][  0]LogConfig: Setting CVar [[gc.ActorClusteringEnabled:0]]
[2021.04.15-19.03.48:104][  0]LogConfig: Setting CVar [[gc.BlueprintClusteringEnabled:0]]
[2021.04.15-19.03.48:104][  0]LogConfig: Setting CVar [[gc.UseDisregardForGCOnDedicatedServers:0]]
[2021.04.15-19.03.48:104][  0]LogConfig: Applying CVar settings from Section [/Script/Engine.NetworkSettings] File [C:/Users/sethg/Desktop/High Level Development II/W21_GAM1528_NoNameYet/TowerDefence/Saved/Config/Windows/Engine.ini]
[2021.04.15-19.03.48:104][  0]LogConfig: Applying CVar settings from Section [/Script/UnrealEd.CookerSettings] File [C:/Users/sethg/Desktop/High Level Development II/W21_GAM1528_NoNameYet/TowerDefence/Saved/Config/Windows/Engine.ini]
[2021.04.15-19.03.48:110][  0]LogConfig: Applying CVar settings from Section [ViewDistanceQuality@3] File [C:/Users/sethg/Desktop/High Level Development II/W21_GAM1528_NoNameYet/TowerDefence/Saved/Config/Windows/Scalability.ini]
[2021.04.15-19.03.48:110][  0]LogConfig: Setting CVar [[r.SkeletalMeshLODBias:0]]
[2021.04.15-19.03.48:110][  0]LogConfig: Setting CVar [[r.ViewDistanceScale:1.0]]
[2021.04.15-19.03.48:111][  0]LogConfig: Applying CVar settings from Section [AntiAliasingQuality@3] File [C:/Users/sethg/Desktop/High Level Development II/W21_GAM1528_NoNameYet/TowerDefence/Saved/Config/Windows/Scalability.ini]
[2021.04.15-19.03.48:111][  0]LogConfig: Setting CVar [[r.PostProcessAAQuality:4]]
[2021.04.15-19.03.48:111][  0]LogConfig: Applying CVar settings from Section [ShadowQuality@3] File [C:/Users/sethg/Desktop/High Level Development II/W21_GAM1528_NoNameYet/TowerDefence/Saved/Config/Windows/Scalability.ini]
[2021.04.15-19.03.48:111][  0]LogConfig: Setting CVar [[r.LightFunctionQuality:1]]
[2021.04.15-19.03.48:111][  0]LogConfig: Setting CVar [[r.ShadowQuality:5]]
[2021.04.15-19.03.48:111][  0]LogConfig: Setting CVar [[r.Shadow.CSM.MaxCascades:10]]
[2021.04.15-19.03.48:111][  0]LogConfig: Setting CVar [[r.Shadow.MaxResolution:2048]]
[2021.04.15-19.03.48:111][  0]LogConfig: Setting CVar [[r.Shadow.MaxCSMResolution:2048]]
[2021.04.15-19.03.48:111][  0]LogConfig: Setting CVar [[r.Shadow.RadiusThreshold:0.01]]
[2021.04.15-19.03.48:111][  0]LogConfig: Setting CVar [[r.Shadow.DistanceScale:1.0]]
[2021.04.15-19.03.48:111][  0]LogConfig: Setting CVar [[r.Shadow.CSM.TransitionScale:1.0]]
[2021.04.15-19.03.48:111][  0]LogConfig: Setting CVar [[r.Shadow.PreShadowResolutionFactor:1.0]]
[2021.04.15-19.03.48:111][  0]LogConfig: Setting CVar [[r.DistanceFieldShadowing:1]]
[2021.04.15-19.03.48:111][  0]LogConfig: Setting CVar [[r.DistanceFieldAO:1]]
[2021.04.15-19.03.48:111][  0]LogConfig: Setting CVar [[r.AOQuality:2]]
[2021.04.15-19.03.48:111][  0]LogConfig: Setting CVar [[r.VolumetricFog:1]]
[2021.04.15-19.03.48:111][  0]LogConfig: Setting CVar [[r.VolumetricFog.GridPixelSize:8]]
[2021.04.15-19.03.48:111][  0]LogConfig: Setting CVar [[r.VolumetricFog.GridSizeZ:128]]
[2021.04.15-19.03.48:111][  0]LogConfig: Setting CVar [[r.VolumetricFog.HistoryMissSupersampleCount:4]]
[2021.04.15-19.03.48:112][  0]LogConfig: Setting CVar [[r.LightMaxDrawDistanceScale:1]]
[2021.04.15-19.03.48:112][  0]LogConfig: Setting CVar [[r.CapsuleShadows:1]]
[2021.04.15-19.03.48:112][  0]LogConfig: Applying CVar settings from Section [PostProcessQuality@3] File [C:/Users/sethg/Desktop/High Level Development II/W21_GAM1528_NoNameYet/TowerDefence/Saved/Config/Windows/Scalability.ini]
[2021.04.15-19.03.48:112][  0]LogConfig: Setting CVar [[r.MotionBlurQuality:4]]
[2021.04.15-19.03.48:112][  0]LogConfig: Setting CVar [[r.AmbientOcclusionMipLevelFactor:0.4]]
[2021.04.15-19.03.48:112][  0]LogConfig: Setting CVar [[r.AmbientOcclusionMaxQuality:100]]
[2021.04.15-19.03.48:112][  0]LogConfig: Setting CVar [[r.AmbientOcclusionLevels:-1]]
[2021.04.15-19.03.48:112][  0]LogConfig: Setting CVar [[r.AmbientOcclusionRadiusScale:1.0]]
[2021.04.15-19.03.48:112][  0]LogConfig: Setting CVar [[r.DepthOfFieldQuality:2]]
[2021.04.15-19.03.48:112][  0]LogConfig: Setting CVar [[r.RenderTargetPoolMin:400]]
[2021.04.15-19.03.48:112][  0]LogConfig: Setting CVar [[r.LensFlareQuality:2]]
[2021.04.15-19.03.48:112][  0]LogConfig: Setting CVar [[r.SceneColorFringeQuality:1]]
[2021.04.15-19.03.48:112][  0]LogConfig: Setting CVar [[r.EyeAdaptationQuality:2]]
[2021.04.15-19.03.48:112][  0]LogConfig: Setting CVar [[r.BloomQuality:5]]
[2021.04.15-19.03.48:112][  0]LogConfig: Setting CVar [[r.FastBlurThreshold:100]]
[2021.04.15-19.03.48:112][  0]LogConfig: Setting CVar [[r.Upscale.Quality:3]]
[2021.04.15-19.03.48:112][  0]LogConfig: Setting CVar [[r.Tonemapper.GrainQuantization:1]]
[2021.04.15-19.03.48:112][  0]LogConfig: Setting CVar [[r.LightShaftQuality:1]]
[2021.04.15-19.03.48:113][  0]LogConfig: Setting CVar [[r.Filter.SizeScale:1]]
[2021.04.15-19.03.48:113][  0]LogConfig: Setting CVar [[r.Tonemapper.Quality:5]]
[2021.04.15-19.03.48:113][  0]LogConfig: Setting CVar [[r.DOF.Gather.AccumulatorQuality:1        ; higher gathering accumulator quality]]
[2021.04.15-19.03.48:113][  0]LogConfig: Setting CVar [[r.DOF.Gather.PostfilterMethod:1          ; Median3x3 postfilering method]]
[2021.04.15-19.03.48:113][  0]LogConfig: Setting CVar [[r.DOF.Gather.EnableBokehSettings:0       ; no bokeh simulation when gathering]]
[2021.04.15-19.03.48:113][  0]LogConfig: Setting CVar [[r.DOF.Gather.RingCount:4                 ; medium number of samples when gathering]]
[2021.04.15-19.03.48:113][  0]LogConfig: Setting CVar [[r.DOF.Scatter.ForegroundCompositing:1    ; additive foreground scattering]]
[2021.04.15-19.03.48:113][  0]LogConfig: Setting CVar [[r.DOF.Scatter.BackgroundCompositing:2    ; additive background scattering]]
[2021.04.15-19.03.48:113][  0]LogConfig: Setting CVar [[r.DOF.Scatter.EnableBokehSettings:1      ; bokeh simulation when scattering]]
[2021.04.15-19.03.48:113][  0]LogConfig: Setting CVar [[r.DOF.Scatter.MaxSpriteRatio:0.1         ; only a maximum of 10% of scattered bokeh]]
[2021.04.15-19.03.48:113][  0]LogConfig: Setting CVar [[r.DOF.Recombine.Quality:1                ; cheap slight out of focus]]
[2021.04.15-19.03.48:113][  0]LogConfig: Setting CVar [[r.DOF.Recombine.EnableBokehSettings:0    ; no bokeh simulation on slight out of focus]]
[2021.04.15-19.03.48:113][  0]LogConfig: Setting CVar [[r.DOF.TemporalAAQuality:1                ; more stable temporal accumulation]]
[2021.04.15-19.03.48:113][  0]LogConfig: Setting CVar [[r.DOF.Kernel.MaxForegroundRadius:0.025]]
[2021.04.15-19.03.48:113][  0]LogConfig: Setting CVar [[r.DOF.Kernel.MaxBackgroundRadius:0.025]]
[2021.04.15-19.03.48:113][  0]LogConfig: Applying CVar settings from Section [TextureQuality@3] File [C:/Users/sethg/Desktop/High Level Development II/W21_GAM1528_NoNameYet/TowerDefence/Saved/Config/Windows/Scalability.ini]
[2021.04.15-19.03.48:113][  0]LogConfig: Setting CVar [[r.Streaming.MipBias:0]]
[2021.04.15-19.03.48:113][  0]LogConfig: Setting CVar [[r.Streaming.AmortizeCPUToGPUCopy:0]]
[2021.04.15-19.03.48:114][  0]LogConfig: Setting CVar [[r.Streaming.MaxNumTexturesToStreamPerFrame:0]]
[2021.04.15-19.03.48:114][  0]LogConfig: Setting CVar [[r.Streaming.Boost:1]]
[2021.04.15-19.03.48:114][  0]LogConfig: Setting CVar [[r.MaxAnisotropy:8]]
[2021.04.15-19.03.48:114][  0]LogConfig: Setting CVar [[r.VT.MaxAnisotropy:8]]
[2021.04.15-19.03.48:114][  0]LogConfig: Setting CVar [[r.Streaming.LimitPoolSizeToVRAM:0]]
[2021.04.15-19.03.48:114][  0]LogConfig: Setting CVar [[r.Streaming.PoolSize:1000]]
[2021.04.15-19.03.48:114][  0]LogConfig: Setting CVar [[r.Streaming.MaxEffectiveScreenSize:0]]
[2021.04.15-19.03.48:114][  0]LogConfig: Applying CVar settings from Section [EffectsQuality@3] File [C:/Users/sethg/Desktop/High Level Development II/W21_GAM1528_NoNameYet/TowerDefence/Saved/Config/Windows/Scalability.ini]
[2021.04.15-19.03.48:114][  0]LogConfig: Setting CVar [[r.TranslucencyLightingVolumeDim:64]]
[2021.04.15-19.03.48:114][  0]LogConfig: Setting CVar [[r.RefractionQuality:2]]
[2021.04.15-19.03.48:114][  0]LogConfig: Setting CVar [[r.SSR.Quality:3]]
[2021.04.15-19.03.48:114][  0]LogConfig: Setting CVar [[r.SSR.HalfResSceneColor:0]]
[2021.04.15-19.03.48:114][  0]LogConfig: Setting CVar [[r.SceneColorFormat:4]]
[2021.04.15-19.03.48:114][  0]LogConfig: Setting CVar [[r.DetailMode:2]]
[2021.04.15-19.03.48:114][  0]LogConfig: Setting CVar [[r.TranslucencyVolumeBlur:1]]
[2021.04.15-19.03.48:114][  0]LogConfig: Setting CVar [[r.MaterialQualityLevel:1 ; High quality]]
[2021.04.15-19.03.48:114][  0]LogConfig: Setting CVar [[r.SSS.Scale:1]]
[2021.04.15-19.03.48:114][  0]LogConfig: Setting CVar [[r.SSS.SampleSet:2]]
[2021.04.15-19.03.48:114][  0]LogConfig: Setting CVar [[r.SSS.Quality:1]]
[2021.04.15-19.03.48:115][  0]LogConfig: Setting CVar [[r.SSS.HalfRes:0]]
[2021.04.15-19.03.48:115][  0]LogConfig: Setting CVar [[r.SSGI.Quality:3]]
[2021.04.15-19.03.48:115][  0]LogConfig: Setting CVar [[r.EmitterSpawnRateScale:1.0]]
[2021.04.15-19.03.48:115][  0]LogConfig: Setting CVar [[r.ParticleLightQuality:2]]
[2021.04.15-19.03.48:115][  0]LogConfig: Setting CVar [[r.SkyAtmosphere.AerialPerspectiveLUT.FastApplyOnOpaque:1 ; Always have FastSkyLUT 1 in this case to avoid wrong sky]]
[2021.04.15-19.03.48:115][  0]LogConfig: Setting CVar [[r.SkyAtmosphere.AerialPerspectiveLUT.SampleCountPerSlice:1]]
[2021.04.15-19.03.48:115][  0]LogConfig: Setting CVar [[r.SkyAtmosphere.AerialPerspectiveLUT.DepthResolution:16.0]]
[2021.04.15-19.03.48:115][  0]LogConfig: Setting CVar [[r.SkyAtmosphere.FastSkyLUT:1]]
[2021.04.15-19.03.48:115][  0]LogConfig: Setting CVar [[r.SkyAtmosphere.FastSkyLUT.SampleCountMin:4.0]]
[2021.04.15-19.03.48:115][  0]LogConfig: Setting CVar [[r.SkyAtmosphere.FastSkyLUT.SampleCountMax:32.0]]
[2021.04.15-19.03.48:115][  0]LogConfig: Setting CVar [[r.SkyAtmosphere.SampleCountMin:4.0]]
[2021.04.15-19.03.48:115][  0]LogConfig: Setting CVar [[r.SkyAtmosphere.SampleCountMax:32.0]]
[2021.04.15-19.03.48:115][  0]LogConfig: Setting CVar [[r.SkyAtmosphere.TransmittanceLUT.UseSmallFormat:0]]
[2021.04.15-19.03.48:115][  0]LogConfig: Setting CVar [[r.SkyAtmosphere.TransmittanceLUT.SampleCount:10.0]]
[2021.04.15-19.03.48:115][  0]LogConfig: Setting CVar [[r.SkyAtmosphere.MultiScatteringLUT.SampleCount:15.0]]
[2021.04.15-19.03.48:115][  0]LogConfig: Applying CVar settings from Section [FoliageQuality@3] File [C:/Users/sethg/Desktop/High Level Development II/W21_GAM1528_NoNameYet/TowerDefence/Saved/Config/Windows/Scalability.ini]
[2021.04.15-19.03.48:115][  0]LogConfig: Setting CVar [[foliage.DensityScale:1.0]]
[2021.04.15-19.03.48:116][  0]LogConfig: Setting CVar [[grass.DensityScale:1.0]]
[2021.04.15-19.03.48:116][  0]LogConfig: Applying CVar settings from Section [ShadingQuality@3] File [C:/Users/sethg/Desktop/High Level Development II/W21_GAM1528_NoNameYet/TowerDefence/Saved/Config/Windows/Scalability.ini]
[2021.04.15-19.03.48:116][  0]LogConfig: Setting CVar [[r.HairStrands.SkyLighting.SampleCount:16]]
[2021.04.15-19.03.48:116][  0]LogConfig: Setting CVar [[r.HairStrands.SkyLighting.JitterIntegration:0]]
[2021.04.15-19.03.48:116][  0]LogConfig: Setting CVar [[r.HairStrands.SkyAO.SampleCount:16]]
[2021.04.15-19.03.48:116][  0]LogConfig: Setting CVar [[r.HairStrands.DeepShadow.SuperSampling:0]]
[2021.04.15-19.03.48:116][  0]LogConfig: Setting CVar [[r.HairStrands.VisibilityPPLL:0]]
[2021.04.15-19.03.48:116][  0]LogConfig: Setting CVar [[r.HairStrands.RasterizationScale:0.5]]
[2021.04.15-19.03.48:116][  0]LogConfig: Setting CVar [[r.HairStrands.VelocityRasterizationScale:1]]
[2021.04.15-19.03.48:116][  0]LogInit: Selected Device Profile: [Windows]
[2021.04.15-19.03.48:116][  0]LogInit: Applying CVar settings loaded from the selected device profile: [Windows]
[2021.04.15-19.03.48:116][  0]LogHAL: Display: Platform has ~ 16 GB [17023397888 / 17179869184 / 16], which maps to Larger [LargestMinGB=32, LargerMinGB=12, DefaultMinGB=8, SmallerMinGB=6, SmallestMinGB=0)
[2021.04.15-19.03.48:116][  0]LogInit: Going up to parent DeviceProfile []
[2021.04.15-19.03.48:116][  0]LogConfig: Applying CVar settings from Section [ViewDistanceQuality@3] File [C:/Users/sethg/Desktop/High Level Development II/W21_GAM1528_NoNameYet/TowerDefence/Saved/Config/Windows/Scalability.ini]
[2021.04.15-19.03.48:116][  0]LogConfig: Setting CVar [[r.SkeletalMeshLODBias:0]]
[2021.04.15-19.03.48:116][  0]LogConfig: Setting CVar [[r.ViewDistanceScale:1.0]]
[2021.04.15-19.03.48:116][  0]LogConfig: Applying CVar settings from Section [AntiAliasingQuality@3] File [C:/Users/sethg/Desktop/High Level Development II/W21_GAM1528_NoNameYet/TowerDefence/Saved/Config/Windows/Scalability.ini]
[2021.04.15-19.03.48:117][  0]LogConfig: Setting CVar [[r.PostProcessAAQuality:4]]
[2021.04.15-19.03.48:117][  0]LogConfig: Applying CVar settings from Section [ShadowQuality@3] File [C:/Users/sethg/Desktop/High Level Development II/W21_GAM1528_NoNameYet/TowerDefence/Saved/Config/Windows/Scalability.ini]
[2021.04.15-19.03.48:117][  0]LogConfig: Setting CVar [[r.LightFunctionQuality:1]]
[2021.04.15-19.03.48:117][  0]LogConfig: Setting CVar [[r.ShadowQuality:5]]
[2021.04.15-19.03.48:117][  0]LogConfig: Setting CVar [[r.Shadow.CSM.MaxCascades:10]]
[2021.04.15-19.03.48:117][  0]LogConfig: Setting CVar [[r.Shadow.MaxResolution:2048]]
[2021.04.15-19.03.48:117][  0]LogConfig: Setting CVar [[r.Shadow.MaxCSMResolution:2048]]
[2021.04.15-19.03.48:117][  0]LogConfig: Setting CVar [[r.Shadow.RadiusThreshold:0.01]]
[2021.04.15-19.03.48:117][  0]LogConfig: Setting CVar [[r.Shadow.DistanceScale:1.0]]
[2021.04.15-19.03.48:117][  0]LogConfig: Setting CVar [[r.Shadow.CSM.TransitionScale:1.0]]
[2021.04.15-19.03.48:117][  0]LogConfig: Setting CVar [[r.Shadow.PreShadowResolutionFactor:1.0]]
[2021.04.15-19.03.48:117][  0]LogConfig: Setting CVar [[r.DistanceFieldShadowing:1]]
[2021.04.15-19.03.48:117][  0]LogConfig: Setting CVar [[r.DistanceFieldAO:1]]
[2021.04.15-19.03.48:117][  0]LogConfig: Setting CVar [[r.AOQuality:2]]
[2021.04.15-19.03.48:117][  0]LogConfig: Setting CVar [[r.VolumetricFog:1]]
[2021.04.15-19.03.48:117][  0]LogConfig: Setting CVar [[r.VolumetricFog.GridPixelSize:8]]
[2021.04.15-19.03.48:117][  0]LogConfig: Setting CVar [[r.VolumetricFog.GridSizeZ:128]]
[2021.04.15-19.03.48:117][  0]LogConfig: Setting CVar [[r.VolumetricFog.HistoryMissSupersampleCount:4]]
[2021.04.15-19.03.48:118][  0]LogConfig: Setting CVar [[r.LightMaxDrawDistanceScale:1]]
[2021.04.15-19.03.48:118][  0]LogConfig: Setting CVar [[r.CapsuleShadows:1]]
[2021.04.15-19.03.48:118][  0]LogConfig: Applying CVar settings from Section [PostProcessQuality@3] File [C:/Users/sethg/Desktop/High Level Development II/W21_GAM1528_NoNameYet/TowerDefence/Saved/Config/Windows/Scalability.ini]
[2021.04.15-19.03.48:118][  0]LogConfig: Setting CVar [[r.MotionBlurQuality:4]]
[2021.04.15-19.03.48:118][  0]LogConfig: Setting CVar [[r.AmbientOcclusionMipLevelFactor:0.4]]
[2021.04.15-19.03.48:118][  0]LogConfig: Setting CVar [[r.AmbientOcclusionMaxQuality:100]]
[2021.04.15-19.03.48:118][  0]LogConfig: Setting CVar [[r.AmbientOcclusionLevels:-1]]
[2021.04.15-19.03.48:118][  0]LogConfig: Setting CVar [[r.AmbientOcclusionRadiusScale:1.0]]
[2021.04.15-19.03.48:118][  0]LogConfig: Setting CVar [[r.DepthOfFieldQuality:2]]
[2021.04.15-19.03.48:118][  0]LogConfig: Setting CVar [[r.RenderTargetPoolMin:400]]
[2021.04.15-19.03.48:118][  0]LogConfig: Setting CVar [[r.LensFlareQuality:2]]
[2021.04.15-19.03.48:118][  0]LogConfig: Setting CVar [[r.SceneColorFringeQuality:1]]
[2021.04.15-19.03.48:118][  0]LogConfig: Setting CVar [[r.EyeAdaptationQuality:2]]
[2021.04.15-19.03.48:118][  0]LogConfig: Setting CVar [[r.BloomQuality:5]]
[2021.04.15-19.03.48:118][  0]LogConfig: Setting CVar [[r.FastBlurThreshold:100]]
[2021.04.15-19.03.48:118][  0]LogConfig: Setting CVar [[r.Upscale.Quality:3]]
[2021.04.15-19.03.48:118][  0]LogConfig: Setting CVar [[r.Tonemapper.GrainQuantization:1]]
[2021.04.15-19.03.48:118][  0]LogConfig: Setting CVar [[r.LightShaftQuality:1]]
[2021.04.15-19.03.48:118][  0]LogConfig: Setting CVar [[r.Filter.SizeScale:1]]
[2021.04.15-19.03.48:118][  0]LogConfig: Setting CVar [[r.Tonemapper.Quality:5]]
[2021.04.15-19.03.48:119][  0]LogConfig: Setting CVar [[r.DOF.Gather.AccumulatorQuality:1        ; higher gathering accumulator quality]]
[2021.04.15-19.03.48:119][  0]LogConfig: Setting CVar [[r.DOF.Gather.PostfilterMethod:1          ; Median3x3 postfilering method]]
[2021.04.15-19.03.48:119][  0]LogConfig: Setting CVar [[r.DOF.Gather.EnableBokehSettings:0       ; no bokeh simulation when gathering]]
[2021.04.15-19.03.48:119][  0]LogConfig: Setting CVar [[r.DOF.Gather.RingCount:4                 ; medium number of samples when gathering]]
[2021.04.15-19.03.48:119][  0]LogConfig: Setting CVar [[r.DOF.Scatter.ForegroundCompositing:1    ; additive foreground scattering]]
[2021.04.15-19.03.48:119][  0]LogConfig: Setting CVar [[r.DOF.Scatter.BackgroundCompositing:2    ; additive background scattering]]
[2021.04.15-19.03.48:119][  0]LogConfig: Setting CVar [[r.DOF.Scatter.EnableBokehSettings:1      ; bokeh simulation when scattering]]
[2021.04.15-19.03.48:119][  0]LogConfig: Setting CVar [[r.DOF.Scatter.MaxSpriteRatio:0.1         ; only a maximum of 10% of scattered bokeh]]
[2021.04.15-19.03.48:119][  0]LogConfig: Setting CVar [[r.DOF.Recombine.Quality:1                ; cheap slight out of focus]]
[2021.04.15-19.03.48:119][  0]LogConfig: Setting CVar [[r.DOF.Recombine.EnableBokehSettings:0    ; no bokeh simulation on slight out of focus]]
[2021.04.15-19.03.48:119][  0]LogConfig: Setting CVar [[r.DOF.TemporalAAQuality:1                ; more stable temporal accumulation]]
[2021.04.15-19.03.48:119][  0]LogConfig: Setting CVar [[r.DOF.Kernel.MaxForegroundRadius:0.025]]
[2021.04.15-19.03.48:119][  0]LogConfig: Setting CVar [[r.DOF.Kernel.MaxBackgroundRadius:0.025]]
[2021.04.15-19.03.48:119][  0]LogConfig: Applying CVar settings from Section [TextureQuality@3] File [C:/Users/sethg/Desktop/High Level Development II/W21_GAM1528_NoNameYet/TowerDefence/Saved/Config/Windows/Scalability.ini]
[2021.04.15-19.03.48:119][  0]LogConfig: Setting CVar [[r.Streaming.MipBias:0]]
[2021.04.15-19.03.48:119][  0]LogConfig: Setting CVar [[r.Streaming.AmortizeCPUToGPUCopy:0]]
[2021.04.15-19.03.48:119][  0]LogConfig: Setting CVar [[r.Streaming.MaxNumTexturesToStreamPerFrame:0]]
[2021.04.15-19.03.48:119][  0]LogConfig: Setting CVar [[r.Streaming.Boost:1]]
[2021.04.15-19.03.48:119][  0]LogConfig: Setting CVar [[r.MaxAnisotropy:8]]
[2021.04.15-19.03.48:119][  0]LogConfig: Setting CVar [[r.VT.MaxAnisotropy:8]]
[2021.04.15-19.03.48:120][  0]LogConfig: Setting CVar [[r.Streaming.LimitPoolSizeToVRAM:0]]
[2021.04.15-19.03.48:120][  0]LogConfig: Setting CVar [[r.Streaming.PoolSize:1000]]
[2021.04.15-19.03.48:120][  0]LogConfig: Setting CVar [[r.Streaming.MaxEffectiveScreenSize:0]]
[2021.04.15-19.03.48:120][  0]LogConfig: Applying CVar settings from Section [EffectsQuality@3] File [C:/Users/sethg/Desktop/High Level Development II/W21_GAM1528_NoNameYet/TowerDefence/Saved/Config/Windows/Scalability.ini]
[2021.04.15-19.03.48:120][  0]LogConfig: Setting CVar [[r.TranslucencyLightingVolumeDim:64]]
[2021.04.15-19.03.48:120][  0]LogConfig: Setting CVar [[r.RefractionQuality:2]]
[2021.04.15-19.03.48:120][  0]LogConfig: Setting CVar [[r.SSR.Quality:3]]
[2021.04.15-19.03.48:120][  0]LogConfig: Setting CVar [[r.SSR.HalfResSceneColor:0]]
[2021.04.15-19.03.48:120][  0]LogConfig: Setting CVar [[r.SceneColorFormat:4]]
[2021.04.15-19.03.48:120][  0]LogConfig: Setting CVar [[r.DetailMode:2]]
[2021.04.15-19.03.48:120][  0]LogConfig: Setting CVar [[r.TranslucencyVolumeBlur:1]]
[2021.04.15-19.03.48:120][  0]LogConfig: Setting CVar [[r.MaterialQualityLevel:1 ; High quality]]
[2021.04.15-19.03.48:120][  0]LogConfig: Setting CVar [[r.SSS.Scale:1]]
[2021.04.15-19.03.48:120][  0]LogConfig: Setting CVar [[r.SSS.SampleSet:2]]
[2021.04.15-19.03.48:120][  0]LogConfig: Setting CVar [[r.SSS.Quality:1]]
[2021.04.15-19.03.48:120][  0]LogConfig: Setting CVar [[r.SSS.HalfRes:0]]
[2021.04.15-19.03.48:120][  0]LogConfig: Setting CVar [[r.SSGI.Quality:3]]
[2021.04.15-19.03.48:120][  0]LogConfig: Setting CVar [[r.EmitterSpawnRateScale:1.0]]
[2021.04.15-19.03.48:120][  0]LogConfig: Setting CVar [[r.ParticleLightQuality:2]]
[2021.04.15-19.03.48:120][  0]LogConfig: Setting CVar [[r.SkyAtmosphere.AerialPerspectiveLUT.FastApplyOnOpaque:1 ; Always have FastSkyLUT 1 in this case to avoid wrong sky]]
[2021.04.15-19.03.48:121][  0]LogConfig: Setting CVar [[r.SkyAtmosphere.AerialPerspectiveLUT.SampleCountPerSlice:1]]
[2021.04.15-19.03.48:121][  0]LogConfig: Setting CVar [[r.SkyAtmosphere.AerialPerspectiveLUT.DepthResolution:16.0]]
[2021.04.15-19.03.48:121][  0]LogConfig: Setting CVar [[r.SkyAtmosphere.FastSkyLUT:1]]
[2021.04.15-19.03.48:121][  0]LogConfig: Setting CVar [[r.SkyAtmosphere.FastSkyLUT.SampleCountMin:4.0]]
[2021.04.15-19.03.48:121][  0]LogConfig: Setting CVar [[r.SkyAtmosphere.FastSkyLUT.SampleCountMax:32.0]]
[2021.04.15-19.03.48:121][  0]LogConfig: Setting CVar [[r.SkyAtmosphere.SampleCountMin:4.0]]
[2021.04.15-19.03.48:121][  0]LogConfig: Setting CVar [[r.SkyAtmosphere.SampleCountMax:32.0]]
[2021.04.15-19.03.48:121][  0]LogConfig: Setting CVar [[r.SkyAtmosphere.TransmittanceLUT.UseSmallFormat:0]]
[2021.04.15-19.03.48:121][  0]LogConfig: Setting CVar [[r.SkyAtmosphere.TransmittanceLUT.SampleCount:10.0]]
[2021.04.15-19.03.48:121][  0]LogConfig: Setting CVar [[r.SkyAtmosphere.MultiScatteringLUT.SampleCount:15.0]]
[2021.04.15-19.03.48:121][  0]LogConfig: Applying CVar settings from Section [FoliageQuality@3] File [C:/Users/sethg/Desktop/High Level Development II/W21_GAM1528_NoNameYet/TowerDefence/Saved/Config/Windows/Scalability.ini]
[2021.04.15-19.03.48:121][  0]LogConfig: Setting CVar [[foliage.DensityScale:1.0]]
[2021.04.15-19.03.48:121][  0]LogConfig: Setting CVar [[grass.DensityScale:1.0]]
[2021.04.15-19.03.48:121][  0]LogConfig: Applying CVar settings from Section [ShadingQuality@3] File [C:/Users/sethg/Desktop/High Level Development II/W21_GAM1528_NoNameYet/TowerDefence/Saved/Config/Windows/Scalability.ini]
[2021.04.15-19.03.48:121][  0]LogConfig: Setting CVar [[r.HairStrands.SkyLighting.SampleCount:16]]
[2021.04.15-19.03.48:121][  0]LogConfig: Setting CVar [[r.HairStrands.SkyLighting.JitterIntegration:0]]
[2021.04.15-19.03.48:121][  0]LogConfig: Setting CVar [[r.HairStrands.SkyAO.SampleCount:16]]
[2021.04.15-19.03.48:121][  0]LogConfig: Setting CVar [[r.HairStrands.DeepShadow.SuperSampling:0]]
[2021.04.15-19.03.48:121][  0]LogConfig: Setting CVar [[r.HairStrands.VisibilityPPLL:0]]
[2021.04.15-19.03.48:121][  0]LogConfig: Setting CVar [[r.HairStrands.RasterizationScale:0.5]]
[2021.04.15-19.03.48:122][  0]LogConfig: Setting CVar [[r.HairStrands.VelocityRasterizationScale:1]]
[2021.04.15-19.03.48:122][  0]LogConfig: Applying CVar settings from Section [Startup] File [../../../Engine/Config/ConsoleVariables.ini]
[2021.04.15-19.03.48:122][  0]LogConfig: Setting CVar [[net.UseAdaptiveNetUpdateFrequency:0]]
[2021.04.15-19.03.48:122][  0]LogConfig: Setting CVar [[p.chaos.AllowCreatePhysxBodies:1]]
[2021.04.15-19.03.48:122][  0]LogConfig: Setting CVar [[fx.SkipVectorVMBackendOptimizations:1]]
[2021.04.15-19.03.48:122][  0]LogConfig: Applying CVar settings from Section [ConsoleVariables] File [C:/Users/sethg/Desktop/High Level Development II/W21_GAM1528_NoNameYet/TowerDefence/Saved/Config/Windows/Engine.ini]
[2021.04.15-19.03.48:122][  0]LogInit: Computer: LAPTOP-K3PBHEDP
[2021.04.15-19.03.48:122][  0]LogInit: User: sethg
[2021.04.15-19.03.48:122][  0]LogInit: CPU Page size=4096, Cores=6
[2021.04.15-19.03.48:122][  0]LogInit: High frequency timer resolution =10.000000 MHz
[2021.04.15-19.03.48:123][  0]LogMemory: Memory total: Physical=15.9GB (16GB approx)
[2021.04.15-19.03.48:123][  0]LogMemory: Platform Memory Stats for Windows
[2021.04.15-19.03.48:123][  0]LogMemory: Process Physical Memory: 117.39 MB used, 117.40 MB peak
[2021.04.15-19.03.48:123][  0]LogMemory: Process Virtual Memory: 105.40 MB used, 105.40 MB peak
[2021.04.15-19.03.48:123][  0]LogMemory: Physical Memory: 11787.77 MB used,  4447.00 MB free, 16234.78 MB total
[2021.04.15-19.03.48:123][  0]LogMemory: Virtual Memory: 5174.91 MB used,  134212552.00 MB free, 134217728.00 MB total
[2021.04.15-19.03.48:133][  0]LogWindows: WindowsPlatformFeatures enabled
[2021.04.15-19.03.48:409][  0]LogInit: Physics initialised using underlying interface: PhysX
[2021.04.15-19.03.48:411][  0]LogInit: Using OS detected language (en-US).
[2021.04.15-19.03.48:411][  0]LogInit: Using OS detected locale (en-CA).
[2021.04.15-19.03.48:413][  0]LogTextLocalizationManager: No specific localization for 'en-US' exists, so the 'en' localization will be used.
[2021.04.15-19.03.48:964][  0]LogInit: Setting process to per monitor DPI aware
[2021.04.15-19.03.49:023][  0]LogSlate: New Slate User Created.  User Index 0, Is Virtual User: 0
[2021.04.15-19.03.49:023][  0]LogSlate: Slate User Registered.  User Index 0, Is Virtual User: 0
[2021.04.15-19.03.49:339][  0]LogHMD: Failed to initialize OpenVR with code 110
[2021.04.15-19.03.49:339][  0]LogD3D11RHI: D3D11 min allowed feature level: 11_0
[2021.04.15-19.03.49:339][  0]LogD3D11RHI: D3D11 max allowed feature level: 11_0
[2021.04.15-19.03.49:339][  0]LogD3D11RHI: D3D11 adapters:
[2021.04.15-19.03.50:454][  0]LogD3D11RHI:    0. 'NVIDIA GeForce GTX 1060' (Feature Level 11_0)
[2021.04.15-19.03.50:455][  0]LogD3D11RHI:       6052/0/8117 MB DedicatedVideo/DedicatedSystem/SharedSystem, Outputs:1, VendorId:0x10de
[2021.04.15-19.03.50:492][  0]LogD3D11RHI:    1. 'Intel(R) UHD Graphics 630' (Feature Level 11_0)
[2021.04.15-19.03.50:492][  0]LogD3D11RHI:       128/0/8117 MB DedicatedVideo/DedicatedSystem/SharedSystem, Outputs:0, VendorId:0x8086
[2021.04.15-19.03.50:498][  0]LogD3D11RHI:    2. 'Microsoft Basic Render Driver' (Feature Level 11_0)
[2021.04.15-19.03.50:498][  0]LogD3D11RHI:       0/0/8117 MB DedicatedVideo/DedicatedSystem/SharedSystem, Outputs:0, VendorId:0x1414
[2021.04.15-19.03.50:498][  0]LogD3D11RHI: Chosen D3D11 Adapter: 0
[2021.04.15-19.03.50:543][  0]LogD3D11RHI: Creating new Direct3DDevice
[2021.04.15-19.03.50:543][  0]LogD3D11RHI:     GPU DeviceId: 0x1c20 (for the marketing name, search the web for "GPU Device Id")
[2021.04.15-19.03.50:543][  0]LogWindows: EnumDisplayDevices:
[2021.04.15-19.03.50:544][  0]LogWindows:    0. 'Intel(R) UHD Graphics 630' (P:1 D:1)
[2021.04.15-19.03.50:544][  0]LogWindows:    1. 'Intel(R) UHD Graphics 630' (P:0 D:0)
[2021.04.15-19.03.50:545][  0]LogWindows:    2. 'Intel(R) UHD Graphics 630' (P:0 D:0)
[2021.04.15-19.03.50:545][  0]LogWindows:    3. 'NVIDIA GeForce GTX 1060' (P:0 D:0)
[2021.04.15-19.03.50:545][  0]LogWindows: DebugString: PrimaryIsNotTheChoosenAdapter PrimaryIsNotTheChoosenAdapter PrimaryIsNotTheChoosenAdapter 
[2021.04.15-19.03.50:545][  0]LogD3D11RHI:     Adapter Name: NVIDIA GeForce GTX 1060
[2021.04.15-19.03.50:545][  0]LogD3D11RHI:   Driver Version: 451.67 (internal:27.21.14.5167, unified:451.67)
[2021.04.15-19.03.50:545][  0]LogD3D11RHI:      Driver Date: 7-5-2020
[2021.04.15-19.03.50:545][  0]LogRHI: Texture pool is 4236 MB (70% of 6052 MB)
[2021.04.15-19.03.50:635][  0]LogD3D11RHI: RHI has support for 64 bit atomics
[2021.04.15-19.03.50:638][  0]LogD3D11RHI: [Aftermath] Enabled and primed
[2021.04.15-19.03.50:638][  0]LogD3D11RHI: Async texture creation enabled
[2021.04.15-19.03.50:638][  0]LogD3D11RHI: Array index from any shader is supported
[2021.04.15-19.03.50:685][  0]LogD3D11RHI: GPU Timing Frequency: 1000.000000 (Debug: 2 1)
[2021.04.15-19.03.51:059][  0]LogTargetPlatformManager: Display: Loaded TargetPlatform 'AllDesktop'
[2021.04.15-19.03.51:088][  0]LogTargetPlatformManager: Display: Loaded TargetPlatform 'Android'
[2021.04.15-19.03.51:088][  0]LogTargetPlatformManager: Display: Loaded TargetPlatform 'Android_ASTC'
[2021.04.15-19.03.51:088][  0]LogTargetPlatformManager: Display: Loaded TargetPlatform 'Android_DXT'
[2021.04.15-19.03.51:088][  0]LogTargetPlatformManager: Display: Loaded TargetPlatform 'Android_ETC2'
[2021.04.15-19.03.51:088][  0]LogTargetPlatformManager: Display: Loaded TargetPlatform 'AndroidClient'
[2021.04.15-19.03.51:088][  0]LogTargetPlatformManager: Display: Loaded TargetPlatform 'Android_ASTCClient'
[2021.04.15-19.03.51:088][  0]LogTargetPlatformManager: Display: Loaded TargetPlatform 'Android_DXTClient'
[2021.04.15-19.03.51:089][  0]LogTargetPlatformManager: Display: Loaded TargetPlatform 'Android_ETC2Client'
[2021.04.15-19.03.51:089][  0]LogTargetPlatformManager: Display: Loaded TargetPlatform 'Android_Multi'
[2021.04.15-19.03.51:089][  0]LogTargetPlatformManager: Display: Loaded TargetPlatform 'Android_MultiClient'
[2021.04.15-19.03.51:123][  0]LogTargetPlatformManager: Display: Loaded TargetPlatform 'IOSClient'
[2021.04.15-19.03.51:124][  0]LogTargetPlatformManager: Display: Loaded TargetPlatform 'IOS'
[2021.04.15-19.03.51:138][  0]LogTargetPlatformManager: Display: Loaded TargetPlatform 'Linux'
[2021.04.15-19.03.51:154][  0]LogTargetPlatformManager: Display: Loaded TargetPlatform 'LinuxNoEditor'
[2021.04.15-19.03.51:168][  0]LogTargetPlatformManager: Display: Loaded TargetPlatform 'LinuxClient'
[2021.04.15-19.03.51:183][  0]LogTargetPlatformManager: Display: Loaded TargetPlatform 'LinuxServer'
[2021.04.15-19.03.51:199][  0]LogTargetPlatformManager: Display: Loaded TargetPlatform 'LinuxAArch64NoEditor'
[2021.04.15-19.03.51:212][  0]LogTargetPlatformManager: Display: Loaded TargetPlatform 'LinuxAArch64Client'
[2021.04.15-19.03.51:231][  0]LogTargetPlatformManager: Display: Loaded TargetPlatform 'LinuxAArch64Server'
[2021.04.15-19.03.51:265][  0]LogTargetPlatformManager: Display: Loaded TargetPlatform 'Lumin'
[2021.04.15-19.03.51:265][  0]LogTargetPlatformManager: Display: Loaded TargetPlatform 'LuminClient'
[2021.04.15-19.03.51:288][  0]LogTargetPlatformManager: Display: Loaded TargetPlatform 'TVOSClient'
[2021.04.15-19.03.51:288][  0]LogTargetPlatformManager: Display: Loaded TargetPlatform 'TVOS'
[2021.04.15-19.03.51:301][  0]LogTargetPlatformManager: Display: Loaded TargetPlatform 'WindowsNoEditor'
[2021.04.15-19.03.51:317][  0]LogTargetPlatformManager: Display: Loaded TargetPlatform 'Windows'
[2021.04.15-19.03.51:330][  0]LogTargetPlatformManager: Display: Loaded TargetPlatform 'WindowsClient'
[2021.04.15-19.03.51:346][  0]LogTargetPlatformManager: Display: Loaded TargetPlatform 'WindowsServer'
[2021.04.15-19.03.51:346][  0]LogTargetPlatformManager: Display: Building Assets For Windows
[2021.04.15-19.03.51:375][  0]LogAudioDebug: Display: Lib vorbis DLL was dynamically loaded.
[2021.04.15-19.03.51:507][  0]LogShaderCompilers: Guid format shader working directory is -37 characters bigger than the processId version (C:/Users/sethg/Desktop/High Level Development II/W21_GAM1528_NoNameYet/TowerDefence/Intermediate/Shaders/WorkingDirectory/5556/).
[2021.04.15-19.03.51:508][  0]LogShaderCompilers: Cleaned the shader compiler working directory 'C:/Users/sethg/AppData/Local/Temp/UnrealShaderWorkingDir/CA1EE32F42D8A29447C0B4A03002BD35/'.
[2021.04.15-19.03.51:508][  0]LogXGEController: Cleaning working directory: C:/Users/sethg/AppData/Local/Temp/UnrealXGEWorkingDir/
[2021.04.15-19.03.51:509][  0]LogXGEController: Cannot use XGE Controller as Incredibuild is not installed on this machine.
[2021.04.15-19.03.51:509][  0]LogShaderCompilers: Cannot use XGE Shader Compiler as Incredibuild is not installed on this machine.
[2021.04.15-19.03.51:509][  0]LogShaderCompilers: Display: Using Local Shader Compiler.
[2021.04.15-19.03.52:512][  0]LogDerivedDataCache: Display: Max Cache Size: 512 MB
[2021.04.15-19.03.52:571][  0]LogDerivedDataCache: Loaded boot cache 0.06s 75MB C:/Users/sethg/AppData/Local/UnrealEngine/4.25/DerivedDataCache/Boot.ddc.
[2021.04.15-19.03.52:571][  0]LogDerivedDataCache: Display: Loaded Boot cache: C:/Users/sethg/AppData/Local/UnrealEngine/4.25/DerivedDataCache/Boot.ddc
[2021.04.15-19.03.52:571][  0]LogDerivedDataCache: FDerivedDataBackendGraph:  Pak pak cache file C:/Users/sethg/Desktop/High Level Development II/W21_GAM1528_NoNameYet/TowerDefence/DerivedDataCache/DDC.ddp not found, will not use a pak cache.
[2021.04.15-19.03.52:572][  0]LogDerivedDataCache: Unable to find inner node Pak for hierarchical cache Hierarchy.
[2021.04.15-19.03.52:572][  0]LogDerivedDataCache: FDerivedDataBackendGraph:  CompressedPak pak cache file C:/Users/sethg/Desktop/High Level Development II/W21_GAM1528_NoNameYet/TowerDefence/DerivedDataCache/Compressed.ddp not found, will not use a pak cache.
[2021.04.15-19.03.52:572][  0]LogDerivedDataCache: Unable to find inner node CompressedPak for hierarchical cache Hierarchy.
[2021.04.15-19.03.52:582][  0]LogDerivedDataCache: Display: Pak cache opened for reading ../../../Engine/DerivedDataCache/Compressed.ddp.
[2021.04.15-19.03.52:582][  0]LogDerivedDataCache: FDerivedDataBackendGraph:  EnterprisePak pak cache file ../../../Enterprise/DerivedDataCache/Compressed.ddp not found, will not use a pak cache.
[2021.04.15-19.03.52:582][  0]LogDerivedDataCache: Unable to find inner node EnterprisePak for hierarchical cache Hierarchy.
[2021.04.15-19.03.52:586][  0]LogDerivedDataCache: Using Local data cache path C:/Users/sethg/AppData/Local/UnrealEngine/Common/DerivedDataCache: Writable
[2021.04.15-19.03.52:586][  0]LogDerivedDataCache: Shared data cache path not found in *engine.ini, will not use an Shared cache.
[2021.04.15-19.03.52:586][  0]LogDerivedDataCache: Unable to find inner node Shared for hierarchical cache Hierarchy.
[2021.04.15-19.03.52:637][  0]LogSlate: Using FreeType 2.10.0
[2021.04.15-19.03.52:638][  0]LogSlate: SlateFontServices - WITH_FREETYPE: 1, WITH_HARFBUZZ: 1
[2021.04.15-19.03.52:675][  0]LogAssetRegistry: FAssetRegistry took 0.0058 seconds to start up
[2021.04.15-19.03.52:911][  0]LogInit: Selected Device Profile: [Windows]
[2021.04.15-19.03.53:064][  0]LogMeshReduction: Using QuadricMeshReduction for automatic static mesh reduction
[2021.04.15-19.03.53:064][  0]LogMeshReduction: Using SimplygonMeshReduction for automatic skeletal mesh reduction
[2021.04.15-19.03.53:064][  0]LogMeshReduction: Using ProxyLODMeshReduction for automatic mesh merging
[2021.04.15-19.03.53:064][  0]LogMeshReduction: No distributed automatic mesh merging module available
[2021.04.15-19.03.53:064][  0]LogMeshMerging: No distributed automatic mesh merging module available
[2021.04.15-19.03.53:084][  0]LogNetVersion: TowerDefence 1.0.0, NetCL: 13144385, EngineNetVer: 14, GameNetVer: 0 (Checksum: 2510641227)
[2021.04.15-19.03.53:867][  0]LogAISub: UAISubsystem::UAISubsystem AISubsystem (0000020147A90380), frame # 0
[2021.04.15-19.03.53:868][  0]LogAISub: UAISubsystem::UAISubsystem AIPerceptionSystem (00000201479BBD80), frame # 0
[2021.04.15-19.03.53:869][  0]LogAISub: UAISubsystem::UAISubsystem EnvQueryManager (0000020147A34A00), frame # 0
[2021.04.15-19.03.53:980][  0]LogPackageLocalizationCache: Processed 19 localized package path(s) for 1 prioritized culture(s) in 0.103800 seconds
[2021.04.15-19.03.53:988][  0]LogUObjectArray: 15917 objects as part of root set at end of initial load.
[2021.04.15-19.03.53:988][  0]LogUObjectAllocator: 3965568 out of 0 bytes used by permanent object pool.
[2021.04.15-19.03.53:988][  0]LogUObjectArray: CloseDisregardForGC: 0/0 objects in disregard for GC pool
[2021.04.15-19.03.54:925][  0]LogTcpMessaging: Initializing TcpMessaging bridge
[2021.04.15-19.03.54:935][  0]LogUdpMessaging: Initializing bridge on interface 0.0.0.0:0 to multicast group 230.0.0.1:6666.
[2021.04.15-19.03.55:163][  0]SourceControl: Source control is disabled
[2021.04.15-19.03.55:164][  0]SourceControl: Source control is disabled
[2021.04.15-19.03.55:173][  0]SourceControl: Source control is disabled
[2021.04.15-19.03.55:185][  0]SourceControl: Source control is disabled
[2021.04.15-19.03.55:204][  0]SourceControl: Source control is disabled
[2021.04.15-19.03.56:623][  0]LogAndroidPermission: UAndroidPermissionCallbackProxy::GetInstance
[2021.04.15-19.03.56:700][  0]LogAudioCaptureCore: Display: No Audio Capture implementations found. Audio input will be silent.
[2021.04.15-19.03.56:700][  0]LogAudioCaptureCore: Display: No Audio Capture implementations found. Audio input will be silent.
[2021.04.15-19.03.56:888][  0]LogOcInput: OculusInput pre-init called
[2021.04.15-19.03.56:938][  0]LogWindows: Failed to load 'OVRPlugin.dll' (GetLastError=126)
[2021.04.15-19.03.56:938][  0]LogWindows: File 'OVRPlugin.dll' does not exist
[2021.04.15-19.03.57:126][  0]LogEngine: Initializing Engine...
[2021.04.15-19.03.57:128][  0]LogHMD: Failed to initialize OpenVR with code 110
[2021.04.15-19.03.57:128][  0]LogMagicLeap: Warning: VR disabled because ZI is not enabled.  To enable, in the editor, Edit -> Project Settings -> Plugins -> Magic Leap Plugin -> Enable Zero Iteration
[2021.04.15-19.03.57:130][  0]LogStats: UGameplayTagsManager::InitializeManager -  0.000 s
[2021.04.15-19.03.57:334][  0]LogInit: Initializing FReadOnlyCVARCache
[2021.04.15-19.03.57:351][  0]LogAIModule: Creating AISystem for world Untitled
[2021.04.15-19.03.57:352][  0]LogAISub: UAISubsystem::UAISubsystem EnvQueryManager (000002014A639A00), frame # 0
[2021.04.15-19.03.57:352][  0]LogAISub: UAISubsystem::UAISubsystem AIPerceptionSystem (000002014A65AD40), frame # 0
[2021.04.15-19.03.57:377][  0]LogAudioMixer: Display: Audio Mixer Platform Settings:
[2021.04.15-19.03.57:377][  0]LogAudioMixer: Display: 	Sample Rate:						  48000
[2021.04.15-19.03.57:377][  0]LogAudioMixer: Display: 	Callback Buffer Frame Size Requested: 1024
[2021.04.15-19.03.57:378][  0]LogAudioMixer: Display: 	Callback Buffer Frame Size To Use:	  1024
[2021.04.15-19.03.57:378][  0]LogAudioMixer: Display: 	Number of buffers to queue:			  2
[2021.04.15-19.03.57:378][  0]LogAudioMixer: Display: 	Max Channels (voices):				  32
[2021.04.15-19.03.57:378][  0]LogAudioMixer: Display: 	Number of Async Source Workers:		  0
[2021.04.15-19.03.57:378][  0]LogAudio: Display: AudioDevice MaxSources: 32
[2021.04.15-19.03.57:380][  0]LogAudio: Display: Using built-in audio occlusion.
[2021.04.15-19.03.57:381][  0]LogAudioMixer: Display: Initializing audio mixer.
[2021.04.15-19.03.57:427][  0]LogAudioMixer: Display: 0: FrontLeft
[2021.04.15-19.03.57:427][  0]LogAudioMixer: Display: 1: FrontRight
[2021.04.15-19.03.57:524][  0]LogAudioMixer: Display: Using Audio Device Speakers (Realtek(R) Audio)
[2021.04.15-19.03.57:527][  0]LogAudioMixer: Display: Initializing Sound Submixes...
[2021.04.15-19.03.57:530][  0]LogAudioMixer: Display: Creating Master Submix 'MasterSubmixDefault'
[2021.04.15-19.03.57:530][  0]LogAudioMixer: Display: Creating Master Submix 'MasterReverbSubmixDefault'
[2021.04.15-19.03.57:531][  0]LogAudioMixer: Display: Creating Master Submix 'MasterEQSubmixDefault'
[2021.04.15-19.03.57:533][  0]LogInit: FAudioDevice initialized.
[2021.04.15-19.03.57:533][  0]LogNetVersion: Set ProjectVersion to 1.0.0.0. Version Checksum will be recalculated on next use.
[2021.04.15-19.03.57:594][  0]LogDerivedDataCache: Saved boot cache 0.06s 75MB C:/Users/sethg/AppData/Local/UnrealEngine/4.25/DerivedDataCache/Boot.ddc.
[2021.04.15-19.03.57:595][  0]LogInit: Texture streaming: Enabled
[2021.04.15-19.03.57:639][  0]LogEngineSessionManager: EngineSessionManager initialized
[2021.04.15-19.03.57:639][  0]LogEditorSessionSummary: Verbose: Initializing EditorSessionSummaryWriter for editor session tracking
[2021.04.15-19.03.57:650][  0]LogEditorSessionSummary: EditorSessionSummaryWriter initialized
[2021.04.15-19.03.57:704][  0]LogInit: Transaction tracking system initialized
[2021.04.15-19.03.57:760][  0]BlueprintLog: New page: Editor Load
[2021.04.15-19.03.57:995][  0]LocalizationService: Localization service is disabled
[2021.04.15-19.03.58:469][  0]LogCook: Display: Max memory allowance for cook 16384mb min free memory 0mb
[2021.04.15-19.03.58:469][  0]LogCook: Display: Mobile HDR setting 1
[2021.04.15-19.03.59:032][  0]LogFileCache: Scanning file cache for directory 'C:/Users/sethg/Desktop/High Level Development II/W21_GAM1528_NoNameYet/TowerDefence/Content/' took 0.01s
[2021.04.15-19.03.59:375][  0]SourceControl: Source control is disabled
[2021.04.15-19.03.59:375][  0]LogUnrealEdMisc: Loading editor; pre map load, took 17.230
[2021.04.15-19.03.59:376][  0]Cmd: MAP LOAD FILE="C:/Users/sethg/Desktop/High Level Development II/W21_GAM1528_NoNameYet/TowerDefence/Content/Maps/Test.umap" TEMPLATE=0 SHOWPROGRESS=1 FEATURELEVEL=3
[2021.04.15-19.03.59:378][  0]LightingResults: New page: Lighting Build
[2021.04.15-19.03.59:380][  0]LogWorld: UWorld::CleanupWorld for Untitled, bSessionEnded=true, bCleanupResources=true
[2021.04.15-19.03.59:381][  0]LogSlate: InvalidateAllWidgets triggered.  All widgets were invalidated
[2021.04.15-19.03.59:381][  0]MapCheck: New page: Map Check
[2021.04.15-19.03.59:382][  0]LightingResults: New page: Lighting Build
[2021.04.15-19.03.59:397][  0]LogAISub: UAISubsystem::~UAISubsystem EnvQueryManager (000002014A639A00), frame # 0
[2021.04.15-19.03.59:398][  0]LogAISub: UAISubsystem::~UAISubsystem AIPerceptionSystem (000002014A65AD40), frame # 0
[2021.04.15-19.03.59:400][  0]LogUObjectHash: Compacting FUObjectHashTables data took   1.67ms
[2021.04.15-19.03.59:413][  0]LogLinker: Warning: While loading 'C:/Users/sethg/Desktop/High Level Development II/W21_GAM1528_NoNameYet/TowerDefence/Content/Assets/Models/Troop_melee/troop_melee.uasset' failed to load '/Game/Assets/Models/Troop_melee/Material_001': Can't find file.
[2021.04.15-19.03.59:414][  0]LogLinker: Warning: While loading 'C:/Users/sethg/Desktop/High Level Development II/W21_GAM1528_NoNameYet/TowerDefence/Content/Assets/Models/Troop_melee/troop_melee.uasset' failed to load '/Game/Assets/Models/Troop_melee/Material_001': Can't find file.
[2021.04.15-19.03.59:415][  0]LogLinker: Warning: While loading 'C:/Users/sethg/Desktop/High Level Development II/W21_GAM1528_NoNameYet/TowerDefence/Content/Assets/Models/Troop_melee/troop_melee.uasset' failed to load '/Game/Assets/Models/Troop_melee/wire_087225087_002': Can't find file.
[2021.04.15-19.03.59:416][  0]LogLinker: Warning: While loading 'C:/Users/sethg/Desktop/High Level Development II/W21_GAM1528_NoNameYet/TowerDefence/Content/Assets/Models/Troop_melee/troop_melee.uasset' failed to load '/Game/Assets/Models/Troop_melee/wire_087225087_002': Can't find file.
[2021.04.15-19.03.59:418][  0]LogLinker: Warning: While loading 'C:/Users/sethg/Desktop/High Level Development II/W21_GAM1528_NoNameYet/TowerDefence/Content/Assets/Models/Troop_melee/troop_melee.uasset' failed to load '/Game/Assets/Models/Troop_melee/wire_177028149_002': Can't find file.
[2021.04.15-19.03.59:419][  0]LogLinker: Warning: While loading 'C:/Users/sethg/Desktop/High Level Development II/W21_GAM1528_NoNameYet/TowerDefence/Content/Assets/Models/Troop_melee/troop_melee.uasset' failed to load '/Game/Assets/Models/Troop_melee/wire_177028149_002': Can't find file.
[2021.04.15-19.03.59:422][  0]LogLinker: Warning: While loading 'C:/Users/sethg/Desktop/High Level Development II/W21_GAM1528_NoNameYet/TowerDefence/Content/Assets/Models/Troop_melee/troop_melee.uasset' failed to load '/Game/Assets/Models/Troop_melee/Material_001': Can't find file.
[2021.04.15-19.03.59:423][  0]LogLinker: Warning: While loading 'C:/Users/sethg/Desktop/High Level Development II/W21_GAM1528_NoNameYet/TowerDefence/Content/Assets/Models/Troop_melee/troop_melee.uasset' failed to load '/Game/Assets/Models/Troop_melee/Material_001': Can't find file.
[2021.04.15-19.03.59:426][  0]LogLinker: Warning: While loading 'C:/Users/sethg/Desktop/High Level Development II/W21_GAM1528_NoNameYet/TowerDefence/Content/Assets/Models/Troop_melee/troop_melee.uasset' failed to load '/Game/Assets/Models/Troop_melee/wire_087225087_002': Can't find file.
[2021.04.15-19.03.59:428][  0]LogLinker: Warning: While loading 'C:/Users/sethg/Desktop/High Level Development II/W21_GAM1528_NoNameYet/TowerDefence/Content/Assets/Models/Troop_melee/troop_melee.uasset' failed to load '/Game/Assets/Models/Troop_melee/wire_087225087_002': Can't find file.
[2021.04.15-19.03.59:428][  0]LogLinker: Warning: While loading 'C:/Users/sethg/Desktop/High Level Development II/W21_GAM1528_NoNameYet/TowerDefence/Content/Assets/Models/Troop_melee/troop_melee.uasset' failed to load '/Game/Assets/Models/Troop_melee/wire_177028149_002': Can't find file.
[2021.04.15-19.03.59:429][  0]LogLinker: Warning: While loading 'C:/Users/sethg/Desktop/High Level Development II/W21_GAM1528_NoNameYet/TowerDefence/Content/Assets/Models/Troop_melee/troop_melee.uasset' failed to load '/Game/Assets/Models/Troop_melee/wire_177028149_002': Can't find file.
[2021.04.15-19.03.59:631][  0]LogLinker: Warning: While loading 'C:/Users/sethg/Desktop/High Level Development II/W21_GAM1528_NoNameYet/TowerDefence/Content/StarterContent/Materials/M_Brick_Clay_Beveled.uasset' failed to load '/Game/StarterContent/Textures/T_Brick_Clay_Beveled_D': Can't find file.
[2021.04.15-19.03.59:632][  0]LogLinker: Warning: While loading 'C:/Users/sethg/Desktop/High Level Development II/W21_GAM1528_NoNameYet/TowerDefence/Content/StarterContent/Materials/M_Brick_Clay_Beveled.uasset' failed to load '/Game/StarterContent/Textures/T_Brick_Clay_Beveled_D': Can't find file.
[2021.04.15-19.03.59:632][  0]LogLinker: Warning: While loading 'C:/Users/sethg/Desktop/High Level Development II/W21_GAM1528_NoNameYet/TowerDefence/Content/StarterContent/Materials/M_Brick_Clay_Beveled.uasset' failed to load '/Game/StarterContent/Textures/T_Brick_Clay_Beveled_M': Can't find file.
[2021.04.15-19.03.59:632][  0]LogLinker: Warning: While loading 'C:/Users/sethg/Desktop/High Level Development II/W21_GAM1528_NoNameYet/TowerDefence/Content/StarterContent/Materials/M_Brick_Clay_Beveled.uasset' failed to load '/Game/StarterContent/Textures/T_Brick_Clay_Beveled_M': Can't find file.
[2021.04.15-19.03.59:632][  0]LogLinker: Warning: While loading 'C:/Users/sethg/Desktop/High Level Development II/W21_GAM1528_NoNameYet/TowerDefence/Content/StarterContent/Materials/M_Brick_Clay_Beveled.uasset' failed to load '/Game/StarterContent/Textures/T_Brick_Clay_Beveled_N': Can't find file.
[2021.04.15-19.03.59:633][  0]LogLinker: Warning: While loading 'C:/Users/sethg/Desktop/High Level Development II/W21_GAM1528_NoNameYet/TowerDefence/Content/StarterContent/Materials/M_Brick_Clay_Beveled.uasset' failed to load '/Game/StarterContent/Textures/T_Brick_Clay_Beveled_N': Can't find file.
[2021.04.15-19.03.59:634][  0]LogLinker: Warning: While loading 'C:/Users/sethg/Desktop/High Level Development II/W21_GAM1528_NoNameYet/TowerDefence/Content/StarterContent/Materials/M_Brick_Clay_Beveled.uasset' failed to load '/Game/StarterContent/Textures/T_Brick_Clay_Beveled_D': Can't find file.
[2021.04.15-19.03.59:634][  0]LogLinker: Warning: While loading 'C:/Users/sethg/Desktop/High Level Development II/W21_GAM1528_NoNameYet/TowerDefence/Content/StarterContent/Materials/M_Brick_Clay_Beveled.uasset' failed to load '/Game/StarterContent/Textures/T_Brick_Clay_Beveled_D': Can't find file.
[2021.04.15-19.03.59:634][  0]LogLinker: Warning: While loading 'C:/Users/sethg/Desktop/High Level Development II/W21_GAM1528_NoNameYet/TowerDefence/Content/StarterContent/Materials/M_Brick_Clay_Beveled.uasset' failed to load '/Game/StarterContent/Textures/T_Brick_Clay_Beveled_M': Can't find file.
[2021.04.15-19.03.59:634][  0]LogLinker: Warning: While loading 'C:/Users/sethg/Desktop/High Level Development II/W21_GAM1528_NoNameYet/TowerDefence/Content/StarterContent/Materials/M_Brick_Clay_Beveled.uasset' failed to load '/Game/StarterContent/Textures/T_Brick_Clay_Beveled_M': Can't find file.
[2021.04.15-19.03.59:635][  0]LogLinker: Warning: While loading 'C:/Users/sethg/Desktop/High Level Development II/W21_GAM1528_NoNameYet/TowerDefence/Content/StarterContent/Materials/M_Brick_Clay_Beveled.uasset' failed to load '/Game/StarterContent/Textures/T_Brick_Clay_Beveled_N': Can't find file.
[2021.04.15-19.03.59:635][  0]LogLinker: Warning: While loading 'C:/Users/sethg/Desktop/High Level Development II/W21_GAM1528_NoNameYet/TowerDefence/Content/StarterContent/Materials/M_Brick_Clay_Beveled.uasset' failed to load '/Game/StarterContent/Textures/T_Brick_Clay_Beveled_N': Can't find file.
[2021.04.15-19.03.59:641][  0]LogLinker: Warning: While loading 'C:/Users/sethg/Desktop/High Level Development II/W21_GAM1528_NoNameYet/TowerDefence/Content/StarterContent/Materials/M_Brick_Clay_Beveled.uasset' failed to load '/Game/StarterContent/Textures/T_Brick_Clay_Beveled_N': Can't find file.
[2021.04.15-19.03.59:641][  0]LoadErrors: Failed to load /Game/StarterContent/Textures/T_Brick_Clay_Beveled_N.T_Brick_Clay_Beveled_N Referenced by MaterialExpressionTextureSample_1
[2021.04.15-19.03.59:641][  0]LogLinker: Warning: While loading 'C:/Users/sethg/Desktop/High Level Development II/W21_GAM1528_NoNameYet/TowerDefence/Content/StarterContent/Materials/M_Brick_Clay_Beveled.uasset' failed to load '/Game/StarterContent/Textures/T_Brick_Clay_Beveled_N': Can't find file.
[2021.04.15-19.03.59:641][  0]LoadErrors: Failed to load /Game/StarterContent/Textures/T_Brick_Clay_Beveled_N.T_Brick_Clay_Beveled_N Referenced by MaterialExpressionTextureSample_1
[2021.04.15-19.03.59:642][  0]LogLinker: Warning: While loading 'C:/Users/sethg/Desktop/High Level Development II/W21_GAM1528_NoNameYet/TowerDefence/Content/StarterContent/Materials/M_Brick_Clay_Beveled.uasset' failed to load '/Game/StarterContent/Textures/T_Brick_Clay_Beveled_M': Can't find file.
[2021.04.15-19.03.59:642][  0]LoadErrors: Failed to load /Game/StarterContent/Textures/T_Brick_Clay_Beveled_M.T_Brick_Clay_Beveled_M Referenced by MaterialExpressionTextureSample_2
[2021.04.15-19.03.59:642][  0]LogLinker: Warning: While loading 'C:/Users/sethg/Desktop/High Level Development II/W21_GAM1528_NoNameYet/TowerDefence/Content/StarterContent/Materials/M_Brick_Clay_Beveled.uasset' failed to load '/Game/StarterContent/Textures/T_Brick_Clay_Beveled_M': Can't find file.
[2021.04.15-19.03.59:642][  0]LoadErrors: Failed to load /Game/StarterContent/Textures/T_Brick_Clay_Beveled_M.T_Brick_Clay_Beveled_M Referenced by MaterialExpressionTextureSample_2
[2021.04.15-19.03.59:643][  0]LogLinker: Warning: While loading 'C:/Users/sethg/Desktop/High Level Development II/W21_GAM1528_NoNameYet/TowerDefence/Content/StarterContent/Materials/M_Brick_Clay_Beveled.uasset' failed to load '/Game/StarterContent/Textures/T_Brick_Clay_Beveled_D': Can't find file.
[2021.04.15-19.03.59:643][  0]LoadErrors: Failed to load /Game/StarterContent/Textures/T_Brick_Clay_Beveled_D.T_Brick_Clay_Beveled_D Referenced by MaterialExpressionTextureSample_4
[2021.04.15-19.03.59:644][  0]LogLinker: Warning: While loading 'C:/Users/sethg/Desktop/High Level Development II/W21_GAM1528_NoNameYet/TowerDefence/Content/StarterContent/Materials/M_Brick_Clay_Beveled.uasset' failed to load '/Game/StarterContent/Textures/T_Brick_Clay_Beveled_D': Can't find file.
[2021.04.15-19.03.59:644][  0]LoadErrors: Failed to load /Game/StarterContent/Textures/T_Brick_Clay_Beveled_D.T_Brick_Clay_Beveled_D Referenced by MaterialExpressionTextureSample_4
[2021.04.15-19.03.59:644][  0]LogLinker: Warning: While loading 'C:/Users/sethg/Desktop/High Level Development II/W21_GAM1528_NoNameYet/TowerDefence/Content/StarterContent/Materials/M_Brick_Clay_Beveled.uasset' failed to load '/Game/StarterContent/Textures/T_Brick_Clay_Beveled_D': Can't find file.
[2021.04.15-19.03.59:644][  0]LoadErrors: Failed to load /Game/StarterContent/Textures/T_Brick_Clay_Beveled_D.T_Brick_Clay_Beveled_D Referenced by MaterialExpressionTextureSample_5
[2021.04.15-19.03.59:645][  0]LogLinker: Warning: While loading 'C:/Users/sethg/Desktop/High Level Development II/W21_GAM1528_NoNameYet/TowerDefence/Content/StarterContent/Materials/M_Brick_Clay_Beveled.uasset' failed to load '/Game/StarterContent/Textures/T_Brick_Clay_Beveled_D': Can't find file.
[2021.04.15-19.03.59:645][  0]LoadErrors: Failed to load /Game/StarterContent/Textures/T_Brick_Clay_Beveled_D.T_Brick_Clay_Beveled_D Referenced by MaterialExpressionTextureSample_5
[2021.04.15-19.03.59:649][  0]LogLinker: Warning: While loading 'C:/Users/sethg/Desktop/High Level Development II/W21_GAM1528_NoNameYet/TowerDefence/Content/Assets/Models/Troop_melee/troop_melee.uasset' failed to load '/Game/Assets/Models/Troop_melee/wire_087225087_002': Can't find file.
[2021.04.15-19.03.59:649][  0]LoadErrors: Failed to load /Game/Assets/Models/Troop_melee/wire_087225087_002.wire_087225087_002 Referenced by troop_melee
[2021.04.15-19.03.59:650][  0]LogLinker: Warning: While loading 'C:/Users/sethg/Desktop/High Level Development II/W21_GAM1528_NoNameYet/TowerDefence/Content/Assets/Models/Troop_melee/troop_melee.uasset' failed to load '/Game/Assets/Models/Troop_melee/wire_087225087_002': Can't find file.
[2021.04.15-19.03.59:650][  0]LoadErrors: Failed to load /Game/Assets/Models/Troop_melee/wire_087225087_002.wire_087225087_002 Referenced by troop_melee
[2021.04.15-19.03.59:650][  0]LogLinker: Warning: While loading 'C:/Users/sethg/Desktop/High Level Development II/W21_GAM1528_NoNameYet/TowerDefence/Content/Assets/Models/Troop_melee/troop_melee.uasset' failed to load '/Game/Assets/Models/Troop_melee/wire_177028149_002': Can't find file.
[2021.04.15-19.03.59:651][  0]LoadErrors: Failed to load /Game/Assets/Models/Troop_melee/wire_177028149_002.wire_177028149_002 Referenced by troop_melee
[2021.04.15-19.03.59:651][  0]LogLinker: Warning: While loading 'C:/Users/sethg/Desktop/High Level Development II/W21_GAM1528_NoNameYet/TowerDefence/Content/Assets/Models/Troop_melee/troop_melee.uasset' failed to load '/Game/Assets/Models/Troop_melee/wire_177028149_002': Can't find file.
[2021.04.15-19.03.59:651][  0]LoadErrors: Failed to load /Game/Assets/Models/Troop_melee/wire_177028149_002.wire_177028149_002 Referenced by troop_melee
[2021.04.15-19.03.59:651][  0]LogLinker: Warning: While loading 'C:/Users/sethg/Desktop/High Level Development II/W21_GAM1528_NoNameYet/TowerDefence/Content/Assets/Models/Troop_melee/troop_melee.uasset' failed to load '/Game/Assets/Models/Troop_melee/Material_001': Can't find file.
[2021.04.15-19.03.59:652][  0]LoadErrors: Failed to load /Game/Assets/Models/Troop_melee/Material_001.Material_001 Referenced by troop_melee
[2021.04.15-19.03.59:652][  0]LogLinker: Warning: While loading 'C:/Users/sethg/Desktop/High Level Development II/W21_GAM1528_NoNameYet/TowerDefence/Content/Assets/Models/Troop_melee/troop_melee.uasset' failed to load '/Game/Assets/Models/Troop_melee/Material_001': Can't find file.
[2021.04.15-19.03.59:652][  0]LoadErrors: Failed to load /Game/Assets/Models/Troop_melee/Material_001.Material_001 Referenced by troop_melee
[2021.04.15-19.03.59:696][  0]LogMaterial: Display: Missing cached shader map for material M_Brick_Clay_Beveled, compiling. 
[2021.04.15-19.03.59:699][  0]LogMaterial: Warning: C:\Users\sethg\Desktop\High Level Development II\W21_GAM1528_NoNameYet\TowerDefence\Content\StarterContent\Materials\M_Brick_Clay_Beveled.uasset: Failed to compile Material for platform PCD3D_SM5, Default Material will be used in game.
[2021.04.15-19.03.59:699][  0]LogMaterial: Display: 	(Node TextureSample) Texture Sample> Missing input texture
[2021.04.15-19.03.59:783][  0]LogAIModule: Creating AISystem for world Test
[2021.04.15-19.03.59:783][  0]LogAISub: UAISubsystem::UAISubsystem EnvQueryManager (000002013B46D800), frame # 0
[2021.04.15-19.03.59:784][  0]LogAISub: UAISubsystem::UAISubsystem AIPerceptionSystem (0000020153DF7240), frame # 0
[2021.04.15-19.03.59:800][  0]LogEditorServer: Finished looking for orphan Actors (0.000 secs)
[2021.04.15-19.03.59:836][  0]LogUObjectHash: Compacting FUObjectHashTables data took   2.48ms
[2021.04.15-19.03.59:839][  0]Cmd: MAP CHECKDEP NOCLEARLOG
[2021.04.15-19.03.59:839][  0]MapCheck: Map check complete: 0 Error(s), 0 Warning(s), took 0.238ms to complete.
[2021.04.15-19.03.59:840][  0]LogFileHelpers: Loading map 'Test' took 0.465
[2021.04.15-19.03.59:852][  0]LogUnrealEdMisc: Total Editor Startup Time, took 17.707
[2021.04.15-19.04.00:078][  0]LogSlate: Updating window title bar state: overlay mode, drag disabled, window buttons hidden, title bar hidden
[2021.04.15-19.04.00:092][  0]LogSlate: Updating window title bar state: overlay mode, drag disabled, window buttons hidden, title bar hidden
[2021.04.15-19.04.00:105][  0]LogSlate: Updating window title bar state: overlay mode, drag disabled, window buttons hidden, title bar hidden
[2021.04.15-19.04.00:114][  0]LogSlate: Updating window title bar state: overlay mode, drag disabled, window buttons hidden, title bar hidden
[2021.04.15-19.04.00:131][  0]LogCollectionManager: Loaded 0 collections in 0.001714 seconds
[2021.04.15-19.04.00:166][  0]LogFileCache: Scanning file cache for directory 'C:/Users/sethg/Desktop/High Level Development II/W21_GAM1528_NoNameYet/TowerDefence/Saved/Collections/' took 0.00s
[2021.04.15-19.04.00:167][  0]LogFileCache: Scanning file cache for directory 'C:/Users/sethg/Desktop/High Level Development II/W21_GAM1528_NoNameYet/TowerDefence/Content/Developers/sethg/Collections/' took 0.00s
[2021.04.15-19.04.00:167][  0]LogFileCache: Scanning file cache for directory 'C:/Users/sethg/Desktop/High Level Development II/W21_GAM1528_NoNameYet/TowerDefence/Content/Collections/' took 0.01s
[2021.04.15-19.04.00:167][  0]LogContentBrowser: Native class hierarchy populated in 0.0131 seconds. Added 3451 classes and 824 folders.
[2021.04.15-19.04.00:171][  0]LogContentBrowser: Native class hierarchy updated for 'WidgetCarousel' in 0.0005 seconds. Added 0 classes and 0 folders.
[2021.04.15-19.04.00:303][  0]LogContentBrowser: Native class hierarchy updated for 'AddContentDialog' in 0.0007 seconds. Added 0 classes and 0 folders.
[2021.04.15-19.04.00:304][  0]LogContentBrowser: Native class hierarchy updated for 'SceneOutliner' in 0.0006 seconds. Added 2 classes and 0 folders.
[2021.04.15-19.04.00:431][  0]LogSlate: Took 0.000258 seconds to synchronously load lazily loaded font '../../../Engine/Content/Slate/Fonts/Roboto-Regular.ttf' (155K)
[2021.04.15-19.04.00:434][  0]LogSlate: Took 0.000553 seconds to synchronously load lazily loaded font '../../../Engine/Content/Slate/Fonts/Roboto-Bold.ttf' (160K)
[2021.04.15-19.04.00:443][  0]LogSlate: Took 0.000329 seconds to synchronously load lazily loaded font '../../../Engine/Content/Editor/Slate/Fonts/FontAwesome.ttf' (139K)
[2021.04.15-19.04.00:571][  0]LogRenderer: Reallocating scene render targets to support 1088x536 Format 10 NumSamples 1 (Frame:1).
[2021.04.15-19.04.00:829][  0]LogContentBrowser: Native class hierarchy updated for 'HierarchicalLODOutliner' in 0.0004 seconds. Added 0 classes and 0 folders.
[2021.04.15-19.04.00:829][  0]LogLoad: (Engine Initialization) Total time: 18.68 seconds
[2021.04.15-19.04.00:829][  0]LogLoad: (Engine Initialization) Total Blueprint compile time: 0.00 seconds
[2021.04.15-19.04.00:876][  0]LogAssetRegistry: Asset discovery search completed in 8.2048 seconds
[2021.04.15-19.04.00:882][  0]LogCollectionManager: Fixed up redirectors for 0 collections in 0.000003 seconds (updated 0 objects)
[2021.04.15-19.04.00:883][  0]LogContentStreaming: Texture pool size now 1000 MB
[2021.04.15-19.04.00:971][  0]LogRenderer: Reallocating scene render targets to support 1088x552 Format 10 NumSamples 1 (Frame:3).
[2021.04.15-19.04.00:971][  0]LogSlate: Took 0.000253 seconds to synchronously load lazily loaded font '../../../Engine/Content/Slate/Fonts/Roboto-Light.ttf' (167K)
[2021.04.15-19.04.00:985][  0]LogSlate: Took 0.000425 seconds to synchronously load lazily loaded font '../../../Engine/Content/Slate/Fonts/DroidSansMono.ttf' (77K)
[2021.04.15-19.05.22:739][359]LogSlate: Window 'Message Log' being destroyed
[2021.04.15-19.05.22:744][359]LogSlate: Window 'Message Log' being destroyed
[2021.04.15-19.05.23:892][421]LogSlate: Took 0.000260 seconds to synchronously load lazily loaded font '../../../Engine/Content/Slate/Fonts/Roboto-Light.ttf' (167K)
[2021.04.15-19.05.23:949][421]LogAssetEditorSubsystem: Opening Asset editor for World /Game/Maps/MainMenu.MainMenu
[2021.04.15-19.05.23:961][421]LogUObjectHash: Compacting FUObjectHashTables data took   0.71ms
[2021.04.15-19.05.23:963][421]Cmd: MAP LOAD FILE="C:/Users/sethg/Desktop/High Level Development II/W21_GAM1528_NoNameYet/TowerDefence/Content/Maps/MainMenu.umap" TEMPLATE=0 SHOWPROGRESS=1 FEATURELEVEL=3
[2021.04.15-19.05.23:963][421]LightingResults: New page: Lighting Build
[2021.04.15-19.05.23:963][421]LoadErrors: New page: Loading map: MainMenu.umap
[2021.04.15-19.05.24:035][421]LogWorld: UWorld::CleanupWorld for Test, bSessionEnded=true, bCleanupResources=true
[2021.04.15-19.05.24:035][421]LogSlate: InvalidateAllWidgets triggered.  All widgets were invalidated
[2021.04.15-19.05.24:035][421]MapCheck: New page: Map Check
[2021.04.15-19.05.24:035][421]LightingResults: New page: Lighting Build
[2021.04.15-19.05.24:046][421]LogAISub: UAISubsystem::~UAISubsystem EnvQueryManager (000002013B46D800), frame # 421
[2021.04.15-19.05.24:046][421]LogAISub: UAISubsystem::~UAISubsystem AIPerceptionSystem (0000020153DF7240), frame # 421
[2021.04.15-19.05.24:048][421]LogUObjectHash: Compacting FUObjectHashTables data took   1.61ms
[2021.04.15-19.05.24:102][421]LogEditorServer: Finished looking for orphan Actors (0.000 secs)
[2021.04.15-19.05.24:102][421]LogAIModule: Creating AISystem for world MainMenu
[2021.04.15-19.05.24:102][421]LogAISub: UAISubsystem::UAISubsystem EnvQueryManager (0000020129FEB800), frame # 421
[2021.04.15-19.05.24:103][421]LogAISub: UAISubsystem::UAISubsystem AIPerceptionSystem (000002013B42C2C0), frame # 421
[2021.04.15-19.05.24:114][421]LogUObjectHash: Compacting FUObjectHashTables data took   0.90ms
[2021.04.15-19.05.24:131][421]Cmd: MAP CHECKDEP NOCLEARLOG
[2021.04.15-19.05.24:131][421]MapCheck: Map check complete: 0 Error(s), 0 Warning(s), took 0.151ms to complete.
[2021.04.15-19.05.24:131][421]LogFileHelpers: Loading map 'MainMenu' took 0.169
[2021.04.15-19.05.25:163][474]LogTemp: Repeating last play command: Selected Viewport
[2021.04.15-19.05.25:174][474]LogPlayLevel: PlayLevel: No blueprints needed recompiling
[2021.04.15-19.05.25:174][474]PIE: New page: PIE session: MainMenu (Apr. 15, 2021, 11:05:25 a.m.)
[2021.04.15-19.05.25:176][474]LogOnline: OSS: Creating online subsystem instance for: NULL
[2021.04.15-19.05.25:179][474]LogOnline: OSS: TryLoadSubsystemAndSetDefault: Loaded subsystem for module [NULL]
[2021.04.15-19.05.25:179][474]LogPlayLevel: Creating play world package: /Game/Maps/UEDPIE_0_MainMenu
[2021.04.15-19.05.25:180][474]LogPlayLevel: PIE: StaticDuplicateObject took: (0.000915s)
[2021.04.15-19.05.25:181][474]LogAIModule: Creating AISystem for world MainMenu
[2021.04.15-19.05.25:181][474]LogAISub: UAISubsystem::UAISubsystem EnvQueryManager (000002016EB9DA00), frame # 474
[2021.04.15-19.05.25:181][474]LogAISub: UAISubsystem::UAISubsystem AIPerceptionSystem (0000020154506840), frame # 474
[2021.04.15-19.05.25:182][474]LogPlayLevel: PIE: World Init took: (0.001393s)
[2021.04.15-19.05.25:182][474]LogPlayLevel: PIE: Created PIE world by copying editor world from /Game/Maps/MainMenu.MainMenu to /Game/Maps/UEDPIE_0_MainMenu.MainMenu (0.002744s)
[2021.04.15-19.05.25:192][474]LogUObjectHash: Compacting FUObjectHashTables data took   0.74ms
[2021.04.15-19.05.25:194][474]LogAudioMixer: Display: Audio Mixer Platform Settings:
[2021.04.15-19.05.25:194][474]LogAudioMixer: Display: 	Sample Rate:						  48000
[2021.04.15-19.05.25:194][474]LogAudioMixer: Display: 	Callback Buffer Frame Size Requested: 1024
[2021.04.15-19.05.25:194][474]LogAudioMixer: Display: 	Callback Buffer Frame Size To Use:	  1024
[2021.04.15-19.05.25:194][474]LogAudioMixer: Display: 	Number of buffers to queue:			  2
[2021.04.15-19.05.25:195][474]LogAudioMixer: Display: 	Max Channels (voices):				  32
[2021.04.15-19.05.25:195][474]LogAudioMixer: Display: 	Number of Async Source Workers:		  0
[2021.04.15-19.05.25:195][474]LogAudio: Display: AudioDevice MaxSources: 32
[2021.04.15-19.05.25:195][474]LogAudio: Display: Using built-in audio occlusion.
[2021.04.15-19.05.25:195][474]LogAudioMixer: Display: Initializing audio mixer.
[2021.04.15-19.05.25:199][474]LogAudioMixer: Display: 0: FrontLeft
[2021.04.15-19.05.25:199][474]LogAudioMixer: Display: 1: FrontRight
[2021.04.15-19.05.25:265][474]LogAudioMixer: Display: Using Audio Device Speakers (Realtek(R) Audio)
[2021.04.15-19.05.25:266][474]LogAudioMixer: Display: Initializing Sound Submixes...
[2021.04.15-19.05.25:266][474]LogAudioMixer: Display: Creating Master Submix 'MasterSubmixDefault'
[2021.04.15-19.05.25:266][474]LogAudioMixer: Display: Creating Master Submix 'MasterReverbSubmixDefault'
[2021.04.15-19.05.25:266][474]LogAudioMixer: Display: Creating Master Submix 'MasterEQSubmixDefault'
[2021.04.15-19.05.25:284][474]LogInit: FAudioDevice initialized.
[2021.04.15-19.05.25:303][474]LogLoad: Game class is 'MainMenu_GameMode_C'
[2021.04.15-19.05.25:305][474]LogWorld: Bringing World /Game/Maps/UEDPIE_0_MainMenu.MainMenu up for play (max tick rate 60) at 2021.04.15-15.05.25
[2021.04.15-19.05.25:305][474]LogWorld: Bringing up level for play took: 0.000525
[2021.04.15-19.05.25:305][474]LogOnline: OSS: Creating online subsystem instance for: :Context_1
[2021.04.15-19.05.25:311][474]LogContentBrowser: Native class hierarchy updated for 'MovieSceneCapture' in 0.0005 seconds. Added 20 classes and 0 folders.
[2021.04.15-19.05.25:312][474]PIE: Server logged in
[2021.04.15-19.05.25:315][474]PIE: Play in editor total start time 0.144 seconds.
[2021.04.15-19.05.25:327][474]LogAudio: Warning: Detected orphaned looping sound 'MenuMusic'.
[2021.04.15-19.05.29:747][738]LogNet: Browse: /Game/Maps/Test
[2021.04.15-19.05.29:748][738]LogLoad: LoadMap: /Game/Maps/Test
[2021.04.15-19.05.29:748][738]LogWorld: BeginTearingDown for /Game/Maps/UEDPIE_0_MainMenu
[2021.04.15-19.05.29:749][738]LogWorld: UWorld::CleanupWorld for MainMenu, bSessionEnded=true, bCleanupResources=true
[2021.04.15-19.05.29:749][738]LogSlate: InvalidateAllWidgets triggered.  All widgets were invalidated
[2021.04.15-19.05.29:797][738]LogAISub: UAISubsystem::~UAISubsystem AIPerceptionSystem (0000020154506840), frame # 738
[2021.04.15-19.05.29:797][738]LogAISub: UAISubsystem::~UAISubsystem EnvQueryManager (000002016EB9DA00), frame # 738
[2021.04.15-19.05.29:798][738]LogUObjectHash: Compacting FUObjectHashTables data took   0.72ms
[2021.04.15-19.05.29:807][738]LogAIModule: Creating AISystem for world Test
[2021.04.15-19.05.29:807][738]LogAISub: UAISubsystem::UAISubsystem EnvQueryManager (000002016143D400), frame # 738
[2021.04.15-19.05.29:807][738]LogAISub: UAISubsystem::UAISubsystem AIPerceptionSystem (000002016F235580), frame # 738
[2021.04.15-19.05.29:807][738]LogLoad: Game class is 'BP_GameMode_C'
[2021.04.15-19.05.29:809][738]LogWorld: Bringing World /Game/Maps/UEDPIE_0_Test.Test up for play (max tick rate 60) at 2021.04.15-15.05.29
[2021.04.15-19.05.29:810][738]LogActor: Warning: BP_MyGameStateBase_C /Game/Maps/UEDPIE_0_Test.Test:PersistentLevel.BP_MyGameStateBase_C_0 has natively added scene component(s), but none of them were set as the actor's RootComponent - picking one arbitrarily
[2021.04.15-19.05.29:810][738]LogWorld: Bringing up level for play took: 0.001764
[2021.04.15-19.05.29:810][738]LogGameMode: FindPlayerStart: PATHS NOT DEFINED or NO PLAYERSTART with positive rating
[2021.04.15-19.05.29:812][738]LogLoad: Took 0.064529 seconds to LoadMap(/Game/Maps/Test)
[2021.04.15-19.05.34:750][ 34]LogScript: Warning: Accessed None trying to read property Item
	InventoryItem_C /Engine/Transient.UnrealEdEngine_0:GameInstance_0.InventoryItem_C_0
	Function /Game/Blueprints/UI/InventoryItem.InventoryItem_C:GetThumbnail:0027
[2021.04.15-19.05.34:750][ 34]PIE: Error: Blueprint Runtime Error: "Accessed None trying to read property Item". Blueprint:  InventoryItem Function:  Get Thumbnail Graph:  GetThumbnail Node:  Return Node
[2021.04.15-19.05.34:756][ 34]LogScript: Warning: Accessed None trying to read property Item
	InventoryItem_C /Engine/Transient.UnrealEdEngine_0:GameInstance_0.InventoryItem_C_0
	Function /Game/Blueprints/UI/InventoryItem.InventoryItem_C:GetThumbnail:0027
[2021.04.15-19.05.34:757][ 34]LogScript: Warning: Accessed None trying to read property Item
	InventoryItem_C /Engine/Transient.UnrealEdEngine_0:GameInstance_0.InventoryItem_C_0
	Function /Game/Blueprints/UI/InventoryItem.InventoryItem_C:Get_name:001F
[2021.04.15-19.05.34:757][ 34]LogScript: Warning: Accessed None trying to read property Item
	InventoryItem_C /Engine/Transient.UnrealEdEngine_0:GameInstance_0.InventoryItem_C_0
	Function /Game/Blueprints/UI/InventoryItem.InventoryItem_C:Get_count:00BB
[2021.04.15-19.05.34:759][ 34]LogScript: Warning: Accessed None trying to read property Item
	InventoryItem_C /Engine/Transient.UnrealEdEngine_0:GameInstance_0.InventoryItem_C_0
	Function /Game/Blueprints/UI/InventoryItem.InventoryItem_C:GetThumbnail:0027
[2021.04.15-19.05.34:769][ 35]LogScript: Warning: Accessed None trying to read property Item
	InventoryItem_C /Engine/Transient.UnrealEdEngine_0:GameInstance_0.InventoryItem_C_0
	Function /Game/Blueprints/UI/InventoryItem.InventoryItem_C:GetThumbnail:0027
[2021.04.15-19.05.34:769][ 35]LogScript: Warning: Accessed None trying to read property Item
	InventoryItem_C /Engine/Transient.UnrealEdEngine_0:GameInstance_0.InventoryItem_C_0
	Function /Game/Blueprints/UI/InventoryItem.InventoryItem_C:Get_name:001F
[2021.04.15-19.05.34:769][ 35]LogScript: Warning: Accessed None trying to read property Item
	InventoryItem_C /Engine/Transient.UnrealEdEngine_0:GameInstance_0.InventoryItem_C_0
	Function /Game/Blueprints/UI/InventoryItem.InventoryItem_C:Get_count:00BB
[2021.04.15-19.05.34:771][ 35]LogScript: Warning: Accessed None trying to read property Item
	InventoryItem_C /Engine/Transient.UnrealEdEngine_0:GameInstance_0.InventoryItem_C_0
	Function /Game/Blueprints/UI/InventoryItem.InventoryItem_C:GetThumbnail:0027
[2021.04.15-19.05.34:788][ 36]LogScript: Warning: Accessed None trying to read property Item
	InventoryItem_C /Engine/Transient.UnrealEdEngine_0:GameInstance_0.InventoryItem_C_0
	Function /Game/Blueprints/UI/InventoryItem.InventoryItem_C:GetThumbnail:0027
[2021.04.15-19.05.34:788][ 36]LogScript: Warning: Accessed None trying to read property Item
	InventoryItem_C /Engine/Transient.UnrealEdEngine_0:GameInstance_0.InventoryItem_C_0
	Function /Game/Blueprints/UI/InventoryItem.InventoryItem_C:Get_name:001F
[2021.04.15-19.05.34:788][ 36]LogScript: Warning: Accessed None trying to read property Item
	InventoryItem_C /Engine/Transient.UnrealEdEngine_0:GameInstance_0.InventoryItem_C_0
	Function /Game/Blueprints/UI/InventoryItem.InventoryItem_C:Get_count:00BB
[2021.04.15-19.05.34:793][ 36]LogScript: Warning: Accessed None trying to read property Item
	InventoryItem_C /Engine/Transient.UnrealEdEngine_0:GameInstance_0.InventoryItem_C_0
	Function /Game/Blueprints/UI/InventoryItem.InventoryItem_C:GetThumbnail:0027
[2021.04.15-19.05.34:803][ 37]LogScript: Warning: Accessed None trying to read property Item
	InventoryItem_C /Engine/Transient.UnrealEdEngine_0:GameInstance_0.InventoryItem_C_0
	Function /Game/Blueprints/UI/InventoryItem.InventoryItem_C:GetThumbnail:0027
[2021.04.15-19.05.34:803][ 37]LogScript: Warning: Accessed None trying to read property Item
	InventoryItem_C /Engine/Transient.UnrealEdEngine_0:GameInstance_0.InventoryItem_C_0
	Function /Game/Blueprints/UI/InventoryItem.InventoryItem_C:Get_name:001F
[2021.04.15-19.05.34:803][ 37]LogScript: Warning: Accessed None trying to read property Item
	InventoryItem_C /Engine/Transient.UnrealEdEngine_0:GameInstance_0.InventoryItem_C_0
	Function /Game/Blueprints/UI/InventoryItem.InventoryItem_C:Get_count:00BB
[2021.04.15-19.05.34:808][ 37]LogScript: Warning: Accessed None trying to read property Item
	InventoryItem_C /Engine/Transient.UnrealEdEngine_0:GameInstance_0.InventoryItem_C_0
	Function /Game/Blueprints/UI/InventoryItem.InventoryItem_C:GetThumbnail:0027
[2021.04.15-19.05.36:419][132]LogSlate: Updating window title bar state: overlay mode, drag disabled, window buttons hidden, title bar hidden
[2021.04.15-19.05.36:420][132]LogWorld: BeginTearingDown for /Game/Maps/UEDPIE_0_Test
[2021.04.15-19.05.36:420][132]LogWorld: UWorld::CleanupWorld for Test, bSessionEnded=true, bCleanupResources=true
[2021.04.15-19.05.36:420][132]LogSlate: InvalidateAllWidgets triggered.  All widgets were invalidated
[2021.04.15-19.05.36:431][132]LogPlayLevel: Display: Shutting down PIE online subsystems
[2021.04.15-19.05.36:432][132]LogSlate: InvalidateAllWidgets triggered.  All widgets were invalidated
[2021.04.15-19.05.36:441][132]LogSlate: Updating window title bar state: overlay mode, drag disabled, window buttons hidden, title bar hidden
[2021.04.15-19.05.36:494][132]LogAISub: UAISubsystem::~UAISubsystem AIPerceptionSystem (000002016F235580), frame # 1132
[2021.04.15-19.05.36:494][132]LogAISub: UAISubsystem::~UAISubsystem EnvQueryManager (000002016143D400), frame # 1132
[2021.04.15-19.05.36:495][132]LogUObjectHash: Compacting FUObjectHashTables data took   0.61ms
[2021.04.15-19.05.36:607][133]LogPlayLevel: Display: Destroying online subsystem :Context_1
[2021.04.15-19.05.37:885][194]LogSlate: Window 'Message Log' being destroyed
[2021.04.15-19.05.37:891][194]LogSlate: Window 'Message Log' being destroyed
[2021.04.15-19.05.38:566][232]LogUObjectHash: Compacting FUObjectHashTables data took   0.69ms
[2021.04.15-19.05.38:608][232]LogSlate: Window 'TowerDefence - Unreal Editor' being destroyed
[2021.04.15-19.05.38:609][232]LogWindowsTextInputMethodSystem: Display: IME system now deactivated.
[2021.04.15-19.05.38:839][233]Cmd: QUIT_EDITOR
[2021.04.15-19.05.38:839][233]LogCore: Engine exit requested (reason: UUnrealEdEngine::CloseEditor())
[2021.04.15-19.05.38:849][233]LogCore: Engine exit requested (reason: EngineExit() was called; note: exit was already requested)
