Log file open, 04/01/21 12:12:53
LogInit: Display: Running engine for game: TowerDefence
LogPlatformFile: Not using cached read wrapper
LogTaskGraph: Started task graph with 5 named threads and 35 total threads with 3 sets of task threads.
LogStats: Stats thread started at 0.351502
LogD3D11RHI: Loaded GFSDK_Aftermath_Lib.x64.dll
LogICUInternationalization: ICU TimeZone Detection - Raw Offset: -5:00, Platform Override: ''
LogPluginManager: Mounting plugin Paper2D
LogPluginManager: Mounting plugin AISupport
LogPluginManager: Mounting plugin LightPropagationVolume
LogPluginManager: Mounting plugin CameraShakePreviewer
LogPluginManager: Mounting plugin ActorLayerUtilities
LogPluginManager: Mounting plugin AnimationSharing
LogPluginManager: Mounting plugin CLionSourceCodeAccess
LogPluginManager: Mounting plugin CodeLiteSourceCodeAccess
LogPluginManager: Mounting plugin GitSourceControl
LogPluginManager: Mounting plugin KDevelopSourceCodeAccess
LogPluginManager: Mounting plugin NullSourceCodeAccess
LogPluginManager: Mounting plugin PerforceSourceControl
LogPluginManager: Mounting plugin PlasticSourceControl
LogPluginManager: Mounting plugin RiderSourceCodeAccess
LogPluginManager: Mounting plugin SubversionSourceControl
LogPluginManager: Mounting plugin UObjectPlugin
LogPluginManager: Mounting plugin VisualStudioCodeSourceCodeAccess
LogPluginManager: Mounting plugin VisualStudioSourceCodeAccess
LogPluginManager: Mounting plugin XCodeSourceCodeAccess
LogPluginManager: Mounting plugin AssetManagerEditor
LogPluginManager: Mounting plugin CryptoKeys
LogPluginManager: Mounting plugin CurveEditorTools
LogPluginManager: Mounting plugin DataValidation
LogPluginManager: Mounting plugin EditorScriptingUtilities
LogPluginManager: Mounting plugin FacialAnimation
LogPluginManager: Mounting plugin GameplayTagsEditor
LogPluginManager: Mounting plugin GeometryMode
LogPluginManager: Mounting plugin MacGraphicsSwitching
LogPluginManager: Mounting plugin MaterialAnalyzer
LogPluginManager: Mounting plugin MobileLauncherProfileWizard
LogPluginManager: Mounting plugin PluginBrowser
LogPluginManager: Mounting plugin SpeedTreeImporter
LogPluginManager: Mounting plugin DatasmithContent
LogPluginManager: Mounting plugin VariantManagerContent
LogPluginManager: Mounting plugin AlembicImporter
LogPluginManager: Mounting plugin AutomationUtils
LogPluginManager: Mounting plugin BackChannel
LogPluginManager: Mounting plugin ChaosCloth
LogPluginManager: Mounting plugin ChaosClothEditor
LogPluginManager: Mounting plugin ChaosEditor
LogPluginManager: Mounting plugin ChaosNiagara
LogPluginManager: Mounting plugin ChaosSolverPlugin
LogPluginManager: Mounting plugin CharacterAI
LogPluginManager: Mounting plugin GeometryCache
LogPluginManager: Mounting plugin GeometryCollectionPlugin
LogPluginManager: Mounting plugin GeometryProcessing
LogPluginManager: Mounting plugin PlanarCut
LogPluginManager: Mounting plugin PlatformCrypto
LogPluginManager: Mounting plugin ProxyLODPlugin
LogPluginManager: Mounting plugin SkeletalReduction
LogPluginManager: Mounting plugin Niagara
LogPluginManager: Mounting plugin MagicLeap
LogPluginManager: Mounting plugin MagicLeapLightEstimation
LogPluginManager: Mounting plugin MagicLeapMedia
LogPluginManager: Mounting plugin MagicLeapPassableWorld
LogPluginManager: Mounting plugin MLSDK
LogPluginManager: Mounting plugin AndroidMedia
LogPluginManager: Mounting plugin AvfMedia
LogPluginManager: Mounting plugin ImgMedia
LogPluginManager: Mounting plugin MediaCompositing
LogPluginManager: Mounting plugin MediaPlayerEditor
LogPluginManager: Mounting plugin WebMMedia
LogPluginManager: Mounting plugin WmfMedia
LogPluginManager: Mounting plugin MeshPainting
LogPluginManager: Mounting plugin TcpMessaging
LogPluginManager: Mounting plugin UdpMessaging
LogPluginManager: Mounting plugin ActorSequence
LogPluginManager: Mounting plugin LevelSequenceEditor
LogPluginManager: Mounting plugin MatineeToLevelSequence
LogPluginManager: Mounting plugin MovieRenderPipeline
LogPluginManager: Mounting plugin TemplateSequence
LogPluginManager: Mounting plugin NetcodeUnitTest
LogPluginManager: Mounting plugin NUTUnrealEngine4
LogPluginManager: Mounting plugin OnlineSubsystemGooglePlay
LogPluginManager: Mounting plugin OnlineSubsystemIOS
LogPluginManager: Mounting plugin OnlineSubsystem
LogPluginManager: Mounting plugin OnlineSubsystemNull
LogPluginManager: Mounting plugin OnlineSubsystemUtils
LogPluginManager: Mounting plugin LauncherChunkInstaller
LogPluginManager: Mounting plugin AndroidDeviceProfileSelector
LogPluginManager: Mounting plugin AndroidMoviePlayer
LogPluginManager: Mounting plugin AndroidPermission
LogPluginManager: Mounting plugin AppleImageUtils
LogPluginManager: Mounting plugin AppleMoviePlayer
LogPluginManager: Mounting plugin ArchVisCharacter
LogPluginManager: Mounting plugin AssetTags
LogPluginManager: Mounting plugin AudioCapture
LogPluginManager: Mounting plugin CableComponent
LogPluginManager: Mounting plugin CustomMeshComponent
LogPluginManager: Mounting plugin EditableMesh
LogPluginManager: Mounting plugin ExampleDeviceProfileSelector
LogPluginManager: Mounting plugin GoogleCloudMessaging
LogPluginManager: Mounting plugin GooglePAD
LogPluginManager: Mounting plugin IOSDeviceProfileSelector
LogPluginManager: Mounting plugin LinuxDeviceProfileSelector
LogPluginManager: Mounting plugin LocationServicesBPLibrary
LogPluginManager: Mounting plugin MobilePatchingUtils
LogPluginManager: Mounting plugin OculusVR
LogPluginManager: Mounting plugin PhysXVehicles
LogPluginManager: Mounting plugin PostSplashScreen
LogPluginManager: Mounting plugin ProceduralMeshComponent
LogPluginManager: Mounting plugin RuntimePhysXCooking
LogPluginManager: Mounting plugin SignificanceManager
LogPluginManager: Mounting plugin SoundFields
LogPluginManager: Mounting plugin SteamVR
LogPluginManager: Mounting plugin Synthesis
LogPluginManager: Mounting plugin WebMMoviePlayer
LogPluginManager: Mounting plugin WindowsMoviePlayer
LogPluginManager: Mounting plugin ScreenshotTools
LogInit: Using libcurl 7.55.1-DEV
LogInit:  - built for x86_64-pc-win32
LogInit:  - supports SSL with OpenSSL/1.1.1
LogInit:  - supports HTTP deflate (compression) using libz 1.2.8
LogInit:  - other features:
LogInit:      CURL_VERSION_SSL
LogInit:      CURL_VERSION_LIBZ
LogInit:      CURL_VERSION_IPV6
LogInit:      CURL_VERSION_ASYNCHDNS
LogInit:      CURL_VERSION_LARGEFILE
LogInit:      CURL_VERSION_IDN
LogInit:  CurlRequestOptions (configurable via config and command line):
LogInit:  - bVerifyPeer = true  - Libcurl will verify peer certificate
LogInit:  - bUseHttpProxy = false  - Libcurl will NOT use HTTP proxy
LogInit:  - bDontReuseConnections = false  - Libcurl will reuse connections
LogInit:  - MaxHostConnections = 16  - Libcurl will limit the number of connections to a host
LogInit:  - LocalHostAddr = Default
LogInit:  - BufferSize = 65536
LogOnline: OSS: Creating online subsystem instance for: NULL
LogInit: WinSock: version 1.1 (2.2), MaxSocks=32767, MaxUdp=65467
LogOnline: OSS: TryLoadSubsystemAndSetDefault: Loaded subsystem for module [NULL]
LogInit: Build: ++UE4+Release-4.25-CL-13942748
LogInit: Engine Version: 4.25.3-13942748+++UE4+Release-4.25
LogInit: Compatible Engine Version: 4.25.0-13144385+++UE4+Release-4.25
LogInit: Net CL: 13144385
LogInit: OS: Windows 10 (Release 1909) (), CPU: Intel(R) Core(TM) i7-8750H CPU @ 2.20GHz, GPU: Intel(R) UHD Graphics 630
LogInit: Compiled (64-bit): Jul 25 2020 02:07:48
LogInit: Compiled with Visual C++: 19.24.28315.00
LogInit: Build Configuration: Development
LogInit: Branch Name: ++UE4+Release-4.25
LogInit: Command Line:  -skipcompile
LogInit: Base Directory: D:/Epic Games Files/UE_4.25/Engine/Binaries/Win64/
LogInit: Allocator: TBB
LogInit: Installed Engine Build: 1
LogDevObjectVersion: Number of dev versions registered: 26
LogDevObjectVersion:   Dev-Blueprints (B0D832E4-1F89-4F0D-ACCF-7EB736FD4AA2): 10
LogDevObjectVersion:   Dev-Build (E1C64328-A22C-4D53-A36C-8E866417BD8C): 0
LogDevObjectVersion:   Dev-Core (375EC13C-06E4-48FB-B500-84F0262A717E): 4
LogDevObjectVersion:   Dev-Editor (E4B068ED-F494-42E9-A231-DA0B2E46BB41): 38
LogDevObjectVersion:   Dev-Framework (CFFC743F-43B0-4480-9391-14DF171D2073): 37
LogDevObjectVersion:   Dev-Mobile (B02B49B5-BB20-44E9-A304-32B752E40360): 2
LogDevObjectVersion:   Dev-Networking (A4E4105C-59A1-49B5-A7C5-40C4547EDFEE): 0
LogDevObjectVersion:   Dev-Online (39C831C9-5AE6-47DC-9A44-9C173E1C8E7C): 0
LogDevObjectVersion:   Dev-Physics (78F01B33-EBEA-4F98-B9B4-84EACCB95AA2): 4
LogDevObjectVersion:   Dev-Platform (6631380F-2D4D-43E0-8009-CF276956A95A): 0
LogDevObjectVersion:   Dev-Rendering (12F88B9F-8875-4AFC-A67C-D90C383ABD29): 43
LogDevObjectVersion:   Dev-Sequencer (7B5AE74C-D270-4C10-A958-57980B212A5A): 12
LogDevObjectVersion:   Dev-VR (D7296918-1DD6-4BDD-9DE2-64A83CC13884): 3
LogDevObjectVersion:   Dev-LoadTimes (C2A15278-BFE7-4AFE-6C17-90FF531DF755): 1
LogDevObjectVersion:   Private-Geometry (6EACA3D4-40EC-4CC1-B786-8BED09428FC5): 3
LogDevObjectVersion:   Dev-AnimPhys (29E575DD-E0A3-4627-9D10-D276232CDCEA): 17
LogDevObjectVersion:   Dev-Anim (AF43A65D-7FD3-4947-9873-3E8ED9C1BB05): 7
LogDevObjectVersion:   Dev-ReflectionCapture (6B266CEC-1EC7-4B8F-A30B-E4D90942FC07): 1
LogDevObjectVersion:   Dev-Automation (0DF73D61-A23F-47EA-B727-89E90C41499A): 1
LogDevObjectVersion:   FortniteMain (601D1886-AC64-4F84-AA16-D3DE0DEAC7D6): 31
LogDevObjectVersion:   Dev-Enterprise (9DFFBCD6-494F-0158-E221-12823C92A888): 10
LogDevObjectVersion:   Dev-Niagara (F2AED0AC-9AFE-416F-8664-AA7FFA26D6FC): 1
LogDevObjectVersion:   Dev-Destruction (174F1F0B-B4C6-45A5-B13F-2EE8D0FB917D): 10
LogDevObjectVersion:   Dev-Physics-Ext (35F94A83-E258-406C-A318-09F59610247C): 37
LogDevObjectVersion:   Dev-PhysicsMaterial-Chaos (B68FC16E-8B1B-42E2-B453-215C058844FE): 1
LogDevObjectVersion:   Dev-CineCamera (B2E18506-4273-CFC2-A54E-F4BB758BBA07): 1
LogInit: Presizing for max 25165824 objects, including 0 objects not considered by GC, pre-allocating 0 bytes for permanent pool.
LogConfig: Applying CVar settings from Section [/Script/Engine.StreamingSettings] File [C:/Users/sethg/Desktop/High Level Development II/W21_GAM1528_NoNameYet/TowerDefence/Saved/Config/Windows/Engine.ini]
LogConfig: Setting CVar [[s.MinBulkDataSizeForAsyncLoading:131072]]
LogConfig: Setting CVar [[s.AsyncLoadingThreadEnabled:0]]
LogConfig: Setting CVar [[s.EventDrivenLoaderEnabled:1]]
LogConfig: Setting CVar [[s.WarnIfTimeLimitExceeded:0]]
LogConfig: Setting CVar [[s.TimeLimitExceededMultiplier:1.5]]
LogConfig: Setting CVar [[s.TimeLimitExceededMinTime:0.005]]
LogConfig: Setting CVar [[s.UseBackgroundLevelStreaming:1]]
LogConfig: Setting CVar [[s.PriorityAsyncLoadingExtraTime:15.0]]
LogConfig: Setting CVar [[s.LevelStreamingActorsUpdateTimeLimit:5.0]]
LogConfig: Setting CVar [[s.PriorityLevelStreamingActorsUpdateExtraTime:5.0]]
LogConfig: Setting CVar [[s.LevelStreamingComponentsRegistrationGranularity:10]]
LogConfig: Setting CVar [[s.UnregisterComponentsTimeLimit:1.0]]
LogConfig: Setting CVar [[s.LevelStreamingComponentsUnregistrationGranularity:5]]
LogConfig: Setting CVar [[s.FlushStreamingOnExit:1]]
LogInit: Object subsystem initialized
LogConfig: Setting CVar [[con.DebugEarlyDefault:1]]
LogConfig: Setting CVar [[r.setres:1280x720]]
[2021.04.01-16.12.53:910][  0]LogConfig: Setting CVar [[r.VSync:0]]
[2021.04.01-16.12.53:910][  0]LogConfig: Setting CVar [[r.RHICmdBypass:0]]
[2021.04.01-16.12.53:910][  0]LogConfig: Applying CVar settings from Section [/Script/Engine.RendererSettings] File [C:/Users/sethg/Desktop/High Level Development II/W21_GAM1528_NoNameYet/TowerDefence/Saved/Config/Windows/Engine.ini]
[2021.04.01-16.12.53:910][  0]LogConfig: Setting CVar [[r.GPUCrashDebugging:0]]
[2021.04.01-16.12.53:910][  0]LogConfig: Applying CVar settings from Section [/Script/Engine.RendererOverrideSettings] File [C:/Users/sethg/Desktop/High Level Development II/W21_GAM1528_NoNameYet/TowerDefence/Saved/Config/Windows/Engine.ini]
[2021.04.01-16.12.53:910][  0]LogConfig: Applying CVar settings from Section [/Script/Engine.StreamingSettings] File [C:/Users/sethg/Desktop/High Level Development II/W21_GAM1528_NoNameYet/TowerDefence/Saved/Config/Windows/Engine.ini]
[2021.04.01-16.12.53:910][  0]LogConfig: Setting CVar [[s.MinBulkDataSizeForAsyncLoading:131072]]
[2021.04.01-16.12.53:910][  0]LogConfig: Setting CVar [[s.AsyncLoadingThreadEnabled:0]]
[2021.04.01-16.12.53:911][  0]LogConfig: Setting CVar [[s.EventDrivenLoaderEnabled:1]]
[2021.04.01-16.12.53:911][  0]LogConfig: Setting CVar [[s.WarnIfTimeLimitExceeded:0]]
[2021.04.01-16.12.53:911][  0]LogConfig: Setting CVar [[s.TimeLimitExceededMultiplier:1.5]]
[2021.04.01-16.12.53:911][  0]LogConfig: Setting CVar [[s.TimeLimitExceededMinTime:0.005]]
[2021.04.01-16.12.53:911][  0]LogConfig: Setting CVar [[s.UseBackgroundLevelStreaming:1]]
[2021.04.01-16.12.53:911][  0]LogConfig: Setting CVar [[s.PriorityAsyncLoadingExtraTime:15.0]]
[2021.04.01-16.12.53:911][  0]LogConfig: Setting CVar [[s.LevelStreamingActorsUpdateTimeLimit:5.0]]
[2021.04.01-16.12.53:911][  0]LogConfig: Setting CVar [[s.PriorityLevelStreamingActorsUpdateExtraTime:5.0]]
[2021.04.01-16.12.53:911][  0]LogConfig: Setting CVar [[s.LevelStreamingComponentsRegistrationGranularity:10]]
[2021.04.01-16.12.53:911][  0]LogConfig: Setting CVar [[s.UnregisterComponentsTimeLimit:1.0]]
[2021.04.01-16.12.53:911][  0]LogConfig: Setting CVar [[s.LevelStreamingComponentsUnregistrationGranularity:5]]
[2021.04.01-16.12.53:911][  0]LogConfig: Setting CVar [[s.FlushStreamingOnExit:1]]
[2021.04.01-16.12.53:911][  0]LogConfig: Applying CVar settings from Section [/Script/Engine.GarbageCollectionSettings] File [C:/Users/sethg/Desktop/High Level Development II/W21_GAM1528_NoNameYet/TowerDefence/Saved/Config/Windows/Engine.ini]
[2021.04.01-16.12.53:911][  0]LogConfig: Setting CVar [[gc.MaxObjectsNotConsideredByGC:1]]
[2021.04.01-16.12.53:911][  0]LogConfig: Setting CVar [[gc.SizeOfPermanentObjectPool:0]]
[2021.04.01-16.12.53:911][  0]LogConfig: Setting CVar [[gc.FlushStreamingOnGC:0]]
[2021.04.01-16.12.53:911][  0]LogConfig: Setting CVar [[gc.NumRetriesBeforeForcingGC:10]]
[2021.04.01-16.12.53:911][  0]LogConfig: Setting CVar [[gc.AllowParallelGC:1]]
[2021.04.01-16.12.53:911][  0]LogConfig: Setting CVar [[gc.TimeBetweenPurgingPendingKillObjects:61.1]]
[2021.04.01-16.12.53:912][  0]LogConfig: Setting CVar [[gc.MaxObjectsInEditor:25165824]]
[2021.04.01-16.12.53:912][  0]LogConfig: Setting CVar [[gc.IncrementalBeginDestroyEnabled:1]]
[2021.04.01-16.12.53:912][  0]LogConfig: Setting CVar [[gc.CreateGCClusters:1]]
[2021.04.01-16.12.53:912][  0]LogConfig: Setting CVar [[gc.MinGCClusterSize:5]]
[2021.04.01-16.12.53:912][  0]LogConfig: Setting CVar [[gc.ActorClusteringEnabled:0]]
[2021.04.01-16.12.53:912][  0]LogConfig: Setting CVar [[gc.BlueprintClusteringEnabled:0]]
[2021.04.01-16.12.53:912][  0]LogConfig: Setting CVar [[gc.UseDisregardForGCOnDedicatedServers:0]]
[2021.04.01-16.12.53:912][  0]LogConfig: Applying CVar settings from Section [/Script/Engine.NetworkSettings] File [C:/Users/sethg/Desktop/High Level Development II/W21_GAM1528_NoNameYet/TowerDefence/Saved/Config/Windows/Engine.ini]
[2021.04.01-16.12.53:912][  0]LogConfig: Applying CVar settings from Section [/Script/UnrealEd.CookerSettings] File [C:/Users/sethg/Desktop/High Level Development II/W21_GAM1528_NoNameYet/TowerDefence/Saved/Config/Windows/Engine.ini]
[2021.04.01-16.12.53:920][  0]LogConfig: Applying CVar settings from Section [ViewDistanceQuality@3] File [C:/Users/sethg/Desktop/High Level Development II/W21_GAM1528_NoNameYet/TowerDefence/Saved/Config/Windows/Scalability.ini]
[2021.04.01-16.12.53:920][  0]LogConfig: Setting CVar [[r.SkeletalMeshLODBias:0]]
[2021.04.01-16.12.53:920][  0]LogConfig: Setting CVar [[r.ViewDistanceScale:1.0]]
[2021.04.01-16.12.53:920][  0]LogConfig: Applying CVar settings from Section [AntiAliasingQuality@3] File [C:/Users/sethg/Desktop/High Level Development II/W21_GAM1528_NoNameYet/TowerDefence/Saved/Config/Windows/Scalability.ini]
[2021.04.01-16.12.53:920][  0]LogConfig: Setting CVar [[r.PostProcessAAQuality:4]]
[2021.04.01-16.12.53:920][  0]LogConfig: Applying CVar settings from Section [ShadowQuality@3] File [C:/Users/sethg/Desktop/High Level Development II/W21_GAM1528_NoNameYet/TowerDefence/Saved/Config/Windows/Scalability.ini]
[2021.04.01-16.12.53:920][  0]LogConfig: Setting CVar [[r.LightFunctionQuality:1]]
[2021.04.01-16.12.53:920][  0]LogConfig: Setting CVar [[r.ShadowQuality:5]]
[2021.04.01-16.12.53:920][  0]LogConfig: Setting CVar [[r.Shadow.CSM.MaxCascades:10]]
[2021.04.01-16.12.53:921][  0]LogConfig: Setting CVar [[r.Shadow.MaxResolution:2048]]
[2021.04.01-16.12.53:921][  0]LogConfig: Setting CVar [[r.Shadow.MaxCSMResolution:2048]]
[2021.04.01-16.12.53:921][  0]LogConfig: Setting CVar [[r.Shadow.RadiusThreshold:0.01]]
[2021.04.01-16.12.53:921][  0]LogConfig: Setting CVar [[r.Shadow.DistanceScale:1.0]]
[2021.04.01-16.12.53:921][  0]LogConfig: Setting CVar [[r.Shadow.CSM.TransitionScale:1.0]]
[2021.04.01-16.12.53:921][  0]LogConfig: Setting CVar [[r.Shadow.PreShadowResolutionFactor:1.0]]
[2021.04.01-16.12.53:921][  0]LogConfig: Setting CVar [[r.DistanceFieldShadowing:1]]
[2021.04.01-16.12.53:921][  0]LogConfig: Setting CVar [[r.DistanceFieldAO:1]]
[2021.04.01-16.12.53:921][  0]LogConfig: Setting CVar [[r.AOQuality:2]]
[2021.04.01-16.12.53:921][  0]LogConfig: Setting CVar [[r.VolumetricFog:1]]
[2021.04.01-16.12.53:921][  0]LogConfig: Setting CVar [[r.VolumetricFog.GridPixelSize:8]]
[2021.04.01-16.12.53:921][  0]LogConfig: Setting CVar [[r.VolumetricFog.GridSizeZ:128]]
[2021.04.01-16.12.53:921][  0]LogConfig: Setting CVar [[r.VolumetricFog.HistoryMissSupersampleCount:4]]
[2021.04.01-16.12.53:921][  0]LogConfig: Setting CVar [[r.LightMaxDrawDistanceScale:1]]
[2021.04.01-16.12.53:921][  0]LogConfig: Setting CVar [[r.CapsuleShadows:1]]
[2021.04.01-16.12.53:921][  0]LogConfig: Applying CVar settings from Section [PostProcessQuality@3] File [C:/Users/sethg/Desktop/High Level Development II/W21_GAM1528_NoNameYet/TowerDefence/Saved/Config/Windows/Scalability.ini]
[2021.04.01-16.12.53:921][  0]LogConfig: Setting CVar [[r.MotionBlurQuality:4]]
[2021.04.01-16.12.53:922][  0]LogConfig: Setting CVar [[r.AmbientOcclusionMipLevelFactor:0.4]]
[2021.04.01-16.12.53:922][  0]LogConfig: Setting CVar [[r.AmbientOcclusionMaxQuality:100]]
[2021.04.01-16.12.53:922][  0]LogConfig: Setting CVar [[r.AmbientOcclusionLevels:-1]]
[2021.04.01-16.12.53:922][  0]LogConfig: Setting CVar [[r.AmbientOcclusionRadiusScale:1.0]]
[2021.04.01-16.12.53:922][  0]LogConfig: Setting CVar [[r.DepthOfFieldQuality:2]]
[2021.04.01-16.12.53:922][  0]LogConfig: Setting CVar [[r.RenderTargetPoolMin:400]]
[2021.04.01-16.12.53:922][  0]LogConfig: Setting CVar [[r.LensFlareQuality:2]]
[2021.04.01-16.12.53:922][  0]LogConfig: Setting CVar [[r.SceneColorFringeQuality:1]]
[2021.04.01-16.12.53:922][  0]LogConfig: Setting CVar [[r.EyeAdaptationQuality:2]]
[2021.04.01-16.12.53:922][  0]LogConfig: Setting CVar [[r.BloomQuality:5]]
[2021.04.01-16.12.53:922][  0]LogConfig: Setting CVar [[r.FastBlurThreshold:100]]
[2021.04.01-16.12.53:922][  0]LogConfig: Setting CVar [[r.Upscale.Quality:3]]
[2021.04.01-16.12.53:922][  0]LogConfig: Setting CVar [[r.Tonemapper.GrainQuantization:1]]
[2021.04.01-16.12.53:922][  0]LogConfig: Setting CVar [[r.LightShaftQuality:1]]
[2021.04.01-16.12.53:922][  0]LogConfig: Setting CVar [[r.Filter.SizeScale:1]]
[2021.04.01-16.12.53:922][  0]LogConfig: Setting CVar [[r.Tonemapper.Quality:5]]
[2021.04.01-16.12.53:922][  0]LogConfig: Setting CVar [[r.DOF.Gather.AccumulatorQuality:1        ; higher gathering accumulator quality]]
[2021.04.01-16.12.53:922][  0]LogConfig: Setting CVar [[r.DOF.Gather.PostfilterMethod:1          ; Median3x3 postfilering method]]
[2021.04.01-16.12.53:922][  0]LogConfig: Setting CVar [[r.DOF.Gather.EnableBokehSettings:0       ; no bokeh simulation when gathering]]
[2021.04.01-16.12.53:923][  0]LogConfig: Setting CVar [[r.DOF.Gather.RingCount:4                 ; medium number of samples when gathering]]
[2021.04.01-16.12.53:923][  0]LogConfig: Setting CVar [[r.DOF.Scatter.ForegroundCompositing:1    ; additive foreground scattering]]
[2021.04.01-16.12.53:923][  0]LogConfig: Setting CVar [[r.DOF.Scatter.BackgroundCompositing:2    ; additive background scattering]]
[2021.04.01-16.12.53:923][  0]LogConfig: Setting CVar [[r.DOF.Scatter.EnableBokehSettings:1      ; bokeh simulation when scattering]]
[2021.04.01-16.12.53:923][  0]LogConfig: Setting CVar [[r.DOF.Scatter.MaxSpriteRatio:0.1         ; only a maximum of 10% of scattered bokeh]]
[2021.04.01-16.12.53:923][  0]LogConfig: Setting CVar [[r.DOF.Recombine.Quality:1                ; cheap slight out of focus]]
[2021.04.01-16.12.53:923][  0]LogConfig: Setting CVar [[r.DOF.Recombine.EnableBokehSettings:0    ; no bokeh simulation on slight out of focus]]
[2021.04.01-16.12.53:923][  0]LogConfig: Setting CVar [[r.DOF.TemporalAAQuality:1                ; more stable temporal accumulation]]
[2021.04.01-16.12.53:923][  0]LogConfig: Setting CVar [[r.DOF.Kernel.MaxForegroundRadius:0.025]]
[2021.04.01-16.12.53:923][  0]LogConfig: Setting CVar [[r.DOF.Kernel.MaxBackgroundRadius:0.025]]
[2021.04.01-16.12.53:923][  0]LogConfig: Applying CVar settings from Section [TextureQuality@3] File [C:/Users/sethg/Desktop/High Level Development II/W21_GAM1528_NoNameYet/TowerDefence/Saved/Config/Windows/Scalability.ini]
[2021.04.01-16.12.53:923][  0]LogConfig: Setting CVar [[r.Streaming.MipBias:0]]
[2021.04.01-16.12.53:923][  0]LogConfig: Setting CVar [[r.Streaming.AmortizeCPUToGPUCopy:0]]
[2021.04.01-16.12.53:923][  0]LogConfig: Setting CVar [[r.Streaming.MaxNumTexturesToStreamPerFrame:0]]
[2021.04.01-16.12.53:923][  0]LogConfig: Setting CVar [[r.Streaming.Boost:1]]
[2021.04.01-16.12.53:923][  0]LogConfig: Setting CVar [[r.MaxAnisotropy:8]]
[2021.04.01-16.12.53:923][  0]LogConfig: Setting CVar [[r.VT.MaxAnisotropy:8]]
[2021.04.01-16.12.53:924][  0]LogConfig: Setting CVar [[r.Streaming.LimitPoolSizeToVRAM:0]]
[2021.04.01-16.12.53:924][  0]LogConfig: Setting CVar [[r.Streaming.PoolSize:1000]]
[2021.04.01-16.12.53:924][  0]LogConfig: Setting CVar [[r.Streaming.MaxEffectiveScreenSize:0]]
[2021.04.01-16.12.53:924][  0]LogConfig: Applying CVar settings from Section [EffectsQuality@3] File [C:/Users/sethg/Desktop/High Level Development II/W21_GAM1528_NoNameYet/TowerDefence/Saved/Config/Windows/Scalability.ini]
[2021.04.01-16.12.53:924][  0]LogConfig: Setting CVar [[r.TranslucencyLightingVolumeDim:64]]
[2021.04.01-16.12.53:924][  0]LogConfig: Setting CVar [[r.RefractionQuality:2]]
[2021.04.01-16.12.53:924][  0]LogConfig: Setting CVar [[r.SSR.Quality:3]]
[2021.04.01-16.12.53:924][  0]LogConfig: Setting CVar [[r.SSR.HalfResSceneColor:0]]
[2021.04.01-16.12.53:924][  0]LogConfig: Setting CVar [[r.SceneColorFormat:4]]
[2021.04.01-16.12.53:924][  0]LogConfig: Setting CVar [[r.DetailMode:2]]
[2021.04.01-16.12.53:924][  0]LogConfig: Setting CVar [[r.TranslucencyVolumeBlur:1]]
[2021.04.01-16.12.53:924][  0]LogConfig: Setting CVar [[r.MaterialQualityLevel:1 ; High quality]]
[2021.04.01-16.12.53:924][  0]LogConfig: Setting CVar [[r.SSS.Scale:1]]
[2021.04.01-16.12.53:924][  0]LogConfig: Setting CVar [[r.SSS.SampleSet:2]]
[2021.04.01-16.12.53:924][  0]LogConfig: Setting CVar [[r.SSS.Quality:1]]
[2021.04.01-16.12.53:924][  0]LogConfig: Setting CVar [[r.SSS.HalfRes:0]]
[2021.04.01-16.12.53:924][  0]LogConfig: Setting CVar [[r.SSGI.Quality:3]]
[2021.04.01-16.12.53:924][  0]LogConfig: Setting CVar [[r.EmitterSpawnRateScale:1.0]]
[2021.04.01-16.12.53:924][  0]LogConfig: Setting CVar [[r.ParticleLightQuality:2]]
[2021.04.01-16.12.53:925][  0]LogConfig: Setting CVar [[r.SkyAtmosphere.AerialPerspectiveLUT.FastApplyOnOpaque:1 ; Always have FastSkyLUT 1 in this case to avoid wrong sky]]
[2021.04.01-16.12.53:925][  0]LogConfig: Setting CVar [[r.SkyAtmosphere.AerialPerspectiveLUT.SampleCountPerSlice:1]]
[2021.04.01-16.12.53:925][  0]LogConfig: Setting CVar [[r.SkyAtmosphere.AerialPerspectiveLUT.DepthResolution:16.0]]
[2021.04.01-16.12.53:925][  0]LogConfig: Setting CVar [[r.SkyAtmosphere.FastSkyLUT:1]]
[2021.04.01-16.12.53:925][  0]LogConfig: Setting CVar [[r.SkyAtmosphere.FastSkyLUT.SampleCountMin:4.0]]
[2021.04.01-16.12.53:925][  0]LogConfig: Setting CVar [[r.SkyAtmosphere.FastSkyLUT.SampleCountMax:32.0]]
[2021.04.01-16.12.53:925][  0]LogConfig: Setting CVar [[r.SkyAtmosphere.SampleCountMin:4.0]]
[2021.04.01-16.12.53:925][  0]LogConfig: Setting CVar [[r.SkyAtmosphere.SampleCountMax:32.0]]
[2021.04.01-16.12.53:925][  0]LogConfig: Setting CVar [[r.SkyAtmosphere.TransmittanceLUT.UseSmallFormat:0]]
[2021.04.01-16.12.53:925][  0]LogConfig: Setting CVar [[r.SkyAtmosphere.TransmittanceLUT.SampleCount:10.0]]
[2021.04.01-16.12.53:925][  0]LogConfig: Setting CVar [[r.SkyAtmosphere.MultiScatteringLUT.SampleCount:15.0]]
[2021.04.01-16.12.53:925][  0]LogConfig: Applying CVar settings from Section [FoliageQuality@3] File [C:/Users/sethg/Desktop/High Level Development II/W21_GAM1528_NoNameYet/TowerDefence/Saved/Config/Windows/Scalability.ini]
[2021.04.01-16.12.53:925][  0]LogConfig: Setting CVar [[foliage.DensityScale:1.0]]
[2021.04.01-16.12.53:925][  0]LogConfig: Setting CVar [[grass.DensityScale:1.0]]
[2021.04.01-16.12.53:925][  0]LogConfig: Applying CVar settings from Section [ShadingQuality@3] File [C:/Users/sethg/Desktop/High Level Development II/W21_GAM1528_NoNameYet/TowerDefence/Saved/Config/Windows/Scalability.ini]
[2021.04.01-16.12.53:925][  0]LogConfig: Setting CVar [[r.HairStrands.SkyLighting.SampleCount:16]]
[2021.04.01-16.12.53:925][  0]LogConfig: Setting CVar [[r.HairStrands.SkyLighting.JitterIntegration:0]]
[2021.04.01-16.12.53:926][  0]LogConfig: Setting CVar [[r.HairStrands.SkyAO.SampleCount:16]]
[2021.04.01-16.12.53:926][  0]LogConfig: Setting CVar [[r.HairStrands.DeepShadow.SuperSampling:0]]
[2021.04.01-16.12.53:926][  0]LogConfig: Setting CVar [[r.HairStrands.VisibilityPPLL:0]]
[2021.04.01-16.12.53:926][  0]LogConfig: Setting CVar [[r.HairStrands.RasterizationScale:0.5]]
[2021.04.01-16.12.53:926][  0]LogConfig: Setting CVar [[r.HairStrands.VelocityRasterizationScale:1]]
[2021.04.01-16.12.53:926][  0]LogInit: Selected Device Profile: [Windows]
[2021.04.01-16.12.53:926][  0]LogInit: Applying CVar settings loaded from the selected device profile: [Windows]
[2021.04.01-16.12.53:926][  0]LogHAL: Display: Platform has ~ 16 GB [17023397888 / 17179869184 / 16], which maps to Larger [LargestMinGB=32, LargerMinGB=12, DefaultMinGB=8, SmallerMinGB=6, SmallestMinGB=0)
[2021.04.01-16.12.53:926][  0]LogInit: Going up to parent DeviceProfile []
[2021.04.01-16.12.53:926][  0]LogConfig: Applying CVar settings from Section [ViewDistanceQuality@3] File [C:/Users/sethg/Desktop/High Level Development II/W21_GAM1528_NoNameYet/TowerDefence/Saved/Config/Windows/Scalability.ini]
[2021.04.01-16.12.53:926][  0]LogConfig: Setting CVar [[r.SkeletalMeshLODBias:0]]
[2021.04.01-16.12.53:926][  0]LogConfig: Setting CVar [[r.ViewDistanceScale:1.0]]
[2021.04.01-16.12.53:926][  0]LogConfig: Applying CVar settings from Section [AntiAliasingQuality@3] File [C:/Users/sethg/Desktop/High Level Development II/W21_GAM1528_NoNameYet/TowerDefence/Saved/Config/Windows/Scalability.ini]
[2021.04.01-16.12.53:926][  0]LogConfig: Setting CVar [[r.PostProcessAAQuality:4]]
[2021.04.01-16.12.53:926][  0]LogConfig: Applying CVar settings from Section [ShadowQuality@3] File [C:/Users/sethg/Desktop/High Level Development II/W21_GAM1528_NoNameYet/TowerDefence/Saved/Config/Windows/Scalability.ini]
[2021.04.01-16.12.53:926][  0]LogConfig: Setting CVar [[r.LightFunctionQuality:1]]
[2021.04.01-16.12.53:926][  0]LogConfig: Setting CVar [[r.ShadowQuality:5]]
[2021.04.01-16.12.53:927][  0]LogConfig: Setting CVar [[r.Shadow.CSM.MaxCascades:10]]
[2021.04.01-16.12.53:927][  0]LogConfig: Setting CVar [[r.Shadow.MaxResolution:2048]]
[2021.04.01-16.12.53:927][  0]LogConfig: Setting CVar [[r.Shadow.MaxCSMResolution:2048]]
[2021.04.01-16.12.53:927][  0]LogConfig: Setting CVar [[r.Shadow.RadiusThreshold:0.01]]
[2021.04.01-16.12.53:927][  0]LogConfig: Setting CVar [[r.Shadow.DistanceScale:1.0]]
[2021.04.01-16.12.53:927][  0]LogConfig: Setting CVar [[r.Shadow.CSM.TransitionScale:1.0]]
[2021.04.01-16.12.53:927][  0]LogConfig: Setting CVar [[r.Shadow.PreShadowResolutionFactor:1.0]]
[2021.04.01-16.12.53:927][  0]LogConfig: Setting CVar [[r.DistanceFieldShadowing:1]]
[2021.04.01-16.12.53:927][  0]LogConfig: Setting CVar [[r.DistanceFieldAO:1]]
[2021.04.01-16.12.53:927][  0]LogConfig: Setting CVar [[r.AOQuality:2]]
[2021.04.01-16.12.53:927][  0]LogConfig: Setting CVar [[r.VolumetricFog:1]]
[2021.04.01-16.12.53:927][  0]LogConfig: Setting CVar [[r.VolumetricFog.GridPixelSize:8]]
[2021.04.01-16.12.53:927][  0]LogConfig: Setting CVar [[r.VolumetricFog.GridSizeZ:128]]
[2021.04.01-16.12.53:927][  0]LogConfig: Setting CVar [[r.VolumetricFog.HistoryMissSupersampleCount:4]]
[2021.04.01-16.12.53:927][  0]LogConfig: Setting CVar [[r.LightMaxDrawDistanceScale:1]]
[2021.04.01-16.12.53:927][  0]LogConfig: Setting CVar [[r.CapsuleShadows:1]]
[2021.04.01-16.12.53:927][  0]LogConfig: Applying CVar settings from Section [PostProcessQuality@3] File [C:/Users/sethg/Desktop/High Level Development II/W21_GAM1528_NoNameYet/TowerDefence/Saved/Config/Windows/Scalability.ini]
[2021.04.01-16.12.53:927][  0]LogConfig: Setting CVar [[r.MotionBlurQuality:4]]
[2021.04.01-16.12.53:928][  0]LogConfig: Setting CVar [[r.AmbientOcclusionMipLevelFactor:0.4]]
[2021.04.01-16.12.53:928][  0]LogConfig: Setting CVar [[r.AmbientOcclusionMaxQuality:100]]
[2021.04.01-16.12.53:928][  0]LogConfig: Setting CVar [[r.AmbientOcclusionLevels:-1]]
[2021.04.01-16.12.53:928][  0]LogConfig: Setting CVar [[r.AmbientOcclusionRadiusScale:1.0]]
[2021.04.01-16.12.53:928][  0]LogConfig: Setting CVar [[r.DepthOfFieldQuality:2]]
[2021.04.01-16.12.53:928][  0]LogConfig: Setting CVar [[r.RenderTargetPoolMin:400]]
[2021.04.01-16.12.53:928][  0]LogConfig: Setting CVar [[r.LensFlareQuality:2]]
[2021.04.01-16.12.53:928][  0]LogConfig: Setting CVar [[r.SceneColorFringeQuality:1]]
[2021.04.01-16.12.53:928][  0]LogConfig: Setting CVar [[r.EyeAdaptationQuality:2]]
[2021.04.01-16.12.53:928][  0]LogConfig: Setting CVar [[r.BloomQuality:5]]
[2021.04.01-16.12.53:928][  0]LogConfig: Setting CVar [[r.FastBlurThreshold:100]]
[2021.04.01-16.12.53:928][  0]LogConfig: Setting CVar [[r.Upscale.Quality:3]]
[2021.04.01-16.12.53:928][  0]LogConfig: Setting CVar [[r.Tonemapper.GrainQuantization:1]]
[2021.04.01-16.12.53:928][  0]LogConfig: Setting CVar [[r.LightShaftQuality:1]]
[2021.04.01-16.12.53:928][  0]LogConfig: Setting CVar [[r.Filter.SizeScale:1]]
[2021.04.01-16.12.53:928][  0]LogConfig: Setting CVar [[r.Tonemapper.Quality:5]]
[2021.04.01-16.12.53:928][  0]LogConfig: Setting CVar [[r.DOF.Gather.AccumulatorQuality:1        ; higher gathering accumulator quality]]
[2021.04.01-16.12.53:928][  0]LogConfig: Setting CVar [[r.DOF.Gather.PostfilterMethod:1          ; Median3x3 postfilering method]]
[2021.04.01-16.12.53:929][  0]LogConfig: Setting CVar [[r.DOF.Gather.EnableBokehSettings:0       ; no bokeh simulation when gathering]]
[2021.04.01-16.12.53:929][  0]LogConfig: Setting CVar [[r.DOF.Gather.RingCount:4                 ; medium number of samples when gathering]]
[2021.04.01-16.12.53:929][  0]LogConfig: Setting CVar [[r.DOF.Scatter.ForegroundCompositing:1    ; additive foreground scattering]]
[2021.04.01-16.12.53:929][  0]LogConfig: Setting CVar [[r.DOF.Scatter.BackgroundCompositing:2    ; additive background scattering]]
[2021.04.01-16.12.53:929][  0]LogConfig: Setting CVar [[r.DOF.Scatter.EnableBokehSettings:1      ; bokeh simulation when scattering]]
[2021.04.01-16.12.53:929][  0]LogConfig: Setting CVar [[r.DOF.Scatter.MaxSpriteRatio:0.1         ; only a maximum of 10% of scattered bokeh]]
[2021.04.01-16.12.53:929][  0]LogConfig: Setting CVar [[r.DOF.Recombine.Quality:1                ; cheap slight out of focus]]
[2021.04.01-16.12.53:929][  0]LogConfig: Setting CVar [[r.DOF.Recombine.EnableBokehSettings:0    ; no bokeh simulation on slight out of focus]]
[2021.04.01-16.12.53:929][  0]LogConfig: Setting CVar [[r.DOF.TemporalAAQuality:1                ; more stable temporal accumulation]]
[2021.04.01-16.12.53:929][  0]LogConfig: Setting CVar [[r.DOF.Kernel.MaxForegroundRadius:0.025]]
[2021.04.01-16.12.53:929][  0]LogConfig: Setting CVar [[r.DOF.Kernel.MaxBackgroundRadius:0.025]]
[2021.04.01-16.12.53:929][  0]LogConfig: Applying CVar settings from Section [TextureQuality@3] File [C:/Users/sethg/Desktop/High Level Development II/W21_GAM1528_NoNameYet/TowerDefence/Saved/Config/Windows/Scalability.ini]
[2021.04.01-16.12.53:929][  0]LogConfig: Setting CVar [[r.Streaming.MipBias:0]]
[2021.04.01-16.12.53:929][  0]LogConfig: Setting CVar [[r.Streaming.AmortizeCPUToGPUCopy:0]]
[2021.04.01-16.12.53:929][  0]LogConfig: Setting CVar [[r.Streaming.MaxNumTexturesToStreamPerFrame:0]]
[2021.04.01-16.12.53:929][  0]LogConfig: Setting CVar [[r.Streaming.Boost:1]]
[2021.04.01-16.12.53:929][  0]LogConfig: Setting CVar [[r.MaxAnisotropy:8]]
[2021.04.01-16.12.53:929][  0]LogConfig: Setting CVar [[r.VT.MaxAnisotropy:8]]
[2021.04.01-16.12.53:929][  0]LogConfig: Setting CVar [[r.Streaming.LimitPoolSizeToVRAM:0]]
[2021.04.01-16.12.53:930][  0]LogConfig: Setting CVar [[r.Streaming.PoolSize:1000]]
[2021.04.01-16.12.53:930][  0]LogConfig: Setting CVar [[r.Streaming.MaxEffectiveScreenSize:0]]
[2021.04.01-16.12.53:930][  0]LogConfig: Applying CVar settings from Section [EffectsQuality@3] File [C:/Users/sethg/Desktop/High Level Development II/W21_GAM1528_NoNameYet/TowerDefence/Saved/Config/Windows/Scalability.ini]
[2021.04.01-16.12.53:930][  0]LogConfig: Setting CVar [[r.TranslucencyLightingVolumeDim:64]]
[2021.04.01-16.12.53:930][  0]LogConfig: Setting CVar [[r.RefractionQuality:2]]
[2021.04.01-16.12.53:930][  0]LogConfig: Setting CVar [[r.SSR.Quality:3]]
[2021.04.01-16.12.53:930][  0]LogConfig: Setting CVar [[r.SSR.HalfResSceneColor:0]]
[2021.04.01-16.12.53:930][  0]LogConfig: Setting CVar [[r.SceneColorFormat:4]]
[2021.04.01-16.12.53:930][  0]LogConfig: Setting CVar [[r.DetailMode:2]]
[2021.04.01-16.12.53:930][  0]LogConfig: Setting CVar [[r.TranslucencyVolumeBlur:1]]
[2021.04.01-16.12.53:930][  0]LogConfig: Setting CVar [[r.MaterialQualityLevel:1 ; High quality]]
[2021.04.01-16.12.53:930][  0]LogConfig: Setting CVar [[r.SSS.Scale:1]]
[2021.04.01-16.12.53:930][  0]LogConfig: Setting CVar [[r.SSS.SampleSet:2]]
[2021.04.01-16.12.53:930][  0]LogConfig: Setting CVar [[r.SSS.Quality:1]]
[2021.04.01-16.12.53:930][  0]LogConfig: Setting CVar [[r.SSS.HalfRes:0]]
[2021.04.01-16.12.53:930][  0]LogConfig: Setting CVar [[r.SSGI.Quality:3]]
[2021.04.01-16.12.53:930][  0]LogConfig: Setting CVar [[r.EmitterSpawnRateScale:1.0]]
[2021.04.01-16.12.53:930][  0]LogConfig: Setting CVar [[r.ParticleLightQuality:2]]
[2021.04.01-16.12.53:931][  0]LogConfig: Setting CVar [[r.SkyAtmosphere.AerialPerspectiveLUT.FastApplyOnOpaque:1 ; Always have FastSkyLUT 1 in this case to avoid wrong sky]]
[2021.04.01-16.12.53:931][  0]LogConfig: Setting CVar [[r.SkyAtmosphere.AerialPerspectiveLUT.SampleCountPerSlice:1]]
[2021.04.01-16.12.53:931][  0]LogConfig: Setting CVar [[r.SkyAtmosphere.AerialPerspectiveLUT.DepthResolution:16.0]]
[2021.04.01-16.12.53:931][  0]LogConfig: Setting CVar [[r.SkyAtmosphere.FastSkyLUT:1]]
[2021.04.01-16.12.53:931][  0]LogConfig: Setting CVar [[r.SkyAtmosphere.FastSkyLUT.SampleCountMin:4.0]]
[2021.04.01-16.12.53:931][  0]LogConfig: Setting CVar [[r.SkyAtmosphere.FastSkyLUT.SampleCountMax:32.0]]
[2021.04.01-16.12.53:931][  0]LogConfig: Setting CVar [[r.SkyAtmosphere.SampleCountMin:4.0]]
[2021.04.01-16.12.53:931][  0]LogConfig: Setting CVar [[r.SkyAtmosphere.SampleCountMax:32.0]]
[2021.04.01-16.12.53:931][  0]LogConfig: Setting CVar [[r.SkyAtmosphere.TransmittanceLUT.UseSmallFormat:0]]
[2021.04.01-16.12.53:931][  0]LogConfig: Setting CVar [[r.SkyAtmosphere.TransmittanceLUT.SampleCount:10.0]]
[2021.04.01-16.12.53:931][  0]LogConfig: Setting CVar [[r.SkyAtmosphere.MultiScatteringLUT.SampleCount:15.0]]
[2021.04.01-16.12.53:931][  0]LogConfig: Applying CVar settings from Section [FoliageQuality@3] File [C:/Users/sethg/Desktop/High Level Development II/W21_GAM1528_NoNameYet/TowerDefence/Saved/Config/Windows/Scalability.ini]
[2021.04.01-16.12.53:931][  0]LogConfig: Setting CVar [[foliage.DensityScale:1.0]]
[2021.04.01-16.12.53:931][  0]LogConfig: Setting CVar [[grass.DensityScale:1.0]]
[2021.04.01-16.12.53:931][  0]LogConfig: Applying CVar settings from Section [ShadingQuality@3] File [C:/Users/sethg/Desktop/High Level Development II/W21_GAM1528_NoNameYet/TowerDefence/Saved/Config/Windows/Scalability.ini]
[2021.04.01-16.12.53:931][  0]LogConfig: Setting CVar [[r.HairStrands.SkyLighting.SampleCount:16]]
[2021.04.01-16.12.53:932][  0]LogConfig: Setting CVar [[r.HairStrands.SkyLighting.JitterIntegration:0]]
[2021.04.01-16.12.53:932][  0]LogConfig: Setting CVar [[r.HairStrands.SkyAO.SampleCount:16]]
[2021.04.01-16.12.53:932][  0]LogConfig: Setting CVar [[r.HairStrands.DeepShadow.SuperSampling:0]]
[2021.04.01-16.12.53:932][  0]LogConfig: Setting CVar [[r.HairStrands.VisibilityPPLL:0]]
[2021.04.01-16.12.53:932][  0]LogConfig: Setting CVar [[r.HairStrands.RasterizationScale:0.5]]
[2021.04.01-16.12.53:932][  0]LogConfig: Setting CVar [[r.HairStrands.VelocityRasterizationScale:1]]
[2021.04.01-16.12.53:932][  0]LogConfig: Applying CVar settings from Section [Startup] File [../../../Engine/Config/ConsoleVariables.ini]
[2021.04.01-16.12.53:932][  0]LogConfig: Setting CVar [[net.UseAdaptiveNetUpdateFrequency:0]]
[2021.04.01-16.12.53:932][  0]LogConfig: Setting CVar [[p.chaos.AllowCreatePhysxBodies:1]]
[2021.04.01-16.12.53:932][  0]LogConfig: Setting CVar [[fx.SkipVectorVMBackendOptimizations:1]]
[2021.04.01-16.12.53:932][  0]LogConfig: Applying CVar settings from Section [ConsoleVariables] File [C:/Users/sethg/Desktop/High Level Development II/W21_GAM1528_NoNameYet/TowerDefence/Saved/Config/Windows/Engine.ini]
[2021.04.01-16.12.53:933][  0]LogInit: Computer: LAPTOP-K3PBHEDP
[2021.04.01-16.12.53:933][  0]LogInit: User: sethg
[2021.04.01-16.12.53:933][  0]LogInit: CPU Page size=4096, Cores=6
[2021.04.01-16.12.53:933][  0]LogInit: High frequency timer resolution =10.000000 MHz
[2021.04.01-16.12.53:933][  0]LogMemory: Memory total: Physical=15.9GB (16GB approx)
[2021.04.01-16.12.53:933][  0]LogMemory: Platform Memory Stats for Windows
[2021.04.01-16.12.53:933][  0]LogMemory: Process Physical Memory: 115.59 MB used, 115.59 MB peak
[2021.04.01-16.12.53:933][  0]LogMemory: Process Virtual Memory: 105.48 MB used, 105.48 MB peak
[2021.04.01-16.12.53:933][  0]LogMemory: Physical Memory: 9781.75 MB used,  6453.03 MB free, 16234.78 MB total
[2021.04.01-16.12.53:933][  0]LogMemory: Virtual Memory: 5173.20 MB used,  134212552.00 MB free, 134217728.00 MB total
[2021.04.01-16.12.53:946][  0]LogWindows: WindowsPlatformFeatures enabled
[2021.04.01-16.12.54:240][  0]LogInit: Physics initialised using underlying interface: PhysX
[2021.04.01-16.12.54:241][  0]LogInit: Using OS detected language (en-US).
[2021.04.01-16.12.54:241][  0]LogInit: Using OS detected locale (en-CA).
[2021.04.01-16.12.54:243][  0]LogTextLocalizationManager: No specific localization for 'en-US' exists, so the 'en' localization will be used.
[2021.04.01-16.12.54:424][  0]LogInit: Setting process to per monitor DPI aware
[2021.04.01-16.12.54:500][  0]LogSlate: New Slate User Created.  User Index 0, Is Virtual User: 0
[2021.04.01-16.12.54:500][  0]LogSlate: Slate User Registered.  User Index 0, Is Virtual User: 0
[2021.04.01-16.12.54:869][  0]LogHMD: Failed to initialize OpenVR with code 110
[2021.04.01-16.12.54:869][  0]LogD3D11RHI: D3D11 min allowed feature level: 11_0
[2021.04.01-16.12.54:869][  0]LogD3D11RHI: D3D11 max allowed feature level: 11_0
[2021.04.01-16.12.54:869][  0]LogD3D11RHI: D3D11 adapters:
[2021.04.01-16.12.56:021][  0]LogD3D11RHI:    0. 'NVIDIA GeForce GTX 1060' (Feature Level 11_0)
[2021.04.01-16.12.56:021][  0]LogD3D11RHI:       6052/0/8117 MB DedicatedVideo/DedicatedSystem/SharedSystem, Outputs:1, VendorId:0x10de
[2021.04.01-16.12.56:058][  0]LogD3D11RHI:    1. 'Intel(R) UHD Graphics 630' (Feature Level 11_0)
[2021.04.01-16.12.56:058][  0]LogD3D11RHI:       128/0/8117 MB DedicatedVideo/DedicatedSystem/SharedSystem, Outputs:0, VendorId:0x8086
[2021.04.01-16.12.56:065][  0]LogD3D11RHI:    2. 'Microsoft Basic Render Driver' (Feature Level 11_0)
[2021.04.01-16.12.56:065][  0]LogD3D11RHI:       0/0/8117 MB DedicatedVideo/DedicatedSystem/SharedSystem, Outputs:0, VendorId:0x1414
[2021.04.01-16.12.56:065][  0]LogD3D11RHI: Chosen D3D11 Adapter: 0
[2021.04.01-16.12.56:074][  0]LogD3D11RHI: Creating new Direct3DDevice
[2021.04.01-16.12.56:075][  0]LogD3D11RHI:     GPU DeviceId: 0x1c20 (for the marketing name, search the web for "GPU Device Id")
[2021.04.01-16.12.56:075][  0]LogWindows: EnumDisplayDevices:
[2021.04.01-16.12.56:075][  0]LogWindows:    0. 'Intel(R) UHD Graphics 630' (P:1 D:1)
[2021.04.01-16.12.56:075][  0]LogWindows:    1. 'Intel(R) UHD Graphics 630' (P:0 D:0)
[2021.04.01-16.12.56:076][  0]LogWindows:    2. 'Intel(R) UHD Graphics 630' (P:0 D:0)
[2021.04.01-16.12.56:076][  0]LogWindows:    3. 'NVIDIA GeForce GTX 1060' (P:0 D:0)
[2021.04.01-16.12.56:076][  0]LogWindows: DebugString: PrimaryIsNotTheChoosenAdapter PrimaryIsNotTheChoosenAdapter PrimaryIsNotTheChoosenAdapter 
[2021.04.01-16.12.56:076][  0]LogD3D11RHI:     Adapter Name: NVIDIA GeForce GTX 1060
[2021.04.01-16.12.56:076][  0]LogD3D11RHI:   Driver Version: 461.92 (internal:27.21.14.6192, unified:461.92)
[2021.04.01-16.12.56:076][  0]LogD3D11RHI:      Driver Date: 3-10-2021
[2021.04.01-16.12.56:077][  0]LogRHI: Texture pool is 4236 MB (70% of 6052 MB)
[2021.04.01-16.12.56:157][  0]LogD3D11RHI: RHI has support for 64 bit atomics
[2021.04.01-16.12.56:162][  0]LogD3D11RHI: [Aftermath] Enabled and primed
[2021.04.01-16.12.56:162][  0]LogD3D11RHI: Async texture creation enabled
[2021.04.01-16.12.56:162][  0]LogD3D11RHI: Array index from any shader is supported
[2021.04.01-16.12.56:195][  0]LogD3D11RHI: GPU Timing Frequency: 1000.000000 (Debug: 2 1)
[2021.04.01-16.12.56:546][  0]LogTargetPlatformManager: Display: Loaded TargetPlatform 'AllDesktop'
[2021.04.01-16.12.56:583][  0]LogTargetPlatformManager: Display: Loaded TargetPlatform 'Android'
[2021.04.01-16.12.56:583][  0]LogTargetPlatformManager: Display: Loaded TargetPlatform 'Android_ASTC'
[2021.04.01-16.12.56:583][  0]LogTargetPlatformManager: Display: Loaded TargetPlatform 'Android_DXT'
[2021.04.01-16.12.56:583][  0]LogTargetPlatformManager: Display: Loaded TargetPlatform 'Android_ETC2'
[2021.04.01-16.12.56:583][  0]LogTargetPlatformManager: Display: Loaded TargetPlatform 'AndroidClient'
[2021.04.01-16.12.56:583][  0]LogTargetPlatformManager: Display: Loaded TargetPlatform 'Android_ASTCClient'
[2021.04.01-16.12.56:583][  0]LogTargetPlatformManager: Display: Loaded TargetPlatform 'Android_DXTClient'
[2021.04.01-16.12.56:584][  0]LogTargetPlatformManager: Display: Loaded TargetPlatform 'Android_ETC2Client'
[2021.04.01-16.12.56:584][  0]LogTargetPlatformManager: Display: Loaded TargetPlatform 'Android_Multi'
[2021.04.01-16.12.56:584][  0]LogTargetPlatformManager: Display: Loaded TargetPlatform 'Android_MultiClient'
[2021.04.01-16.12.56:622][  0]LogTargetPlatformManager: Display: Loaded TargetPlatform 'IOSClient'
[2021.04.01-16.12.56:622][  0]LogTargetPlatformManager: Display: Loaded TargetPlatform 'IOS'
[2021.04.01-16.12.56:637][  0]LogTargetPlatformManager: Display: Loaded TargetPlatform 'Linux'
[2021.04.01-16.12.56:651][  0]LogTargetPlatformManager: Display: Loaded TargetPlatform 'LinuxNoEditor'
[2021.04.01-16.12.56:663][  0]LogTargetPlatformManager: Display: Loaded TargetPlatform 'LinuxClient'
[2021.04.01-16.12.56:675][  0]LogTargetPlatformManager: Display: Loaded TargetPlatform 'LinuxServer'
[2021.04.01-16.12.56:689][  0]LogTargetPlatformManager: Display: Loaded TargetPlatform 'LinuxAArch64NoEditor'
[2021.04.01-16.12.56:705][  0]LogTargetPlatformManager: Display: Loaded TargetPlatform 'LinuxAArch64Client'
[2021.04.01-16.12.56:718][  0]LogTargetPlatformManager: Display: Loaded TargetPlatform 'LinuxAArch64Server'
[2021.04.01-16.12.56:747][  0]LogTargetPlatformManager: Display: Loaded TargetPlatform 'Lumin'
[2021.04.01-16.12.56:747][  0]LogTargetPlatformManager: Display: Loaded TargetPlatform 'LuminClient'
[2021.04.01-16.12.56:767][  0]LogTargetPlatformManager: Display: Loaded TargetPlatform 'TVOSClient'
[2021.04.01-16.12.56:767][  0]LogTargetPlatformManager: Display: Loaded TargetPlatform 'TVOS'
[2021.04.01-16.12.56:780][  0]LogTargetPlatformManager: Display: Loaded TargetPlatform 'WindowsNoEditor'
[2021.04.01-16.12.56:792][  0]LogTargetPlatformManager: Display: Loaded TargetPlatform 'Windows'
[2021.04.01-16.12.56:803][  0]LogTargetPlatformManager: Display: Loaded TargetPlatform 'WindowsClient'
[2021.04.01-16.12.56:817][  0]LogTargetPlatformManager: Display: Loaded TargetPlatform 'WindowsServer'
[2021.04.01-16.12.56:817][  0]LogTargetPlatformManager: Display: Building Assets For Windows
[2021.04.01-16.12.56:839][  0]LogAudioDebug: Display: Lib vorbis DLL was dynamically loaded.
[2021.04.01-16.12.56:976][  0]LogShaderCompilers: Guid format shader working directory is -38 characters bigger than the processId version (C:/Users/sethg/Desktop/High Level Development II/W21_GAM1528_NoNameYet/TowerDefence/Intermediate/Shaders/WorkingDirectory/21608/).
[2021.04.01-16.12.56:977][  0]LogShaderCompilers: Cleaned the shader compiler working directory 'C:/Users/sethg/AppData/Local/Temp/UnrealShaderWorkingDir/2244AA1F4357CDA8421482B3EB68557D/'.
[2021.04.01-16.12.56:977][  0]LogXGEController: Cleaning working directory: C:/Users/sethg/AppData/Local/Temp/UnrealXGEWorkingDir/
[2021.04.01-16.12.56:978][  0]LogXGEController: Cannot use XGE Controller as Incredibuild is not installed on this machine.
[2021.04.01-16.12.56:978][  0]LogShaderCompilers: Cannot use XGE Shader Compiler as Incredibuild is not installed on this machine.
[2021.04.01-16.12.56:978][  0]LogShaderCompilers: Display: Using Local Shader Compiler.
[2021.04.01-16.12.57:716][  0]LogDerivedDataCache: Display: Max Cache Size: 512 MB
[2021.04.01-16.12.57:776][  0]LogDerivedDataCache: Loaded boot cache 0.06s 75MB C:/Users/sethg/AppData/Local/UnrealEngine/4.25/DerivedDataCache/Boot.ddc.
[2021.04.01-16.12.57:776][  0]LogDerivedDataCache: Display: Loaded Boot cache: C:/Users/sethg/AppData/Local/UnrealEngine/4.25/DerivedDataCache/Boot.ddc
[2021.04.01-16.12.57:776][  0]LogDerivedDataCache: FDerivedDataBackendGraph:  Pak pak cache file C:/Users/sethg/Desktop/High Level Development II/W21_GAM1528_NoNameYet/TowerDefence/DerivedDataCache/DDC.ddp not found, will not use a pak cache.
[2021.04.01-16.12.57:776][  0]LogDerivedDataCache: Unable to find inner node Pak for hierarchical cache Hierarchy.
[2021.04.01-16.12.57:776][  0]LogDerivedDataCache: FDerivedDataBackendGraph:  CompressedPak pak cache file C:/Users/sethg/Desktop/High Level Development II/W21_GAM1528_NoNameYet/TowerDefence/DerivedDataCache/Compressed.ddp not found, will not use a pak cache.
[2021.04.01-16.12.57:777][  0]LogDerivedDataCache: Unable to find inner node CompressedPak for hierarchical cache Hierarchy.
[2021.04.01-16.12.57:786][  0]LogDerivedDataCache: Display: Pak cache opened for reading ../../../Engine/DerivedDataCache/Compressed.ddp.
[2021.04.01-16.12.57:787][  0]LogDerivedDataCache: FDerivedDataBackendGraph:  EnterprisePak pak cache file ../../../Enterprise/DerivedDataCache/Compressed.ddp not found, will not use a pak cache.
[2021.04.01-16.12.57:787][  0]LogDerivedDataCache: Unable to find inner node EnterprisePak for hierarchical cache Hierarchy.
[2021.04.01-16.12.57:790][  0]LogDerivedDataCache: Using Local data cache path C:/Users/sethg/AppData/Local/UnrealEngine/Common/DerivedDataCache: Writable
[2021.04.01-16.12.57:790][  0]LogDerivedDataCache: Shared data cache path not found in *engine.ini, will not use an Shared cache.
[2021.04.01-16.12.57:790][  0]LogDerivedDataCache: Unable to find inner node Shared for hierarchical cache Hierarchy.
[2021.04.01-16.12.57:838][  0]LogSlate: Using FreeType 2.10.0
[2021.04.01-16.12.57:839][  0]LogSlate: SlateFontServices - WITH_FREETYPE: 1, WITH_HARFBUZZ: 1
[2021.04.01-16.12.57:877][  0]LogAssetRegistry: FAssetRegistry took 0.0061 seconds to start up
[2021.04.01-16.12.58:117][  0]LogInit: Selected Device Profile: [Windows]
[2021.04.01-16.12.58:264][  0]LogMeshReduction: Using QuadricMeshReduction for automatic static mesh reduction
[2021.04.01-16.12.58:264][  0]LogMeshReduction: Using SimplygonMeshReduction for automatic skeletal mesh reduction
[2021.04.01-16.12.58:264][  0]LogMeshReduction: Using ProxyLODMeshReduction for automatic mesh merging
[2021.04.01-16.12.58:265][  0]LogMeshReduction: No distributed automatic mesh merging module available
[2021.04.01-16.12.58:265][  0]LogMeshMerging: No distributed automatic mesh merging module available
[2021.04.01-16.12.58:284][  0]LogNetVersion: TowerDefence 1.0.0, NetCL: 13144385, EngineNetVer: 14, GameNetVer: 0 (Checksum: 2510641227)
[2021.04.01-16.12.58:782][  0]LogAISub: UAISubsystem::UAISubsystem AISubsystem (00000218DA8F4380), frame # 0
[2021.04.01-16.12.58:782][  0]LogAISub: UAISubsystem::UAISubsystem AIPerceptionSystem (00000218DA82FC40), frame # 0
[2021.04.01-16.12.58:783][  0]LogAISub: UAISubsystem::UAISubsystem EnvQueryManager (00000218DA8B8A00), frame # 0
[2021.04.01-16.12.58:871][  0]LogPackageLocalizationCache: Processed 19 localized package path(s) for 1 prioritized culture(s) in 0.080929 seconds
[2021.04.01-16.12.58:876][  0]LogUObjectArray: 15917 objects as part of root set at end of initial load.
[2021.04.01-16.12.58:876][  0]LogUObjectAllocator: 3965568 out of 0 bytes used by permanent object pool.
[2021.04.01-16.12.58:876][  0]LogUObjectArray: CloseDisregardForGC: 0/0 objects in disregard for GC pool
[2021.04.01-16.12.59:483][  0]LogTcpMessaging: Initializing TcpMessaging bridge
[2021.04.01-16.12.59:493][  0]LogUdpMessaging: Initializing bridge on interface 0.0.0.0:0 to multicast group 230.0.0.1:6666.
[2021.04.01-16.12.59:674][  0]SourceControl: Source control is disabled
[2021.04.01-16.12.59:674][  0]SourceControl: Source control is disabled
[2021.04.01-16.12.59:681][  0]SourceControl: Source control is disabled
[2021.04.01-16.12.59:687][  0]SourceControl: Source control is disabled
[2021.04.01-16.12.59:700][  0]SourceControl: Source control is disabled
[2021.04.01-16.13.00:157][  0]LogAndroidPermission: UAndroidPermissionCallbackProxy::GetInstance
[2021.04.01-16.13.00:201][  0]LogAudioCaptureCore: Display: No Audio Capture implementations found. Audio input will be silent.
[2021.04.01-16.13.00:201][  0]LogAudioCaptureCore: Display: No Audio Capture implementations found. Audio input will be silent.
[2021.04.01-16.13.00:295][  0]LogOcInput: OculusInput pre-init called
[2021.04.01-16.13.00:314][  0]LogWindows: Failed to load 'OVRPlugin.dll' (GetLastError=126)
[2021.04.01-16.13.00:314][  0]LogWindows: File 'OVRPlugin.dll' does not exist
[2021.04.01-16.13.00:401][  0]LogEngine: Initializing Engine...
[2021.04.01-16.13.00:402][  0]LogHMD: Failed to initialize OpenVR with code 110
[2021.04.01-16.13.00:403][  0]LogMagicLeap: Warning: VR disabled because ZI is not enabled.  To enable, in the editor, Edit -> Project Settings -> Plugins -> Magic Leap Plugin -> Enable Zero Iteration
[2021.04.01-16.13.00:404][  0]LogStats: UGameplayTagsManager::InitializeManager -  0.000 s
[2021.04.01-16.13.00:560][  0]LogInit: Initializing FReadOnlyCVARCache
[2021.04.01-16.13.00:573][  0]LogAIModule: Creating AISystem for world Untitled
[2021.04.01-16.13.00:574][  0]LogAISub: UAISubsystem::UAISubsystem EnvQueryManager (00000218DDBCDC00), frame # 0
[2021.04.01-16.13.00:574][  0]LogAISub: UAISubsystem::UAISubsystem AIPerceptionSystem (00000218DDBEA840), frame # 0
[2021.04.01-16.13.00:600][  0]LogAudioMixer: Display: Audio Mixer Platform Settings:
[2021.04.01-16.13.00:600][  0]LogAudioMixer: Display: 	Sample Rate:						  48000
[2021.04.01-16.13.00:600][  0]LogAudioMixer: Display: 	Callback Buffer Frame Size Requested: 1024
[2021.04.01-16.13.00:600][  0]LogAudioMixer: Display: 	Callback Buffer Frame Size To Use:	  1024
[2021.04.01-16.13.00:600][  0]LogAudioMixer: Display: 	Number of buffers to queue:			  2
[2021.04.01-16.13.00:601][  0]LogAudioMixer: Display: 	Max Channels (voices):				  32
[2021.04.01-16.13.00:601][  0]LogAudioMixer: Display: 	Number of Async Source Workers:		  0
[2021.04.01-16.13.00:601][  0]LogAudio: Display: AudioDevice MaxSources: 32
[2021.04.01-16.13.00:601][  0]LogAudio: Display: Using built-in audio occlusion.
[2021.04.01-16.13.00:601][  0]LogAudioMixer: Display: Initializing audio mixer.
[2021.04.01-16.13.00:629][  0]LogAudioMixer: Display: 0: FrontLeft
[2021.04.01-16.13.00:629][  0]LogAudioMixer: Display: 1: FrontRight
[2021.04.01-16.13.00:863][  0]LogAudioMixer: Display: Using Audio Device Speakers (Realtek(R) Audio)
[2021.04.01-16.13.00:866][  0]LogAudioMixer: Display: Initializing Sound Submixes...
[2021.04.01-16.13.00:869][  0]LogAudioMixer: Display: Creating Master Submix 'MasterSubmixDefault'
[2021.04.01-16.13.00:869][  0]LogAudioMixer: Display: Creating Master Submix 'MasterReverbSubmixDefault'
[2021.04.01-16.13.00:870][  0]LogAudioMixer: Display: Creating Master Submix 'MasterEQSubmixDefault'
[2021.04.01-16.13.00:872][  0]LogInit: FAudioDevice initialized.
[2021.04.01-16.13.00:873][  0]LogNetVersion: Set ProjectVersion to 1.0.0.0. Version Checksum will be recalculated on next use.
[2021.04.01-16.13.00:930][  0]LogDerivedDataCache: Saved boot cache 0.06s 75MB C:/Users/sethg/AppData/Local/UnrealEngine/4.25/DerivedDataCache/Boot.ddc.
[2021.04.01-16.13.00:934][  0]LogInit: Texture streaming: Enabled
[2021.04.01-16.13.00:969][  0]LogEngineSessionManager: EngineSessionManager initialized
[2021.04.01-16.13.00:969][  0]LogEditorSessionSummary: Verbose: Initializing EditorSessionSummaryWriter for editor session tracking
[2021.04.01-16.13.00:979][  0]LogEditorSessionSummary: EditorSessionSummaryWriter initialized
[2021.04.01-16.13.01:039][  0]LogInit: Transaction tracking system initialized
[2021.04.01-16.13.01:080][  0]BlueprintLog: New page: Editor Load
[2021.04.01-16.13.01:207][  0]LocalizationService: Localization service is disabled
[2021.04.01-16.13.01:603][  0]LogCook: Display: Max memory allowance for cook 16384mb min free memory 0mb
[2021.04.01-16.13.01:603][  0]LogCook: Display: Mobile HDR setting 1
[2021.04.01-16.13.01:857][  0]LogFileCache: Scanning file cache for directory 'C:/Users/sethg/Desktop/High Level Development II/W21_GAM1528_NoNameYet/TowerDefence/Content/' took 0.01s
[2021.04.01-16.13.02:132][  0]SourceControl: Source control is disabled
[2021.04.01-16.13.02:132][  0]LogUnrealEdMisc: Loading editor; pre map load, took 10.780
[2021.04.01-16.13.02:133][  0]Cmd: MAP LOAD FILE="C:/Users/sethg/Desktop/High Level Development II/W21_GAM1528_NoNameYet/TowerDefence/Content/Maps/Test.umap" TEMPLATE=0 SHOWPROGRESS=1 FEATURELEVEL=3
[2021.04.01-16.13.02:133][  0]LightingResults: New page: Lighting Build
[2021.04.01-16.13.02:134][  0]LogWorld: UWorld::CleanupWorld for Untitled, bSessionEnded=true, bCleanupResources=true
[2021.04.01-16.13.02:134][  0]LogSlate: InvalidateAllWidgets triggered.  All widgets were invalidated
[2021.04.01-16.13.02:135][  0]MapCheck: New page: Map Check
[2021.04.01-16.13.02:135][  0]LightingResults: New page: Lighting Build
[2021.04.01-16.13.02:148][  0]LogAISub: UAISubsystem::~UAISubsystem EnvQueryManager (00000218DDBCDC00), frame # 0
[2021.04.01-16.13.02:148][  0]LogAISub: UAISubsystem::~UAISubsystem AIPerceptionSystem (00000218DDBEA840), frame # 0
[2021.04.01-16.13.02:150][  0]LogUObjectHash: Compacting FUObjectHashTables data took   0.95ms
[2021.04.01-16.13.02:161][  0]LogLinker: Warning: While loading 'C:/Users/sethg/Desktop/High Level Development II/W21_GAM1528_NoNameYet/TowerDefence/Content/Assets/Models/Troop_melee/troop_melee.uasset' failed to load '/Game/Assets/Models/Troop_melee/Material_001': Can't find file.
[2021.04.01-16.13.02:161][  0]LogLinker: Warning: While loading 'C:/Users/sethg/Desktop/High Level Development II/W21_GAM1528_NoNameYet/TowerDefence/Content/Assets/Models/Troop_melee/troop_melee.uasset' failed to load '/Game/Assets/Models/Troop_melee/Material_001': Can't find file.
[2021.04.01-16.13.02:161][  0]LogLinker: Warning: While loading 'C:/Users/sethg/Desktop/High Level Development II/W21_GAM1528_NoNameYet/TowerDefence/Content/Assets/Models/Troop_melee/troop_melee.uasset' failed to load '/Game/Assets/Models/Troop_melee/wire_087225087_002': Can't find file.
[2021.04.01-16.13.02:161][  0]LogLinker: Warning: While loading 'C:/Users/sethg/Desktop/High Level Development II/W21_GAM1528_NoNameYet/TowerDefence/Content/Assets/Models/Troop_melee/troop_melee.uasset' failed to load '/Game/Assets/Models/Troop_melee/wire_087225087_002': Can't find file.
[2021.04.01-16.13.02:162][  0]LogLinker: Warning: While loading 'C:/Users/sethg/Desktop/High Level Development II/W21_GAM1528_NoNameYet/TowerDefence/Content/Assets/Models/Troop_melee/troop_melee.uasset' failed to load '/Game/Assets/Models/Troop_melee/wire_177028149_002': Can't find file.
[2021.04.01-16.13.02:162][  0]LogLinker: Warning: While loading 'C:/Users/sethg/Desktop/High Level Development II/W21_GAM1528_NoNameYet/TowerDefence/Content/Assets/Models/Troop_melee/troop_melee.uasset' failed to load '/Game/Assets/Models/Troop_melee/wire_177028149_002': Can't find file.
[2021.04.01-16.13.02:163][  0]LogLinker: Warning: While loading 'C:/Users/sethg/Desktop/High Level Development II/W21_GAM1528_NoNameYet/TowerDefence/Content/Assets/Models/Troop_melee/troop_melee.uasset' failed to load '/Game/Assets/Models/Troop_melee/Material_001': Can't find file.
[2021.04.01-16.13.02:163][  0]LogLinker: Warning: While loading 'C:/Users/sethg/Desktop/High Level Development II/W21_GAM1528_NoNameYet/TowerDefence/Content/Assets/Models/Troop_melee/troop_melee.uasset' failed to load '/Game/Assets/Models/Troop_melee/Material_001': Can't find file.
[2021.04.01-16.13.02:166][  0]LogLinker: Warning: While loading 'C:/Users/sethg/Desktop/High Level Development II/W21_GAM1528_NoNameYet/TowerDefence/Content/Assets/Models/Troop_melee/troop_melee.uasset' failed to load '/Game/Assets/Models/Troop_melee/wire_087225087_002': Can't find file.
[2021.04.01-16.13.02:166][  0]LogLinker: Warning: While loading 'C:/Users/sethg/Desktop/High Level Development II/W21_GAM1528_NoNameYet/TowerDefence/Content/Assets/Models/Troop_melee/troop_melee.uasset' failed to load '/Game/Assets/Models/Troop_melee/wire_087225087_002': Can't find file.
[2021.04.01-16.13.02:167][  0]LogLinker: Warning: While loading 'C:/Users/sethg/Desktop/High Level Development II/W21_GAM1528_NoNameYet/TowerDefence/Content/Assets/Models/Troop_melee/troop_melee.uasset' failed to load '/Game/Assets/Models/Troop_melee/wire_177028149_002': Can't find file.
[2021.04.01-16.13.02:167][  0]LogLinker: Warning: While loading 'C:/Users/sethg/Desktop/High Level Development II/W21_GAM1528_NoNameYet/TowerDefence/Content/Assets/Models/Troop_melee/troop_melee.uasset' failed to load '/Game/Assets/Models/Troop_melee/wire_177028149_002': Can't find file.
[2021.04.01-16.13.02:287][  0]LogLinker: Warning: While loading 'C:/Users/sethg/Desktop/High Level Development II/W21_GAM1528_NoNameYet/TowerDefence/Content/StarterContent/Materials/M_Brick_Clay_Beveled.uasset' failed to load '/Game/StarterContent/Textures/T_Brick_Clay_Beveled_D': Can't find file.
[2021.04.01-16.13.02:288][  0]LogLinker: Warning: While loading 'C:/Users/sethg/Desktop/High Level Development II/W21_GAM1528_NoNameYet/TowerDefence/Content/StarterContent/Materials/M_Brick_Clay_Beveled.uasset' failed to load '/Game/StarterContent/Textures/T_Brick_Clay_Beveled_D': Can't find file.
[2021.04.01-16.13.02:288][  0]LogLinker: Warning: While loading 'C:/Users/sethg/Desktop/High Level Development II/W21_GAM1528_NoNameYet/TowerDefence/Content/StarterContent/Materials/M_Brick_Clay_Beveled.uasset' failed to load '/Game/StarterContent/Textures/T_Brick_Clay_Beveled_M': Can't find file.
[2021.04.01-16.13.02:288][  0]LogLinker: Warning: While loading 'C:/Users/sethg/Desktop/High Level Development II/W21_GAM1528_NoNameYet/TowerDefence/Content/StarterContent/Materials/M_Brick_Clay_Beveled.uasset' failed to load '/Game/StarterContent/Textures/T_Brick_Clay_Beveled_M': Can't find file.
[2021.04.01-16.13.02:289][  0]LogLinker: Warning: While loading 'C:/Users/sethg/Desktop/High Level Development II/W21_GAM1528_NoNameYet/TowerDefence/Content/StarterContent/Materials/M_Brick_Clay_Beveled.uasset' failed to load '/Game/StarterContent/Textures/T_Brick_Clay_Beveled_N': Can't find file.
[2021.04.01-16.13.02:289][  0]LogLinker: Warning: While loading 'C:/Users/sethg/Desktop/High Level Development II/W21_GAM1528_NoNameYet/TowerDefence/Content/StarterContent/Materials/M_Brick_Clay_Beveled.uasset' failed to load '/Game/StarterContent/Textures/T_Brick_Clay_Beveled_N': Can't find file.
[2021.04.01-16.13.02:290][  0]LogLinker: Warning: While loading 'C:/Users/sethg/Desktop/High Level Development II/W21_GAM1528_NoNameYet/TowerDefence/Content/StarterContent/Materials/M_Brick_Clay_Beveled.uasset' failed to load '/Game/StarterContent/Textures/T_Brick_Clay_Beveled_D': Can't find file.
[2021.04.01-16.13.02:290][  0]LogLinker: Warning: While loading 'C:/Users/sethg/Desktop/High Level Development II/W21_GAM1528_NoNameYet/TowerDefence/Content/StarterContent/Materials/M_Brick_Clay_Beveled.uasset' failed to load '/Game/StarterContent/Textures/T_Brick_Clay_Beveled_D': Can't find file.
[2021.04.01-16.13.02:290][  0]LogLinker: Warning: While loading 'C:/Users/sethg/Desktop/High Level Development II/W21_GAM1528_NoNameYet/TowerDefence/Content/StarterContent/Materials/M_Brick_Clay_Beveled.uasset' failed to load '/Game/StarterContent/Textures/T_Brick_Clay_Beveled_M': Can't find file.
[2021.04.01-16.13.02:291][  0]LogLinker: Warning: While loading 'C:/Users/sethg/Desktop/High Level Development II/W21_GAM1528_NoNameYet/TowerDefence/Content/StarterContent/Materials/M_Brick_Clay_Beveled.uasset' failed to load '/Game/StarterContent/Textures/T_Brick_Clay_Beveled_M': Can't find file.
[2021.04.01-16.13.02:291][  0]LogLinker: Warning: While loading 'C:/Users/sethg/Desktop/High Level Development II/W21_GAM1528_NoNameYet/TowerDefence/Content/StarterContent/Materials/M_Brick_Clay_Beveled.uasset' failed to load '/Game/StarterContent/Textures/T_Brick_Clay_Beveled_N': Can't find file.
[2021.04.01-16.13.02:291][  0]LogLinker: Warning: While loading 'C:/Users/sethg/Desktop/High Level Development II/W21_GAM1528_NoNameYet/TowerDefence/Content/StarterContent/Materials/M_Brick_Clay_Beveled.uasset' failed to load '/Game/StarterContent/Textures/T_Brick_Clay_Beveled_N': Can't find file.
[2021.04.01-16.13.02:299][  0]LogLinker: Warning: While loading 'C:/Users/sethg/Desktop/High Level Development II/W21_GAM1528_NoNameYet/TowerDefence/Content/Assets/Models/Troop_melee/troop_melee.uasset' failed to load '/Game/Assets/Models/Troop_melee/wire_087225087_002': Can't find file.
[2021.04.01-16.13.02:299][  0]LoadErrors: Failed to load /Game/Assets/Models/Troop_melee/wire_087225087_002.wire_087225087_002 Referenced by troop_melee
[2021.04.01-16.13.02:299][  0]LogLinker: Warning: While loading 'C:/Users/sethg/Desktop/High Level Development II/W21_GAM1528_NoNameYet/TowerDefence/Content/Assets/Models/Troop_melee/troop_melee.uasset' failed to load '/Game/Assets/Models/Troop_melee/wire_087225087_002': Can't find file.
[2021.04.01-16.13.02:299][  0]LoadErrors: Failed to load /Game/Assets/Models/Troop_melee/wire_087225087_002.wire_087225087_002 Referenced by troop_melee
[2021.04.01-16.13.02:300][  0]LogLinker: Warning: While loading 'C:/Users/sethg/Desktop/High Level Development II/W21_GAM1528_NoNameYet/TowerDefence/Content/Assets/Models/Troop_melee/troop_melee.uasset' failed to load '/Game/Assets/Models/Troop_melee/wire_177028149_002': Can't find file.
[2021.04.01-16.13.02:300][  0]LoadErrors: Failed to load /Game/Assets/Models/Troop_melee/wire_177028149_002.wire_177028149_002 Referenced by troop_melee
[2021.04.01-16.13.02:300][  0]LogLinker: Warning: While loading 'C:/Users/sethg/Desktop/High Level Development II/W21_GAM1528_NoNameYet/TowerDefence/Content/Assets/Models/Troop_melee/troop_melee.uasset' failed to load '/Game/Assets/Models/Troop_melee/wire_177028149_002': Can't find file.
[2021.04.01-16.13.02:300][  0]LoadErrors: Failed to load /Game/Assets/Models/Troop_melee/wire_177028149_002.wire_177028149_002 Referenced by troop_melee
[2021.04.01-16.13.02:300][  0]LogLinker: Warning: While loading 'C:/Users/sethg/Desktop/High Level Development II/W21_GAM1528_NoNameYet/TowerDefence/Content/Assets/Models/Troop_melee/troop_melee.uasset' failed to load '/Game/Assets/Models/Troop_melee/Material_001': Can't find file.
[2021.04.01-16.13.02:301][  0]LoadErrors: Failed to load /Game/Assets/Models/Troop_melee/Material_001.Material_001 Referenced by troop_melee
[2021.04.01-16.13.02:301][  0]LogLinker: Warning: While loading 'C:/Users/sethg/Desktop/High Level Development II/W21_GAM1528_NoNameYet/TowerDefence/Content/Assets/Models/Troop_melee/troop_melee.uasset' failed to load '/Game/Assets/Models/Troop_melee/Material_001': Can't find file.
[2021.04.01-16.13.02:301][  0]LoadErrors: Failed to load /Game/Assets/Models/Troop_melee/Material_001.Material_001 Referenced by troop_melee
[2021.04.01-16.13.02:310][  0]LogLinker: Warning: While loading 'C:/Users/sethg/Desktop/High Level Development II/W21_GAM1528_NoNameYet/TowerDefence/Content/StarterContent/Materials/M_Brick_Clay_Beveled.uasset' failed to load '/Game/StarterContent/Textures/T_Brick_Clay_Beveled_N': Can't find file.
[2021.04.01-16.13.02:311][  0]LoadErrors: Failed to load /Game/StarterContent/Textures/T_Brick_Clay_Beveled_N.T_Brick_Clay_Beveled_N Referenced by MaterialExpressionTextureSample_1
[2021.04.01-16.13.02:311][  0]LogLinker: Warning: While loading 'C:/Users/sethg/Desktop/High Level Development II/W21_GAM1528_NoNameYet/TowerDefence/Content/StarterContent/Materials/M_Brick_Clay_Beveled.uasset' failed to load '/Game/StarterContent/Textures/T_Brick_Clay_Beveled_N': Can't find file.
[2021.04.01-16.13.02:311][  0]LoadErrors: Failed to load /Game/StarterContent/Textures/T_Brick_Clay_Beveled_N.T_Brick_Clay_Beveled_N Referenced by MaterialExpressionTextureSample_1
[2021.04.01-16.13.02:311][  0]LogLinker: Warning: While loading 'C:/Users/sethg/Desktop/High Level Development II/W21_GAM1528_NoNameYet/TowerDefence/Content/StarterContent/Materials/M_Brick_Clay_Beveled.uasset' failed to load '/Game/StarterContent/Textures/T_Brick_Clay_Beveled_M': Can't find file.
[2021.04.01-16.13.02:311][  0]LoadErrors: Failed to load /Game/StarterContent/Textures/T_Brick_Clay_Beveled_M.T_Brick_Clay_Beveled_M Referenced by MaterialExpressionTextureSample_2
[2021.04.01-16.13.02:312][  0]LogLinker: Warning: While loading 'C:/Users/sethg/Desktop/High Level Development II/W21_GAM1528_NoNameYet/TowerDefence/Content/StarterContent/Materials/M_Brick_Clay_Beveled.uasset' failed to load '/Game/StarterContent/Textures/T_Brick_Clay_Beveled_M': Can't find file.
[2021.04.01-16.13.02:312][  0]LoadErrors: Failed to load /Game/StarterContent/Textures/T_Brick_Clay_Beveled_M.T_Brick_Clay_Beveled_M Referenced by MaterialExpressionTextureSample_2
[2021.04.01-16.13.02:312][  0]LogLinker: Warning: While loading 'C:/Users/sethg/Desktop/High Level Development II/W21_GAM1528_NoNameYet/TowerDefence/Content/StarterContent/Materials/M_Brick_Clay_Beveled.uasset' failed to load '/Game/StarterContent/Textures/T_Brick_Clay_Beveled_D': Can't find file.
[2021.04.01-16.13.02:313][  0]LoadErrors: Failed to load /Game/StarterContent/Textures/T_Brick_Clay_Beveled_D.T_Brick_Clay_Beveled_D Referenced by MaterialExpressionTextureSample_4
[2021.04.01-16.13.02:313][  0]LogLinker: Warning: While loading 'C:/Users/sethg/Desktop/High Level Development II/W21_GAM1528_NoNameYet/TowerDefence/Content/StarterContent/Materials/M_Brick_Clay_Beveled.uasset' failed to load '/Game/StarterContent/Textures/T_Brick_Clay_Beveled_D': Can't find file.
[2021.04.01-16.13.02:313][  0]LoadErrors: Failed to load /Game/StarterContent/Textures/T_Brick_Clay_Beveled_D.T_Brick_Clay_Beveled_D Referenced by MaterialExpressionTextureSample_4
[2021.04.01-16.13.02:313][  0]LogLinker: Warning: While loading 'C:/Users/sethg/Desktop/High Level Development II/W21_GAM1528_NoNameYet/TowerDefence/Content/StarterContent/Materials/M_Brick_Clay_Beveled.uasset' failed to load '/Game/StarterContent/Textures/T_Brick_Clay_Beveled_D': Can't find file.
[2021.04.01-16.13.02:314][  0]LoadErrors: Failed to load /Game/StarterContent/Textures/T_Brick_Clay_Beveled_D.T_Brick_Clay_Beveled_D Referenced by MaterialExpressionTextureSample_5
[2021.04.01-16.13.02:314][  0]LogLinker: Warning: While loading 'C:/Users/sethg/Desktop/High Level Development II/W21_GAM1528_NoNameYet/TowerDefence/Content/StarterContent/Materials/M_Brick_Clay_Beveled.uasset' failed to load '/Game/StarterContent/Textures/T_Brick_Clay_Beveled_D': Can't find file.
[2021.04.01-16.13.02:314][  0]LoadErrors: Failed to load /Game/StarterContent/Textures/T_Brick_Clay_Beveled_D.T_Brick_Clay_Beveled_D Referenced by MaterialExpressionTextureSample_5
[2021.04.01-16.13.02:347][  0]LogMaterial: Display: Missing cached shader map for material M_Brick_Clay_Beveled, compiling. 
[2021.04.01-16.13.02:349][  0]LogMaterial: Warning: C:\Users\sethg\Desktop\High Level Development II\W21_GAM1528_NoNameYet\TowerDefence\Content\StarterContent\Materials\M_Brick_Clay_Beveled.uasset: Failed to compile Material for platform PCD3D_SM5, Default Material will be used in game.
[2021.04.01-16.13.02:349][  0]LogMaterial: Display: 	(Node TextureSample) Texture Sample> Missing input texture
[2021.04.01-16.13.02:360][  0]LogAIModule: Creating AISystem for world Test
[2021.04.01-16.13.02:361][  0]LogAISub: UAISubsystem::UAISubsystem EnvQueryManager (00000218CC91CC00), frame # 0
[2021.04.01-16.13.02:361][  0]LogAISub: UAISubsystem::UAISubsystem AIPerceptionSystem (00000218CC8EF380), frame # 0
[2021.04.01-16.13.02:368][  0]LogEditorServer: Finished looking for orphan Actors (0.000 secs)
[2021.04.01-16.13.02:387][  0]LogUObjectHash: Compacting FUObjectHashTables data took   1.10ms
[2021.04.01-16.13.02:388][  0]Cmd: MAP CHECKDEP NOCLEARLOG
[2021.04.01-16.13.02:388][  0]MapCheck: Map check complete: 0 Error(s), 0 Warning(s), took 0.197ms to complete.
[2021.04.01-16.13.02:389][  0]LogFileHelpers: Loading map 'Test' took 0.256
[2021.04.01-16.13.02:393][  0]LogUnrealEdMisc: Total Editor Startup Time, took 11.041
[2021.04.01-16.13.02:545][  0]LogSlate: Updating window title bar state: overlay mode, drag disabled, window buttons hidden, title bar hidden
[2021.04.01-16.13.02:553][  0]LogSlate: Updating window title bar state: overlay mode, drag disabled, window buttons hidden, title bar hidden
[2021.04.01-16.13.02:559][  0]LogSlate: Updating window title bar state: overlay mode, drag disabled, window buttons hidden, title bar hidden
[2021.04.01-16.13.02:567][  0]LogSlate: Updating window title bar state: overlay mode, drag disabled, window buttons hidden, title bar hidden
[2021.04.01-16.13.02:582][  0]LogCollectionManager: Loaded 0 collections in 0.002336 seconds
[2021.04.01-16.13.02:607][  0]LogFileCache: Scanning file cache for directory 'C:/Users/sethg/Desktop/High Level Development II/W21_GAM1528_NoNameYet/TowerDefence/Saved/Collections/' took 0.00s
[2021.04.01-16.13.02:607][  0]LogFileCache: Scanning file cache for directory 'C:/Users/sethg/Desktop/High Level Development II/W21_GAM1528_NoNameYet/TowerDefence/Content/Developers/sethg/Collections/' took 0.00s
[2021.04.01-16.13.02:607][  0]LogFileCache: Scanning file cache for directory 'C:/Users/sethg/Desktop/High Level Development II/W21_GAM1528_NoNameYet/TowerDefence/Content/Collections/' took 0.00s
[2021.04.01-16.13.02:607][  0]LogContentBrowser: Native class hierarchy populated in 0.0093 seconds. Added 3448 classes and 824 folders.
[2021.04.01-16.13.03:408][  0]LogContentBrowser: Native class hierarchy updated for 'WidgetCarousel' in 0.0005 seconds. Added 0 classes and 0 folders.
[2021.04.01-16.13.03:490][  0]LogContentBrowser: Native class hierarchy updated for 'AddContentDialog' in 0.0005 seconds. Added 0 classes and 0 folders.
[2021.04.01-16.13.03:491][  0]LogContentBrowser: Native class hierarchy updated for 'SceneOutliner' in 0.0004 seconds. Added 2 classes and 0 folders.
[2021.04.01-16.13.03:603][  0]LogSlate: Took 0.000305 seconds to synchronously load lazily loaded font '../../../Engine/Content/Slate/Fonts/Roboto-Regular.ttf' (155K)
[2021.04.01-16.13.03:605][  0]LogSlate: Took 0.000267 seconds to synchronously load lazily loaded font '../../../Engine/Content/Slate/Fonts/Roboto-Bold.ttf' (160K)
[2021.04.01-16.13.03:612][  0]LogSlate: Took 0.000512 seconds to synchronously load lazily loaded font '../../../Engine/Content/Editor/Slate/Fonts/FontAwesome.ttf' (139K)
[2021.04.01-16.13.03:701][  0]LogRenderer: Reallocating scene render targets to support 1088x536 Format 10 NumSamples 1 (Frame:1).
[2021.04.01-16.13.03:903][  0]LogContentBrowser: Native class hierarchy updated for 'HierarchicalLODOutliner' in 0.0019 seconds. Added 0 classes and 0 folders.
[2021.04.01-16.13.03:903][  0]LogLoad: (Engine Initialization) Total time: 12.55 seconds
[2021.04.01-16.13.03:904][  0]LogLoad: (Engine Initialization) Total Blueprint compile time: 0.00 seconds
[2021.04.01-16.13.03:969][  0]LogAssetRegistry: Asset discovery search completed in 6.0970 seconds
[2021.04.01-16.13.03:980][  0]LogCollectionManager: Fixed up redirectors for 0 collections in 0.000003 seconds (updated 0 objects)
[2021.04.01-16.13.03:982][  0]LogContentStreaming: Texture pool size now 1000 MB
[2021.04.01-16.13.04:191][  0]LogRenderer: Reallocating scene render targets to support 1088x552 Format 10 NumSamples 1 (Frame:3).
[2021.04.01-16.13.04:191][  0]LogSlate: Took 0.000294 seconds to synchronously load lazily loaded font '../../../Engine/Content/Slate/Fonts/Roboto-Light.ttf' (167K)
[2021.04.01-16.13.04:200][  0]LogSlate: Took 0.000565 seconds to synchronously load lazily loaded font '../../../Engine/Content/Slate/Fonts/DroidSansMono.ttf' (77K)
[2021.04.01-16.13.08:176][221]LogSlate: Window 'Message Log' being destroyed
[2021.04.01-16.13.08:184][221]LogSlate: Window 'Message Log' being destroyed
[2021.04.01-16.13.10:466][356]LogTemp: Repeating last play command: Selected Viewport
[2021.04.01-16.13.10:484][356]LogPlayLevel: PlayLevel: No blueprints needed recompiling
[2021.04.01-16.13.10:485][356]PIE: New page: PIE session: Test (Apr. 1, 2021, 8:13:10 a.m.)
[2021.04.01-16.13.10:488][356]LogOnline: OSS: Creating online subsystem instance for: NULL
[2021.04.01-16.13.10:491][356]LogOnline: OSS: TryLoadSubsystemAndSetDefault: Loaded subsystem for module [NULL]
[2021.04.01-16.13.10:491][356]LogPlayLevel: Creating play world package: /Game/Maps/UEDPIE_0_Test
[2021.04.01-16.13.10:494][356]LogPlayLevel: PIE: StaticDuplicateObject took: (0.003459s)
[2021.04.01-16.13.10:496][356]LogAIModule: Creating AISystem for world Test
[2021.04.01-16.13.10:496][356]LogAISub: UAISubsystem::UAISubsystem EnvQueryManager (00000218F6141600), frame # 356
[2021.04.01-16.13.10:496][356]LogAISub: UAISubsystem::UAISubsystem AIPerceptionSystem (00000218CC886AC0), frame # 356
[2021.04.01-16.13.10:497][356]LogPlayLevel: PIE: World Init took: (0.001872s)
[2021.04.01-16.13.10:497][356]LogPlayLevel: PIE: Created PIE world by copying editor world from /Game/Maps/Test.Test to /Game/Maps/UEDPIE_0_Test.Test (0.005938s)
[2021.04.01-16.13.10:512][356]LogUObjectHash: Compacting FUObjectHashTables data took   1.53ms
[2021.04.01-16.13.10:514][356]LogAudioMixer: Display: Audio Mixer Platform Settings:
[2021.04.01-16.13.10:514][356]LogAudioMixer: Display: 	Sample Rate:						  48000
[2021.04.01-16.13.10:514][356]LogAudioMixer: Display: 	Callback Buffer Frame Size Requested: 1024
[2021.04.01-16.13.10:515][356]LogAudioMixer: Display: 	Callback Buffer Frame Size To Use:	  1024
[2021.04.01-16.13.10:515][356]LogAudioMixer: Display: 	Number of buffers to queue:			  2
[2021.04.01-16.13.10:515][356]LogAudioMixer: Display: 	Max Channels (voices):				  32
[2021.04.01-16.13.10:515][356]LogAudioMixer: Display: 	Number of Async Source Workers:		  0
[2021.04.01-16.13.10:515][356]LogAudio: Display: AudioDevice MaxSources: 32
[2021.04.01-16.13.10:516][356]LogAudio: Display: Using built-in audio occlusion.
[2021.04.01-16.13.10:516][356]LogAudioMixer: Display: Initializing audio mixer.
[2021.04.01-16.13.10:523][356]LogAudioMixer: Display: 0: FrontLeft
[2021.04.01-16.13.10:523][356]LogAudioMixer: Display: 1: FrontRight
[2021.04.01-16.13.10:594][356]LogAudioMixer: Display: Using Audio Device Speakers (Realtek(R) Audio)
[2021.04.01-16.13.10:594][356]LogAudioMixer: Display: Initializing Sound Submixes...
[2021.04.01-16.13.10:594][356]LogAudioMixer: Display: Creating Master Submix 'MasterSubmixDefault'
[2021.04.01-16.13.10:594][356]LogAudioMixer: Display: Creating Master Submix 'MasterReverbSubmixDefault'
[2021.04.01-16.13.10:595][356]LogAudioMixer: Display: Creating Master Submix 'MasterEQSubmixDefault'
[2021.04.01-16.13.10:610][356]LogInit: FAudioDevice initialized.
[2021.04.01-16.13.10:625][356]LogLoad: Game class is 'BP_GameMode_C'
[2021.04.01-16.13.10:627][356]LogWorld: Bringing World /Game/Maps/UEDPIE_0_Test.Test up for play (max tick rate 60) at 2021.04.01-12.13.10
[2021.04.01-16.13.10:627][356]LogWorld: Bringing up level for play took: 0.000955
[2021.04.01-16.13.10:628][356]LogOnline: OSS: Creating online subsystem instance for: :Context_1
[2021.04.01-16.13.10:632][356]LogContentBrowser: Native class hierarchy updated for 'MovieSceneCapture' in 0.0005 seconds. Added 20 classes and 0 folders.
[2021.04.01-16.13.10:634][356]PIE: Server logged in
[2021.04.01-16.13.10:636][356]PIE: Play in editor total start time 0.156 seconds.
[2021.04.01-16.13.11:426][393]LogSlate: Updating window title bar state: overlay mode, drag disabled, window buttons hidden, title bar hidden
[2021.04.01-16.13.11:426][393]LogWorld: BeginTearingDown for /Game/Maps/UEDPIE_0_Test
[2021.04.01-16.13.11:426][393]LogWorld: UWorld::CleanupWorld for Test, bSessionEnded=true, bCleanupResources=true
[2021.04.01-16.13.11:427][393]LogSlate: InvalidateAllWidgets triggered.  All widgets were invalidated
[2021.04.01-16.13.11:436][393]LogPlayLevel: Display: Shutting down PIE online subsystems
[2021.04.01-16.13.11:438][393]LogSlate: InvalidateAllWidgets triggered.  All widgets were invalidated
[2021.04.01-16.13.11:499][393]LogSlate: Updating window title bar state: overlay mode, drag disabled, window buttons hidden, title bar hidden
[2021.04.01-16.13.11:500][393]LogAISub: UAISubsystem::~UAISubsystem AIPerceptionSystem (00000218CC886AC0), frame # 393
[2021.04.01-16.13.11:501][393]LogAISub: UAISubsystem::~UAISubsystem EnvQueryManager (00000218F6141600), frame # 393
[2021.04.01-16.13.11:501][393]LogUObjectHash: Compacting FUObjectHashTables data took   0.56ms
[2021.04.01-16.13.11:523][394]LogPlayLevel: Display: Destroying online subsystem :Context_1
[2021.04.01-16.13.34:839][755]LogTemp: Repeating last play command: Selected Viewport
[2021.04.01-16.13.34:862][755]LogPlayLevel: PlayLevel: No blueprints needed recompiling
[2021.04.01-16.13.34:862][755]PIE: New page: PIE session: Test (Apr. 1, 2021, 8:13:34 a.m.)
[2021.04.01-16.13.34:862][755]LogPlayLevel: Creating play world package: /Game/Maps/UEDPIE_0_Test
[2021.04.01-16.13.34:870][755]LogPlayLevel: PIE: StaticDuplicateObject took: (0.007627s)
[2021.04.01-16.13.34:872][755]LogAIModule: Creating AISystem for world Test
[2021.04.01-16.13.34:872][755]LogAISub: UAISubsystem::UAISubsystem EnvQueryManager (0000021881143C00), frame # 1755
[2021.04.01-16.13.34:872][755]LogAISub: UAISubsystem::UAISubsystem AIPerceptionSystem (00000218CC4042C0), frame # 1755
[2021.04.01-16.13.34:872][755]LogPlayLevel: PIE: World Init took: (0.002073s)
[2021.04.01-16.13.34:872][755]LogPlayLevel: PIE: Created PIE world by copying editor world from /Game/Maps/Test.Test to /Game/Maps/UEDPIE_0_Test.Test (0.010218s)
[2021.04.01-16.13.34:884][755]LogUObjectHash: Compacting FUObjectHashTables data took   0.69ms
[2021.04.01-16.13.34:886][755]LogAudioMixer: Display: Audio Mixer Platform Settings:
[2021.04.01-16.13.34:886][755]LogAudioMixer: Display: 	Sample Rate:						  48000
[2021.04.01-16.13.34:886][755]LogAudioMixer: Display: 	Callback Buffer Frame Size Requested: 1024
[2021.04.01-16.13.34:886][755]LogAudioMixer: Display: 	Callback Buffer Frame Size To Use:	  1024
[2021.04.01-16.13.34:887][755]LogAudioMixer: Display: 	Number of buffers to queue:			  2
[2021.04.01-16.13.34:887][755]LogAudioMixer: Display: 	Max Channels (voices):				  32
[2021.04.01-16.13.34:887][755]LogAudioMixer: Display: 	Number of Async Source Workers:		  0
[2021.04.01-16.13.34:887][755]LogAudio: Display: AudioDevice MaxSources: 32
[2021.04.01-16.13.34:888][755]LogAudio: Display: Using built-in audio occlusion.
[2021.04.01-16.13.34:888][755]LogAudioMixer: Display: Initializing audio mixer.
[2021.04.01-16.13.34:893][755]LogAudioMixer: Display: 0: FrontLeft
[2021.04.01-16.13.34:893][755]LogAudioMixer: Display: 1: FrontRight
[2021.04.01-16.13.34:966][755]LogAudioMixer: Display: Using Audio Device Speakers (Realtek(R) Audio)
[2021.04.01-16.13.34:967][755]LogAudioMixer: Display: Initializing Sound Submixes...
[2021.04.01-16.13.34:967][755]LogAudioMixer: Display: Creating Master Submix 'MasterSubmixDefault'
[2021.04.01-16.13.34:967][755]LogAudioMixer: Display: Creating Master Submix 'MasterReverbSubmixDefault'
[2021.04.01-16.13.34:967][755]LogAudioMixer: Display: Creating Master Submix 'MasterEQSubmixDefault'
[2021.04.01-16.13.34:985][755]LogInit: FAudioDevice initialized.
[2021.04.01-16.13.34:999][755]LogLoad: Game class is 'BP_GameMode_C'
[2021.04.01-16.13.35:001][755]LogWorld: Bringing World /Game/Maps/UEDPIE_0_Test.Test up for play (max tick rate 60) at 2021.04.01-12.13.35
[2021.04.01-16.13.35:001][755]LogWorld: Bringing up level for play took: 0.001154
[2021.04.01-16.13.35:001][755]LogOnline: OSS: Creating online subsystem instance for: :Context_2
[2021.04.01-16.13.35:411][755]LogNet: ReplicationDriverClass is null! Not using ReplicationDriver.
[2021.04.01-16.13.35:411][755]LogNetCore: DDoS detection status: detection enabled: 0 analytics enabled: 0
[2021.04.01-16.13.35:431][755]LogInit: WinSock: Socket queue. Rx: 131072 (config 131072) Tx: 131072 (config 131072)
[2021.04.01-16.13.35:440][755]LogNet: Created socket for bind address: 0.0.0.0 on port 17777
[2021.04.01-16.13.35:450][755]PacketHandlerLog: Loaded PacketHandler component: Engine.EngineHandlerComponentFactory (StatelessConnectHandlerComponent)
[2021.04.01-16.13.35:486][755]LogNet: GameNetDriver IpNetDriver_0 IpNetDriver listening on port 17777
[2021.04.01-16.13.35:488][755]PIE: Server logged in
[2021.04.01-16.13.35:489][755]PIE: Play in editor total start time 0.631 seconds.
[2021.04.01-16.13.35:490][755]LogAudioMixer: Display: Audio Mixer Platform Settings:
[2021.04.01-16.13.35:490][755]LogAudioMixer: Display: 	Sample Rate:						  48000
[2021.04.01-16.13.35:491][755]LogAudioMixer: Display: 	Callback Buffer Frame Size Requested: 1024
[2021.04.01-16.13.35:491][755]LogAudioMixer: Display: 	Callback Buffer Frame Size To Use:	  1024
[2021.04.01-16.13.35:491][755]LogAudioMixer: Display: 	Number of buffers to queue:			  2
[2021.04.01-16.13.35:491][755]LogAudioMixer: Display: 	Max Channels (voices):				  32
[2021.04.01-16.13.35:491][755]LogAudioMixer: Display: 	Number of Async Source Workers:		  0
[2021.04.01-16.13.35:491][755]LogAudio: Display: AudioDevice MaxSources: 32
[2021.04.01-16.13.35:492][755]LogAudio: Display: Using built-in audio occlusion.
[2021.04.01-16.13.35:492][755]LogAudioMixer: Display: Initializing audio mixer.
[2021.04.01-16.13.35:498][755]LogAudioMixer: Display: 0: FrontLeft
[2021.04.01-16.13.35:498][755]LogAudioMixer: Display: 1: FrontRight
[2021.04.01-16.13.35:560][755]LogAudioMixer: Display: Using Audio Device Speakers (Realtek(R) Audio)
[2021.04.01-16.13.35:560][755]LogAudioMixer: Display: Initializing Sound Submixes...
[2021.04.01-16.13.35:560][755]LogAudioMixer: Display: Creating Master Submix 'MasterSubmixDefault'
[2021.04.01-16.13.35:560][755]LogAudioMixer: Display: Creating Master Submix 'MasterReverbSubmixDefault'
[2021.04.01-16.13.35:561][755]LogAudioMixer: Display: Creating Master Submix 'MasterEQSubmixDefault'
[2021.04.01-16.13.35:576][755]LogInit: FAudioDevice initialized.
[2021.04.01-16.13.35:630][755]LogSlate: Updating window title bar state: overlay mode, drag disabled, window buttons hidden, title bar hidden
[2021.04.01-16.13.35:632][755]LogNet: Browse: 127.0.0.1:17777/Game/Maps/Test
[2021.04.01-16.13.35:645][755]LogInit: WinSock: Socket queue. Rx: 32768 (config 32768) Tx: 32768 (config 32768)
[2021.04.01-16.13.35:645][755]LogNet: Created socket for bind address: 0.0.0.0 on port 0
[2021.04.01-16.13.35:657][755]PacketHandlerLog: Loaded PacketHandler component: Engine.EngineHandlerComponentFactory (StatelessConnectHandlerComponent)
[2021.04.01-16.13.35:680][755]LogNet: Game client on port 17777, rate 10000
[2021.04.01-16.13.35:730][755]PIE: Client logged in
[2021.04.01-16.13.35:732][755]PIE: Play in editor total start time 0.873 seconds.
[2021.04.01-16.13.36:792][807]LogNet: NotifyAcceptingConnection accepted from: 127.0.0.1:63455
[2021.04.01-16.13.36:798][807]LogHandshake: SendConnectChallenge. Timestamp: 1.917307, Cookie: 222126239185163194064207098247099058015053227178023168090094
[2021.04.01-16.13.36:800][807]LogHandshake: SendChallengeResponse. Timestamp: 1.917307, Cookie: 222126239185163194064207098247099058015053227178023168090094
[2021.04.01-16.13.36:807][808]LogNet: NotifyAcceptingConnection accepted from: 127.0.0.1:63455
[2021.04.01-16.13.36:808][808]LogHandshake: SendChallengeAck. InCookie: 222126239185163194064207098247099058015053227178023168090094
[2021.04.01-16.13.36:808][808]LogNet: Server accepting post-challenge connection from: 127.0.0.1:63455
[2021.04.01-16.13.36:809][808]PacketHandlerLog: Loaded PacketHandler component: Engine.EngineHandlerComponentFactory (StatelessConnectHandlerComponent)
[2021.04.01-16.13.36:810][808]LogNet: NotifyAcceptedConnection: Name: Test, TimeStamp: 04/01/21 12:13:36, [UNetConnection] RemoteAddr: 127.0.0.1:63455, Name: IpConnection_1, Driver: GameNetDriver IpNetDriver_0, IsServer: YES, PC: NULL, Owner: NULL, UniqueId: INVALID
[2021.04.01-16.13.36:811][808]LogNet: AddClientConnection: Added client connection: [UNetConnection] RemoteAddr: 127.0.0.1:63455, Name: IpConnection_1, Driver: GameNetDriver IpNetDriver_0, IsServer: YES, PC: NULL, Owner: NULL, UniqueId: INVALID
[2021.04.01-16.13.36:814][808]LogNetVersion: TowerDefence 1.0.0.0, NetCL: 13144385, EngineNetVer: 14, GameNetVer: 0 (Checksum: 635339573)
[2021.04.01-16.13.36:814][808]LogNet: UPendingNetGame::SendInitialJoin: Sending hello. [UNetConnection] RemoteAddr: 127.0.0.1:17777, Name: IpConnection_0, Driver: PendingNetDriver IpNetDriver_1, IsServer: NO, PC: NULL, Owner: NULL, UniqueId: INVALID
[2021.04.01-16.13.37:210][809]LogNet: NotifyAcceptingChannel Control 0 server World /Game/Maps/UEDPIE_0_Test.Test: Accepted
[2021.04.01-16.13.37:266][809]LogNet: Remote platform little endian=1
[2021.04.01-16.13.37:266][809]LogNet: This platform little endian=1
[2021.04.01-16.13.37:364][809]LogOnline: OSS: Creating online subsystem instance for: :Context_3
[2021.04.01-16.13.37:379][810]LogNet: Login request: ?Name=LAPTOP-K3PBHEDP-886BC0CD443C26F4ECE982A772997148 userId: NULL:LAPTOP-K3PBHEDP-886BC0CD443C26F4ECE982A772997148 platform: NULL
[2021.04.01-16.13.37:380][810]LogNet: Welcomed by server (Level: /Game/Maps/UEDPIE_0_Test, Game: /Game/Blueprints/Other/BP_GameMode.BP_GameMode_C)
[2021.04.01-16.13.37:382][810]LogLoad: LoadMap: 127.0.0.1:17777/Game/Maps/UEDPIE_0_Test?game=/Game/Blueprints/Other/BP_GameMode.BP_GameMode_C
[2021.04.01-16.13.37:382][810]LogWorld: BeginTearingDown for /Temp/Untitled_1
[2021.04.01-16.13.37:392][810]LogWorld: UWorld::CleanupWorld for Untitled, bSessionEnded=true, bCleanupResources=true
[2021.04.01-16.13.37:393][810]LogSlate: InvalidateAllWidgets triggered.  All widgets were invalidated
[2021.04.01-16.13.37:405][810]LogUObjectHash: Compacting FUObjectHashTables data took   0.58ms
[2021.04.01-16.13.37:463][810]LogAIModule: Creating AISystem for world Test
[2021.04.01-16.13.37:463][810]LogAISub: UAISubsystem::UAISubsystem EnvQueryManager (00000218F6142600), frame # 1810
[2021.04.01-16.13.37:464][810]LogAISub: UAISubsystem::UAISubsystem AIPerceptionSystem (00000218CC2AAFC0), frame # 1810
[2021.04.01-16.13.37:466][810]LogWorld: Bringing World /Game/Maps/UEDPIE_1_Test.Test up for play (max tick rate 60) at 2021.04.01-12.13.37
[2021.04.01-16.13.37:466][810]LogWorld: Bringing up level for play took: 0.000968
[2021.04.01-16.13.37:501][810]LogLoad: Took 0.119352 seconds to LoadMap(/Game/Maps/UEDPIE_0_Test)
[2021.04.01-16.13.37:513][810]LogNavigation: Warning: NavData RegistrationFailed_DataPendingKill.
[2021.04.01-16.13.37:522][811]LogNet: Client netspeed is 10000
[2021.04.01-16.13.37:522][811]LogNet: Join request: /Game/Maps/Test?Name=LAPTOP-K3PBHEDP-886BC0CD443C26F4ECE982A772997148?SplitscreenCount=1
[2021.04.01-16.13.37:530][811]LogOnlineSession: Warning: OSS: No game present to join for session (GameSession)
[2021.04.01-16.13.37:606][811]LogNet: Join succeeded: LAPTOP-K3PBHEDP-886B
[2021.04.01-16.13.37:742][814]LogOnlineSession: Warning: OSS: No game present to join for session (GameSession)
[2021.04.01-16.13.37:769][815]LogOnlineSession: Warning: OSS: No game present to join for session (GameSession)
