Log file open, 04/13/21 13:31:12
LogInit: Display: Running engine for game: TowerDefence
LogPlatformFile: Not using cached read wrapper
LogTaskGraph: Started task graph with 5 named threads and 35 total threads with 3 sets of task threads.
LogStats: Stats thread started at 0.409523
LogD3D11RHI: Loaded GFSDK_Aftermath_Lib.x64.dll
LogICUInternationalization: ICU TimeZone Detection - Raw Offset: -5:00, Platform Override: ''
LogPluginManager: Mounting plugin Paper2D
LogPluginManager: Mounting plugin AISupport
LogPluginManager: Mounting plugin LightPropagationVolume
LogPluginManager: Mounting plugin CameraShakePreviewer
LogPluginManager: Mounting plugin ActorLayerUtilities
LogPluginManager: Mounting plugin AnimationSharing
LogPluginManager: Mounting plugin CLionSourceCodeAccess
LogPluginManager: Mounting plugin CodeLiteSourceCodeAccess
LogPluginManager: Mounting plugin GitSourceControl
LogPluginManager: Mounting plugin KDevelopSourceCodeAccess
LogPluginManager: Mounting plugin NullSourceCodeAccess
LogPluginManager: Mounting plugin PerforceSourceControl
LogPluginManager: Mounting plugin PlasticSourceControl
LogPluginManager: Mounting plugin RiderSourceCodeAccess
LogPluginManager: Mounting plugin SubversionSourceControl
LogPluginManager: Mounting plugin UObjectPlugin
LogPluginManager: Mounting plugin VisualStudioCodeSourceCodeAccess
LogPluginManager: Mounting plugin VisualStudioSourceCodeAccess
LogPluginManager: Mounting plugin XCodeSourceCodeAccess
LogPluginManager: Mounting plugin AssetManagerEditor
LogPluginManager: Mounting plugin CryptoKeys
LogPluginManager: Mounting plugin CurveEditorTools
LogPluginManager: Mounting plugin DataValidation
LogPluginManager: Mounting plugin EditorScriptingUtilities
LogPluginManager: Mounting plugin FacialAnimation
LogPluginManager: Mounting plugin GameplayTagsEditor
LogPluginManager: Mounting plugin GeometryMode
LogPluginManager: Mounting plugin MacGraphicsSwitching
LogPluginManager: Mounting plugin MaterialAnalyzer
LogPluginManager: Mounting plugin MobileLauncherProfileWizard
LogPluginManager: Mounting plugin PluginBrowser
LogPluginManager: Mounting plugin SpeedTreeImporter
LogPluginManager: Mounting plugin DatasmithContent
LogPluginManager: Mounting plugin VariantManagerContent
LogPluginManager: Mounting plugin AlembicImporter
LogPluginManager: Mounting plugin AutomationUtils
LogPluginManager: Mounting plugin BackChannel
LogPluginManager: Mounting plugin ChaosCloth
LogPluginManager: Mounting plugin ChaosClothEditor
LogPluginManager: Mounting plugin ChaosEditor
LogPluginManager: Mounting plugin ChaosNiagara
LogPluginManager: Mounting plugin ChaosSolverPlugin
LogPluginManager: Mounting plugin CharacterAI
LogPluginManager: Mounting plugin GeometryCache
LogPluginManager: Mounting plugin GeometryCollectionPlugin
LogPluginManager: Mounting plugin GeometryProcessing
LogPluginManager: Mounting plugin PlanarCut
LogPluginManager: Mounting plugin PlatformCrypto
LogPluginManager: Mounting plugin ProxyLODPlugin
LogPluginManager: Mounting plugin SkeletalReduction
LogPluginManager: Mounting plugin Niagara
LogPluginManager: Mounting plugin MagicLeap
LogPluginManager: Mounting plugin MagicLeapLightEstimation
LogPluginManager: Mounting plugin MagicLeapMedia
LogPluginManager: Mounting plugin MagicLeapPassableWorld
LogPluginManager: Mounting plugin MLSDK
LogPluginManager: Mounting plugin AndroidMedia
LogPluginManager: Mounting plugin AvfMedia
LogPluginManager: Mounting plugin ImgMedia
LogPluginManager: Mounting plugin MediaCompositing
LogPluginManager: Mounting plugin MediaPlayerEditor
LogPluginManager: Mounting plugin WebMMedia
LogPluginManager: Mounting plugin WmfMedia
LogPluginManager: Mounting plugin MeshPainting
LogPluginManager: Mounting plugin TcpMessaging
LogPluginManager: Mounting plugin UdpMessaging
LogPluginManager: Mounting plugin ActorSequence
LogPluginManager: Mounting plugin LevelSequenceEditor
LogPluginManager: Mounting plugin MatineeToLevelSequence
LogPluginManager: Mounting plugin MovieRenderPipeline
LogPluginManager: Mounting plugin TemplateSequence
LogPluginManager: Mounting plugin NetcodeUnitTest
LogPluginManager: Mounting plugin NUTUnrealEngine4
LogPluginManager: Mounting plugin OnlineSubsystemGooglePlay
LogPluginManager: Mounting plugin OnlineSubsystemIOS
LogPluginManager: Mounting plugin OnlineSubsystem
LogPluginManager: Mounting plugin OnlineSubsystemNull
LogPluginManager: Mounting plugin OnlineSubsystemUtils
LogPluginManager: Mounting plugin LauncherChunkInstaller
LogPluginManager: Mounting plugin AndroidDeviceProfileSelector
LogPluginManager: Mounting plugin AndroidMoviePlayer
LogPluginManager: Mounting plugin AndroidPermission
LogPluginManager: Mounting plugin AppleImageUtils
LogPluginManager: Mounting plugin AppleMoviePlayer
LogPluginManager: Mounting plugin ArchVisCharacter
LogPluginManager: Mounting plugin AssetTags
LogPluginManager: Mounting plugin AudioCapture
LogPluginManager: Mounting plugin CableComponent
LogPluginManager: Mounting plugin CustomMeshComponent
LogPluginManager: Mounting plugin EditableMesh
LogPluginManager: Mounting plugin ExampleDeviceProfileSelector
LogPluginManager: Mounting plugin GoogleCloudMessaging
LogPluginManager: Mounting plugin GooglePAD
LogPluginManager: Mounting plugin IOSDeviceProfileSelector
LogPluginManager: Mounting plugin LinuxDeviceProfileSelector
LogPluginManager: Mounting plugin LocationServicesBPLibrary
LogPluginManager: Mounting plugin MobilePatchingUtils
LogPluginManager: Mounting plugin OculusVR
LogPluginManager: Mounting plugin PhysXVehicles
LogPluginManager: Mounting plugin PostSplashScreen
LogPluginManager: Mounting plugin ProceduralMeshComponent
LogPluginManager: Mounting plugin RuntimePhysXCooking
LogPluginManager: Mounting plugin SignificanceManager
LogPluginManager: Mounting plugin SoundFields
LogPluginManager: Mounting plugin SteamVR
LogPluginManager: Mounting plugin Synthesis
LogPluginManager: Mounting plugin WebMMoviePlayer
LogPluginManager: Mounting plugin WindowsMoviePlayer
LogPluginManager: Mounting plugin ScreenshotTools
LogInit: Using libcurl 7.55.1-DEV
LogInit:  - built for x86_64-pc-win32
LogInit:  - supports SSL with OpenSSL/1.1.1
LogInit:  - supports HTTP deflate (compression) using libz 1.2.8
LogInit:  - other features:
LogInit:      CURL_VERSION_SSL
LogInit:      CURL_VERSION_LIBZ
LogInit:      CURL_VERSION_IPV6
LogInit:      CURL_VERSION_ASYNCHDNS
LogInit:      CURL_VERSION_LARGEFILE
LogInit:      CURL_VERSION_IDN
LogInit:  CurlRequestOptions (configurable via config and command line):
LogInit:  - bVerifyPeer = true  - Libcurl will verify peer certificate
LogInit:  - bUseHttpProxy = false  - Libcurl will NOT use HTTP proxy
LogInit:  - bDontReuseConnections = false  - Libcurl will reuse connections
LogInit:  - MaxHostConnections = 16  - Libcurl will limit the number of connections to a host
LogInit:  - LocalHostAddr = Default
LogInit:  - BufferSize = 65536
LogOnline: OSS: Creating online subsystem instance for: NULL
LogInit: WinSock: version 1.1 (2.2), MaxSocks=32767, MaxUdp=65467
LogOnline: OSS: TryLoadSubsystemAndSetDefault: Loaded subsystem for module [NULL]
LogInit: Build: ++UE4+Release-4.25-CL-13942748
LogInit: Engine Version: 4.25.3-13942748+++UE4+Release-4.25
LogInit: Compatible Engine Version: 4.25.0-13144385+++UE4+Release-4.25
LogInit: Net CL: 13144385
LogInit: OS: Windows 10 (Release 2009) (), CPU: Intel(R) Core(TM) i7-8750H CPU @ 2.20GHz, GPU: Intel(R) UHD Graphics 630
LogInit: Compiled (64-bit): Jul 25 2020 02:07:48
LogInit: Compiled with Visual C++: 19.24.28315.00
LogInit: Build Configuration: Development
LogInit: Branch Name: ++UE4+Release-4.25
LogInit: Command Line:  -skipcompile
LogInit: Base Directory: D:/Epic Games Files/UE_4.25/Engine/Binaries/Win64/
LogInit: Allocator: TBB
LogInit: Installed Engine Build: 1
LogDevObjectVersion: Number of dev versions registered: 26
LogDevObjectVersion:   Dev-Blueprints (B0D832E4-1F89-4F0D-ACCF-7EB736FD4AA2): 10
LogDevObjectVersion:   Dev-Build (E1C64328-A22C-4D53-A36C-8E866417BD8C): 0
LogDevObjectVersion:   Dev-Core (375EC13C-06E4-48FB-B500-84F0262A717E): 4
LogDevObjectVersion:   Dev-Editor (E4B068ED-F494-42E9-A231-DA0B2E46BB41): 38
LogDevObjectVersion:   Dev-Framework (CFFC743F-43B0-4480-9391-14DF171D2073): 37
LogDevObjectVersion:   Dev-Mobile (B02B49B5-BB20-44E9-A304-32B752E40360): 2
LogDevObjectVersion:   Dev-Networking (A4E4105C-59A1-49B5-A7C5-40C4547EDFEE): 0
LogDevObjectVersion:   Dev-Online (39C831C9-5AE6-47DC-9A44-9C173E1C8E7C): 0
LogDevObjectVersion:   Dev-Physics (78F01B33-EBEA-4F98-B9B4-84EACCB95AA2): 4
LogDevObjectVersion:   Dev-Platform (6631380F-2D4D-43E0-8009-CF276956A95A): 0
LogDevObjectVersion:   Dev-Rendering (12F88B9F-8875-4AFC-A67C-D90C383ABD29): 43
LogDevObjectVersion:   Dev-Sequencer (7B5AE74C-D270-4C10-A958-57980B212A5A): 12
LogDevObjectVersion:   Dev-VR (D7296918-1DD6-4BDD-9DE2-64A83CC13884): 3
LogDevObjectVersion:   Dev-LoadTimes (C2A15278-BFE7-4AFE-6C17-90FF531DF755): 1
LogDevObjectVersion:   Private-Geometry (6EACA3D4-40EC-4CC1-B786-8BED09428FC5): 3
LogDevObjectVersion:   Dev-AnimPhys (29E575DD-E0A3-4627-9D10-D276232CDCEA): 17
LogDevObjectVersion:   Dev-Anim (AF43A65D-7FD3-4947-9873-3E8ED9C1BB05): 7
LogDevObjectVersion:   Dev-ReflectionCapture (6B266CEC-1EC7-4B8F-A30B-E4D90942FC07): 1
LogDevObjectVersion:   Dev-Automation (0DF73D61-A23F-47EA-B727-89E90C41499A): 1
LogDevObjectVersion:   FortniteMain (601D1886-AC64-4F84-AA16-D3DE0DEAC7D6): 31
LogDevObjectVersion:   Dev-Enterprise (9DFFBCD6-494F-0158-E221-12823C92A888): 10
LogDevObjectVersion:   Dev-Niagara (F2AED0AC-9AFE-416F-8664-AA7FFA26D6FC): 1
LogDevObjectVersion:   Dev-Destruction (174F1F0B-B4C6-45A5-B13F-2EE8D0FB917D): 10
LogDevObjectVersion:   Dev-Physics-Ext (35F94A83-E258-406C-A318-09F59610247C): 37
LogDevObjectVersion:   Dev-PhysicsMaterial-Chaos (B68FC16E-8B1B-42E2-B453-215C058844FE): 1
LogDevObjectVersion:   Dev-CineCamera (B2E18506-4273-CFC2-A54E-F4BB758BBA07): 1
LogInit: Presizing for max 25165824 objects, including 0 objects not considered by GC, pre-allocating 0 bytes for permanent pool.
LogConfig: Applying CVar settings from Section [/Script/Engine.StreamingSettings] File [C:/Users/sethg/Desktop/Backups/MergeFile/W21_GAM1528_NoNameYet/TowerDefence/Saved/Config/Windows/Engine.ini]
LogConfig: Setting CVar [[s.MinBulkDataSizeForAsyncLoading:131072]]
LogConfig: Setting CVar [[s.AsyncLoadingThreadEnabled:0]]
LogConfig: Setting CVar [[s.EventDrivenLoaderEnabled:1]]
LogConfig: Setting CVar [[s.WarnIfTimeLimitExceeded:0]]
LogConfig: Setting CVar [[s.TimeLimitExceededMultiplier:1.5]]
LogConfig: Setting CVar [[s.TimeLimitExceededMinTime:0.005]]
LogConfig: Setting CVar [[s.UseBackgroundLevelStreaming:1]]
LogConfig: Setting CVar [[s.PriorityAsyncLoadingExtraTime:15.0]]
LogConfig: Setting CVar [[s.LevelStreamingActorsUpdateTimeLimit:5.0]]
LogConfig: Setting CVar [[s.PriorityLevelStreamingActorsUpdateExtraTime:5.0]]
LogConfig: Setting CVar [[s.LevelStreamingComponentsRegistrationGranularity:10]]
LogConfig: Setting CVar [[s.UnregisterComponentsTimeLimit:1.0]]
LogConfig: Setting CVar [[s.LevelStreamingComponentsUnregistrationGranularity:5]]
LogConfig: Setting CVar [[s.FlushStreamingOnExit:1]]
LogInit: Object subsystem initialized
LogConfig: Setting CVar [[con.DebugEarlyDefault:1]]
LogConfig: Setting CVar [[r.setres:1280x720]]
[2021.04.13-17.31.13:170][  0]LogConfig: Setting CVar [[r.VSync:0]]
[2021.04.13-17.31.13:170][  0]LogConfig: Setting CVar [[r.RHICmdBypass:0]]
[2021.04.13-17.31.13:170][  0]LogConfig: Applying CVar settings from Section [/Script/Engine.RendererSettings] File [C:/Users/sethg/Desktop/Backups/MergeFile/W21_GAM1528_NoNameYet/TowerDefence/Saved/Config/Windows/Engine.ini]
[2021.04.13-17.31.13:170][  0]LogConfig: Setting CVar [[r.GPUCrashDebugging:0]]
[2021.04.13-17.31.13:170][  0]LogConfig: Applying CVar settings from Section [/Script/Engine.RendererOverrideSettings] File [C:/Users/sethg/Desktop/Backups/MergeFile/W21_GAM1528_NoNameYet/TowerDefence/Saved/Config/Windows/Engine.ini]
[2021.04.13-17.31.13:170][  0]LogConfig: Applying CVar settings from Section [/Script/Engine.StreamingSettings] File [C:/Users/sethg/Desktop/Backups/MergeFile/W21_GAM1528_NoNameYet/TowerDefence/Saved/Config/Windows/Engine.ini]
[2021.04.13-17.31.13:170][  0]LogConfig: Setting CVar [[s.MinBulkDataSizeForAsyncLoading:131072]]
[2021.04.13-17.31.13:170][  0]LogConfig: Setting CVar [[s.AsyncLoadingThreadEnabled:0]]
[2021.04.13-17.31.13:171][  0]LogConfig: Setting CVar [[s.EventDrivenLoaderEnabled:1]]
[2021.04.13-17.31.13:171][  0]LogConfig: Setting CVar [[s.WarnIfTimeLimitExceeded:0]]
[2021.04.13-17.31.13:171][  0]LogConfig: Setting CVar [[s.TimeLimitExceededMultiplier:1.5]]
[2021.04.13-17.31.13:171][  0]LogConfig: Setting CVar [[s.TimeLimitExceededMinTime:0.005]]
[2021.04.13-17.31.13:171][  0]LogConfig: Setting CVar [[s.UseBackgroundLevelStreaming:1]]
[2021.04.13-17.31.13:171][  0]LogConfig: Setting CVar [[s.PriorityAsyncLoadingExtraTime:15.0]]
[2021.04.13-17.31.13:171][  0]LogConfig: Setting CVar [[s.LevelStreamingActorsUpdateTimeLimit:5.0]]
[2021.04.13-17.31.13:171][  0]LogConfig: Setting CVar [[s.PriorityLevelStreamingActorsUpdateExtraTime:5.0]]
[2021.04.13-17.31.13:171][  0]LogConfig: Setting CVar [[s.LevelStreamingComponentsRegistrationGranularity:10]]
[2021.04.13-17.31.13:171][  0]LogConfig: Setting CVar [[s.UnregisterComponentsTimeLimit:1.0]]
[2021.04.13-17.31.13:171][  0]LogConfig: Setting CVar [[s.LevelStreamingComponentsUnregistrationGranularity:5]]
[2021.04.13-17.31.13:171][  0]LogConfig: Setting CVar [[s.FlushStreamingOnExit:1]]
[2021.04.13-17.31.13:171][  0]LogConfig: Applying CVar settings from Section [/Script/Engine.GarbageCollectionSettings] File [C:/Users/sethg/Desktop/Backups/MergeFile/W21_GAM1528_NoNameYet/TowerDefence/Saved/Config/Windows/Engine.ini]
[2021.04.13-17.31.13:171][  0]LogConfig: Setting CVar [[gc.MaxObjectsNotConsideredByGC:1]]
[2021.04.13-17.31.13:172][  0]LogConfig: Setting CVar [[gc.SizeOfPermanentObjectPool:0]]
[2021.04.13-17.31.13:172][  0]LogConfig: Setting CVar [[gc.FlushStreamingOnGC:0]]
[2021.04.13-17.31.13:172][  0]LogConfig: Setting CVar [[gc.NumRetriesBeforeForcingGC:10]]
[2021.04.13-17.31.13:172][  0]LogConfig: Setting CVar [[gc.AllowParallelGC:1]]
[2021.04.13-17.31.13:172][  0]LogConfig: Setting CVar [[gc.TimeBetweenPurgingPendingKillObjects:61.1]]
[2021.04.13-17.31.13:172][  0]LogConfig: Setting CVar [[gc.MaxObjectsInEditor:25165824]]
[2021.04.13-17.31.13:172][  0]LogConfig: Setting CVar [[gc.IncrementalBeginDestroyEnabled:1]]
[2021.04.13-17.31.13:172][  0]LogConfig: Setting CVar [[gc.CreateGCClusters:1]]
[2021.04.13-17.31.13:172][  0]LogConfig: Setting CVar [[gc.MinGCClusterSize:5]]
[2021.04.13-17.31.13:172][  0]LogConfig: Setting CVar [[gc.ActorClusteringEnabled:0]]
[2021.04.13-17.31.13:172][  0]LogConfig: Setting CVar [[gc.BlueprintClusteringEnabled:0]]
[2021.04.13-17.31.13:172][  0]LogConfig: Setting CVar [[gc.UseDisregardForGCOnDedicatedServers:0]]
[2021.04.13-17.31.13:172][  0]LogConfig: Applying CVar settings from Section [/Script/Engine.NetworkSettings] File [C:/Users/sethg/Desktop/Backups/MergeFile/W21_GAM1528_NoNameYet/TowerDefence/Saved/Config/Windows/Engine.ini]
[2021.04.13-17.31.13:172][  0]LogConfig: Applying CVar settings from Section [/Script/UnrealEd.CookerSettings] File [C:/Users/sethg/Desktop/Backups/MergeFile/W21_GAM1528_NoNameYet/TowerDefence/Saved/Config/Windows/Engine.ini]
[2021.04.13-17.31.13:178][  0]LogConfig: Applying CVar settings from Section [ViewDistanceQuality@3] File [C:/Users/sethg/Desktop/Backups/MergeFile/W21_GAM1528_NoNameYet/TowerDefence/Saved/Config/Windows/Scalability.ini]
[2021.04.13-17.31.13:178][  0]LogConfig: Setting CVar [[r.SkeletalMeshLODBias:0]]
[2021.04.13-17.31.13:178][  0]LogConfig: Setting CVar [[r.ViewDistanceScale:1.0]]
[2021.04.13-17.31.13:178][  0]LogConfig: Applying CVar settings from Section [AntiAliasingQuality@3] File [C:/Users/sethg/Desktop/Backups/MergeFile/W21_GAM1528_NoNameYet/TowerDefence/Saved/Config/Windows/Scalability.ini]
[2021.04.13-17.31.13:178][  0]LogConfig: Setting CVar [[r.PostProcessAAQuality:4]]
[2021.04.13-17.31.13:178][  0]LogConfig: Applying CVar settings from Section [ShadowQuality@3] File [C:/Users/sethg/Desktop/Backups/MergeFile/W21_GAM1528_NoNameYet/TowerDefence/Saved/Config/Windows/Scalability.ini]
[2021.04.13-17.31.13:178][  0]LogConfig: Setting CVar [[r.LightFunctionQuality:1]]
[2021.04.13-17.31.13:178][  0]LogConfig: Setting CVar [[r.ShadowQuality:5]]
[2021.04.13-17.31.13:178][  0]LogConfig: Setting CVar [[r.Shadow.CSM.MaxCascades:10]]
[2021.04.13-17.31.13:178][  0]LogConfig: Setting CVar [[r.Shadow.MaxResolution:2048]]
[2021.04.13-17.31.13:178][  0]LogConfig: Setting CVar [[r.Shadow.MaxCSMResolution:2048]]
[2021.04.13-17.31.13:178][  0]LogConfig: Setting CVar [[r.Shadow.RadiusThreshold:0.01]]
[2021.04.13-17.31.13:178][  0]LogConfig: Setting CVar [[r.Shadow.DistanceScale:1.0]]
[2021.04.13-17.31.13:178][  0]LogConfig: Setting CVar [[r.Shadow.CSM.TransitionScale:1.0]]
[2021.04.13-17.31.13:178][  0]LogConfig: Setting CVar [[r.Shadow.PreShadowResolutionFactor:1.0]]
[2021.04.13-17.31.13:179][  0]LogConfig: Setting CVar [[r.DistanceFieldShadowing:1]]
[2021.04.13-17.31.13:179][  0]LogConfig: Setting CVar [[r.DistanceFieldAO:1]]
[2021.04.13-17.31.13:179][  0]LogConfig: Setting CVar [[r.AOQuality:2]]
[2021.04.13-17.31.13:179][  0]LogConfig: Setting CVar [[r.VolumetricFog:1]]
[2021.04.13-17.31.13:179][  0]LogConfig: Setting CVar [[r.VolumetricFog.GridPixelSize:8]]
[2021.04.13-17.31.13:179][  0]LogConfig: Setting CVar [[r.VolumetricFog.GridSizeZ:128]]
[2021.04.13-17.31.13:179][  0]LogConfig: Setting CVar [[r.VolumetricFog.HistoryMissSupersampleCount:4]]
[2021.04.13-17.31.13:179][  0]LogConfig: Setting CVar [[r.LightMaxDrawDistanceScale:1]]
[2021.04.13-17.31.13:179][  0]LogConfig: Setting CVar [[r.CapsuleShadows:1]]
[2021.04.13-17.31.13:179][  0]LogConfig: Applying CVar settings from Section [PostProcessQuality@3] File [C:/Users/sethg/Desktop/Backups/MergeFile/W21_GAM1528_NoNameYet/TowerDefence/Saved/Config/Windows/Scalability.ini]
[2021.04.13-17.31.13:179][  0]LogConfig: Setting CVar [[r.MotionBlurQuality:4]]
[2021.04.13-17.31.13:179][  0]LogConfig: Setting CVar [[r.AmbientOcclusionMipLevelFactor:0.4]]
[2021.04.13-17.31.13:179][  0]LogConfig: Setting CVar [[r.AmbientOcclusionMaxQuality:100]]
[2021.04.13-17.31.13:179][  0]LogConfig: Setting CVar [[r.AmbientOcclusionLevels:-1]]
[2021.04.13-17.31.13:179][  0]LogConfig: Setting CVar [[r.AmbientOcclusionRadiusScale:1.0]]
[2021.04.13-17.31.13:179][  0]LogConfig: Setting CVar [[r.DepthOfFieldQuality:2]]
[2021.04.13-17.31.13:179][  0]LogConfig: Setting CVar [[r.RenderTargetPoolMin:400]]
[2021.04.13-17.31.13:179][  0]LogConfig: Setting CVar [[r.LensFlareQuality:2]]
[2021.04.13-17.31.13:179][  0]LogConfig: Setting CVar [[r.SceneColorFringeQuality:1]]
[2021.04.13-17.31.13:180][  0]LogConfig: Setting CVar [[r.EyeAdaptationQuality:2]]
[2021.04.13-17.31.13:180][  0]LogConfig: Setting CVar [[r.BloomQuality:5]]
[2021.04.13-17.31.13:180][  0]LogConfig: Setting CVar [[r.FastBlurThreshold:100]]
[2021.04.13-17.31.13:180][  0]LogConfig: Setting CVar [[r.Upscale.Quality:3]]
[2021.04.13-17.31.13:180][  0]LogConfig: Setting CVar [[r.Tonemapper.GrainQuantization:1]]
[2021.04.13-17.31.13:180][  0]LogConfig: Setting CVar [[r.LightShaftQuality:1]]
[2021.04.13-17.31.13:180][  0]LogConfig: Setting CVar [[r.Filter.SizeScale:1]]
[2021.04.13-17.31.13:180][  0]LogConfig: Setting CVar [[r.Tonemapper.Quality:5]]
[2021.04.13-17.31.13:180][  0]LogConfig: Setting CVar [[r.DOF.Gather.AccumulatorQuality:1        ; higher gathering accumulator quality]]
[2021.04.13-17.31.13:180][  0]LogConfig: Setting CVar [[r.DOF.Gather.PostfilterMethod:1          ; Median3x3 postfilering method]]
[2021.04.13-17.31.13:180][  0]LogConfig: Setting CVar [[r.DOF.Gather.EnableBokehSettings:0       ; no bokeh simulation when gathering]]
[2021.04.13-17.31.13:180][  0]LogConfig: Setting CVar [[r.DOF.Gather.RingCount:4                 ; medium number of samples when gathering]]
[2021.04.13-17.31.13:180][  0]LogConfig: Setting CVar [[r.DOF.Scatter.ForegroundCompositing:1    ; additive foreground scattering]]
[2021.04.13-17.31.13:180][  0]LogConfig: Setting CVar [[r.DOF.Scatter.BackgroundCompositing:2    ; additive background scattering]]
[2021.04.13-17.31.13:180][  0]LogConfig: Setting CVar [[r.DOF.Scatter.EnableBokehSettings:1      ; bokeh simulation when scattering]]
[2021.04.13-17.31.13:180][  0]LogConfig: Setting CVar [[r.DOF.Scatter.MaxSpriteRatio:0.1         ; only a maximum of 10% of scattered bokeh]]
[2021.04.13-17.31.13:180][  0]LogConfig: Setting CVar [[r.DOF.Recombine.Quality:1                ; cheap slight out of focus]]
[2021.04.13-17.31.13:180][  0]LogConfig: Setting CVar [[r.DOF.Recombine.EnableBokehSettings:0    ; no bokeh simulation on slight out of focus]]
[2021.04.13-17.31.13:180][  0]LogConfig: Setting CVar [[r.DOF.TemporalAAQuality:1                ; more stable temporal accumulation]]
[2021.04.13-17.31.13:181][  0]LogConfig: Setting CVar [[r.DOF.Kernel.MaxForegroundRadius:0.025]]
[2021.04.13-17.31.13:181][  0]LogConfig: Setting CVar [[r.DOF.Kernel.MaxBackgroundRadius:0.025]]
[2021.04.13-17.31.13:181][  0]LogConfig: Applying CVar settings from Section [TextureQuality@3] File [C:/Users/sethg/Desktop/Backups/MergeFile/W21_GAM1528_NoNameYet/TowerDefence/Saved/Config/Windows/Scalability.ini]
[2021.04.13-17.31.13:181][  0]LogConfig: Setting CVar [[r.Streaming.MipBias:0]]
[2021.04.13-17.31.13:181][  0]LogConfig: Setting CVar [[r.Streaming.AmortizeCPUToGPUCopy:0]]
[2021.04.13-17.31.13:181][  0]LogConfig: Setting CVar [[r.Streaming.MaxNumTexturesToStreamPerFrame:0]]
[2021.04.13-17.31.13:181][  0]LogConfig: Setting CVar [[r.Streaming.Boost:1]]
[2021.04.13-17.31.13:181][  0]LogConfig: Setting CVar [[r.MaxAnisotropy:8]]
[2021.04.13-17.31.13:181][  0]LogConfig: Setting CVar [[r.VT.MaxAnisotropy:8]]
[2021.04.13-17.31.13:181][  0]LogConfig: Setting CVar [[r.Streaming.LimitPoolSizeToVRAM:0]]
[2021.04.13-17.31.13:181][  0]LogConfig: Setting CVar [[r.Streaming.PoolSize:1000]]
[2021.04.13-17.31.13:181][  0]LogConfig: Setting CVar [[r.Streaming.MaxEffectiveScreenSize:0]]
[2021.04.13-17.31.13:181][  0]LogConfig: Applying CVar settings from Section [EffectsQuality@3] File [C:/Users/sethg/Desktop/Backups/MergeFile/W21_GAM1528_NoNameYet/TowerDefence/Saved/Config/Windows/Scalability.ini]
[2021.04.13-17.31.13:181][  0]LogConfig: Setting CVar [[r.TranslucencyLightingVolumeDim:64]]
[2021.04.13-17.31.13:181][  0]LogConfig: Setting CVar [[r.RefractionQuality:2]]
[2021.04.13-17.31.13:181][  0]LogConfig: Setting CVar [[r.SSR.Quality:3]]
[2021.04.13-17.31.13:181][  0]LogConfig: Setting CVar [[r.SSR.HalfResSceneColor:0]]
[2021.04.13-17.31.13:181][  0]LogConfig: Setting CVar [[r.SceneColorFormat:4]]
[2021.04.13-17.31.13:181][  0]LogConfig: Setting CVar [[r.DetailMode:2]]
[2021.04.13-17.31.13:182][  0]LogConfig: Setting CVar [[r.TranslucencyVolumeBlur:1]]
[2021.04.13-17.31.13:182][  0]LogConfig: Setting CVar [[r.MaterialQualityLevel:1 ; High quality]]
[2021.04.13-17.31.13:182][  0]LogConfig: Setting CVar [[r.SSS.Scale:1]]
[2021.04.13-17.31.13:182][  0]LogConfig: Setting CVar [[r.SSS.SampleSet:2]]
[2021.04.13-17.31.13:182][  0]LogConfig: Setting CVar [[r.SSS.Quality:1]]
[2021.04.13-17.31.13:182][  0]LogConfig: Setting CVar [[r.SSS.HalfRes:0]]
[2021.04.13-17.31.13:182][  0]LogConfig: Setting CVar [[r.SSGI.Quality:3]]
[2021.04.13-17.31.13:182][  0]LogConfig: Setting CVar [[r.EmitterSpawnRateScale:1.0]]
[2021.04.13-17.31.13:182][  0]LogConfig: Setting CVar [[r.ParticleLightQuality:2]]
[2021.04.13-17.31.13:182][  0]LogConfig: Setting CVar [[r.SkyAtmosphere.AerialPerspectiveLUT.FastApplyOnOpaque:1 ; Always have FastSkyLUT 1 in this case to avoid wrong sky]]
[2021.04.13-17.31.13:182][  0]LogConfig: Setting CVar [[r.SkyAtmosphere.AerialPerspectiveLUT.SampleCountPerSlice:1]]
[2021.04.13-17.31.13:182][  0]LogConfig: Setting CVar [[r.SkyAtmosphere.AerialPerspectiveLUT.DepthResolution:16.0]]
[2021.04.13-17.31.13:182][  0]LogConfig: Setting CVar [[r.SkyAtmosphere.FastSkyLUT:1]]
[2021.04.13-17.31.13:182][  0]LogConfig: Setting CVar [[r.SkyAtmosphere.FastSkyLUT.SampleCountMin:4.0]]
[2021.04.13-17.31.13:182][  0]LogConfig: Setting CVar [[r.SkyAtmosphere.FastSkyLUT.SampleCountMax:32.0]]
[2021.04.13-17.31.13:182][  0]LogConfig: Setting CVar [[r.SkyAtmosphere.SampleCountMin:4.0]]
[2021.04.13-17.31.13:182][  0]LogConfig: Setting CVar [[r.SkyAtmosphere.SampleCountMax:32.0]]
[2021.04.13-17.31.13:182][  0]LogConfig: Setting CVar [[r.SkyAtmosphere.TransmittanceLUT.UseSmallFormat:0]]
[2021.04.13-17.31.13:182][  0]LogConfig: Setting CVar [[r.SkyAtmosphere.TransmittanceLUT.SampleCount:10.0]]
[2021.04.13-17.31.13:182][  0]LogConfig: Setting CVar [[r.SkyAtmosphere.MultiScatteringLUT.SampleCount:15.0]]
[2021.04.13-17.31.13:183][  0]LogConfig: Applying CVar settings from Section [FoliageQuality@3] File [C:/Users/sethg/Desktop/Backups/MergeFile/W21_GAM1528_NoNameYet/TowerDefence/Saved/Config/Windows/Scalability.ini]
[2021.04.13-17.31.13:183][  0]LogConfig: Setting CVar [[foliage.DensityScale:1.0]]
[2021.04.13-17.31.13:183][  0]LogConfig: Setting CVar [[grass.DensityScale:1.0]]
[2021.04.13-17.31.13:183][  0]LogConfig: Applying CVar settings from Section [ShadingQuality@3] File [C:/Users/sethg/Desktop/Backups/MergeFile/W21_GAM1528_NoNameYet/TowerDefence/Saved/Config/Windows/Scalability.ini]
[2021.04.13-17.31.13:183][  0]LogConfig: Setting CVar [[r.HairStrands.SkyLighting.SampleCount:16]]
[2021.04.13-17.31.13:183][  0]LogConfig: Setting CVar [[r.HairStrands.SkyLighting.JitterIntegration:0]]
[2021.04.13-17.31.13:183][  0]LogConfig: Setting CVar [[r.HairStrands.SkyAO.SampleCount:16]]
[2021.04.13-17.31.13:183][  0]LogConfig: Setting CVar [[r.HairStrands.DeepShadow.SuperSampling:0]]
[2021.04.13-17.31.13:183][  0]LogConfig: Setting CVar [[r.HairStrands.VisibilityPPLL:0]]
[2021.04.13-17.31.13:183][  0]LogConfig: Setting CVar [[r.HairStrands.RasterizationScale:0.5]]
[2021.04.13-17.31.13:183][  0]LogConfig: Setting CVar [[r.HairStrands.VelocityRasterizationScale:1]]
[2021.04.13-17.31.13:183][  0]LogInit: Selected Device Profile: [Windows]
[2021.04.13-17.31.13:183][  0]LogInit: Applying CVar settings loaded from the selected device profile: [Windows]
[2021.04.13-17.31.13:183][  0]LogHAL: Display: Platform has ~ 16 GB [17023397888 / 17179869184 / 16], which maps to Larger [LargestMinGB=32, LargerMinGB=12, DefaultMinGB=8, SmallerMinGB=6, SmallestMinGB=0)
[2021.04.13-17.31.13:183][  0]LogInit: Going up to parent DeviceProfile []
[2021.04.13-17.31.13:183][  0]LogConfig: Applying CVar settings from Section [ViewDistanceQuality@3] File [C:/Users/sethg/Desktop/Backups/MergeFile/W21_GAM1528_NoNameYet/TowerDefence/Saved/Config/Windows/Scalability.ini]
[2021.04.13-17.31.13:183][  0]LogConfig: Setting CVar [[r.SkeletalMeshLODBias:0]]
[2021.04.13-17.31.13:183][  0]LogConfig: Setting CVar [[r.ViewDistanceScale:1.0]]
[2021.04.13-17.31.13:184][  0]LogConfig: Applying CVar settings from Section [AntiAliasingQuality@3] File [C:/Users/sethg/Desktop/Backups/MergeFile/W21_GAM1528_NoNameYet/TowerDefence/Saved/Config/Windows/Scalability.ini]
[2021.04.13-17.31.13:184][  0]LogConfig: Setting CVar [[r.PostProcessAAQuality:4]]
[2021.04.13-17.31.13:184][  0]LogConfig: Applying CVar settings from Section [ShadowQuality@3] File [C:/Users/sethg/Desktop/Backups/MergeFile/W21_GAM1528_NoNameYet/TowerDefence/Saved/Config/Windows/Scalability.ini]
[2021.04.13-17.31.13:184][  0]LogConfig: Setting CVar [[r.LightFunctionQuality:1]]
[2021.04.13-17.31.13:184][  0]LogConfig: Setting CVar [[r.ShadowQuality:5]]
[2021.04.13-17.31.13:184][  0]LogConfig: Setting CVar [[r.Shadow.CSM.MaxCascades:10]]
[2021.04.13-17.31.13:184][  0]LogConfig: Setting CVar [[r.Shadow.MaxResolution:2048]]
[2021.04.13-17.31.13:184][  0]LogConfig: Setting CVar [[r.Shadow.MaxCSMResolution:2048]]
[2021.04.13-17.31.13:184][  0]LogConfig: Setting CVar [[r.Shadow.RadiusThreshold:0.01]]
[2021.04.13-17.31.13:184][  0]LogConfig: Setting CVar [[r.Shadow.DistanceScale:1.0]]
[2021.04.13-17.31.13:184][  0]LogConfig: Setting CVar [[r.Shadow.CSM.TransitionScale:1.0]]
[2021.04.13-17.31.13:184][  0]LogConfig: Setting CVar [[r.Shadow.PreShadowResolutionFactor:1.0]]
[2021.04.13-17.31.13:184][  0]LogConfig: Setting CVar [[r.DistanceFieldShadowing:1]]
[2021.04.13-17.31.13:184][  0]LogConfig: Setting CVar [[r.DistanceFieldAO:1]]
[2021.04.13-17.31.13:184][  0]LogConfig: Setting CVar [[r.AOQuality:2]]
[2021.04.13-17.31.13:184][  0]LogConfig: Setting CVar [[r.VolumetricFog:1]]
[2021.04.13-17.31.13:184][  0]LogConfig: Setting CVar [[r.VolumetricFog.GridPixelSize:8]]
[2021.04.13-17.31.13:184][  0]LogConfig: Setting CVar [[r.VolumetricFog.GridSizeZ:128]]
[2021.04.13-17.31.13:184][  0]LogConfig: Setting CVar [[r.VolumetricFog.HistoryMissSupersampleCount:4]]
[2021.04.13-17.31.13:184][  0]LogConfig: Setting CVar [[r.LightMaxDrawDistanceScale:1]]
[2021.04.13-17.31.13:185][  0]LogConfig: Setting CVar [[r.CapsuleShadows:1]]
[2021.04.13-17.31.13:185][  0]LogConfig: Applying CVar settings from Section [PostProcessQuality@3] File [C:/Users/sethg/Desktop/Backups/MergeFile/W21_GAM1528_NoNameYet/TowerDefence/Saved/Config/Windows/Scalability.ini]
[2021.04.13-17.31.13:185][  0]LogConfig: Setting CVar [[r.MotionBlurQuality:4]]
[2021.04.13-17.31.13:185][  0]LogConfig: Setting CVar [[r.AmbientOcclusionMipLevelFactor:0.4]]
[2021.04.13-17.31.13:185][  0]LogConfig: Setting CVar [[r.AmbientOcclusionMaxQuality:100]]
[2021.04.13-17.31.13:185][  0]LogConfig: Setting CVar [[r.AmbientOcclusionLevels:-1]]
[2021.04.13-17.31.13:185][  0]LogConfig: Setting CVar [[r.AmbientOcclusionRadiusScale:1.0]]
[2021.04.13-17.31.13:185][  0]LogConfig: Setting CVar [[r.DepthOfFieldQuality:2]]
[2021.04.13-17.31.13:185][  0]LogConfig: Setting CVar [[r.RenderTargetPoolMin:400]]
[2021.04.13-17.31.13:185][  0]LogConfig: Setting CVar [[r.LensFlareQuality:2]]
[2021.04.13-17.31.13:185][  0]LogConfig: Setting CVar [[r.SceneColorFringeQuality:1]]
[2021.04.13-17.31.13:185][  0]LogConfig: Setting CVar [[r.EyeAdaptationQuality:2]]
[2021.04.13-17.31.13:185][  0]LogConfig: Setting CVar [[r.BloomQuality:5]]
[2021.04.13-17.31.13:185][  0]LogConfig: Setting CVar [[r.FastBlurThreshold:100]]
[2021.04.13-17.31.13:185][  0]LogConfig: Setting CVar [[r.Upscale.Quality:3]]
[2021.04.13-17.31.13:185][  0]LogConfig: Setting CVar [[r.Tonemapper.GrainQuantization:1]]
[2021.04.13-17.31.13:185][  0]LogConfig: Setting CVar [[r.LightShaftQuality:1]]
[2021.04.13-17.31.13:185][  0]LogConfig: Setting CVar [[r.Filter.SizeScale:1]]
[2021.04.13-17.31.13:185][  0]LogConfig: Setting CVar [[r.Tonemapper.Quality:5]]
[2021.04.13-17.31.13:185][  0]LogConfig: Setting CVar [[r.DOF.Gather.AccumulatorQuality:1        ; higher gathering accumulator quality]]
[2021.04.13-17.31.13:185][  0]LogConfig: Setting CVar [[r.DOF.Gather.PostfilterMethod:1          ; Median3x3 postfilering method]]
[2021.04.13-17.31.13:186][  0]LogConfig: Setting CVar [[r.DOF.Gather.EnableBokehSettings:0       ; no bokeh simulation when gathering]]
[2021.04.13-17.31.13:186][  0]LogConfig: Setting CVar [[r.DOF.Gather.RingCount:4                 ; medium number of samples when gathering]]
[2021.04.13-17.31.13:186][  0]LogConfig: Setting CVar [[r.DOF.Scatter.ForegroundCompositing:1    ; additive foreground scattering]]
[2021.04.13-17.31.13:186][  0]LogConfig: Setting CVar [[r.DOF.Scatter.BackgroundCompositing:2    ; additive background scattering]]
[2021.04.13-17.31.13:186][  0]LogConfig: Setting CVar [[r.DOF.Scatter.EnableBokehSettings:1      ; bokeh simulation when scattering]]
[2021.04.13-17.31.13:186][  0]LogConfig: Setting CVar [[r.DOF.Scatter.MaxSpriteRatio:0.1         ; only a maximum of 10% of scattered bokeh]]
[2021.04.13-17.31.13:186][  0]LogConfig: Setting CVar [[r.DOF.Recombine.Quality:1                ; cheap slight out of focus]]
[2021.04.13-17.31.13:186][  0]LogConfig: Setting CVar [[r.DOF.Recombine.EnableBokehSettings:0    ; no bokeh simulation on slight out of focus]]
[2021.04.13-17.31.13:186][  0]LogConfig: Setting CVar [[r.DOF.TemporalAAQuality:1                ; more stable temporal accumulation]]
[2021.04.13-17.31.13:186][  0]LogConfig: Setting CVar [[r.DOF.Kernel.MaxForegroundRadius:0.025]]
[2021.04.13-17.31.13:186][  0]LogConfig: Setting CVar [[r.DOF.Kernel.MaxBackgroundRadius:0.025]]
[2021.04.13-17.31.13:186][  0]LogConfig: Applying CVar settings from Section [TextureQuality@3] File [C:/Users/sethg/Desktop/Backups/MergeFile/W21_GAM1528_NoNameYet/TowerDefence/Saved/Config/Windows/Scalability.ini]
[2021.04.13-17.31.13:186][  0]LogConfig: Setting CVar [[r.Streaming.MipBias:0]]
[2021.04.13-17.31.13:186][  0]LogConfig: Setting CVar [[r.Streaming.AmortizeCPUToGPUCopy:0]]
[2021.04.13-17.31.13:186][  0]LogConfig: Setting CVar [[r.Streaming.MaxNumTexturesToStreamPerFrame:0]]
[2021.04.13-17.31.13:186][  0]LogConfig: Setting CVar [[r.Streaming.Boost:1]]
[2021.04.13-17.31.13:186][  0]LogConfig: Setting CVar [[r.MaxAnisotropy:8]]
[2021.04.13-17.31.13:186][  0]LogConfig: Setting CVar [[r.VT.MaxAnisotropy:8]]
[2021.04.13-17.31.13:186][  0]LogConfig: Setting CVar [[r.Streaming.LimitPoolSizeToVRAM:0]]
[2021.04.13-17.31.13:187][  0]LogConfig: Setting CVar [[r.Streaming.PoolSize:1000]]
[2021.04.13-17.31.13:187][  0]LogConfig: Setting CVar [[r.Streaming.MaxEffectiveScreenSize:0]]
[2021.04.13-17.31.13:187][  0]LogConfig: Applying CVar settings from Section [EffectsQuality@3] File [C:/Users/sethg/Desktop/Backups/MergeFile/W21_GAM1528_NoNameYet/TowerDefence/Saved/Config/Windows/Scalability.ini]
[2021.04.13-17.31.13:187][  0]LogConfig: Setting CVar [[r.TranslucencyLightingVolumeDim:64]]
[2021.04.13-17.31.13:187][  0]LogConfig: Setting CVar [[r.RefractionQuality:2]]
[2021.04.13-17.31.13:187][  0]LogConfig: Setting CVar [[r.SSR.Quality:3]]
[2021.04.13-17.31.13:187][  0]LogConfig: Setting CVar [[r.SSR.HalfResSceneColor:0]]
[2021.04.13-17.31.13:187][  0]LogConfig: Setting CVar [[r.SceneColorFormat:4]]
[2021.04.13-17.31.13:187][  0]LogConfig: Setting CVar [[r.DetailMode:2]]
[2021.04.13-17.31.13:187][  0]LogConfig: Setting CVar [[r.TranslucencyVolumeBlur:1]]
[2021.04.13-17.31.13:187][  0]LogConfig: Setting CVar [[r.MaterialQualityLevel:1 ; High quality]]
[2021.04.13-17.31.13:187][  0]LogConfig: Setting CVar [[r.SSS.Scale:1]]
[2021.04.13-17.31.13:187][  0]LogConfig: Setting CVar [[r.SSS.SampleSet:2]]
[2021.04.13-17.31.13:187][  0]LogConfig: Setting CVar [[r.SSS.Quality:1]]
[2021.04.13-17.31.13:187][  0]LogConfig: Setting CVar [[r.SSS.HalfRes:0]]
[2021.04.13-17.31.13:187][  0]LogConfig: Setting CVar [[r.SSGI.Quality:3]]
[2021.04.13-17.31.13:187][  0]LogConfig: Setting CVar [[r.EmitterSpawnRateScale:1.0]]
[2021.04.13-17.31.13:187][  0]LogConfig: Setting CVar [[r.ParticleLightQuality:2]]
[2021.04.13-17.31.13:187][  0]LogConfig: Setting CVar [[r.SkyAtmosphere.AerialPerspectiveLUT.FastApplyOnOpaque:1 ; Always have FastSkyLUT 1 in this case to avoid wrong sky]]
[2021.04.13-17.31.13:187][  0]LogConfig: Setting CVar [[r.SkyAtmosphere.AerialPerspectiveLUT.SampleCountPerSlice:1]]
[2021.04.13-17.31.13:188][  0]LogConfig: Setting CVar [[r.SkyAtmosphere.AerialPerspectiveLUT.DepthResolution:16.0]]
[2021.04.13-17.31.13:188][  0]LogConfig: Setting CVar [[r.SkyAtmosphere.FastSkyLUT:1]]
[2021.04.13-17.31.13:188][  0]LogConfig: Setting CVar [[r.SkyAtmosphere.FastSkyLUT.SampleCountMin:4.0]]
[2021.04.13-17.31.13:188][  0]LogConfig: Setting CVar [[r.SkyAtmosphere.FastSkyLUT.SampleCountMax:32.0]]
[2021.04.13-17.31.13:188][  0]LogConfig: Setting CVar [[r.SkyAtmosphere.SampleCountMin:4.0]]
[2021.04.13-17.31.13:188][  0]LogConfig: Setting CVar [[r.SkyAtmosphere.SampleCountMax:32.0]]
[2021.04.13-17.31.13:188][  0]LogConfig: Setting CVar [[r.SkyAtmosphere.TransmittanceLUT.UseSmallFormat:0]]
[2021.04.13-17.31.13:188][  0]LogConfig: Setting CVar [[r.SkyAtmosphere.TransmittanceLUT.SampleCount:10.0]]
[2021.04.13-17.31.13:188][  0]LogConfig: Setting CVar [[r.SkyAtmosphere.MultiScatteringLUT.SampleCount:15.0]]
[2021.04.13-17.31.13:188][  0]LogConfig: Applying CVar settings from Section [FoliageQuality@3] File [C:/Users/sethg/Desktop/Backups/MergeFile/W21_GAM1528_NoNameYet/TowerDefence/Saved/Config/Windows/Scalability.ini]
[2021.04.13-17.31.13:188][  0]LogConfig: Setting CVar [[foliage.DensityScale:1.0]]
[2021.04.13-17.31.13:188][  0]LogConfig: Setting CVar [[grass.DensityScale:1.0]]
[2021.04.13-17.31.13:188][  0]LogConfig: Applying CVar settings from Section [ShadingQuality@3] File [C:/Users/sethg/Desktop/Backups/MergeFile/W21_GAM1528_NoNameYet/TowerDefence/Saved/Config/Windows/Scalability.ini]
[2021.04.13-17.31.13:188][  0]LogConfig: Setting CVar [[r.HairStrands.SkyLighting.SampleCount:16]]
[2021.04.13-17.31.13:188][  0]LogConfig: Setting CVar [[r.HairStrands.SkyLighting.JitterIntegration:0]]
[2021.04.13-17.31.13:188][  0]LogConfig: Setting CVar [[r.HairStrands.SkyAO.SampleCount:16]]
[2021.04.13-17.31.13:188][  0]LogConfig: Setting CVar [[r.HairStrands.DeepShadow.SuperSampling:0]]
[2021.04.13-17.31.13:188][  0]LogConfig: Setting CVar [[r.HairStrands.VisibilityPPLL:0]]
[2021.04.13-17.31.13:188][  0]LogConfig: Setting CVar [[r.HairStrands.RasterizationScale:0.5]]
[2021.04.13-17.31.13:189][  0]LogConfig: Setting CVar [[r.HairStrands.VelocityRasterizationScale:1]]
[2021.04.13-17.31.13:189][  0]LogConfig: Applying CVar settings from Section [Startup] File [../../../Engine/Config/ConsoleVariables.ini]
[2021.04.13-17.31.13:189][  0]LogConfig: Setting CVar [[net.UseAdaptiveNetUpdateFrequency:0]]
[2021.04.13-17.31.13:189][  0]LogConfig: Setting CVar [[p.chaos.AllowCreatePhysxBodies:1]]
[2021.04.13-17.31.13:189][  0]LogConfig: Setting CVar [[fx.SkipVectorVMBackendOptimizations:1]]
[2021.04.13-17.31.13:189][  0]LogConfig: Applying CVar settings from Section [ConsoleVariables] File [C:/Users/sethg/Desktop/Backups/MergeFile/W21_GAM1528_NoNameYet/TowerDefence/Saved/Config/Windows/Engine.ini]
[2021.04.13-17.31.13:190][  0]LogInit: Computer: LAPTOP-K3PBHEDP
[2021.04.13-17.31.13:190][  0]LogInit: User: sethg
[2021.04.13-17.31.13:190][  0]LogInit: CPU Page size=4096, Cores=6
[2021.04.13-17.31.13:190][  0]LogInit: High frequency timer resolution =10.000000 MHz
[2021.04.13-17.31.13:190][  0]LogMemory: Memory total: Physical=15.9GB (16GB approx)
[2021.04.13-17.31.13:190][  0]LogMemory: Platform Memory Stats for Windows
[2021.04.13-17.31.13:190][  0]LogMemory: Process Physical Memory: 116.73 MB used, 116.73 MB peak
[2021.04.13-17.31.13:190][  0]LogMemory: Process Virtual Memory: 97.07 MB used, 97.07 MB peak
[2021.04.13-17.31.13:190][  0]LogMemory: Physical Memory: 9497.97 MB used,  6736.80 MB free, 16234.78 MB total
[2021.04.13-17.31.13:190][  0]LogMemory: Virtual Memory: 5166.71 MB used,  134212560.00 MB free, 134217728.00 MB total
[2021.04.13-17.31.13:202][  0]LogWindows: WindowsPlatformFeatures enabled
[2021.04.13-17.31.13:463][  0]LogInit: Physics initialised using underlying interface: PhysX
[2021.04.13-17.31.13:464][  0]LogInit: Using OS detected language (en-US).
[2021.04.13-17.31.13:464][  0]LogInit: Using OS detected locale (en-CA).
[2021.04.13-17.31.13:467][  0]LogTextLocalizationManager: No specific localization for 'en-US' exists, so the 'en' localization will be used.
[2021.04.13-17.31.13:646][  0]LogInit: Setting process to per monitor DPI aware
[2021.04.13-17.31.13:719][  0]LogSlate: New Slate User Created.  User Index 0, Is Virtual User: 0
[2021.04.13-17.31.13:719][  0]LogSlate: Slate User Registered.  User Index 0, Is Virtual User: 0
[2021.04.13-17.31.14:007][  0]LogHMD: Failed to initialize OpenVR with code 110
[2021.04.13-17.31.14:007][  0]LogD3D11RHI: D3D11 min allowed feature level: 11_0
[2021.04.13-17.31.14:007][  0]LogD3D11RHI: D3D11 max allowed feature level: 11_0
[2021.04.13-17.31.14:007][  0]LogD3D11RHI: D3D11 adapters:
[2021.04.13-17.31.15:001][  0]LogD3D11RHI:    0. 'NVIDIA GeForce GTX 1060' (Feature Level 11_0)
[2021.04.13-17.31.15:001][  0]LogD3D11RHI:       6052/0/8117 MB DedicatedVideo/DedicatedSystem/SharedSystem, Outputs:1, VendorId:0x10de
[2021.04.13-17.31.15:037][  0]LogD3D11RHI:    1. 'Intel(R) UHD Graphics 630' (Feature Level 11_0)
[2021.04.13-17.31.15:037][  0]LogD3D11RHI:       128/0/8117 MB DedicatedVideo/DedicatedSystem/SharedSystem, Outputs:0, VendorId:0x8086
[2021.04.13-17.31.15:043][  0]LogD3D11RHI:    2. 'Microsoft Basic Render Driver' (Feature Level 11_0)
[2021.04.13-17.31.15:043][  0]LogD3D11RHI:       0/0/8117 MB DedicatedVideo/DedicatedSystem/SharedSystem, Outputs:0, VendorId:0x1414
[2021.04.13-17.31.15:043][  0]LogD3D11RHI: Chosen D3D11 Adapter: 0
[2021.04.13-17.31.15:086][  0]LogD3D11RHI: Creating new Direct3DDevice
[2021.04.13-17.31.15:086][  0]LogD3D11RHI:     GPU DeviceId: 0x1c20 (for the marketing name, search the web for "GPU Device Id")
[2021.04.13-17.31.15:086][  0]LogWindows: EnumDisplayDevices:
[2021.04.13-17.31.15:087][  0]LogWindows:    0. 'Intel(R) UHD Graphics 630' (P:1 D:1)
[2021.04.13-17.31.15:087][  0]LogWindows:    1. 'Intel(R) UHD Graphics 630' (P:0 D:0)
[2021.04.13-17.31.15:087][  0]LogWindows:    2. 'Intel(R) UHD Graphics 630' (P:0 D:0)
[2021.04.13-17.31.15:088][  0]LogWindows:    3. 'NVIDIA GeForce GTX 1060' (P:0 D:0)
[2021.04.13-17.31.15:088][  0]LogWindows: DebugString: PrimaryIsNotTheChoosenAdapter PrimaryIsNotTheChoosenAdapter PrimaryIsNotTheChoosenAdapter 
[2021.04.13-17.31.15:088][  0]LogD3D11RHI:     Adapter Name: NVIDIA GeForce GTX 1060
[2021.04.13-17.31.15:088][  0]LogD3D11RHI:   Driver Version: 451.67 (internal:27.21.14.5167, unified:451.67)
[2021.04.13-17.31.15:088][  0]LogD3D11RHI:      Driver Date: 7-5-2020
[2021.04.13-17.31.15:088][  0]LogRHI: Texture pool is 4236 MB (70% of 6052 MB)
[2021.04.13-17.31.15:162][  0]LogD3D11RHI: RHI has support for 64 bit atomics
[2021.04.13-17.31.15:165][  0]LogD3D11RHI: [Aftermath] Enabled and primed
[2021.04.13-17.31.15:165][  0]LogD3D11RHI: Async texture creation enabled
[2021.04.13-17.31.15:165][  0]LogD3D11RHI: Array index from any shader is supported
[2021.04.13-17.31.15:204][  0]LogD3D11RHI: GPU Timing Frequency: 1000.000000 (Debug: 2 1)
[2021.04.13-17.31.15:543][  0]LogTargetPlatformManager: Display: Loaded TargetPlatform 'AllDesktop'
[2021.04.13-17.31.15:568][  0]LogTargetPlatformManager: Display: Loaded TargetPlatform 'Android'
[2021.04.13-17.31.15:568][  0]LogTargetPlatformManager: Display: Loaded TargetPlatform 'Android_ASTC'
[2021.04.13-17.31.15:569][  0]LogTargetPlatformManager: Display: Loaded TargetPlatform 'Android_DXT'
[2021.04.13-17.31.15:569][  0]LogTargetPlatformManager: Display: Loaded TargetPlatform 'Android_ETC2'
[2021.04.13-17.31.15:569][  0]LogTargetPlatformManager: Display: Loaded TargetPlatform 'AndroidClient'
[2021.04.13-17.31.15:569][  0]LogTargetPlatformManager: Display: Loaded TargetPlatform 'Android_ASTCClient'
[2021.04.13-17.31.15:569][  0]LogTargetPlatformManager: Display: Loaded TargetPlatform 'Android_DXTClient'
[2021.04.13-17.31.15:569][  0]LogTargetPlatformManager: Display: Loaded TargetPlatform 'Android_ETC2Client'
[2021.04.13-17.31.15:569][  0]LogTargetPlatformManager: Display: Loaded TargetPlatform 'Android_Multi'
[2021.04.13-17.31.15:569][  0]LogTargetPlatformManager: Display: Loaded TargetPlatform 'Android_MultiClient'
[2021.04.13-17.31.15:604][  0]LogTargetPlatformManager: Display: Loaded TargetPlatform 'IOSClient'
[2021.04.13-17.31.15:605][  0]LogTargetPlatformManager: Display: Loaded TargetPlatform 'IOS'
[2021.04.13-17.31.15:618][  0]LogTargetPlatformManager: Display: Loaded TargetPlatform 'Linux'
[2021.04.13-17.31.15:630][  0]LogTargetPlatformManager: Display: Loaded TargetPlatform 'LinuxNoEditor'
[2021.04.13-17.31.15:644][  0]LogTargetPlatformManager: Display: Loaded TargetPlatform 'LinuxClient'
[2021.04.13-17.31.15:656][  0]LogTargetPlatformManager: Display: Loaded TargetPlatform 'LinuxServer'
[2021.04.13-17.31.15:669][  0]LogTargetPlatformManager: Display: Loaded TargetPlatform 'LinuxAArch64NoEditor'
[2021.04.13-17.31.15:681][  0]LogTargetPlatformManager: Display: Loaded TargetPlatform 'LinuxAArch64Client'
[2021.04.13-17.31.15:692][  0]LogTargetPlatformManager: Display: Loaded TargetPlatform 'LinuxAArch64Server'
[2021.04.13-17.31.15:722][  0]LogTargetPlatformManager: Display: Loaded TargetPlatform 'Lumin'
[2021.04.13-17.31.15:723][  0]LogTargetPlatformManager: Display: Loaded TargetPlatform 'LuminClient'
[2021.04.13-17.31.15:743][  0]LogTargetPlatformManager: Display: Loaded TargetPlatform 'TVOSClient'
[2021.04.13-17.31.15:744][  0]LogTargetPlatformManager: Display: Loaded TargetPlatform 'TVOS'
[2021.04.13-17.31.15:755][  0]LogTargetPlatformManager: Display: Loaded TargetPlatform 'WindowsNoEditor'
[2021.04.13-17.31.15:770][  0]LogTargetPlatformManager: Display: Loaded TargetPlatform 'Windows'
[2021.04.13-17.31.15:781][  0]LogTargetPlatformManager: Display: Loaded TargetPlatform 'WindowsClient'
[2021.04.13-17.31.15:794][  0]LogTargetPlatformManager: Display: Loaded TargetPlatform 'WindowsServer'
[2021.04.13-17.31.15:794][  0]LogTargetPlatformManager: Display: Building Assets For Windows
[2021.04.13-17.31.15:815][  0]LogAudioDebug: Display: Lib vorbis DLL was dynamically loaded.
[2021.04.13-17.31.15:936][  0]LogShaderCompilers: Guid format shader working directory is -29 characters bigger than the processId version (C:/Users/sethg/Desktop/Backups/MergeFile/W21_GAM1528_NoNameYet/TowerDefence/Intermediate/Shaders/WorkingDirectory/9480/).
[2021.04.13-17.31.15:936][  0]LogShaderCompilers: Cleaned the shader compiler working directory 'C:/Users/sethg/AppData/Local/Temp/UnrealShaderWorkingDir/59EEABD34952005B2D2CAF80EEA9E93C/'.
[2021.04.13-17.31.15:937][  0]LogXGEController: Cleaning working directory: C:/Users/sethg/AppData/Local/Temp/UnrealXGEWorkingDir/
[2021.04.13-17.31.15:937][  0]LogXGEController: Cannot use XGE Controller as Incredibuild is not installed on this machine.
[2021.04.13-17.31.15:937][  0]LogShaderCompilers: Cannot use XGE Shader Compiler as Incredibuild is not installed on this machine.
[2021.04.13-17.31.15:937][  0]LogShaderCompilers: Display: Using Local Shader Compiler.
[2021.04.13-17.31.16:688][  0]LogDerivedDataCache: Display: Max Cache Size: 512 MB
[2021.04.13-17.31.16:747][  0]LogDerivedDataCache: Loaded boot cache 0.06s 75MB C:/Users/sethg/AppData/Local/UnrealEngine/4.25/DerivedDataCache/Boot.ddc.
[2021.04.13-17.31.16:747][  0]LogDerivedDataCache: Display: Loaded Boot cache: C:/Users/sethg/AppData/Local/UnrealEngine/4.25/DerivedDataCache/Boot.ddc
[2021.04.13-17.31.16:747][  0]LogDerivedDataCache: FDerivedDataBackendGraph:  Pak pak cache file C:/Users/sethg/Desktop/Backups/MergeFile/W21_GAM1528_NoNameYet/TowerDefence/DerivedDataCache/DDC.ddp not found, will not use a pak cache.
[2021.04.13-17.31.16:747][  0]LogDerivedDataCache: Unable to find inner node Pak for hierarchical cache Hierarchy.
[2021.04.13-17.31.16:747][  0]LogDerivedDataCache: FDerivedDataBackendGraph:  CompressedPak pak cache file C:/Users/sethg/Desktop/Backups/MergeFile/W21_GAM1528_NoNameYet/TowerDefence/DerivedDataCache/Compressed.ddp not found, will not use a pak cache.
[2021.04.13-17.31.16:747][  0]LogDerivedDataCache: Unable to find inner node CompressedPak for hierarchical cache Hierarchy.
[2021.04.13-17.31.16:757][  0]LogDerivedDataCache: Display: Pak cache opened for reading ../../../Engine/DerivedDataCache/Compressed.ddp.
[2021.04.13-17.31.16:758][  0]LogDerivedDataCache: FDerivedDataBackendGraph:  EnterprisePak pak cache file ../../../Enterprise/DerivedDataCache/Compressed.ddp not found, will not use a pak cache.
[2021.04.13-17.31.16:758][  0]LogDerivedDataCache: Unable to find inner node EnterprisePak for hierarchical cache Hierarchy.
[2021.04.13-17.31.16:762][  0]LogDerivedDataCache: Using Local data cache path C:/Users/sethg/AppData/Local/UnrealEngine/Common/DerivedDataCache: Writable
[2021.04.13-17.31.16:762][  0]LogDerivedDataCache: Shared data cache path not found in *engine.ini, will not use an Shared cache.
[2021.04.13-17.31.16:762][  0]LogDerivedDataCache: Unable to find inner node Shared for hierarchical cache Hierarchy.
[2021.04.13-17.31.16:810][  0]LogSlate: Using FreeType 2.10.0
[2021.04.13-17.31.16:811][  0]LogSlate: SlateFontServices - WITH_FREETYPE: 1, WITH_HARFBUZZ: 1
[2021.04.13-17.31.16:849][  0]LogAssetRegistry: FAssetRegistry took 0.0054 seconds to start up
[2021.04.13-17.31.17:081][  0]LogInit: Selected Device Profile: [Windows]
[2021.04.13-17.31.17:231][  0]LogMeshReduction: Using QuadricMeshReduction for automatic static mesh reduction
[2021.04.13-17.31.17:232][  0]LogMeshReduction: Using SimplygonMeshReduction for automatic skeletal mesh reduction
[2021.04.13-17.31.17:232][  0]LogMeshReduction: Using ProxyLODMeshReduction for automatic mesh merging
[2021.04.13-17.31.17:232][  0]LogMeshReduction: No distributed automatic mesh merging module available
[2021.04.13-17.31.17:232][  0]LogMeshMerging: No distributed automatic mesh merging module available
[2021.04.13-17.31.17:250][  0]LogNetVersion: TowerDefence 1.0.0, NetCL: 13144385, EngineNetVer: 14, GameNetVer: 0 (Checksum: 2510641227)
[2021.04.13-17.31.17:741][  0]LogAISub: UAISubsystem::UAISubsystem AISubsystem (0000020DC705C2C0), frame # 0
[2021.04.13-17.31.17:741][  0]LogAISub: UAISubsystem::UAISubsystem AIPerceptionSystem (0000020DC6FA7740), frame # 0
[2021.04.13-17.31.17:743][  0]LogAISub: UAISubsystem::UAISubsystem EnvQueryManager (0000020DC7014A00), frame # 0
[2021.04.13-17.31.17:821][  0]LogPackageLocalizationCache: Processed 19 localized package path(s) for 1 prioritized culture(s) in 0.068989 seconds
[2021.04.13-17.31.17:826][  0]LogUObjectArray: 15917 objects as part of root set at end of initial load.
[2021.04.13-17.31.17:826][  0]LogUObjectAllocator: 3965568 out of 0 bytes used by permanent object pool.
[2021.04.13-17.31.17:826][  0]LogUObjectArray: CloseDisregardForGC: 0/0 objects in disregard for GC pool
[2021.04.13-17.31.18:433][  0]LogTcpMessaging: Initializing TcpMessaging bridge
[2021.04.13-17.31.18:442][  0]LogUdpMessaging: Initializing bridge on interface 0.0.0.0:0 to multicast group 230.0.0.1:6666.
[2021.04.13-17.31.18:759][  0]SourceControl: Source control is disabled
[2021.04.13-17.31.18:759][  0]SourceControl: Source control is disabled
[2021.04.13-17.31.18:766][  0]SourceControl: Source control is disabled
[2021.04.13-17.31.18:771][  0]SourceControl: Source control is disabled
[2021.04.13-17.31.18:784][  0]SourceControl: Source control is disabled
[2021.04.13-17.31.19:169][  0]LogAndroidPermission: UAndroidPermissionCallbackProxy::GetInstance
[2021.04.13-17.31.19:202][  0]LogAudioCaptureCore: Display: No Audio Capture implementations found. Audio input will be silent.
[2021.04.13-17.31.19:202][  0]LogAudioCaptureCore: Display: No Audio Capture implementations found. Audio input will be silent.
[2021.04.13-17.31.19:270][  0]LogOcInput: OculusInput pre-init called
[2021.04.13-17.31.19:285][  0]LogWindows: Failed to load 'OVRPlugin.dll' (GetLastError=126)
[2021.04.13-17.31.19:285][  0]LogWindows: File 'OVRPlugin.dll' does not exist
[2021.04.13-17.31.19:382][  0]LogEngine: Initializing Engine...
[2021.04.13-17.31.19:384][  0]LogHMD: Failed to initialize OpenVR with code 110
[2021.04.13-17.31.19:384][  0]LogMagicLeap: Warning: VR disabled because ZI is not enabled.  To enable, in the editor, Edit -> Project Settings -> Plugins -> Magic Leap Plugin -> Enable Zero Iteration
[2021.04.13-17.31.19:385][  0]LogStats: UGameplayTagsManager::InitializeManager -  0.000 s
[2021.04.13-17.31.19:515][  0]LogInit: Initializing FReadOnlyCVARCache
[2021.04.13-17.31.19:527][  0]LogAIModule: Creating AISystem for world Untitled
[2021.04.13-17.31.19:527][  0]LogAISub: UAISubsystem::UAISubsystem EnvQueryManager (0000020DC92A9C00), frame # 0
[2021.04.13-17.31.19:527][  0]LogAISub: UAISubsystem::UAISubsystem AIPerceptionSystem (0000020DC92C4900), frame # 0
[2021.04.13-17.31.19:553][  0]LogAudioMixer: Display: Audio Mixer Platform Settings:
[2021.04.13-17.31.19:553][  0]LogAudioMixer: Display: 	Sample Rate:						  48000
[2021.04.13-17.31.19:553][  0]LogAudioMixer: Display: 	Callback Buffer Frame Size Requested: 1024
[2021.04.13-17.31.19:553][  0]LogAudioMixer: Display: 	Callback Buffer Frame Size To Use:	  1024
[2021.04.13-17.31.19:553][  0]LogAudioMixer: Display: 	Number of buffers to queue:			  2
[2021.04.13-17.31.19:553][  0]LogAudioMixer: Display: 	Max Channels (voices):				  32
[2021.04.13-17.31.19:553][  0]LogAudioMixer: Display: 	Number of Async Source Workers:		  0
[2021.04.13-17.31.19:553][  0]LogAudio: Display: AudioDevice MaxSources: 32
[2021.04.13-17.31.19:554][  0]LogAudio: Display: Using built-in audio occlusion.
[2021.04.13-17.31.19:554][  0]LogAudioMixer: Display: Initializing audio mixer.
[2021.04.13-17.31.19:577][  0]LogAudioMixer: Display: 0: FrontLeft
[2021.04.13-17.31.19:577][  0]LogAudioMixer: Display: 1: FrontRight
[2021.04.13-17.31.19:658][  0]LogAudioMixer: Display: Using Audio Device Speakers (Realtek(R) Audio)
[2021.04.13-17.31.19:663][  0]LogAudioMixer: Display: Initializing Sound Submixes...
[2021.04.13-17.31.19:666][  0]LogAudioMixer: Display: Creating Master Submix 'MasterSubmixDefault'
[2021.04.13-17.31.19:667][  0]LogAudioMixer: Display: Creating Master Submix 'MasterReverbSubmixDefault'
[2021.04.13-17.31.19:668][  0]LogAudioMixer: Display: Creating Master Submix 'MasterEQSubmixDefault'
[2021.04.13-17.31.19:670][  0]LogInit: FAudioDevice initialized.
[2021.04.13-17.31.19:671][  0]LogNetVersion: Set ProjectVersion to 1.0.0.0. Version Checksum will be recalculated on next use.
[2021.04.13-17.31.19:726][  0]LogDerivedDataCache: Saved boot cache 0.05s 75MB C:/Users/sethg/AppData/Local/UnrealEngine/4.25/DerivedDataCache/Boot.ddc.
[2021.04.13-17.31.19:727][  0]LogInit: Texture streaming: Enabled
[2021.04.13-17.31.19:757][  0]LogEngineSessionManager: EngineSessionManager initialized
[2021.04.13-17.31.19:758][  0]LogEngineSessionManager: EngineSessionManager sent abnormal shutdown report. Type=Debugger, SessionId={D2C33F52-478B-8BD6-3FB9-1FA464781F0A}
[2021.04.13-17.31.19:758][  0]LogEditorSessionSummary: Verbose: Initializing EditorSessionSummaryWriter for editor session tracking
[2021.04.13-17.31.19:765][  0]LogEditorSessionSummary: EditorSessionSummaryWriter initialized
[2021.04.13-17.31.19:802][  0]LogInit: Transaction tracking system initialized
[2021.04.13-17.31.19:837][  0]BlueprintLog: New page: Editor Load
[2021.04.13-17.31.19:950][  0]LocalizationService: Localization service is disabled
[2021.04.13-17.31.20:156][  0]LogCook: Display: Max memory allowance for cook 16384mb min free memory 0mb
[2021.04.13-17.31.20:156][  0]LogCook: Display: Mobile HDR setting 1
[2021.04.13-17.31.20:264][  0]LogFileCache: Scanning file cache for directory 'C:/Users/sethg/Desktop/Backups/MergeFile/W21_GAM1528_NoNameYet/TowerDefence/Content/' took 0.01s
[2021.04.13-17.31.20:619][  0]SourceControl: Source control is disabled
[2021.04.13-17.31.20:619][  0]LogUnrealEdMisc: Loading editor; pre map load, took 10.167
[2021.04.13-17.31.20:619][  0]Cmd: MAP LOAD FILE="C:/Users/sethg/Desktop/Backups/MergeFile/W21_GAM1528_NoNameYet/TowerDefence/Content/Maps/Test.umap" TEMPLATE=0 SHOWPROGRESS=1 FEATURELEVEL=3
[2021.04.13-17.31.20:620][  0]LightingResults: New page: Lighting Build
[2021.04.13-17.31.20:620][  0]LogWorld: UWorld::CleanupWorld for Untitled, bSessionEnded=true, bCleanupResources=true
[2021.04.13-17.31.20:621][  0]LogSlate: InvalidateAllWidgets triggered.  All widgets were invalidated
[2021.04.13-17.31.20:621][  0]MapCheck: New page: Map Check
[2021.04.13-17.31.20:621][  0]LightingResults: New page: Lighting Build
[2021.04.13-17.31.20:633][  0]LogAISub: UAISubsystem::~UAISubsystem EnvQueryManager (0000020DC92A9C00), frame # 0
[2021.04.13-17.31.20:633][  0]LogAISub: UAISubsystem::~UAISubsystem AIPerceptionSystem (0000020DC92C4900), frame # 0
[2021.04.13-17.31.20:635][  0]LogUObjectHash: Compacting FUObjectHashTables data took   1.57ms
[2021.04.13-17.31.20:645][  0]LogLinker: Warning: While loading 'C:/Users/sethg/Desktop/Backups/MergeFile/W21_GAM1528_NoNameYet/TowerDefence/Content/Assets/Models/Troop_melee/troop_melee.uasset' failed to load '/Game/Assets/Models/Troop_melee/Material_001': Can't find file.
[2021.04.13-17.31.20:646][  0]LogLinker: Warning: While loading 'C:/Users/sethg/Desktop/Backups/MergeFile/W21_GAM1528_NoNameYet/TowerDefence/Content/Assets/Models/Troop_melee/troop_melee.uasset' failed to load '/Game/Assets/Models/Troop_melee/Material_001': Can't find file.
[2021.04.13-17.31.20:646][  0]LogLinker: Warning: While loading 'C:/Users/sethg/Desktop/Backups/MergeFile/W21_GAM1528_NoNameYet/TowerDefence/Content/Assets/Models/Troop_melee/troop_melee.uasset' failed to load '/Game/Assets/Models/Troop_melee/wire_087225087_002': Can't find file.
[2021.04.13-17.31.20:647][  0]LogLinker: Warning: While loading 'C:/Users/sethg/Desktop/Backups/MergeFile/W21_GAM1528_NoNameYet/TowerDefence/Content/Assets/Models/Troop_melee/troop_melee.uasset' failed to load '/Game/Assets/Models/Troop_melee/wire_087225087_002': Can't find file.
[2021.04.13-17.31.20:647][  0]LogLinker: Warning: While loading 'C:/Users/sethg/Desktop/Backups/MergeFile/W21_GAM1528_NoNameYet/TowerDefence/Content/Assets/Models/Troop_melee/troop_melee.uasset' failed to load '/Game/Assets/Models/Troop_melee/wire_177028149_002': Can't find file.
[2021.04.13-17.31.20:647][  0]LogLinker: Warning: While loading 'C:/Users/sethg/Desktop/Backups/MergeFile/W21_GAM1528_NoNameYet/TowerDefence/Content/Assets/Models/Troop_melee/troop_melee.uasset' failed to load '/Game/Assets/Models/Troop_melee/wire_177028149_002': Can't find file.
[2021.04.13-17.31.20:647][  0]LogLinker: Warning: While loading 'C:/Users/sethg/Desktop/Backups/MergeFile/W21_GAM1528_NoNameYet/TowerDefence/Content/Assets/Models/Troop_melee/troop_melee.uasset' failed to load '/Game/Assets/Models/Troop_melee/Material_001': Can't find file.
[2021.04.13-17.31.20:648][  0]LogLinker: Warning: While loading 'C:/Users/sethg/Desktop/Backups/MergeFile/W21_GAM1528_NoNameYet/TowerDefence/Content/Assets/Models/Troop_melee/troop_melee.uasset' failed to load '/Game/Assets/Models/Troop_melee/Material_001': Can't find file.
[2021.04.13-17.31.20:649][  0]LogLinker: Warning: While loading 'C:/Users/sethg/Desktop/Backups/MergeFile/W21_GAM1528_NoNameYet/TowerDefence/Content/Assets/Models/Troop_melee/troop_melee.uasset' failed to load '/Game/Assets/Models/Troop_melee/wire_087225087_002': Can't find file.
[2021.04.13-17.31.20:650][  0]LogLinker: Warning: While loading 'C:/Users/sethg/Desktop/Backups/MergeFile/W21_GAM1528_NoNameYet/TowerDefence/Content/Assets/Models/Troop_melee/troop_melee.uasset' failed to load '/Game/Assets/Models/Troop_melee/wire_087225087_002': Can't find file.
[2021.04.13-17.31.20:650][  0]LogLinker: Warning: While loading 'C:/Users/sethg/Desktop/Backups/MergeFile/W21_GAM1528_NoNameYet/TowerDefence/Content/Assets/Models/Troop_melee/troop_melee.uasset' failed to load '/Game/Assets/Models/Troop_melee/wire_177028149_002': Can't find file.
[2021.04.13-17.31.20:650][  0]LogLinker: Warning: While loading 'C:/Users/sethg/Desktop/Backups/MergeFile/W21_GAM1528_NoNameYet/TowerDefence/Content/Assets/Models/Troop_melee/troop_melee.uasset' failed to load '/Game/Assets/Models/Troop_melee/wire_177028149_002': Can't find file.
[2021.04.13-17.31.20:794][  0]LogLinker: Warning: While loading 'C:/Users/sethg/Desktop/Backups/MergeFile/W21_GAM1528_NoNameYet/TowerDefence/Content/StarterContent/Materials/M_Brick_Clay_Beveled.uasset' failed to load '/Game/StarterContent/Textures/T_Brick_Clay_Beveled_D': Can't find file.
[2021.04.13-17.31.20:795][  0]LogLinker: Warning: While loading 'C:/Users/sethg/Desktop/Backups/MergeFile/W21_GAM1528_NoNameYet/TowerDefence/Content/StarterContent/Materials/M_Brick_Clay_Beveled.uasset' failed to load '/Game/StarterContent/Textures/T_Brick_Clay_Beveled_D': Can't find file.
[2021.04.13-17.31.20:795][  0]LogLinker: Warning: While loading 'C:/Users/sethg/Desktop/Backups/MergeFile/W21_GAM1528_NoNameYet/TowerDefence/Content/StarterContent/Materials/M_Brick_Clay_Beveled.uasset' failed to load '/Game/StarterContent/Textures/T_Brick_Clay_Beveled_M': Can't find file.
[2021.04.13-17.31.20:795][  0]LogLinker: Warning: While loading 'C:/Users/sethg/Desktop/Backups/MergeFile/W21_GAM1528_NoNameYet/TowerDefence/Content/StarterContent/Materials/M_Brick_Clay_Beveled.uasset' failed to load '/Game/StarterContent/Textures/T_Brick_Clay_Beveled_M': Can't find file.
[2021.04.13-17.31.20:796][  0]LogLinker: Warning: While loading 'C:/Users/sethg/Desktop/Backups/MergeFile/W21_GAM1528_NoNameYet/TowerDefence/Content/StarterContent/Materials/M_Brick_Clay_Beveled.uasset' failed to load '/Game/StarterContent/Textures/T_Brick_Clay_Beveled_N': Can't find file.
[2021.04.13-17.31.20:796][  0]LogLinker: Warning: While loading 'C:/Users/sethg/Desktop/Backups/MergeFile/W21_GAM1528_NoNameYet/TowerDefence/Content/StarterContent/Materials/M_Brick_Clay_Beveled.uasset' failed to load '/Game/StarterContent/Textures/T_Brick_Clay_Beveled_N': Can't find file.
[2021.04.13-17.31.20:797][  0]LogLinker: Warning: While loading 'C:/Users/sethg/Desktop/Backups/MergeFile/W21_GAM1528_NoNameYet/TowerDefence/Content/StarterContent/Materials/M_Brick_Clay_Beveled.uasset' failed to load '/Game/StarterContent/Textures/T_Brick_Clay_Beveled_D': Can't find file.
[2021.04.13-17.31.20:798][  0]LogLinker: Warning: While loading 'C:/Users/sethg/Desktop/Backups/MergeFile/W21_GAM1528_NoNameYet/TowerDefence/Content/StarterContent/Materials/M_Brick_Clay_Beveled.uasset' failed to load '/Game/StarterContent/Textures/T_Brick_Clay_Beveled_D': Can't find file.
[2021.04.13-17.31.20:798][  0]LogLinker: Warning: While loading 'C:/Users/sethg/Desktop/Backups/MergeFile/W21_GAM1528_NoNameYet/TowerDefence/Content/StarterContent/Materials/M_Brick_Clay_Beveled.uasset' failed to load '/Game/StarterContent/Textures/T_Brick_Clay_Beveled_M': Can't find file.
[2021.04.13-17.31.20:799][  0]LogLinker: Warning: While loading 'C:/Users/sethg/Desktop/Backups/MergeFile/W21_GAM1528_NoNameYet/TowerDefence/Content/StarterContent/Materials/M_Brick_Clay_Beveled.uasset' failed to load '/Game/StarterContent/Textures/T_Brick_Clay_Beveled_M': Can't find file.
[2021.04.13-17.31.20:799][  0]LogLinker: Warning: While loading 'C:/Users/sethg/Desktop/Backups/MergeFile/W21_GAM1528_NoNameYet/TowerDefence/Content/StarterContent/Materials/M_Brick_Clay_Beveled.uasset' failed to load '/Game/StarterContent/Textures/T_Brick_Clay_Beveled_N': Can't find file.
[2021.04.13-17.31.20:799][  0]LogLinker: Warning: While loading 'C:/Users/sethg/Desktop/Backups/MergeFile/W21_GAM1528_NoNameYet/TowerDefence/Content/StarterContent/Materials/M_Brick_Clay_Beveled.uasset' failed to load '/Game/StarterContent/Textures/T_Brick_Clay_Beveled_N': Can't find file.
[2021.04.13-17.31.20:806][  0]LogLinker: Warning: While loading 'C:/Users/sethg/Desktop/Backups/MergeFile/W21_GAM1528_NoNameYet/TowerDefence/Content/StarterContent/Materials/M_Brick_Clay_Beveled.uasset' failed to load '/Game/StarterContent/Textures/T_Brick_Clay_Beveled_N': Can't find file.
[2021.04.13-17.31.20:806][  0]LoadErrors: Failed to load /Game/StarterContent/Textures/T_Brick_Clay_Beveled_N.T_Brick_Clay_Beveled_N Referenced by MaterialExpressionTextureSample_1
[2021.04.13-17.31.20:806][  0]LogLinker: Warning: While loading 'C:/Users/sethg/Desktop/Backups/MergeFile/W21_GAM1528_NoNameYet/TowerDefence/Content/StarterContent/Materials/M_Brick_Clay_Beveled.uasset' failed to load '/Game/StarterContent/Textures/T_Brick_Clay_Beveled_N': Can't find file.
[2021.04.13-17.31.20:806][  0]LoadErrors: Failed to load /Game/StarterContent/Textures/T_Brick_Clay_Beveled_N.T_Brick_Clay_Beveled_N Referenced by MaterialExpressionTextureSample_1
[2021.04.13-17.31.20:807][  0]LogLinker: Warning: While loading 'C:/Users/sethg/Desktop/Backups/MergeFile/W21_GAM1528_NoNameYet/TowerDefence/Content/StarterContent/Materials/M_Brick_Clay_Beveled.uasset' failed to load '/Game/StarterContent/Textures/T_Brick_Clay_Beveled_M': Can't find file.
[2021.04.13-17.31.20:807][  0]LoadErrors: Failed to load /Game/StarterContent/Textures/T_Brick_Clay_Beveled_M.T_Brick_Clay_Beveled_M Referenced by MaterialExpressionTextureSample_2
[2021.04.13-17.31.20:808][  0]LogLinker: Warning: While loading 'C:/Users/sethg/Desktop/Backups/MergeFile/W21_GAM1528_NoNameYet/TowerDefence/Content/StarterContent/Materials/M_Brick_Clay_Beveled.uasset' failed to load '/Game/StarterContent/Textures/T_Brick_Clay_Beveled_M': Can't find file.
[2021.04.13-17.31.20:808][  0]LoadErrors: Failed to load /Game/StarterContent/Textures/T_Brick_Clay_Beveled_M.T_Brick_Clay_Beveled_M Referenced by MaterialExpressionTextureSample_2
[2021.04.13-17.31.20:808][  0]LogLinker: Warning: While loading 'C:/Users/sethg/Desktop/Backups/MergeFile/W21_GAM1528_NoNameYet/TowerDefence/Content/StarterContent/Materials/M_Brick_Clay_Beveled.uasset' failed to load '/Game/StarterContent/Textures/T_Brick_Clay_Beveled_D': Can't find file.
[2021.04.13-17.31.20:808][  0]LoadErrors: Failed to load /Game/StarterContent/Textures/T_Brick_Clay_Beveled_D.T_Brick_Clay_Beveled_D Referenced by MaterialExpressionTextureSample_4
[2021.04.13-17.31.20:808][  0]LogLinker: Warning: While loading 'C:/Users/sethg/Desktop/Backups/MergeFile/W21_GAM1528_NoNameYet/TowerDefence/Content/StarterContent/Materials/M_Brick_Clay_Beveled.uasset' failed to load '/Game/StarterContent/Textures/T_Brick_Clay_Beveled_D': Can't find file.
[2021.04.13-17.31.20:808][  0]LoadErrors: Failed to load /Game/StarterContent/Textures/T_Brick_Clay_Beveled_D.T_Brick_Clay_Beveled_D Referenced by MaterialExpressionTextureSample_4
[2021.04.13-17.31.20:809][  0]LogLinker: Warning: While loading 'C:/Users/sethg/Desktop/Backups/MergeFile/W21_GAM1528_NoNameYet/TowerDefence/Content/StarterContent/Materials/M_Brick_Clay_Beveled.uasset' failed to load '/Game/StarterContent/Textures/T_Brick_Clay_Beveled_D': Can't find file.
[2021.04.13-17.31.20:809][  0]LoadErrors: Failed to load /Game/StarterContent/Textures/T_Brick_Clay_Beveled_D.T_Brick_Clay_Beveled_D Referenced by MaterialExpressionTextureSample_5
[2021.04.13-17.31.20:809][  0]LogLinker: Warning: While loading 'C:/Users/sethg/Desktop/Backups/MergeFile/W21_GAM1528_NoNameYet/TowerDefence/Content/StarterContent/Materials/M_Brick_Clay_Beveled.uasset' failed to load '/Game/StarterContent/Textures/T_Brick_Clay_Beveled_D': Can't find file.
[2021.04.13-17.31.20:809][  0]LoadErrors: Failed to load /Game/StarterContent/Textures/T_Brick_Clay_Beveled_D.T_Brick_Clay_Beveled_D Referenced by MaterialExpressionTextureSample_5
[2021.04.13-17.31.20:816][  0]LogLinker: Warning: While loading 'C:/Users/sethg/Desktop/Backups/MergeFile/W21_GAM1528_NoNameYet/TowerDefence/Content/Assets/Models/Troop_melee/troop_melee.uasset' failed to load '/Game/Assets/Models/Troop_melee/wire_087225087_002': Can't find file.
[2021.04.13-17.31.20:816][  0]LoadErrors: Failed to load /Game/Assets/Models/Troop_melee/wire_087225087_002.wire_087225087_002 Referenced by troop_melee
[2021.04.13-17.31.20:816][  0]LogLinker: Warning: While loading 'C:/Users/sethg/Desktop/Backups/MergeFile/W21_GAM1528_NoNameYet/TowerDefence/Content/Assets/Models/Troop_melee/troop_melee.uasset' failed to load '/Game/Assets/Models/Troop_melee/wire_087225087_002': Can't find file.
[2021.04.13-17.31.20:817][  0]LoadErrors: Failed to load /Game/Assets/Models/Troop_melee/wire_087225087_002.wire_087225087_002 Referenced by troop_melee
[2021.04.13-17.31.20:817][  0]LogLinker: Warning: While loading 'C:/Users/sethg/Desktop/Backups/MergeFile/W21_GAM1528_NoNameYet/TowerDefence/Content/Assets/Models/Troop_melee/troop_melee.uasset' failed to load '/Game/Assets/Models/Troop_melee/wire_177028149_002': Can't find file.
[2021.04.13-17.31.20:817][  0]LoadErrors: Failed to load /Game/Assets/Models/Troop_melee/wire_177028149_002.wire_177028149_002 Referenced by troop_melee
[2021.04.13-17.31.20:817][  0]LogLinker: Warning: While loading 'C:/Users/sethg/Desktop/Backups/MergeFile/W21_GAM1528_NoNameYet/TowerDefence/Content/Assets/Models/Troop_melee/troop_melee.uasset' failed to load '/Game/Assets/Models/Troop_melee/wire_177028149_002': Can't find file.
[2021.04.13-17.31.20:817][  0]LoadErrors: Failed to load /Game/Assets/Models/Troop_melee/wire_177028149_002.wire_177028149_002 Referenced by troop_melee
[2021.04.13-17.31.20:818][  0]LogLinker: Warning: While loading 'C:/Users/sethg/Desktop/Backups/MergeFile/W21_GAM1528_NoNameYet/TowerDefence/Content/Assets/Models/Troop_melee/troop_melee.uasset' failed to load '/Game/Assets/Models/Troop_melee/Material_001': Can't find file.
[2021.04.13-17.31.20:818][  0]LoadErrors: Failed to load /Game/Assets/Models/Troop_melee/Material_001.Material_001 Referenced by troop_melee
[2021.04.13-17.31.20:818][  0]LogLinker: Warning: While loading 'C:/Users/sethg/Desktop/Backups/MergeFile/W21_GAM1528_NoNameYet/TowerDefence/Content/Assets/Models/Troop_melee/troop_melee.uasset' failed to load '/Game/Assets/Models/Troop_melee/Material_001': Can't find file.
[2021.04.13-17.31.20:818][  0]LoadErrors: Failed to load /Game/Assets/Models/Troop_melee/Material_001.Material_001 Referenced by troop_melee
[2021.04.13-17.31.20:847][  0]LogMaterial: Display: Missing cached shader map for material M_Brick_Clay_Beveled, compiling. 
[2021.04.13-17.31.20:848][  0]LogMaterial: Warning: C:\Users\sethg\Desktop\Backups\MergeFile\W21_GAM1528_NoNameYet\TowerDefence\Content\StarterContent\Materials\M_Brick_Clay_Beveled.uasset: Failed to compile Material for platform PCD3D_SM5, Default Material will be used in game.
[2021.04.13-17.31.20:849][  0]LogMaterial: Display: 	(Node TextureSample) Texture Sample> Missing input texture
[2021.04.13-17.31.20:877][  0]LogAIModule: Creating AISystem for world Test
[2021.04.13-17.31.20:877][  0]LogAISub: UAISubsystem::UAISubsystem EnvQueryManager (0000020DB863FE00), frame # 0
[2021.04.13-17.31.20:877][  0]LogAISub: UAISubsystem::UAISubsystem AIPerceptionSystem (0000020DB872CB80), frame # 0
[2021.04.13-17.31.20:884][  0]LogEditorServer: Finished looking for orphan Actors (0.000 secs)
[2021.04.13-17.31.20:903][  0]LogUObjectHash: Compacting FUObjectHashTables data took   0.80ms
[2021.04.13-17.31.20:903][  0]Cmd: MAP CHECKDEP NOCLEARLOG
[2021.04.13-17.31.20:903][  0]MapCheck: Map check complete: 0 Error(s), 0 Warning(s), took 0.161ms to complete.
[2021.04.13-17.31.20:904][  0]LogFileHelpers: Loading map 'Test' took 0.284
[2021.04.13-17.31.20:908][  0]LogUnrealEdMisc: Total Editor Startup Time, took 10.456
[2021.04.13-17.31.21:036][  0]LogSlate: Updating window title bar state: overlay mode, drag disabled, window buttons hidden, title bar hidden
[2021.04.13-17.31.21:044][  0]LogSlate: Updating window title bar state: overlay mode, drag disabled, window buttons hidden, title bar hidden
[2021.04.13-17.31.21:050][  0]LogSlate: Updating window title bar state: overlay mode, drag disabled, window buttons hidden, title bar hidden
[2021.04.13-17.31.21:056][  0]LogSlate: Updating window title bar state: overlay mode, drag disabled, window buttons hidden, title bar hidden
[2021.04.13-17.31.21:068][  0]LogCollectionManager: Loaded 0 collections in 0.001847 seconds
[2021.04.13-17.31.21:090][  0]LogFileCache: Scanning file cache for directory 'C:/Users/sethg/Desktop/Backups/MergeFile/W21_GAM1528_NoNameYet/TowerDefence/Saved/Collections/' took 0.00s
[2021.04.13-17.31.21:090][  0]LogFileCache: Scanning file cache for directory 'C:/Users/sethg/Desktop/Backups/MergeFile/W21_GAM1528_NoNameYet/TowerDefence/Content/Developers/sethg/Collections/' took 0.00s
[2021.04.13-17.31.21:091][  0]LogFileCache: Scanning file cache for directory 'C:/Users/sethg/Desktop/Backups/MergeFile/W21_GAM1528_NoNameYet/TowerDefence/Content/Collections/' took 0.00s
[2021.04.13-17.31.21:091][  0]LogContentBrowser: Native class hierarchy populated in 0.0089 seconds. Added 3449 classes and 824 folders.
[2021.04.13-17.31.21:096][  0]LogContentBrowser: Native class hierarchy updated for 'WidgetCarousel' in 0.0006 seconds. Added 0 classes and 0 folders.
[2021.04.13-17.31.21:180][  0]LogContentBrowser: Native class hierarchy updated for 'AddContentDialog' in 0.0005 seconds. Added 0 classes and 0 folders.
[2021.04.13-17.31.21:181][  0]LogContentBrowser: Native class hierarchy updated for 'SceneOutliner' in 0.0005 seconds. Added 2 classes and 0 folders.
[2021.04.13-17.31.21:303][  0]LogSlate: Took 0.000220 seconds to synchronously load lazily loaded font '../../../Engine/Content/Slate/Fonts/Roboto-Regular.ttf' (155K)
[2021.04.13-17.31.21:305][  0]LogSlate: Took 0.000680 seconds to synchronously load lazily loaded font '../../../Engine/Content/Slate/Fonts/Roboto-Bold.ttf' (160K)
[2021.04.13-17.31.21:313][  0]LogSlate: Took 0.000336 seconds to synchronously load lazily loaded font '../../../Engine/Content/Editor/Slate/Fonts/FontAwesome.ttf' (139K)
[2021.04.13-17.31.21:399][  0]LogRenderer: Reallocating scene render targets to support 1088x536 Format 10 NumSamples 1 (Frame:1).
[2021.04.13-17.31.21:618][  0]LogContentBrowser: Native class hierarchy updated for 'HierarchicalLODOutliner' in 0.0016 seconds. Added 0 classes and 0 folders.
[2021.04.13-17.31.21:619][  0]LogLoad: (Engine Initialization) Total time: 11.17 seconds
[2021.04.13-17.31.21:619][  0]LogLoad: (Engine Initialization) Total Blueprint compile time: 0.00 seconds
[2021.04.13-17.31.21:678][  0]LogAssetRegistry: Asset discovery search completed in 4.8329 seconds
[2021.04.13-17.31.21:682][  0]LogCollectionManager: Fixed up redirectors for 0 collections in 0.000002 seconds (updated 0 objects)
[2021.04.13-17.31.21:683][  0]LogContentStreaming: Texture pool size now 1000 MB
[2021.04.13-17.31.21:823][  0]LogRenderer: Reallocating scene render targets to support 1088x552 Format 10 NumSamples 1 (Frame:2).
[2021.04.13-17.31.21:824][  0]LogSlate: Took 0.000278 seconds to synchronously load lazily loaded font '../../../Engine/Content/Slate/Fonts/Roboto-Light.ttf' (167K)
[2021.04.13-17.31.21:831][  0]LogSlate: Took 0.000404 seconds to synchronously load lazily loaded font '../../../Engine/Content/Slate/Fonts/DroidSansMono.ttf' (77K)
[2021.04.13-17.31.21:838][  1]LogFileCache: Retrieving MD5 hashes for directory 'C:/Users/sethg/Desktop/Backups/MergeFile/W21_GAM1528_NoNameYet/TowerDefence/Content/' took 0.20s
[2021.04.13-17.31.43:032][263]LogSlate: Window 'Message Log' being destroyed
[2021.04.13-17.31.43:043][263]LogSlate: Window 'Message Log' being destroyed
[2021.04.13-17.31.43:667][297]LogTemp: Repeating last play command: Selected Viewport
[2021.04.13-17.31.43:673][297]LogPlayLevel: PlayLevel: No blueprints needed recompiling
[2021.04.13-17.31.43:674][297]PIE: New page: PIE session: Test (Apr. 13, 2021, 9:31:43 a.m.)
[2021.04.13-17.31.43:677][297]LogOnline: OSS: Creating online subsystem instance for: NULL
[2021.04.13-17.31.43:680][297]LogOnline: OSS: TryLoadSubsystemAndSetDefault: Loaded subsystem for module [NULL]
[2021.04.13-17.31.43:680][297]LogPlayLevel: Creating play world package: /Game/Maps/UEDPIE_0_Test
[2021.04.13-17.31.43:682][297]LogPlayLevel: PIE: StaticDuplicateObject took: (0.003498s)
[2021.04.13-17.31.43:684][297]LogAIModule: Creating AISystem for world Test
[2021.04.13-17.31.43:684][297]LogAISub: UAISubsystem::UAISubsystem EnvQueryManager (0000020DED6BFE00), frame # 1297
[2021.04.13-17.31.43:684][297]LogAISub: UAISubsystem::UAISubsystem AIPerceptionSystem (0000020DB860CB80), frame # 1297
[2021.04.13-17.31.43:684][297]LogPlayLevel: PIE: World Init took: (0.001546s)
[2021.04.13-17.31.43:684][297]LogPlayLevel: PIE: Created PIE world by copying editor world from /Game/Maps/Test.Test to /Game/Maps/UEDPIE_0_Test.Test (0.005581s)
[2021.04.13-17.31.43:699][297]LogUObjectHash: Compacting FUObjectHashTables data took   0.76ms
[2021.04.13-17.31.43:700][297]LogAudioMixer: Display: Audio Mixer Platform Settings:
[2021.04.13-17.31.43:701][297]LogAudioMixer: Display: 	Sample Rate:						  48000
[2021.04.13-17.31.43:701][297]LogAudioMixer: Display: 	Callback Buffer Frame Size Requested: 1024
[2021.04.13-17.31.43:701][297]LogAudioMixer: Display: 	Callback Buffer Frame Size To Use:	  1024
[2021.04.13-17.31.43:701][297]LogAudioMixer: Display: 	Number of buffers to queue:			  2
[2021.04.13-17.31.43:701][297]LogAudioMixer: Display: 	Max Channels (voices):				  32
[2021.04.13-17.31.43:701][297]LogAudioMixer: Display: 	Number of Async Source Workers:		  0
[2021.04.13-17.31.43:701][297]LogAudio: Display: AudioDevice MaxSources: 32
[2021.04.13-17.31.43:702][297]LogAudio: Display: Using built-in audio occlusion.
[2021.04.13-17.31.43:702][297]LogAudioMixer: Display: Initializing audio mixer.
[2021.04.13-17.31.43:706][297]LogAudioMixer: Display: 0: FrontLeft
[2021.04.13-17.31.43:706][297]LogAudioMixer: Display: 1: FrontRight
[2021.04.13-17.31.43:766][297]LogAudioMixer: Display: Using Audio Device Speakers (Realtek(R) Audio)
[2021.04.13-17.31.43:766][297]LogAudioMixer: Display: Initializing Sound Submixes...
[2021.04.13-17.31.43:766][297]LogAudioMixer: Display: Creating Master Submix 'MasterSubmixDefault'
[2021.04.13-17.31.43:766][297]LogAudioMixer: Display: Creating Master Submix 'MasterReverbSubmixDefault'
[2021.04.13-17.31.43:767][297]LogAudioMixer: Display: Creating Master Submix 'MasterEQSubmixDefault'
[2021.04.13-17.31.43:783][297]LogInit: FAudioDevice initialized.
[2021.04.13-17.31.43:802][297]LogLoad: Game class is 'BP_GameMode_C'
[2021.04.13-17.31.43:804][297]LogWorld: Bringing World /Game/Maps/UEDPIE_0_Test.Test up for play (max tick rate 60) at 2021.04.13-13.31.43
[2021.04.13-17.31.43:805][297]LogWorld: Bringing up level for play took: 0.001085
[2021.04.13-17.31.43:805][297]LogOnline: OSS: Creating online subsystem instance for: :Context_1
[2021.04.13-17.31.43:810][297]LogContentBrowser: Native class hierarchy updated for 'MovieSceneCapture' in 0.0005 seconds. Added 20 classes and 0 folders.
[2021.04.13-17.31.43:812][297]PIE: Server logged in
[2021.04.13-17.31.43:814][297]PIE: Play in editor total start time 0.143 seconds.
[2021.04.13-17.32.09:564][830]LogSlate: Updating window title bar state: overlay mode, drag disabled, window buttons hidden, title bar hidden
[2021.04.13-17.32.09:565][830]LogWorld: BeginTearingDown for /Game/Maps/UEDPIE_0_Test
[2021.04.13-17.32.09:565][830]LogWorld: UWorld::CleanupWorld for Test, bSessionEnded=true, bCleanupResources=true
[2021.04.13-17.32.09:566][830]LogSlate: InvalidateAllWidgets triggered.  All widgets were invalidated
[2021.04.13-17.32.09:583][830]LogPlayLevel: Display: Shutting down PIE online subsystems
[2021.04.13-17.32.09:584][830]LogSlate: InvalidateAllWidgets triggered.  All widgets were invalidated
[2021.04.13-17.32.09:639][830]LogSlate: Updating window title bar state: overlay mode, drag disabled, window buttons hidden, title bar hidden
[2021.04.13-17.32.09:640][830]LogAISub: UAISubsystem::~UAISubsystem AIPerceptionSystem (0000020DB860CB80), frame # 2830
[2021.04.13-17.32.09:640][830]LogAISub: UAISubsystem::~UAISubsystem EnvQueryManager (0000020DED6BFE00), frame # 2830
[2021.04.13-17.32.09:641][830]LogUObjectHash: Compacting FUObjectHashTables data took   0.72ms
[2021.04.13-17.32.09:653][831]LogPlayLevel: Display: Destroying online subsystem :Context_1
[2021.04.13-17.32.39:370][584]LogTemp: Repeating last play command: Selected Viewport
[2021.04.13-17.32.39:378][584]LogPlayLevel: PlayLevel: No blueprints needed recompiling
[2021.04.13-17.32.39:378][584]PIE: New page: PIE session: Test (Apr. 13, 2021, 9:32:39 a.m.)
[2021.04.13-17.32.39:378][584]LogPlayLevel: Creating play world package: /Game/Maps/UEDPIE_0_Test
[2021.04.13-17.32.39:382][584]LogPlayLevel: PIE: StaticDuplicateObject took: (0.003679s)
[2021.04.13-17.32.39:383][584]LogAIModule: Creating AISystem for world Test
[2021.04.13-17.32.39:384][584]LogAISub: UAISubsystem::UAISubsystem EnvQueryManager (0000020DECFFDE00), frame # 4584
[2021.04.13-17.32.39:384][584]LogAISub: UAISubsystem::UAISubsystem AIPerceptionSystem (0000020DB89E7880), frame # 4584
[2021.04.13-17.32.39:384][584]LogPlayLevel: PIE: World Init took: (0.001742s)
[2021.04.13-17.32.39:384][584]LogPlayLevel: PIE: Created PIE world by copying editor world from /Game/Maps/Test.Test to /Game/Maps/UEDPIE_0_Test.Test (0.005857s)
[2021.04.13-17.32.39:395][584]LogUObjectHash: Compacting FUObjectHashTables data took   1.19ms
[2021.04.13-17.32.39:398][584]LogAudioMixer: Display: Audio Mixer Platform Settings:
[2021.04.13-17.32.39:399][584]LogAudioMixer: Display: 	Sample Rate:						  48000
[2021.04.13-17.32.39:399][584]LogAudioMixer: Display: 	Callback Buffer Frame Size Requested: 1024
[2021.04.13-17.32.39:399][584]LogAudioMixer: Display: 	Callback Buffer Frame Size To Use:	  1024
[2021.04.13-17.32.39:399][584]LogAudioMixer: Display: 	Number of buffers to queue:			  2
[2021.04.13-17.32.39:399][584]LogAudioMixer: Display: 	Max Channels (voices):				  32
[2021.04.13-17.32.39:399][584]LogAudioMixer: Display: 	Number of Async Source Workers:		  0
[2021.04.13-17.32.39:399][584]LogAudio: Display: AudioDevice MaxSources: 32
[2021.04.13-17.32.39:400][584]LogAudio: Display: Using built-in audio occlusion.
[2021.04.13-17.32.39:401][584]LogAudioMixer: Display: Initializing audio mixer.
[2021.04.13-17.32.39:405][584]LogAudioMixer: Display: 0: FrontLeft
[2021.04.13-17.32.39:405][584]LogAudioMixer: Display: 1: FrontRight
[2021.04.13-17.32.39:479][584]LogAudioMixer: Display: Using Audio Device Speakers (Realtek(R) Audio)
[2021.04.13-17.32.39:480][584]LogAudioMixer: Display: Initializing Sound Submixes...
[2021.04.13-17.32.39:480][584]LogAudioMixer: Display: Creating Master Submix 'MasterSubmixDefault'
[2021.04.13-17.32.39:480][584]LogAudioMixer: Display: Creating Master Submix 'MasterReverbSubmixDefault'
[2021.04.13-17.32.39:480][584]LogAudioMixer: Display: Creating Master Submix 'MasterEQSubmixDefault'
[2021.04.13-17.32.39:495][584]LogInit: FAudioDevice initialized.
[2021.04.13-17.32.39:510][584]LogLoad: Game class is 'BP_GameMode_C'
[2021.04.13-17.32.39:512][584]LogWorld: Bringing World /Game/Maps/UEDPIE_0_Test.Test up for play (max tick rate 60) at 2021.04.13-13.32.39
[2021.04.13-17.32.39:513][584]LogWorld: Bringing up level for play took: 0.000996
[2021.04.13-17.32.39:513][584]LogOnline: OSS: Creating online subsystem instance for: :Context_2
[2021.04.13-17.32.39:517][584]PIE: Server logged in
[2021.04.13-17.32.39:518][584]PIE: Play in editor total start time 0.143 seconds.
[2021.04.13-17.32.54:024][445]LogSlate: Updating window title bar state: overlay mode, drag disabled, window buttons hidden, title bar hidden
[2021.04.13-17.32.54:025][445]LogWorld: BeginTearingDown for /Game/Maps/UEDPIE_0_Test
[2021.04.13-17.32.54:025][445]LogWorld: UWorld::CleanupWorld for Test, bSessionEnded=true, bCleanupResources=true
[2021.04.13-17.32.54:026][445]LogSlate: InvalidateAllWidgets triggered.  All widgets were invalidated
[2021.04.13-17.32.54:042][445]LogPlayLevel: Display: Shutting down PIE online subsystems
[2021.04.13-17.32.54:043][445]LogSlate: InvalidateAllWidgets triggered.  All widgets were invalidated
[2021.04.13-17.32.54:053][445]LogSlate: Updating window title bar state: overlay mode, drag disabled, window buttons hidden, title bar hidden
[2021.04.13-17.32.54:132][445]LogAISub: UAISubsystem::~UAISubsystem AIPerceptionSystem (0000020DB89E7880), frame # 5445
[2021.04.13-17.32.54:132][445]LogAISub: UAISubsystem::~UAISubsystem EnvQueryManager (0000020DECFFDE00), frame # 5445
[2021.04.13-17.32.54:133][445]LogUObjectHash: Compacting FUObjectHashTables data took   0.72ms
[2021.04.13-17.32.54:148][446]LogPlayLevel: Display: Destroying online subsystem :Context_2
[2021.04.13-17.33.00:754][833]LogTemp: Repeating last play command: Selected Viewport
[2021.04.13-17.33.00:766][833]LogPlayLevel: PlayLevel: No blueprints needed recompiling
[2021.04.13-17.33.00:766][833]PIE: New page: PIE session: Test (Apr. 13, 2021, 9:33:00 a.m.)
[2021.04.13-17.33.00:766][833]LogPlayLevel: Creating play world package: /Game/Maps/UEDPIE_0_Test
[2021.04.13-17.33.00:770][833]LogPlayLevel: PIE: StaticDuplicateObject took: (0.003130s)
[2021.04.13-17.33.00:771][833]LogAIModule: Creating AISystem for world Test
[2021.04.13-17.33.00:771][833]LogAISub: UAISubsystem::UAISubsystem EnvQueryManager (0000020DEA390A00), frame # 5833
[2021.04.13-17.33.00:771][833]LogAISub: UAISubsystem::UAISubsystem AIPerceptionSystem (0000020DB895CCC0), frame # 5833
[2021.04.13-17.33.00:772][833]LogPlayLevel: PIE: World Init took: (0.001761s)
[2021.04.13-17.33.00:772][833]LogPlayLevel: PIE: Created PIE world by copying editor world from /Game/Maps/Test.Test to /Game/Maps/UEDPIE_0_Test.Test (0.005263s)
[2021.04.13-17.33.00:782][833]LogUObjectHash: Compacting FUObjectHashTables data took   0.62ms
[2021.04.13-17.33.00:784][833]LogAudioMixer: Display: Audio Mixer Platform Settings:
[2021.04.13-17.33.00:784][833]LogAudioMixer: Display: 	Sample Rate:						  48000
[2021.04.13-17.33.00:784][833]LogAudioMixer: Display: 	Callback Buffer Frame Size Requested: 1024
[2021.04.13-17.33.00:784][833]LogAudioMixer: Display: 	Callback Buffer Frame Size To Use:	  1024
[2021.04.13-17.33.00:784][833]LogAudioMixer: Display: 	Number of buffers to queue:			  2
[2021.04.13-17.33.00:784][833]LogAudioMixer: Display: 	Max Channels (voices):				  32
[2021.04.13-17.33.00:784][833]LogAudioMixer: Display: 	Number of Async Source Workers:		  0
[2021.04.13-17.33.00:784][833]LogAudio: Display: AudioDevice MaxSources: 32
[2021.04.13-17.33.00:785][833]LogAudio: Display: Using built-in audio occlusion.
[2021.04.13-17.33.00:785][833]LogAudioMixer: Display: Initializing audio mixer.
[2021.04.13-17.33.00:789][833]LogAudioMixer: Display: 0: FrontLeft
[2021.04.13-17.33.00:789][833]LogAudioMixer: Display: 1: FrontRight
[2021.04.13-17.33.00:851][833]LogAudioMixer: Display: Using Audio Device Speakers (Realtek(R) Audio)
[2021.04.13-17.33.00:851][833]LogAudioMixer: Display: Initializing Sound Submixes...
[2021.04.13-17.33.00:851][833]LogAudioMixer: Display: Creating Master Submix 'MasterSubmixDefault'
[2021.04.13-17.33.00:852][833]LogAudioMixer: Display: Creating Master Submix 'MasterReverbSubmixDefault'
[2021.04.13-17.33.00:852][833]LogAudioMixer: Display: Creating Master Submix 'MasterEQSubmixDefault'
[2021.04.13-17.33.00:867][833]LogInit: FAudioDevice initialized.
[2021.04.13-17.33.00:882][833]LogLoad: Game class is 'BP_GameMode_C'
[2021.04.13-17.33.00:885][833]LogWorld: Bringing World /Game/Maps/UEDPIE_0_Test.Test up for play (max tick rate 60) at 2021.04.13-13.33.00
[2021.04.13-17.33.00:885][833]LogWorld: Bringing up level for play took: 0.000983
[2021.04.13-17.33.00:886][833]LogOnline: OSS: Creating online subsystem instance for: :Context_4
[2021.04.13-17.33.00:890][833]PIE: Server logged in
[2021.04.13-17.33.00:892][833]PIE: Play in editor total start time 0.132 seconds.
[2021.04.13-17.33.22:944][144]LogSlate: Updating window title bar state: overlay mode, drag disabled, window buttons hidden, title bar hidden
[2021.04.13-17.33.22:944][144]LogWorld: BeginTearingDown for /Game/Maps/UEDPIE_0_Test
[2021.04.13-17.33.22:945][144]LogWorld: UWorld::CleanupWorld for Test, bSessionEnded=true, bCleanupResources=true
[2021.04.13-17.33.22:945][144]LogSlate: InvalidateAllWidgets triggered.  All widgets were invalidated
[2021.04.13-17.33.22:962][144]LogPlayLevel: Display: Shutting down PIE online subsystems
[2021.04.13-17.33.22:964][144]LogSlate: InvalidateAllWidgets triggered.  All widgets were invalidated
[2021.04.13-17.33.23:021][144]LogSlate: Updating window title bar state: overlay mode, drag disabled, window buttons hidden, title bar hidden
[2021.04.13-17.33.23:022][144]LogAISub: UAISubsystem::~UAISubsystem AIPerceptionSystem (0000020DB895CCC0), frame # 7144
[2021.04.13-17.33.23:022][144]LogAISub: UAISubsystem::~UAISubsystem EnvQueryManager (0000020DEA390A00), frame # 7144
[2021.04.13-17.33.23:023][144]LogUObjectHash: Compacting FUObjectHashTables data took   0.63ms
[2021.04.13-17.33.23:040][145]LogPlayLevel: Display: Destroying online subsystem :Context_4
[2021.04.13-17.33.30:104][243]LogEditorViewport: Clicking on Actor (LMB): BP_TroopSpawner_C (BP_TroopSpawner)
[2021.04.13-17.33.37:920][700]LogEditorViewport: Clicking on Actor (LMB): StaticMeshActor (Floor)
[2021.04.13-17.33.50:956][444]LogEditorViewport: Clicking on Actor (LMB): BP_TroopSpawner_C (BP_TroopSpawner)
[2021.04.13-17.33.52:162][515]Cmd: DELETE
[2021.04.13-17.33.52:163][515]Cmd: ACTOR DELETE
[2021.04.13-17.33.52:247][515]LogEditorActor: Deleted Actor: BP_TroopSpawner_C
[2021.04.13-17.33.52:257][515]LogUObjectHash: Compacting FUObjectHashTables data took   1.21ms
[2021.04.13-17.33.52:261][515]LogEditorActor: Deleted 1 Actors (0.016 secs)
[2021.04.13-17.33.54:845][662]LogUObjectHash: Compacting FUObjectHashTables data took   0.27ms
[2021.04.13-17.33.57:399][662]LogSlate: Window 'Save Content' being destroyed
