Log file open, 04/01/21 18:27:28
LogInit: Display: Running engine for game: TowerDefence
LogPlatformFile: Not using cached read wrapper
LogTaskGraph: Started task graph with 5 named threads and 35 total threads with 3 sets of task threads.
LogStats: Stats thread started at 0.351166
LogD3D11RHI: Loaded GFSDK_Aftermath_Lib.x64.dll
LogICUInternationalization: ICU TimeZone Detection - Raw Offset: -5:00, Platform Override: ''
LogPluginManager: Mounting plugin Paper2D
LogPluginManager: Mounting plugin AISupport
LogPluginManager: Mounting plugin LightPropagationVolume
LogPluginManager: Mounting plugin CameraShakePreviewer
LogPluginManager: Mounting plugin ActorLayerUtilities
LogPluginManager: Mounting plugin AnimationSharing
LogPluginManager: Mounting plugin CLionSourceCodeAccess
LogPluginManager: Mounting plugin CodeLiteSourceCodeAccess
LogPluginManager: Mounting plugin GitSourceControl
LogPluginManager: Mounting plugin KDevelopSourceCodeAccess
LogPluginManager: Mounting plugin NullSourceCodeAccess
LogPluginManager: Mounting plugin PerforceSourceControl
LogPluginManager: Mounting plugin PlasticSourceControl
LogPluginManager: Mounting plugin RiderSourceCodeAccess
LogPluginManager: Mounting plugin SubversionSourceControl
LogPluginManager: Mounting plugin UObjectPlugin
LogPluginManager: Mounting plugin VisualStudioCodeSourceCodeAccess
LogPluginManager: Mounting plugin VisualStudioSourceCodeAccess
LogPluginManager: Mounting plugin XCodeSourceCodeAccess
LogPluginManager: Mounting plugin AssetManagerEditor
LogPluginManager: Mounting plugin CryptoKeys
LogPluginManager: Mounting plugin CurveEditorTools
LogPluginManager: Mounting plugin DataValidation
LogPluginManager: Mounting plugin EditorScriptingUtilities
LogPluginManager: Mounting plugin FacialAnimation
LogPluginManager: Mounting plugin GameplayTagsEditor
LogPluginManager: Mounting plugin GeometryMode
LogPluginManager: Mounting plugin MacGraphicsSwitching
LogPluginManager: Mounting plugin MaterialAnalyzer
LogPluginManager: Mounting plugin MobileLauncherProfileWizard
LogPluginManager: Mounting plugin PluginBrowser
LogPluginManager: Mounting plugin SpeedTreeImporter
LogPluginManager: Mounting plugin DatasmithContent
LogPluginManager: Mounting plugin VariantManagerContent
LogPluginManager: Mounting plugin AlembicImporter
LogPluginManager: Mounting plugin AutomationUtils
LogPluginManager: Mounting plugin BackChannel
LogPluginManager: Mounting plugin ChaosCloth
LogPluginManager: Mounting plugin ChaosClothEditor
LogPluginManager: Mounting plugin ChaosEditor
LogPluginManager: Mounting plugin ChaosNiagara
LogPluginManager: Mounting plugin ChaosSolverPlugin
LogPluginManager: Mounting plugin CharacterAI
LogPluginManager: Mounting plugin GeometryCache
LogPluginManager: Mounting plugin GeometryCollectionPlugin
LogPluginManager: Mounting plugin GeometryProcessing
LogPluginManager: Mounting plugin PlanarCut
LogPluginManager: Mounting plugin PlatformCrypto
LogPluginManager: Mounting plugin ProxyLODPlugin
LogPluginManager: Mounting plugin SkeletalReduction
LogPluginManager: Mounting plugin Niagara
LogPluginManager: Mounting plugin MagicLeap
LogPluginManager: Mounting plugin MagicLeapLightEstimation
LogPluginManager: Mounting plugin MagicLeapMedia
LogPluginManager: Mounting plugin MagicLeapPassableWorld
LogPluginManager: Mounting plugin MLSDK
LogPluginManager: Mounting plugin AndroidMedia
LogPluginManager: Mounting plugin AvfMedia
LogPluginManager: Mounting plugin ImgMedia
LogPluginManager: Mounting plugin MediaCompositing
LogPluginManager: Mounting plugin MediaPlayerEditor
LogPluginManager: Mounting plugin WebMMedia
LogPluginManager: Mounting plugin WmfMedia
LogPluginManager: Mounting plugin MeshPainting
LogPluginManager: Mounting plugin TcpMessaging
LogPluginManager: Mounting plugin UdpMessaging
LogPluginManager: Mounting plugin ActorSequence
LogPluginManager: Mounting plugin LevelSequenceEditor
LogPluginManager: Mounting plugin MatineeToLevelSequence
LogPluginManager: Mounting plugin MovieRenderPipeline
LogPluginManager: Mounting plugin TemplateSequence
LogPluginManager: Mounting plugin NetcodeUnitTest
LogPluginManager: Mounting plugin NUTUnrealEngine4
LogPluginManager: Mounting plugin OnlineSubsystemGooglePlay
LogPluginManager: Mounting plugin OnlineSubsystemIOS
LogPluginManager: Mounting plugin OnlineSubsystem
LogPluginManager: Mounting plugin OnlineSubsystemNull
LogPluginManager: Mounting plugin OnlineSubsystemUtils
LogPluginManager: Mounting plugin LauncherChunkInstaller
LogPluginManager: Mounting plugin AndroidDeviceProfileSelector
LogPluginManager: Mounting plugin AndroidMoviePlayer
LogPluginManager: Mounting plugin AndroidPermission
LogPluginManager: Mounting plugin AppleImageUtils
LogPluginManager: Mounting plugin AppleMoviePlayer
LogPluginManager: Mounting plugin ArchVisCharacter
LogPluginManager: Mounting plugin AssetTags
LogPluginManager: Mounting plugin AudioCapture
LogPluginManager: Mounting plugin CableComponent
LogPluginManager: Mounting plugin CustomMeshComponent
LogPluginManager: Mounting plugin EditableMesh
LogPluginManager: Mounting plugin ExampleDeviceProfileSelector
LogPluginManager: Mounting plugin GoogleCloudMessaging
LogPluginManager: Mounting plugin GooglePAD
LogPluginManager: Mounting plugin IOSDeviceProfileSelector
LogPluginManager: Mounting plugin LinuxDeviceProfileSelector
LogPluginManager: Mounting plugin LocationServicesBPLibrary
LogPluginManager: Mounting plugin MobilePatchingUtils
LogPluginManager: Mounting plugin OculusVR
LogPluginManager: Mounting plugin PhysXVehicles
LogPluginManager: Mounting plugin PostSplashScreen
LogPluginManager: Mounting plugin ProceduralMeshComponent
LogPluginManager: Mounting plugin RuntimePhysXCooking
LogPluginManager: Mounting plugin SignificanceManager
LogPluginManager: Mounting plugin SoundFields
LogPluginManager: Mounting plugin SteamVR
LogPluginManager: Mounting plugin Synthesis
LogPluginManager: Mounting plugin WebMMoviePlayer
LogPluginManager: Mounting plugin WindowsMoviePlayer
LogPluginManager: Mounting plugin ScreenshotTools
LogInit: Using libcurl 7.55.1-DEV
LogInit:  - built for x86_64-pc-win32
LogInit:  - supports SSL with OpenSSL/1.1.1
LogInit:  - supports HTTP deflate (compression) using libz 1.2.8
LogInit:  - other features:
LogInit:      CURL_VERSION_SSL
LogInit:      CURL_VERSION_LIBZ
LogInit:      CURL_VERSION_IPV6
LogInit:      CURL_VERSION_ASYNCHDNS
LogInit:      CURL_VERSION_LARGEFILE
LogInit:      CURL_VERSION_IDN
LogInit:  CurlRequestOptions (configurable via config and command line):
LogInit:  - bVerifyPeer = true  - Libcurl will verify peer certificate
LogInit:  - bUseHttpProxy = false  - Libcurl will NOT use HTTP proxy
LogInit:  - bDontReuseConnections = false  - Libcurl will reuse connections
LogInit:  - MaxHostConnections = 16  - Libcurl will limit the number of connections to a host
LogInit:  - LocalHostAddr = Default
LogInit:  - BufferSize = 65536
LogOnline: OSS: Creating online subsystem instance for: NULL
LogInit: WinSock: version 1.1 (2.2), MaxSocks=32767, MaxUdp=65467
LogOnline: OSS: TryLoadSubsystemAndSetDefault: Loaded subsystem for module [NULL]
LogInit: Build: ++UE4+Release-4.25-CL-13942748
LogInit: Engine Version: 4.25.3-13942748+++UE4+Release-4.25
LogInit: Compatible Engine Version: 4.25.0-13144385+++UE4+Release-4.25
LogInit: Net CL: 13144385
LogInit: OS: Windows 10 (Release 1909) (), CPU: Intel(R) Core(TM) i7-8750H CPU @ 2.20GHz, GPU: Intel(R) UHD Graphics 630
LogInit: Compiled (64-bit): Jul 25 2020 02:07:48
LogInit: Compiled with Visual C++: 19.24.28315.00
LogInit: Build Configuration: Development
LogInit: Branch Name: ++UE4+Release-4.25
LogInit: Command Line:  -skipcompile
LogInit: Base Directory: D:/Epic Games Files/UE_4.25/Engine/Binaries/Win64/
LogInit: Allocator: TBB
LogInit: Installed Engine Build: 1
LogDevObjectVersion: Number of dev versions registered: 26
LogDevObjectVersion:   Dev-Blueprints (B0D832E4-1F89-4F0D-ACCF-7EB736FD4AA2): 10
LogDevObjectVersion:   Dev-Build (E1C64328-A22C-4D53-A36C-8E866417BD8C): 0
LogDevObjectVersion:   Dev-Core (375EC13C-06E4-48FB-B500-84F0262A717E): 4
LogDevObjectVersion:   Dev-Editor (E4B068ED-F494-42E9-A231-DA0B2E46BB41): 38
LogDevObjectVersion:   Dev-Framework (CFFC743F-43B0-4480-9391-14DF171D2073): 37
LogDevObjectVersion:   Dev-Mobile (B02B49B5-BB20-44E9-A304-32B752E40360): 2
LogDevObjectVersion:   Dev-Networking (A4E4105C-59A1-49B5-A7C5-40C4547EDFEE): 0
LogDevObjectVersion:   Dev-Online (39C831C9-5AE6-47DC-9A44-9C173E1C8E7C): 0
LogDevObjectVersion:   Dev-Physics (78F01B33-EBEA-4F98-B9B4-84EACCB95AA2): 4
LogDevObjectVersion:   Dev-Platform (6631380F-2D4D-43E0-8009-CF276956A95A): 0
LogDevObjectVersion:   Dev-Rendering (12F88B9F-8875-4AFC-A67C-D90C383ABD29): 43
LogDevObjectVersion:   Dev-Sequencer (7B5AE74C-D270-4C10-A958-57980B212A5A): 12
LogDevObjectVersion:   Dev-VR (D7296918-1DD6-4BDD-9DE2-64A83CC13884): 3
LogDevObjectVersion:   Dev-LoadTimes (C2A15278-BFE7-4AFE-6C17-90FF531DF755): 1
LogDevObjectVersion:   Private-Geometry (6EACA3D4-40EC-4CC1-B786-8BED09428FC5): 3
LogDevObjectVersion:   Dev-AnimPhys (29E575DD-E0A3-4627-9D10-D276232CDCEA): 17
LogDevObjectVersion:   Dev-Anim (AF43A65D-7FD3-4947-9873-3E8ED9C1BB05): 7
LogDevObjectVersion:   Dev-ReflectionCapture (6B266CEC-1EC7-4B8F-A30B-E4D90942FC07): 1
LogDevObjectVersion:   Dev-Automation (0DF73D61-A23F-47EA-B727-89E90C41499A): 1
LogDevObjectVersion:   FortniteMain (601D1886-AC64-4F84-AA16-D3DE0DEAC7D6): 31
LogDevObjectVersion:   Dev-Enterprise (9DFFBCD6-494F-0158-E221-12823C92A888): 10
LogDevObjectVersion:   Dev-Niagara (F2AED0AC-9AFE-416F-8664-AA7FFA26D6FC): 1
LogDevObjectVersion:   Dev-Destruction (174F1F0B-B4C6-45A5-B13F-2EE8D0FB917D): 10
LogDevObjectVersion:   Dev-Physics-Ext (35F94A83-E258-406C-A318-09F59610247C): 37
LogDevObjectVersion:   Dev-PhysicsMaterial-Chaos (B68FC16E-8B1B-42E2-B453-215C058844FE): 1
LogDevObjectVersion:   Dev-CineCamera (B2E18506-4273-CFC2-A54E-F4BB758BBA07): 1
LogInit: Presizing for max 25165824 objects, including 0 objects not considered by GC, pre-allocating 0 bytes for permanent pool.
LogConfig: Applying CVar settings from Section [/Script/Engine.StreamingSettings] File [C:/Users/sethg/Desktop/High Level Development II/W21_GAM1528_NoNameYet/TowerDefence/Saved/Config/Windows/Engine.ini]
LogConfig: Setting CVar [[s.MinBulkDataSizeForAsyncLoading:131072]]
LogConfig: Setting CVar [[s.AsyncLoadingThreadEnabled:0]]
LogConfig: Setting CVar [[s.EventDrivenLoaderEnabled:1]]
LogConfig: Setting CVar [[s.WarnIfTimeLimitExceeded:0]]
LogConfig: Setting CVar [[s.TimeLimitExceededMultiplier:1.5]]
LogConfig: Setting CVar [[s.TimeLimitExceededMinTime:0.005]]
LogConfig: Setting CVar [[s.UseBackgroundLevelStreaming:1]]
LogConfig: Setting CVar [[s.PriorityAsyncLoadingExtraTime:15.0]]
LogConfig: Setting CVar [[s.LevelStreamingActorsUpdateTimeLimit:5.0]]
LogConfig: Setting CVar [[s.PriorityLevelStreamingActorsUpdateExtraTime:5.0]]
LogConfig: Setting CVar [[s.LevelStreamingComponentsRegistrationGranularity:10]]
LogConfig: Setting CVar [[s.UnregisterComponentsTimeLimit:1.0]]
LogConfig: Setting CVar [[s.LevelStreamingComponentsUnregistrationGranularity:5]]
LogConfig: Setting CVar [[s.FlushStreamingOnExit:1]]
LogInit: Object subsystem initialized
LogConfig: Setting CVar [[con.DebugEarlyDefault:1]]
LogConfig: Setting CVar [[r.setres:1280x720]]
[2021.04.01-22.27.28:795][  0]LogConfig: Setting CVar [[r.VSync:0]]
[2021.04.01-22.27.28:796][  0]LogConfig: Setting CVar [[r.RHICmdBypass:0]]
[2021.04.01-22.27.28:796][  0]LogConfig: Applying CVar settings from Section [/Script/Engine.RendererSettings] File [C:/Users/sethg/Desktop/High Level Development II/W21_GAM1528_NoNameYet/TowerDefence/Saved/Config/Windows/Engine.ini]
[2021.04.01-22.27.28:796][  0]LogConfig: Setting CVar [[r.GPUCrashDebugging:0]]
[2021.04.01-22.27.28:796][  0]LogConfig: Applying CVar settings from Section [/Script/Engine.RendererOverrideSettings] File [C:/Users/sethg/Desktop/High Level Development II/W21_GAM1528_NoNameYet/TowerDefence/Saved/Config/Windows/Engine.ini]
[2021.04.01-22.27.28:796][  0]LogConfig: Applying CVar settings from Section [/Script/Engine.StreamingSettings] File [C:/Users/sethg/Desktop/High Level Development II/W21_GAM1528_NoNameYet/TowerDefence/Saved/Config/Windows/Engine.ini]
[2021.04.01-22.27.28:796][  0]LogConfig: Setting CVar [[s.MinBulkDataSizeForAsyncLoading:131072]]
[2021.04.01-22.27.28:796][  0]LogConfig: Setting CVar [[s.AsyncLoadingThreadEnabled:0]]
[2021.04.01-22.27.28:796][  0]LogConfig: Setting CVar [[s.EventDrivenLoaderEnabled:1]]
[2021.04.01-22.27.28:796][  0]LogConfig: Setting CVar [[s.WarnIfTimeLimitExceeded:0]]
[2021.04.01-22.27.28:796][  0]LogConfig: Setting CVar [[s.TimeLimitExceededMultiplier:1.5]]
[2021.04.01-22.27.28:796][  0]LogConfig: Setting CVar [[s.TimeLimitExceededMinTime:0.005]]
[2021.04.01-22.27.28:796][  0]LogConfig: Setting CVar [[s.UseBackgroundLevelStreaming:1]]
[2021.04.01-22.27.28:796][  0]LogConfig: Setting CVar [[s.PriorityAsyncLoadingExtraTime:15.0]]
[2021.04.01-22.27.28:796][  0]LogConfig: Setting CVar [[s.LevelStreamingActorsUpdateTimeLimit:5.0]]
[2021.04.01-22.27.28:797][  0]LogConfig: Setting CVar [[s.PriorityLevelStreamingActorsUpdateExtraTime:5.0]]
[2021.04.01-22.27.28:797][  0]LogConfig: Setting CVar [[s.LevelStreamingComponentsRegistrationGranularity:10]]
[2021.04.01-22.27.28:797][  0]LogConfig: Setting CVar [[s.UnregisterComponentsTimeLimit:1.0]]
[2021.04.01-22.27.28:797][  0]LogConfig: Setting CVar [[s.LevelStreamingComponentsUnregistrationGranularity:5]]
[2021.04.01-22.27.28:797][  0]LogConfig: Setting CVar [[s.FlushStreamingOnExit:1]]
[2021.04.01-22.27.28:797][  0]LogConfig: Applying CVar settings from Section [/Script/Engine.GarbageCollectionSettings] File [C:/Users/sethg/Desktop/High Level Development II/W21_GAM1528_NoNameYet/TowerDefence/Saved/Config/Windows/Engine.ini]
[2021.04.01-22.27.28:797][  0]LogConfig: Setting CVar [[gc.MaxObjectsNotConsideredByGC:1]]
[2021.04.01-22.27.28:797][  0]LogConfig: Setting CVar [[gc.SizeOfPermanentObjectPool:0]]
[2021.04.01-22.27.28:797][  0]LogConfig: Setting CVar [[gc.FlushStreamingOnGC:0]]
[2021.04.01-22.27.28:797][  0]LogConfig: Setting CVar [[gc.NumRetriesBeforeForcingGC:10]]
[2021.04.01-22.27.28:797][  0]LogConfig: Setting CVar [[gc.AllowParallelGC:1]]
[2021.04.01-22.27.28:797][  0]LogConfig: Setting CVar [[gc.TimeBetweenPurgingPendingKillObjects:61.1]]
[2021.04.01-22.27.28:797][  0]LogConfig: Setting CVar [[gc.MaxObjectsInEditor:25165824]]
[2021.04.01-22.27.28:798][  0]LogConfig: Setting CVar [[gc.IncrementalBeginDestroyEnabled:1]]
[2021.04.01-22.27.28:798][  0]LogConfig: Setting CVar [[gc.CreateGCClusters:1]]
[2021.04.01-22.27.28:798][  0]LogConfig: Setting CVar [[gc.MinGCClusterSize:5]]
[2021.04.01-22.27.28:798][  0]LogConfig: Setting CVar [[gc.ActorClusteringEnabled:0]]
[2021.04.01-22.27.28:798][  0]LogConfig: Setting CVar [[gc.BlueprintClusteringEnabled:0]]
[2021.04.01-22.27.28:798][  0]LogConfig: Setting CVar [[gc.UseDisregardForGCOnDedicatedServers:0]]
[2021.04.01-22.27.28:798][  0]LogConfig: Applying CVar settings from Section [/Script/Engine.NetworkSettings] File [C:/Users/sethg/Desktop/High Level Development II/W21_GAM1528_NoNameYet/TowerDefence/Saved/Config/Windows/Engine.ini]
[2021.04.01-22.27.28:798][  0]LogConfig: Applying CVar settings from Section [/Script/UnrealEd.CookerSettings] File [C:/Users/sethg/Desktop/High Level Development II/W21_GAM1528_NoNameYet/TowerDefence/Saved/Config/Windows/Engine.ini]
[2021.04.01-22.27.28:805][  0]LogConfig: Applying CVar settings from Section [ViewDistanceQuality@3] File [C:/Users/sethg/Desktop/High Level Development II/W21_GAM1528_NoNameYet/TowerDefence/Saved/Config/Windows/Scalability.ini]
[2021.04.01-22.27.28:805][  0]LogConfig: Setting CVar [[r.SkeletalMeshLODBias:0]]
[2021.04.01-22.27.28:806][  0]LogConfig: Setting CVar [[r.ViewDistanceScale:1.0]]
[2021.04.01-22.27.28:806][  0]LogConfig: Applying CVar settings from Section [AntiAliasingQuality@3] File [C:/Users/sethg/Desktop/High Level Development II/W21_GAM1528_NoNameYet/TowerDefence/Saved/Config/Windows/Scalability.ini]
[2021.04.01-22.27.28:806][  0]LogConfig: Setting CVar [[r.PostProcessAAQuality:4]]
[2021.04.01-22.27.28:806][  0]LogConfig: Applying CVar settings from Section [ShadowQuality@3] File [C:/Users/sethg/Desktop/High Level Development II/W21_GAM1528_NoNameYet/TowerDefence/Saved/Config/Windows/Scalability.ini]
[2021.04.01-22.27.28:806][  0]LogConfig: Setting CVar [[r.LightFunctionQuality:1]]
[2021.04.01-22.27.28:806][  0]LogConfig: Setting CVar [[r.ShadowQuality:5]]
[2021.04.01-22.27.28:806][  0]LogConfig: Setting CVar [[r.Shadow.CSM.MaxCascades:10]]
[2021.04.01-22.27.28:806][  0]LogConfig: Setting CVar [[r.Shadow.MaxResolution:2048]]
[2021.04.01-22.27.28:806][  0]LogConfig: Setting CVar [[r.Shadow.MaxCSMResolution:2048]]
[2021.04.01-22.27.28:806][  0]LogConfig: Setting CVar [[r.Shadow.RadiusThreshold:0.01]]
[2021.04.01-22.27.28:806][  0]LogConfig: Setting CVar [[r.Shadow.DistanceScale:1.0]]
[2021.04.01-22.27.28:806][  0]LogConfig: Setting CVar [[r.Shadow.CSM.TransitionScale:1.0]]
[2021.04.01-22.27.28:806][  0]LogConfig: Setting CVar [[r.Shadow.PreShadowResolutionFactor:1.0]]
[2021.04.01-22.27.28:807][  0]LogConfig: Setting CVar [[r.DistanceFieldShadowing:1]]
[2021.04.01-22.27.28:807][  0]LogConfig: Setting CVar [[r.DistanceFieldAO:1]]
[2021.04.01-22.27.28:807][  0]LogConfig: Setting CVar [[r.AOQuality:2]]
[2021.04.01-22.27.28:807][  0]LogConfig: Setting CVar [[r.VolumetricFog:1]]
[2021.04.01-22.27.28:807][  0]LogConfig: Setting CVar [[r.VolumetricFog.GridPixelSize:8]]
[2021.04.01-22.27.28:807][  0]LogConfig: Setting CVar [[r.VolumetricFog.GridSizeZ:128]]
[2021.04.01-22.27.28:807][  0]LogConfig: Setting CVar [[r.VolumetricFog.HistoryMissSupersampleCount:4]]
[2021.04.01-22.27.28:807][  0]LogConfig: Setting CVar [[r.LightMaxDrawDistanceScale:1]]
[2021.04.01-22.27.28:807][  0]LogConfig: Setting CVar [[r.CapsuleShadows:1]]
[2021.04.01-22.27.28:807][  0]LogConfig: Applying CVar settings from Section [PostProcessQuality@3] File [C:/Users/sethg/Desktop/High Level Development II/W21_GAM1528_NoNameYet/TowerDefence/Saved/Config/Windows/Scalability.ini]
[2021.04.01-22.27.28:807][  0]LogConfig: Setting CVar [[r.MotionBlurQuality:4]]
[2021.04.01-22.27.28:808][  0]LogConfig: Setting CVar [[r.AmbientOcclusionMipLevelFactor:0.4]]
[2021.04.01-22.27.28:808][  0]LogConfig: Setting CVar [[r.AmbientOcclusionMaxQuality:100]]
[2021.04.01-22.27.28:808][  0]LogConfig: Setting CVar [[r.AmbientOcclusionLevels:-1]]
[2021.04.01-22.27.28:808][  0]LogConfig: Setting CVar [[r.AmbientOcclusionRadiusScale:1.0]]
[2021.04.01-22.27.28:808][  0]LogConfig: Setting CVar [[r.DepthOfFieldQuality:2]]
[2021.04.01-22.27.28:808][  0]LogConfig: Setting CVar [[r.RenderTargetPoolMin:400]]
[2021.04.01-22.27.28:808][  0]LogConfig: Setting CVar [[r.LensFlareQuality:2]]
[2021.04.01-22.27.28:808][  0]LogConfig: Setting CVar [[r.SceneColorFringeQuality:1]]
[2021.04.01-22.27.28:808][  0]LogConfig: Setting CVar [[r.EyeAdaptationQuality:2]]
[2021.04.01-22.27.28:808][  0]LogConfig: Setting CVar [[r.BloomQuality:5]]
[2021.04.01-22.27.28:808][  0]LogConfig: Setting CVar [[r.FastBlurThreshold:100]]
[2021.04.01-22.27.28:808][  0]LogConfig: Setting CVar [[r.Upscale.Quality:3]]
[2021.04.01-22.27.28:808][  0]LogConfig: Setting CVar [[r.Tonemapper.GrainQuantization:1]]
[2021.04.01-22.27.28:809][  0]LogConfig: Setting CVar [[r.LightShaftQuality:1]]
[2021.04.01-22.27.28:809][  0]LogConfig: Setting CVar [[r.Filter.SizeScale:1]]
[2021.04.01-22.27.28:809][  0]LogConfig: Setting CVar [[r.Tonemapper.Quality:5]]
[2021.04.01-22.27.28:809][  0]LogConfig: Setting CVar [[r.DOF.Gather.AccumulatorQuality:1        ; higher gathering accumulator quality]]
[2021.04.01-22.27.28:809][  0]LogConfig: Setting CVar [[r.DOF.Gather.PostfilterMethod:1          ; Median3x3 postfilering method]]
[2021.04.01-22.27.28:809][  0]LogConfig: Setting CVar [[r.DOF.Gather.EnableBokehSettings:0       ; no bokeh simulation when gathering]]
[2021.04.01-22.27.28:809][  0]LogConfig: Setting CVar [[r.DOF.Gather.RingCount:4                 ; medium number of samples when gathering]]
[2021.04.01-22.27.28:809][  0]LogConfig: Setting CVar [[r.DOF.Scatter.ForegroundCompositing:1    ; additive foreground scattering]]
[2021.04.01-22.27.28:809][  0]LogConfig: Setting CVar [[r.DOF.Scatter.BackgroundCompositing:2    ; additive background scattering]]
[2021.04.01-22.27.28:809][  0]LogConfig: Setting CVar [[r.DOF.Scatter.EnableBokehSettings:1      ; bokeh simulation when scattering]]
[2021.04.01-22.27.28:810][  0]LogConfig: Setting CVar [[r.DOF.Scatter.MaxSpriteRatio:0.1         ; only a maximum of 10% of scattered bokeh]]
[2021.04.01-22.27.28:810][  0]LogConfig: Setting CVar [[r.DOF.Recombine.Quality:1                ; cheap slight out of focus]]
[2021.04.01-22.27.28:810][  0]LogConfig: Setting CVar [[r.DOF.Recombine.EnableBokehSettings:0    ; no bokeh simulation on slight out of focus]]
[2021.04.01-22.27.28:810][  0]LogConfig: Setting CVar [[r.DOF.TemporalAAQuality:1                ; more stable temporal accumulation]]
[2021.04.01-22.27.28:810][  0]LogConfig: Setting CVar [[r.DOF.Kernel.MaxForegroundRadius:0.025]]
[2021.04.01-22.27.28:810][  0]LogConfig: Setting CVar [[r.DOF.Kernel.MaxBackgroundRadius:0.025]]
[2021.04.01-22.27.28:810][  0]LogConfig: Applying CVar settings from Section [TextureQuality@3] File [C:/Users/sethg/Desktop/High Level Development II/W21_GAM1528_NoNameYet/TowerDefence/Saved/Config/Windows/Scalability.ini]
[2021.04.01-22.27.28:810][  0]LogConfig: Setting CVar [[r.Streaming.MipBias:0]]
[2021.04.01-22.27.28:810][  0]LogConfig: Setting CVar [[r.Streaming.AmortizeCPUToGPUCopy:0]]
[2021.04.01-22.27.28:810][  0]LogConfig: Setting CVar [[r.Streaming.MaxNumTexturesToStreamPerFrame:0]]
[2021.04.01-22.27.28:810][  0]LogConfig: Setting CVar [[r.Streaming.Boost:1]]
[2021.04.01-22.27.28:811][  0]LogConfig: Setting CVar [[r.MaxAnisotropy:8]]
[2021.04.01-22.27.28:811][  0]LogConfig: Setting CVar [[r.VT.MaxAnisotropy:8]]
[2021.04.01-22.27.28:811][  0]LogConfig: Setting CVar [[r.Streaming.LimitPoolSizeToVRAM:0]]
[2021.04.01-22.27.28:811][  0]LogConfig: Setting CVar [[r.Streaming.PoolSize:1000]]
[2021.04.01-22.27.28:811][  0]LogConfig: Setting CVar [[r.Streaming.MaxEffectiveScreenSize:0]]
[2021.04.01-22.27.28:811][  0]LogConfig: Applying CVar settings from Section [EffectsQuality@3] File [C:/Users/sethg/Desktop/High Level Development II/W21_GAM1528_NoNameYet/TowerDefence/Saved/Config/Windows/Scalability.ini]
[2021.04.01-22.27.28:811][  0]LogConfig: Setting CVar [[r.TranslucencyLightingVolumeDim:64]]
[2021.04.01-22.27.28:811][  0]LogConfig: Setting CVar [[r.RefractionQuality:2]]
[2021.04.01-22.27.28:811][  0]LogConfig: Setting CVar [[r.SSR.Quality:3]]
[2021.04.01-22.27.28:812][  0]LogConfig: Setting CVar [[r.SSR.HalfResSceneColor:0]]
[2021.04.01-22.27.28:812][  0]LogConfig: Setting CVar [[r.SceneColorFormat:4]]
[2021.04.01-22.27.28:812][  0]LogConfig: Setting CVar [[r.DetailMode:2]]
[2021.04.01-22.27.28:812][  0]LogConfig: Setting CVar [[r.TranslucencyVolumeBlur:1]]
[2021.04.01-22.27.28:812][  0]LogConfig: Setting CVar [[r.MaterialQualityLevel:1 ; High quality]]
[2021.04.01-22.27.28:812][  0]LogConfig: Setting CVar [[r.SSS.Scale:1]]
[2021.04.01-22.27.28:812][  0]LogConfig: Setting CVar [[r.SSS.SampleSet:2]]
[2021.04.01-22.27.28:812][  0]LogConfig: Setting CVar [[r.SSS.Quality:1]]
[2021.04.01-22.27.28:812][  0]LogConfig: Setting CVar [[r.SSS.HalfRes:0]]
[2021.04.01-22.27.28:812][  0]LogConfig: Setting CVar [[r.SSGI.Quality:3]]
[2021.04.01-22.27.28:812][  0]LogConfig: Setting CVar [[r.EmitterSpawnRateScale:1.0]]
[2021.04.01-22.27.28:812][  0]LogConfig: Setting CVar [[r.ParticleLightQuality:2]]
[2021.04.01-22.27.28:812][  0]LogConfig: Setting CVar [[r.SkyAtmosphere.AerialPerspectiveLUT.FastApplyOnOpaque:1 ; Always have FastSkyLUT 1 in this case to avoid wrong sky]]
[2021.04.01-22.27.28:813][  0]LogConfig: Setting CVar [[r.SkyAtmosphere.AerialPerspectiveLUT.SampleCountPerSlice:1]]
[2021.04.01-22.27.28:813][  0]LogConfig: Setting CVar [[r.SkyAtmosphere.AerialPerspectiveLUT.DepthResolution:16.0]]
[2021.04.01-22.27.28:813][  0]LogConfig: Setting CVar [[r.SkyAtmosphere.FastSkyLUT:1]]
[2021.04.01-22.27.28:813][  0]LogConfig: Setting CVar [[r.SkyAtmosphere.FastSkyLUT.SampleCountMin:4.0]]
[2021.04.01-22.27.28:813][  0]LogConfig: Setting CVar [[r.SkyAtmosphere.FastSkyLUT.SampleCountMax:32.0]]
[2021.04.01-22.27.28:813][  0]LogConfig: Setting CVar [[r.SkyAtmosphere.SampleCountMin:4.0]]
[2021.04.01-22.27.28:813][  0]LogConfig: Setting CVar [[r.SkyAtmosphere.SampleCountMax:32.0]]
[2021.04.01-22.27.28:813][  0]LogConfig: Setting CVar [[r.SkyAtmosphere.TransmittanceLUT.UseSmallFormat:0]]
[2021.04.01-22.27.28:813][  0]LogConfig: Setting CVar [[r.SkyAtmosphere.TransmittanceLUT.SampleCount:10.0]]
[2021.04.01-22.27.28:813][  0]LogConfig: Setting CVar [[r.SkyAtmosphere.MultiScatteringLUT.SampleCount:15.0]]
[2021.04.01-22.27.28:813][  0]LogConfig: Applying CVar settings from Section [FoliageQuality@3] File [C:/Users/sethg/Desktop/High Level Development II/W21_GAM1528_NoNameYet/TowerDefence/Saved/Config/Windows/Scalability.ini]
[2021.04.01-22.27.28:814][  0]LogConfig: Setting CVar [[foliage.DensityScale:1.0]]
[2021.04.01-22.27.28:814][  0]LogConfig: Setting CVar [[grass.DensityScale:1.0]]
[2021.04.01-22.27.28:814][  0]LogConfig: Applying CVar settings from Section [ShadingQuality@3] File [C:/Users/sethg/Desktop/High Level Development II/W21_GAM1528_NoNameYet/TowerDefence/Saved/Config/Windows/Scalability.ini]
[2021.04.01-22.27.28:814][  0]LogConfig: Setting CVar [[r.HairStrands.SkyLighting.SampleCount:16]]
[2021.04.01-22.27.28:814][  0]LogConfig: Setting CVar [[r.HairStrands.SkyLighting.JitterIntegration:0]]
[2021.04.01-22.27.28:814][  0]LogConfig: Setting CVar [[r.HairStrands.SkyAO.SampleCount:16]]
[2021.04.01-22.27.28:814][  0]LogConfig: Setting CVar [[r.HairStrands.DeepShadow.SuperSampling:0]]
[2021.04.01-22.27.28:814][  0]LogConfig: Setting CVar [[r.HairStrands.VisibilityPPLL:0]]
[2021.04.01-22.27.28:814][  0]LogConfig: Setting CVar [[r.HairStrands.RasterizationScale:0.5]]
[2021.04.01-22.27.28:814][  0]LogConfig: Setting CVar [[r.HairStrands.VelocityRasterizationScale:1]]
[2021.04.01-22.27.28:814][  0]LogInit: Selected Device Profile: [Windows]
[2021.04.01-22.27.28:814][  0]LogInit: Applying CVar settings loaded from the selected device profile: [Windows]
[2021.04.01-22.27.28:814][  0]LogHAL: Display: Platform has ~ 16 GB [17023397888 / 17179869184 / 16], which maps to Larger [LargestMinGB=32, LargerMinGB=12, DefaultMinGB=8, SmallerMinGB=6, SmallestMinGB=0)
[2021.04.01-22.27.28:815][  0]LogInit: Going up to parent DeviceProfile []
[2021.04.01-22.27.28:815][  0]LogConfig: Applying CVar settings from Section [ViewDistanceQuality@3] File [C:/Users/sethg/Desktop/High Level Development II/W21_GAM1528_NoNameYet/TowerDefence/Saved/Config/Windows/Scalability.ini]
[2021.04.01-22.27.28:815][  0]LogConfig: Setting CVar [[r.SkeletalMeshLODBias:0]]
[2021.04.01-22.27.28:815][  0]LogConfig: Setting CVar [[r.ViewDistanceScale:1.0]]
[2021.04.01-22.27.28:815][  0]LogConfig: Applying CVar settings from Section [AntiAliasingQuality@3] File [C:/Users/sethg/Desktop/High Level Development II/W21_GAM1528_NoNameYet/TowerDefence/Saved/Config/Windows/Scalability.ini]
[2021.04.01-22.27.28:815][  0]LogConfig: Setting CVar [[r.PostProcessAAQuality:4]]
[2021.04.01-22.27.28:815][  0]LogConfig: Applying CVar settings from Section [ShadowQuality@3] File [C:/Users/sethg/Desktop/High Level Development II/W21_GAM1528_NoNameYet/TowerDefence/Saved/Config/Windows/Scalability.ini]
[2021.04.01-22.27.28:815][  0]LogConfig: Setting CVar [[r.LightFunctionQuality:1]]
[2021.04.01-22.27.28:815][  0]LogConfig: Setting CVar [[r.ShadowQuality:5]]
[2021.04.01-22.27.28:815][  0]LogConfig: Setting CVar [[r.Shadow.CSM.MaxCascades:10]]
[2021.04.01-22.27.28:816][  0]LogConfig: Setting CVar [[r.Shadow.MaxResolution:2048]]
[2021.04.01-22.27.28:816][  0]LogConfig: Setting CVar [[r.Shadow.MaxCSMResolution:2048]]
[2021.04.01-22.27.28:816][  0]LogConfig: Setting CVar [[r.Shadow.RadiusThreshold:0.01]]
[2021.04.01-22.27.28:816][  0]LogConfig: Setting CVar [[r.Shadow.DistanceScale:1.0]]
[2021.04.01-22.27.28:816][  0]LogConfig: Setting CVar [[r.Shadow.CSM.TransitionScale:1.0]]
[2021.04.01-22.27.28:816][  0]LogConfig: Setting CVar [[r.Shadow.PreShadowResolutionFactor:1.0]]
[2021.04.01-22.27.28:816][  0]LogConfig: Setting CVar [[r.DistanceFieldShadowing:1]]
[2021.04.01-22.27.28:816][  0]LogConfig: Setting CVar [[r.DistanceFieldAO:1]]
[2021.04.01-22.27.28:816][  0]LogConfig: Setting CVar [[r.AOQuality:2]]
[2021.04.01-22.27.28:816][  0]LogConfig: Setting CVar [[r.VolumetricFog:1]]
[2021.04.01-22.27.28:816][  0]LogConfig: Setting CVar [[r.VolumetricFog.GridPixelSize:8]]
[2021.04.01-22.27.28:817][  0]LogConfig: Setting CVar [[r.VolumetricFog.GridSizeZ:128]]
[2021.04.01-22.27.28:817][  0]LogConfig: Setting CVar [[r.VolumetricFog.HistoryMissSupersampleCount:4]]
[2021.04.01-22.27.28:817][  0]LogConfig: Setting CVar [[r.LightMaxDrawDistanceScale:1]]
[2021.04.01-22.27.28:817][  0]LogConfig: Setting CVar [[r.CapsuleShadows:1]]
[2021.04.01-22.27.28:817][  0]LogConfig: Applying CVar settings from Section [PostProcessQuality@3] File [C:/Users/sethg/Desktop/High Level Development II/W21_GAM1528_NoNameYet/TowerDefence/Saved/Config/Windows/Scalability.ini]
[2021.04.01-22.27.28:817][  0]LogConfig: Setting CVar [[r.MotionBlurQuality:4]]
[2021.04.01-22.27.28:817][  0]LogConfig: Setting CVar [[r.AmbientOcclusionMipLevelFactor:0.4]]
[2021.04.01-22.27.28:817][  0]LogConfig: Setting CVar [[r.AmbientOcclusionMaxQuality:100]]
[2021.04.01-22.27.28:817][  0]LogConfig: Setting CVar [[r.AmbientOcclusionLevels:-1]]
[2021.04.01-22.27.28:817][  0]LogConfig: Setting CVar [[r.AmbientOcclusionRadiusScale:1.0]]
[2021.04.01-22.27.28:818][  0]LogConfig: Setting CVar [[r.DepthOfFieldQuality:2]]
[2021.04.01-22.27.28:818][  0]LogConfig: Setting CVar [[r.RenderTargetPoolMin:400]]
[2021.04.01-22.27.28:818][  0]LogConfig: Setting CVar [[r.LensFlareQuality:2]]
[2021.04.01-22.27.28:818][  0]LogConfig: Setting CVar [[r.SceneColorFringeQuality:1]]
[2021.04.01-22.27.28:818][  0]LogConfig: Setting CVar [[r.EyeAdaptationQuality:2]]
[2021.04.01-22.27.28:818][  0]LogConfig: Setting CVar [[r.BloomQuality:5]]
[2021.04.01-22.27.28:818][  0]LogConfig: Setting CVar [[r.FastBlurThreshold:100]]
[2021.04.01-22.27.28:818][  0]LogConfig: Setting CVar [[r.Upscale.Quality:3]]
[2021.04.01-22.27.28:818][  0]LogConfig: Setting CVar [[r.Tonemapper.GrainQuantization:1]]
[2021.04.01-22.27.28:818][  0]LogConfig: Setting CVar [[r.LightShaftQuality:1]]
[2021.04.01-22.27.28:818][  0]LogConfig: Setting CVar [[r.Filter.SizeScale:1]]
[2021.04.01-22.27.28:818][  0]LogConfig: Setting CVar [[r.Tonemapper.Quality:5]]
[2021.04.01-22.27.28:819][  0]LogConfig: Setting CVar [[r.DOF.Gather.AccumulatorQuality:1        ; higher gathering accumulator quality]]
[2021.04.01-22.27.28:819][  0]LogConfig: Setting CVar [[r.DOF.Gather.PostfilterMethod:1          ; Median3x3 postfilering method]]
[2021.04.01-22.27.28:819][  0]LogConfig: Setting CVar [[r.DOF.Gather.EnableBokehSettings:0       ; no bokeh simulation when gathering]]
[2021.04.01-22.27.28:819][  0]LogConfig: Setting CVar [[r.DOF.Gather.RingCount:4                 ; medium number of samples when gathering]]
[2021.04.01-22.27.28:819][  0]LogConfig: Setting CVar [[r.DOF.Scatter.ForegroundCompositing:1    ; additive foreground scattering]]
[2021.04.01-22.27.28:819][  0]LogConfig: Setting CVar [[r.DOF.Scatter.BackgroundCompositing:2    ; additive background scattering]]
[2021.04.01-22.27.28:819][  0]LogConfig: Setting CVar [[r.DOF.Scatter.EnableBokehSettings:1      ; bokeh simulation when scattering]]
[2021.04.01-22.27.28:819][  0]LogConfig: Setting CVar [[r.DOF.Scatter.MaxSpriteRatio:0.1         ; only a maximum of 10% of scattered bokeh]]
[2021.04.01-22.27.28:819][  0]LogConfig: Setting CVar [[r.DOF.Recombine.Quality:1                ; cheap slight out of focus]]
[2021.04.01-22.27.28:819][  0]LogConfig: Setting CVar [[r.DOF.Recombine.EnableBokehSettings:0    ; no bokeh simulation on slight out of focus]]
[2021.04.01-22.27.28:819][  0]LogConfig: Setting CVar [[r.DOF.TemporalAAQuality:1                ; more stable temporal accumulation]]
[2021.04.01-22.27.28:819][  0]LogConfig: Setting CVar [[r.DOF.Kernel.MaxForegroundRadius:0.025]]
[2021.04.01-22.27.28:820][  0]LogConfig: Setting CVar [[r.DOF.Kernel.MaxBackgroundRadius:0.025]]
[2021.04.01-22.27.28:820][  0]LogConfig: Applying CVar settings from Section [TextureQuality@3] File [C:/Users/sethg/Desktop/High Level Development II/W21_GAM1528_NoNameYet/TowerDefence/Saved/Config/Windows/Scalability.ini]
[2021.04.01-22.27.28:820][  0]LogConfig: Setting CVar [[r.Streaming.MipBias:0]]
[2021.04.01-22.27.28:820][  0]LogConfig: Setting CVar [[r.Streaming.AmortizeCPUToGPUCopy:0]]
[2021.04.01-22.27.28:820][  0]LogConfig: Setting CVar [[r.Streaming.MaxNumTexturesToStreamPerFrame:0]]
[2021.04.01-22.27.28:820][  0]LogConfig: Setting CVar [[r.Streaming.Boost:1]]
[2021.04.01-22.27.28:820][  0]LogConfig: Setting CVar [[r.MaxAnisotropy:8]]
[2021.04.01-22.27.28:820][  0]LogConfig: Setting CVar [[r.VT.MaxAnisotropy:8]]
[2021.04.01-22.27.28:820][  0]LogConfig: Setting CVar [[r.Streaming.LimitPoolSizeToVRAM:0]]
[2021.04.01-22.27.28:820][  0]LogConfig: Setting CVar [[r.Streaming.PoolSize:1000]]
[2021.04.01-22.27.28:820][  0]LogConfig: Setting CVar [[r.Streaming.MaxEffectiveScreenSize:0]]
[2021.04.01-22.27.28:820][  0]LogConfig: Applying CVar settings from Section [EffectsQuality@3] File [C:/Users/sethg/Desktop/High Level Development II/W21_GAM1528_NoNameYet/TowerDefence/Saved/Config/Windows/Scalability.ini]
[2021.04.01-22.27.28:820][  0]LogConfig: Setting CVar [[r.TranslucencyLightingVolumeDim:64]]
[2021.04.01-22.27.28:820][  0]LogConfig: Setting CVar [[r.RefractionQuality:2]]
[2021.04.01-22.27.28:820][  0]LogConfig: Setting CVar [[r.SSR.Quality:3]]
[2021.04.01-22.27.28:820][  0]LogConfig: Setting CVar [[r.SSR.HalfResSceneColor:0]]
[2021.04.01-22.27.28:821][  0]LogConfig: Setting CVar [[r.SceneColorFormat:4]]
[2021.04.01-22.27.28:821][  0]LogConfig: Setting CVar [[r.DetailMode:2]]
[2021.04.01-22.27.28:821][  0]LogConfig: Setting CVar [[r.TranslucencyVolumeBlur:1]]
[2021.04.01-22.27.28:821][  0]LogConfig: Setting CVar [[r.MaterialQualityLevel:1 ; High quality]]
[2021.04.01-22.27.28:821][  0]LogConfig: Setting CVar [[r.SSS.Scale:1]]
[2021.04.01-22.27.28:821][  0]LogConfig: Setting CVar [[r.SSS.SampleSet:2]]
[2021.04.01-22.27.28:821][  0]LogConfig: Setting CVar [[r.SSS.Quality:1]]
[2021.04.01-22.27.28:821][  0]LogConfig: Setting CVar [[r.SSS.HalfRes:0]]
[2021.04.01-22.27.28:821][  0]LogConfig: Setting CVar [[r.SSGI.Quality:3]]
[2021.04.01-22.27.28:821][  0]LogConfig: Setting CVar [[r.EmitterSpawnRateScale:1.0]]
[2021.04.01-22.27.28:821][  0]LogConfig: Setting CVar [[r.ParticleLightQuality:2]]
[2021.04.01-22.27.28:821][  0]LogConfig: Setting CVar [[r.SkyAtmosphere.AerialPerspectiveLUT.FastApplyOnOpaque:1 ; Always have FastSkyLUT 1 in this case to avoid wrong sky]]
[2021.04.01-22.27.28:822][  0]LogConfig: Setting CVar [[r.SkyAtmosphere.AerialPerspectiveLUT.SampleCountPerSlice:1]]
[2021.04.01-22.27.28:822][  0]LogConfig: Setting CVar [[r.SkyAtmosphere.AerialPerspectiveLUT.DepthResolution:16.0]]
[2021.04.01-22.27.28:822][  0]LogConfig: Setting CVar [[r.SkyAtmosphere.FastSkyLUT:1]]
[2021.04.01-22.27.28:822][  0]LogConfig: Setting CVar [[r.SkyAtmosphere.FastSkyLUT.SampleCountMin:4.0]]
[2021.04.01-22.27.28:822][  0]LogConfig: Setting CVar [[r.SkyAtmosphere.FastSkyLUT.SampleCountMax:32.0]]
[2021.04.01-22.27.28:822][  0]LogConfig: Setting CVar [[r.SkyAtmosphere.SampleCountMin:4.0]]
[2021.04.01-22.27.28:822][  0]LogConfig: Setting CVar [[r.SkyAtmosphere.SampleCountMax:32.0]]
[2021.04.01-22.27.28:822][  0]LogConfig: Setting CVar [[r.SkyAtmosphere.TransmittanceLUT.UseSmallFormat:0]]
[2021.04.01-22.27.28:822][  0]LogConfig: Setting CVar [[r.SkyAtmosphere.TransmittanceLUT.SampleCount:10.0]]
[2021.04.01-22.27.28:822][  0]LogConfig: Setting CVar [[r.SkyAtmosphere.MultiScatteringLUT.SampleCount:15.0]]
[2021.04.01-22.27.28:822][  0]LogConfig: Applying CVar settings from Section [FoliageQuality@3] File [C:/Users/sethg/Desktop/High Level Development II/W21_GAM1528_NoNameYet/TowerDefence/Saved/Config/Windows/Scalability.ini]
[2021.04.01-22.27.28:822][  0]LogConfig: Setting CVar [[foliage.DensityScale:1.0]]
[2021.04.01-22.27.28:822][  0]LogConfig: Setting CVar [[grass.DensityScale:1.0]]
[2021.04.01-22.27.28:822][  0]LogConfig: Applying CVar settings from Section [ShadingQuality@3] File [C:/Users/sethg/Desktop/High Level Development II/W21_GAM1528_NoNameYet/TowerDefence/Saved/Config/Windows/Scalability.ini]
[2021.04.01-22.27.28:823][  0]LogConfig: Setting CVar [[r.HairStrands.SkyLighting.SampleCount:16]]
[2021.04.01-22.27.28:823][  0]LogConfig: Setting CVar [[r.HairStrands.SkyLighting.JitterIntegration:0]]
[2021.04.01-22.27.28:823][  0]LogConfig: Setting CVar [[r.HairStrands.SkyAO.SampleCount:16]]
[2021.04.01-22.27.28:823][  0]LogConfig: Setting CVar [[r.HairStrands.DeepShadow.SuperSampling:0]]
[2021.04.01-22.27.28:823][  0]LogConfig: Setting CVar [[r.HairStrands.VisibilityPPLL:0]]
[2021.04.01-22.27.28:823][  0]LogConfig: Setting CVar [[r.HairStrands.RasterizationScale:0.5]]
[2021.04.01-22.27.28:823][  0]LogConfig: Setting CVar [[r.HairStrands.VelocityRasterizationScale:1]]
[2021.04.01-22.27.28:823][  0]LogConfig: Applying CVar settings from Section [Startup] File [../../../Engine/Config/ConsoleVariables.ini]
[2021.04.01-22.27.28:823][  0]LogConfig: Setting CVar [[net.UseAdaptiveNetUpdateFrequency:0]]
[2021.04.01-22.27.28:823][  0]LogConfig: Setting CVar [[p.chaos.AllowCreatePhysxBodies:1]]
[2021.04.01-22.27.28:823][  0]LogConfig: Setting CVar [[fx.SkipVectorVMBackendOptimizations:1]]
[2021.04.01-22.27.28:824][  0]LogConfig: Applying CVar settings from Section [ConsoleVariables] File [C:/Users/sethg/Desktop/High Level Development II/W21_GAM1528_NoNameYet/TowerDefence/Saved/Config/Windows/Engine.ini]
[2021.04.01-22.27.28:824][  0]LogInit: Computer: LAPTOP-K3PBHEDP
[2021.04.01-22.27.28:824][  0]LogInit: User: sethg
[2021.04.01-22.27.28:824][  0]LogInit: CPU Page size=4096, Cores=6
[2021.04.01-22.27.28:824][  0]LogInit: High frequency timer resolution =10.000000 MHz
[2021.04.01-22.27.28:824][  0]LogMemory: Memory total: Physical=15.9GB (16GB approx)
[2021.04.01-22.27.28:824][  0]LogMemory: Platform Memory Stats for Windows
[2021.04.01-22.27.28:824][  0]LogMemory: Process Physical Memory: 115.62 MB used, 115.63 MB peak
[2021.04.01-22.27.28:824][  0]LogMemory: Process Virtual Memory: 97.38 MB used, 97.38 MB peak
[2021.04.01-22.27.28:824][  0]LogMemory: Physical Memory: 13240.50 MB used,  2994.28 MB free, 16234.78 MB total
[2021.04.01-22.27.28:825][  0]LogMemory: Virtual Memory: 5164.95 MB used,  134212560.00 MB free, 134217728.00 MB total
[2021.04.01-22.27.28:838][  0]LogWindows: WindowsPlatformFeatures enabled
[2021.04.01-22.27.29:153][  0]LogInit: Physics initialised using underlying interface: PhysX
[2021.04.01-22.27.29:154][  0]LogInit: Using OS detected language (en-US).
[2021.04.01-22.27.29:154][  0]LogInit: Using OS detected locale (en-CA).
[2021.04.01-22.27.29:156][  0]LogTextLocalizationManager: No specific localization for 'en-US' exists, so the 'en' localization will be used.
[2021.04.01-22.27.29:351][  0]LogInit: Setting process to per monitor DPI aware
[2021.04.01-22.27.29:424][  0]LogSlate: New Slate User Created.  User Index 0, Is Virtual User: 0
[2021.04.01-22.27.29:424][  0]LogSlate: Slate User Registered.  User Index 0, Is Virtual User: 0
[2021.04.01-22.27.29:942][  0]LogHMD: Failed to initialize OpenVR with code 110
[2021.04.01-22.27.29:942][  0]LogD3D11RHI: D3D11 min allowed feature level: 11_0
[2021.04.01-22.27.29:943][  0]LogD3D11RHI: D3D11 max allowed feature level: 11_0
[2021.04.01-22.27.29:943][  0]LogD3D11RHI: D3D11 adapters:
[2021.04.01-22.27.30:239][  0]LogD3D11RHI:    0. 'NVIDIA GeForce GTX 1060' (Feature Level 11_0)
[2021.04.01-22.27.30:239][  0]LogD3D11RHI:       6052/0/8117 MB DedicatedVideo/DedicatedSystem/SharedSystem, Outputs:1, VendorId:0x10de
[2021.04.01-22.27.30:302][  0]LogD3D11RHI:    1. 'Intel(R) UHD Graphics 630' (Feature Level 11_0)
[2021.04.01-22.27.30:303][  0]LogD3D11RHI:       128/0/8117 MB DedicatedVideo/DedicatedSystem/SharedSystem, Outputs:0, VendorId:0x8086
[2021.04.01-22.27.30:315][  0]LogD3D11RHI:    2. 'Microsoft Basic Render Driver' (Feature Level 11_0)
[2021.04.01-22.27.30:315][  0]LogD3D11RHI:       0/0/8117 MB DedicatedVideo/DedicatedSystem/SharedSystem, Outputs:0, VendorId:0x1414
[2021.04.01-22.27.30:315][  0]LogD3D11RHI: Chosen D3D11 Adapter: 0
[2021.04.01-22.27.30:330][  0]LogD3D11RHI: Creating new Direct3DDevice
[2021.04.01-22.27.30:331][  0]LogD3D11RHI:     GPU DeviceId: 0x1c20 (for the marketing name, search the web for "GPU Device Id")
[2021.04.01-22.27.30:331][  0]LogWindows: EnumDisplayDevices:
[2021.04.01-22.27.30:331][  0]LogWindows:    0. 'Intel(R) UHD Graphics 630' (P:1 D:1)
[2021.04.01-22.27.30:331][  0]LogWindows:    1. 'Intel(R) UHD Graphics 630' (P:0 D:0)
[2021.04.01-22.27.30:332][  0]LogWindows:    2. 'Intel(R) UHD Graphics 630' (P:0 D:0)
[2021.04.01-22.27.30:332][  0]LogWindows:    3. 'NVIDIA GeForce GTX 1060' (P:0 D:0)
[2021.04.01-22.27.30:332][  0]LogWindows: DebugString: PrimaryIsNotTheChoosenAdapter PrimaryIsNotTheChoosenAdapter PrimaryIsNotTheChoosenAdapter 
[2021.04.01-22.27.30:333][  0]LogD3D11RHI:     Adapter Name: NVIDIA GeForce GTX 1060
[2021.04.01-22.27.30:333][  0]LogD3D11RHI:   Driver Version: 461.92 (internal:27.21.14.6192, unified:461.92)
[2021.04.01-22.27.30:333][  0]LogD3D11RHI:      Driver Date: 3-10-2021
[2021.04.01-22.27.30:333][  0]LogRHI: Texture pool is 4236 MB (70% of 6052 MB)
[2021.04.01-22.27.30:433][  0]LogD3D11RHI: RHI has support for 64 bit atomics
[2021.04.01-22.27.30:437][  0]LogD3D11RHI: [Aftermath] Enabled and primed
[2021.04.01-22.27.30:438][  0]LogD3D11RHI: Async texture creation enabled
[2021.04.01-22.27.30:438][  0]LogD3D11RHI: Array index from any shader is supported
[2021.04.01-22.27.30:512][  0]LogD3D11RHI: GPU Timing Frequency: 1000.000000 (Debug: 2 1)
[2021.04.01-22.27.30:980][  0]LogTargetPlatformManager: Display: Loaded TargetPlatform 'AllDesktop'
[2021.04.01-22.27.31:011][  0]LogTargetPlatformManager: Display: Loaded TargetPlatform 'Android'
[2021.04.01-22.27.31:011][  0]LogTargetPlatformManager: Display: Loaded TargetPlatform 'Android_ASTC'
[2021.04.01-22.27.31:011][  0]LogTargetPlatformManager: Display: Loaded TargetPlatform 'Android_DXT'
[2021.04.01-22.27.31:011][  0]LogTargetPlatformManager: Display: Loaded TargetPlatform 'Android_ETC2'
[2021.04.01-22.27.31:011][  0]LogTargetPlatformManager: Display: Loaded TargetPlatform 'AndroidClient'
[2021.04.01-22.27.31:011][  0]LogTargetPlatformManager: Display: Loaded TargetPlatform 'Android_ASTCClient'
[2021.04.01-22.27.31:011][  0]LogTargetPlatformManager: Display: Loaded TargetPlatform 'Android_DXTClient'
[2021.04.01-22.27.31:011][  0]LogTargetPlatformManager: Display: Loaded TargetPlatform 'Android_ETC2Client'
[2021.04.01-22.27.31:012][  0]LogTargetPlatformManager: Display: Loaded TargetPlatform 'Android_Multi'
[2021.04.01-22.27.31:012][  0]LogTargetPlatformManager: Display: Loaded TargetPlatform 'Android_MultiClient'
[2021.04.01-22.27.31:058][  0]LogTargetPlatformManager: Display: Loaded TargetPlatform 'IOSClient'
[2021.04.01-22.27.31:058][  0]LogTargetPlatformManager: Display: Loaded TargetPlatform 'IOS'
[2021.04.01-22.27.31:072][  0]LogTargetPlatformManager: Display: Loaded TargetPlatform 'Linux'
[2021.04.01-22.27.31:089][  0]LogTargetPlatformManager: Display: Loaded TargetPlatform 'LinuxNoEditor'
[2021.04.01-22.27.31:102][  0]LogTargetPlatformManager: Display: Loaded TargetPlatform 'LinuxClient'
[2021.04.01-22.27.31:117][  0]LogTargetPlatformManager: Display: Loaded TargetPlatform 'LinuxServer'
[2021.04.01-22.27.31:131][  0]LogTargetPlatformManager: Display: Loaded TargetPlatform 'LinuxAArch64NoEditor'
[2021.04.01-22.27.31:145][  0]LogTargetPlatformManager: Display: Loaded TargetPlatform 'LinuxAArch64Client'
[2021.04.01-22.27.31:159][  0]LogTargetPlatformManager: Display: Loaded TargetPlatform 'LinuxAArch64Server'
[2021.04.01-22.27.31:193][  0]LogTargetPlatformManager: Display: Loaded TargetPlatform 'Lumin'
[2021.04.01-22.27.31:194][  0]LogTargetPlatformManager: Display: Loaded TargetPlatform 'LuminClient'
[2021.04.01-22.27.31:216][  0]LogTargetPlatformManager: Display: Loaded TargetPlatform 'TVOSClient'
[2021.04.01-22.27.31:216][  0]LogTargetPlatformManager: Display: Loaded TargetPlatform 'TVOS'
[2021.04.01-22.27.31:231][  0]LogTargetPlatformManager: Display: Loaded TargetPlatform 'WindowsNoEditor'
[2021.04.01-22.27.31:249][  0]LogTargetPlatformManager: Display: Loaded TargetPlatform 'Windows'
[2021.04.01-22.27.31:263][  0]LogTargetPlatformManager: Display: Loaded TargetPlatform 'WindowsClient'
[2021.04.01-22.27.31:280][  0]LogTargetPlatformManager: Display: Loaded TargetPlatform 'WindowsServer'
[2021.04.01-22.27.31:280][  0]LogTargetPlatformManager: Display: Building Assets For Windows
[2021.04.01-22.27.31:303][  0]LogAudioDebug: Display: Lib vorbis DLL was dynamically loaded.
[2021.04.01-22.27.31:460][  0]LogShaderCompilers: Guid format shader working directory is -38 characters bigger than the processId version (C:/Users/sethg/Desktop/High Level Development II/W21_GAM1528_NoNameYet/TowerDefence/Intermediate/Shaders/WorkingDirectory/33280/).
[2021.04.01-22.27.31:461][  0]LogShaderCompilers: Cleaned the shader compiler working directory 'C:/Users/sethg/AppData/Local/Temp/UnrealShaderWorkingDir/303225424B18B650776C8B9E98583426/'.
[2021.04.01-22.27.31:461][  0]LogXGEController: Cleaning working directory: C:/Users/sethg/AppData/Local/Temp/UnrealXGEWorkingDir/
[2021.04.01-22.27.31:462][  0]LogXGEController: Cannot use XGE Controller as Incredibuild is not installed on this machine.
[2021.04.01-22.27.31:462][  0]LogShaderCompilers: Cannot use XGE Shader Compiler as Incredibuild is not installed on this machine.
[2021.04.01-22.27.31:462][  0]LogShaderCompilers: Display: Using Local Shader Compiler.
[2021.04.01-22.27.32:374][  0]LogDerivedDataCache: Display: Max Cache Size: 512 MB
[2021.04.01-22.27.32:445][  0]LogDerivedDataCache: Loaded boot cache 0.07s 75MB C:/Users/sethg/AppData/Local/UnrealEngine/4.25/DerivedDataCache/Boot.ddc.
[2021.04.01-22.27.32:445][  0]LogDerivedDataCache: Display: Loaded Boot cache: C:/Users/sethg/AppData/Local/UnrealEngine/4.25/DerivedDataCache/Boot.ddc
[2021.04.01-22.27.32:445][  0]LogDerivedDataCache: FDerivedDataBackendGraph:  Pak pak cache file C:/Users/sethg/Desktop/High Level Development II/W21_GAM1528_NoNameYet/TowerDefence/DerivedDataCache/DDC.ddp not found, will not use a pak cache.
[2021.04.01-22.27.32:445][  0]LogDerivedDataCache: Unable to find inner node Pak for hierarchical cache Hierarchy.
[2021.04.01-22.27.32:445][  0]LogDerivedDataCache: FDerivedDataBackendGraph:  CompressedPak pak cache file C:/Users/sethg/Desktop/High Level Development II/W21_GAM1528_NoNameYet/TowerDefence/DerivedDataCache/Compressed.ddp not found, will not use a pak cache.
[2021.04.01-22.27.32:445][  0]LogDerivedDataCache: Unable to find inner node CompressedPak for hierarchical cache Hierarchy.
[2021.04.01-22.27.32:458][  0]LogDerivedDataCache: Display: Pak cache opened for reading ../../../Engine/DerivedDataCache/Compressed.ddp.
[2021.04.01-22.27.32:458][  0]LogDerivedDataCache: FDerivedDataBackendGraph:  EnterprisePak pak cache file ../../../Enterprise/DerivedDataCache/Compressed.ddp not found, will not use a pak cache.
[2021.04.01-22.27.32:458][  0]LogDerivedDataCache: Unable to find inner node EnterprisePak for hierarchical cache Hierarchy.
[2021.04.01-22.27.32:461][  0]LogDerivedDataCache: Using Local data cache path C:/Users/sethg/AppData/Local/UnrealEngine/Common/DerivedDataCache: Writable
[2021.04.01-22.27.32:461][  0]LogDerivedDataCache: Shared data cache path not found in *engine.ini, will not use an Shared cache.
[2021.04.01-22.27.32:461][  0]LogDerivedDataCache: Unable to find inner node Shared for hierarchical cache Hierarchy.
[2021.04.01-22.27.32:515][  0]LogSlate: Using FreeType 2.10.0
[2021.04.01-22.27.32:516][  0]LogSlate: SlateFontServices - WITH_FREETYPE: 1, WITH_HARFBUZZ: 1
[2021.04.01-22.27.32:555][  0]LogAssetRegistry: FAssetRegistry took 0.0060 seconds to start up
[2021.04.01-22.27.32:847][  0]LogInit: Selected Device Profile: [Windows]
[2021.04.01-22.27.33:021][  0]LogMeshReduction: Using QuadricMeshReduction for automatic static mesh reduction
[2021.04.01-22.27.33:021][  0]LogMeshReduction: Using SimplygonMeshReduction for automatic skeletal mesh reduction
[2021.04.01-22.27.33:021][  0]LogMeshReduction: Using ProxyLODMeshReduction for automatic mesh merging
[2021.04.01-22.27.33:021][  0]LogMeshReduction: No distributed automatic mesh merging module available
[2021.04.01-22.27.33:021][  0]LogMeshMerging: No distributed automatic mesh merging module available
[2021.04.01-22.27.33:048][  0]LogNetVersion: TowerDefence 1.0.0, NetCL: 13144385, EngineNetVer: 14, GameNetVer: 0 (Checksum: 2510641227)
[2021.04.01-22.27.33:614][  0]LogAISub: UAISubsystem::UAISubsystem AISubsystem (00000272BCDDC380), frame # 0
[2021.04.01-22.27.33:614][  0]LogAISub: UAISubsystem::UAISubsystem AIPerceptionSystem (00000272BCD1BC40), frame # 0
[2021.04.01-22.27.33:617][  0]LogAISub: UAISubsystem::UAISubsystem EnvQueryManager (00000272BCDA0A00), frame # 0
[2021.04.01-22.27.33:716][  0]LogPackageLocalizationCache: Processed 19 localized package path(s) for 1 prioritized culture(s) in 0.089244 seconds
[2021.04.01-22.27.33:721][  0]LogUObjectArray: 15917 objects as part of root set at end of initial load.
[2021.04.01-22.27.33:721][  0]LogUObjectAllocator: 3965568 out of 0 bytes used by permanent object pool.
[2021.04.01-22.27.33:721][  0]LogUObjectArray: CloseDisregardForGC: 0/0 objects in disregard for GC pool
[2021.04.01-22.27.34:323][  0]LogTcpMessaging: Initializing TcpMessaging bridge
[2021.04.01-22.27.34:331][  0]LogUdpMessaging: Initializing bridge on interface 0.0.0.0:0 to multicast group 230.0.0.1:6666.
[2021.04.01-22.27.34:534][  0]SourceControl: Source control is disabled
[2021.04.01-22.27.34:535][  0]SourceControl: Source control is disabled
[2021.04.01-22.27.34:540][  0]SourceControl: Source control is disabled
[2021.04.01-22.27.34:548][  0]SourceControl: Source control is disabled
[2021.04.01-22.27.34:563][  0]SourceControl: Source control is disabled
[2021.04.01-22.27.35:073][  0]LogAndroidPermission: UAndroidPermissionCallbackProxy::GetInstance
[2021.04.01-22.27.35:119][  0]LogAudioCaptureCore: Display: No Audio Capture implementations found. Audio input will be silent.
[2021.04.01-22.27.35:119][  0]LogAudioCaptureCore: Display: No Audio Capture implementations found. Audio input will be silent.
[2021.04.01-22.27.35:208][  0]LogOcInput: OculusInput pre-init called
[2021.04.01-22.27.35:232][  0]LogWindows: Failed to load 'OVRPlugin.dll' (GetLastError=126)
[2021.04.01-22.27.35:232][  0]LogWindows: File 'OVRPlugin.dll' does not exist
[2021.04.01-22.27.35:344][  0]LogEngine: Initializing Engine...
[2021.04.01-22.27.35:347][  0]LogHMD: Failed to initialize OpenVR with code 110
[2021.04.01-22.27.35:347][  0]LogMagicLeap: Warning: VR disabled because ZI is not enabled.  To enable, in the editor, Edit -> Project Settings -> Plugins -> Magic Leap Plugin -> Enable Zero Iteration
[2021.04.01-22.27.35:349][  0]LogStats: UGameplayTagsManager::InitializeManager -  0.000 s
[2021.04.01-22.27.35:500][  0]LogInit: Initializing FReadOnlyCVARCache
[2021.04.01-22.27.35:516][  0]LogAIModule: Creating AISystem for world Untitled
[2021.04.01-22.27.35:516][  0]LogAISub: UAISubsystem::UAISubsystem EnvQueryManager (00000272BF951C00), frame # 0
[2021.04.01-22.27.35:517][  0]LogAISub: UAISubsystem::UAISubsystem AIPerceptionSystem (00000272BF95E840), frame # 0
[2021.04.01-22.27.35:549][  0]LogAudioMixer: Display: Audio Mixer Platform Settings:
[2021.04.01-22.27.35:549][  0]LogAudioMixer: Display: 	Sample Rate:						  48000
[2021.04.01-22.27.35:549][  0]LogAudioMixer: Display: 	Callback Buffer Frame Size Requested: 1024
[2021.04.01-22.27.35:549][  0]LogAudioMixer: Display: 	Callback Buffer Frame Size To Use:	  1024
[2021.04.01-22.27.35:549][  0]LogAudioMixer: Display: 	Number of buffers to queue:			  2
[2021.04.01-22.27.35:549][  0]LogAudioMixer: Display: 	Max Channels (voices):				  32
[2021.04.01-22.27.35:550][  0]LogAudioMixer: Display: 	Number of Async Source Workers:		  0
[2021.04.01-22.27.35:550][  0]LogAudio: Display: AudioDevice MaxSources: 32
[2021.04.01-22.27.35:550][  0]LogAudio: Display: Using built-in audio occlusion.
[2021.04.01-22.27.35:550][  0]LogAudioMixer: Display: Initializing audio mixer.
[2021.04.01-22.27.35:584][  0]LogAudioMixer: Display: 0: FrontLeft
[2021.04.01-22.27.35:584][  0]LogAudioMixer: Display: 1: FrontRight
[2021.04.01-22.27.35:795][  0]LogAudioMixer: Display: Using Audio Device Speakers (Realtek(R) Audio)
[2021.04.01-22.27.35:798][  0]LogAudioMixer: Display: Initializing Sound Submixes...
[2021.04.01-22.27.35:801][  0]LogAudioMixer: Display: Creating Master Submix 'MasterSubmixDefault'
[2021.04.01-22.27.35:801][  0]LogAudioMixer: Display: Creating Master Submix 'MasterReverbSubmixDefault'
[2021.04.01-22.27.35:802][  0]LogAudioMixer: Display: Creating Master Submix 'MasterEQSubmixDefault'
[2021.04.01-22.27.35:805][  0]LogInit: FAudioDevice initialized.
[2021.04.01-22.27.35:806][  0]LogNetVersion: Set ProjectVersion to 1.0.0.0. Version Checksum will be recalculated on next use.
[2021.04.01-22.27.35:870][  0]LogDerivedDataCache: Saved boot cache 0.06s 75MB C:/Users/sethg/AppData/Local/UnrealEngine/4.25/DerivedDataCache/Boot.ddc.
[2021.04.01-22.27.35:876][  0]LogInit: Texture streaming: Enabled
[2021.04.01-22.27.35:911][  0]LogEngineSessionManager: EngineSessionManager initialized
[2021.04.01-22.27.35:912][  0]LogEngineSessionManager: EngineSessionManager sent abnormal shutdown report. Type=Debugger, SessionId={A383E4F8-45E3-3418-E54A-B0A34A71F56E}
[2021.04.01-22.27.35:912][  0]LogEditorSessionSummary: Verbose: Initializing EditorSessionSummaryWriter for editor session tracking
[2021.04.01-22.27.35:921][  0]LogEditorSessionSummary: EditorSessionSummaryWriter initialized
[2021.04.01-22.27.35:983][  0]LogInit: Transaction tracking system initialized
[2021.04.01-22.27.36:030][  0]BlueprintLog: New page: Editor Load
[2021.04.01-22.27.36:189][  0]LocalizationService: Localization service is disabled
[2021.04.01-22.27.36:453][  0]LogCook: Display: Max memory allowance for cook 16384mb min free memory 0mb
[2021.04.01-22.27.36:454][  0]LogCook: Display: Mobile HDR setting 1
[2021.04.01-22.27.36:631][  0]LogFileCache: Scanning file cache for directory 'C:/Users/sethg/Desktop/High Level Development II/W21_GAM1528_NoNameYet/TowerDefence/Content/' took 0.01s
[2021.04.01-22.27.37:252][  0]SourceControl: Source control is disabled
[2021.04.01-22.27.37:253][  0]LogUnrealEdMisc: Loading editor; pre map load, took 11.315
[2021.04.01-22.27.37:253][  0]Cmd: MAP LOAD FILE="C:/Users/sethg/Desktop/High Level Development II/W21_GAM1528_NoNameYet/TowerDefence/Content/Maps/Test.umap" TEMPLATE=0 SHOWPROGRESS=1 FEATURELEVEL=3
[2021.04.01-22.27.37:254][  0]LightingResults: New page: Lighting Build
[2021.04.01-22.27.37:256][  0]LogWorld: UWorld::CleanupWorld for Untitled, bSessionEnded=true, bCleanupResources=true
[2021.04.01-22.27.37:256][  0]LogSlate: InvalidateAllWidgets triggered.  All widgets were invalidated
[2021.04.01-22.27.37:256][  0]MapCheck: New page: Map Check
[2021.04.01-22.27.37:256][  0]LightingResults: New page: Lighting Build
[2021.04.01-22.27.37:274][  0]LogAISub: UAISubsystem::~UAISubsystem EnvQueryManager (00000272BF951C00), frame # 0
[2021.04.01-22.27.37:274][  0]LogAISub: UAISubsystem::~UAISubsystem AIPerceptionSystem (00000272BF95E840), frame # 0
[2021.04.01-22.27.37:275][  0]LogUObjectHash: Compacting FUObjectHashTables data took   1.02ms
[2021.04.01-22.27.37:295][  0]LogLinker: Warning: While loading 'C:/Users/sethg/Desktop/High Level Development II/W21_GAM1528_NoNameYet/TowerDefence/Content/Assets/Models/Troop_melee/troop_melee.uasset' failed to load '/Game/Assets/Models/Troop_melee/Material_001': Can't find file.
[2021.04.01-22.27.37:296][  0]LogLinker: Warning: While loading 'C:/Users/sethg/Desktop/High Level Development II/W21_GAM1528_NoNameYet/TowerDefence/Content/Assets/Models/Troop_melee/troop_melee.uasset' failed to load '/Game/Assets/Models/Troop_melee/Material_001': Can't find file.
[2021.04.01-22.27.37:296][  0]LogLinker: Warning: While loading 'C:/Users/sethg/Desktop/High Level Development II/W21_GAM1528_NoNameYet/TowerDefence/Content/Assets/Models/Troop_melee/troop_melee.uasset' failed to load '/Game/Assets/Models/Troop_melee/wire_087225087_002': Can't find file.
[2021.04.01-22.27.37:297][  0]LogLinker: Warning: While loading 'C:/Users/sethg/Desktop/High Level Development II/W21_GAM1528_NoNameYet/TowerDefence/Content/Assets/Models/Troop_melee/troop_melee.uasset' failed to load '/Game/Assets/Models/Troop_melee/wire_087225087_002': Can't find file.
[2021.04.01-22.27.37:297][  0]LogLinker: Warning: While loading 'C:/Users/sethg/Desktop/High Level Development II/W21_GAM1528_NoNameYet/TowerDefence/Content/Assets/Models/Troop_melee/troop_melee.uasset' failed to load '/Game/Assets/Models/Troop_melee/wire_177028149_002': Can't find file.
[2021.04.01-22.27.37:298][  0]LogLinker: Warning: While loading 'C:/Users/sethg/Desktop/High Level Development II/W21_GAM1528_NoNameYet/TowerDefence/Content/Assets/Models/Troop_melee/troop_melee.uasset' failed to load '/Game/Assets/Models/Troop_melee/wire_177028149_002': Can't find file.
[2021.04.01-22.27.37:298][  0]LogLinker: Warning: While loading 'C:/Users/sethg/Desktop/High Level Development II/W21_GAM1528_NoNameYet/TowerDefence/Content/Assets/Models/Troop_melee/troop_melee.uasset' failed to load '/Game/Assets/Models/Troop_melee/Material_001': Can't find file.
[2021.04.01-22.27.37:299][  0]LogLinker: Warning: While loading 'C:/Users/sethg/Desktop/High Level Development II/W21_GAM1528_NoNameYet/TowerDefence/Content/Assets/Models/Troop_melee/troop_melee.uasset' failed to load '/Game/Assets/Models/Troop_melee/Material_001': Can't find file.
[2021.04.01-22.27.37:301][  0]LogLinker: Warning: While loading 'C:/Users/sethg/Desktop/High Level Development II/W21_GAM1528_NoNameYet/TowerDefence/Content/Assets/Models/Troop_melee/troop_melee.uasset' failed to load '/Game/Assets/Models/Troop_melee/wire_087225087_002': Can't find file.
[2021.04.01-22.27.37:301][  0]LogLinker: Warning: While loading 'C:/Users/sethg/Desktop/High Level Development II/W21_GAM1528_NoNameYet/TowerDefence/Content/Assets/Models/Troop_melee/troop_melee.uasset' failed to load '/Game/Assets/Models/Troop_melee/wire_087225087_002': Can't find file.
[2021.04.01-22.27.37:302][  0]LogLinker: Warning: While loading 'C:/Users/sethg/Desktop/High Level Development II/W21_GAM1528_NoNameYet/TowerDefence/Content/Assets/Models/Troop_melee/troop_melee.uasset' failed to load '/Game/Assets/Models/Troop_melee/wire_177028149_002': Can't find file.
[2021.04.01-22.27.37:302][  0]LogLinker: Warning: While loading 'C:/Users/sethg/Desktop/High Level Development II/W21_GAM1528_NoNameYet/TowerDefence/Content/Assets/Models/Troop_melee/troop_melee.uasset' failed to load '/Game/Assets/Models/Troop_melee/wire_177028149_002': Can't find file.
[2021.04.01-22.27.37:541][  0]LogLinker: Warning: While loading 'C:/Users/sethg/Desktop/High Level Development II/W21_GAM1528_NoNameYet/TowerDefence/Content/StarterContent/Materials/M_Brick_Clay_Beveled.uasset' failed to load '/Game/StarterContent/Textures/T_Brick_Clay_Beveled_D': Can't find file.
[2021.04.01-22.27.37:542][  0]LogLinker: Warning: While loading 'C:/Users/sethg/Desktop/High Level Development II/W21_GAM1528_NoNameYet/TowerDefence/Content/StarterContent/Materials/M_Brick_Clay_Beveled.uasset' failed to load '/Game/StarterContent/Textures/T_Brick_Clay_Beveled_D': Can't find file.
[2021.04.01-22.27.37:543][  0]LogLinker: Warning: While loading 'C:/Users/sethg/Desktop/High Level Development II/W21_GAM1528_NoNameYet/TowerDefence/Content/StarterContent/Materials/M_Brick_Clay_Beveled.uasset' failed to load '/Game/StarterContent/Textures/T_Brick_Clay_Beveled_M': Can't find file.
[2021.04.01-22.27.37:544][  0]LogLinker: Warning: While loading 'C:/Users/sethg/Desktop/High Level Development II/W21_GAM1528_NoNameYet/TowerDefence/Content/StarterContent/Materials/M_Brick_Clay_Beveled.uasset' failed to load '/Game/StarterContent/Textures/T_Brick_Clay_Beveled_M': Can't find file.
[2021.04.01-22.27.37:544][  0]LogLinker: Warning: While loading 'C:/Users/sethg/Desktop/High Level Development II/W21_GAM1528_NoNameYet/TowerDefence/Content/StarterContent/Materials/M_Brick_Clay_Beveled.uasset' failed to load '/Game/StarterContent/Textures/T_Brick_Clay_Beveled_N': Can't find file.
[2021.04.01-22.27.37:545][  0]LogLinker: Warning: While loading 'C:/Users/sethg/Desktop/High Level Development II/W21_GAM1528_NoNameYet/TowerDefence/Content/StarterContent/Materials/M_Brick_Clay_Beveled.uasset' failed to load '/Game/StarterContent/Textures/T_Brick_Clay_Beveled_N': Can't find file.
[2021.04.01-22.27.37:546][  0]LogLinker: Warning: While loading 'C:/Users/sethg/Desktop/High Level Development II/W21_GAM1528_NoNameYet/TowerDefence/Content/StarterContent/Materials/M_Brick_Clay_Beveled.uasset' failed to load '/Game/StarterContent/Textures/T_Brick_Clay_Beveled_D': Can't find file.
[2021.04.01-22.27.37:547][  0]LogLinker: Warning: While loading 'C:/Users/sethg/Desktop/High Level Development II/W21_GAM1528_NoNameYet/TowerDefence/Content/StarterContent/Materials/M_Brick_Clay_Beveled.uasset' failed to load '/Game/StarterContent/Textures/T_Brick_Clay_Beveled_D': Can't find file.
[2021.04.01-22.27.37:547][  0]LogLinker: Warning: While loading 'C:/Users/sethg/Desktop/High Level Development II/W21_GAM1528_NoNameYet/TowerDefence/Content/StarterContent/Materials/M_Brick_Clay_Beveled.uasset' failed to load '/Game/StarterContent/Textures/T_Brick_Clay_Beveled_M': Can't find file.
[2021.04.01-22.27.37:548][  0]LogLinker: Warning: While loading 'C:/Users/sethg/Desktop/High Level Development II/W21_GAM1528_NoNameYet/TowerDefence/Content/StarterContent/Materials/M_Brick_Clay_Beveled.uasset' failed to load '/Game/StarterContent/Textures/T_Brick_Clay_Beveled_M': Can't find file.
[2021.04.01-22.27.37:548][  0]LogLinker: Warning: While loading 'C:/Users/sethg/Desktop/High Level Development II/W21_GAM1528_NoNameYet/TowerDefence/Content/StarterContent/Materials/M_Brick_Clay_Beveled.uasset' failed to load '/Game/StarterContent/Textures/T_Brick_Clay_Beveled_N': Can't find file.
[2021.04.01-22.27.37:549][  0]LogLinker: Warning: While loading 'C:/Users/sethg/Desktop/High Level Development II/W21_GAM1528_NoNameYet/TowerDefence/Content/StarterContent/Materials/M_Brick_Clay_Beveled.uasset' failed to load '/Game/StarterContent/Textures/T_Brick_Clay_Beveled_N': Can't find file.
[2021.04.01-22.27.37:557][  0]LogLinker: Warning: While loading 'C:/Users/sethg/Desktop/High Level Development II/W21_GAM1528_NoNameYet/TowerDefence/Content/StarterContent/Materials/M_Brick_Clay_Beveled.uasset' failed to load '/Game/StarterContent/Textures/T_Brick_Clay_Beveled_N': Can't find file.
[2021.04.01-22.27.37:557][  0]LoadErrors: Failed to load /Game/StarterContent/Textures/T_Brick_Clay_Beveled_N.T_Brick_Clay_Beveled_N Referenced by MaterialExpressionTextureSample_1
[2021.04.01-22.27.37:558][  0]LogLinker: Warning: While loading 'C:/Users/sethg/Desktop/High Level Development II/W21_GAM1528_NoNameYet/TowerDefence/Content/StarterContent/Materials/M_Brick_Clay_Beveled.uasset' failed to load '/Game/StarterContent/Textures/T_Brick_Clay_Beveled_N': Can't find file.
[2021.04.01-22.27.37:558][  0]LoadErrors: Failed to load /Game/StarterContent/Textures/T_Brick_Clay_Beveled_N.T_Brick_Clay_Beveled_N Referenced by MaterialExpressionTextureSample_1
[2021.04.01-22.27.37:558][  0]LogLinker: Warning: While loading 'C:/Users/sethg/Desktop/High Level Development II/W21_GAM1528_NoNameYet/TowerDefence/Content/StarterContent/Materials/M_Brick_Clay_Beveled.uasset' failed to load '/Game/StarterContent/Textures/T_Brick_Clay_Beveled_M': Can't find file.
[2021.04.01-22.27.37:559][  0]LoadErrors: Failed to load /Game/StarterContent/Textures/T_Brick_Clay_Beveled_M.T_Brick_Clay_Beveled_M Referenced by MaterialExpressionTextureSample_2
[2021.04.01-22.27.37:559][  0]LogLinker: Warning: While loading 'C:/Users/sethg/Desktop/High Level Development II/W21_GAM1528_NoNameYet/TowerDefence/Content/StarterContent/Materials/M_Brick_Clay_Beveled.uasset' failed to load '/Game/StarterContent/Textures/T_Brick_Clay_Beveled_M': Can't find file.
[2021.04.01-22.27.37:559][  0]LoadErrors: Failed to load /Game/StarterContent/Textures/T_Brick_Clay_Beveled_M.T_Brick_Clay_Beveled_M Referenced by MaterialExpressionTextureSample_2
[2021.04.01-22.27.37:560][  0]LogLinker: Warning: While loading 'C:/Users/sethg/Desktop/High Level Development II/W21_GAM1528_NoNameYet/TowerDefence/Content/StarterContent/Materials/M_Brick_Clay_Beveled.uasset' failed to load '/Game/StarterContent/Textures/T_Brick_Clay_Beveled_D': Can't find file.
[2021.04.01-22.27.37:560][  0]LoadErrors: Failed to load /Game/StarterContent/Textures/T_Brick_Clay_Beveled_D.T_Brick_Clay_Beveled_D Referenced by MaterialExpressionTextureSample_4
[2021.04.01-22.27.37:561][  0]LogLinker: Warning: While loading 'C:/Users/sethg/Desktop/High Level Development II/W21_GAM1528_NoNameYet/TowerDefence/Content/StarterContent/Materials/M_Brick_Clay_Beveled.uasset' failed to load '/Game/StarterContent/Textures/T_Brick_Clay_Beveled_D': Can't find file.
[2021.04.01-22.27.37:561][  0]LoadErrors: Failed to load /Game/StarterContent/Textures/T_Brick_Clay_Beveled_D.T_Brick_Clay_Beveled_D Referenced by MaterialExpressionTextureSample_4
[2021.04.01-22.27.37:561][  0]LogLinker: Warning: While loading 'C:/Users/sethg/Desktop/High Level Development II/W21_GAM1528_NoNameYet/TowerDefence/Content/StarterContent/Materials/M_Brick_Clay_Beveled.uasset' failed to load '/Game/StarterContent/Textures/T_Brick_Clay_Beveled_D': Can't find file.
[2021.04.01-22.27.37:561][  0]LoadErrors: Failed to load /Game/StarterContent/Textures/T_Brick_Clay_Beveled_D.T_Brick_Clay_Beveled_D Referenced by MaterialExpressionTextureSample_5
[2021.04.01-22.27.37:562][  0]LogLinker: Warning: While loading 'C:/Users/sethg/Desktop/High Level Development II/W21_GAM1528_NoNameYet/TowerDefence/Content/StarterContent/Materials/M_Brick_Clay_Beveled.uasset' failed to load '/Game/StarterContent/Textures/T_Brick_Clay_Beveled_D': Can't find file.
[2021.04.01-22.27.37:562][  0]LoadErrors: Failed to load /Game/StarterContent/Textures/T_Brick_Clay_Beveled_D.T_Brick_Clay_Beveled_D Referenced by MaterialExpressionTextureSample_5
[2021.04.01-22.27.37:574][  0]LogLinker: Warning: While loading 'C:/Users/sethg/Desktop/High Level Development II/W21_GAM1528_NoNameYet/TowerDefence/Content/Assets/Models/Troop_melee/troop_melee.uasset' failed to load '/Game/Assets/Models/Troop_melee/wire_087225087_002': Can't find file.
[2021.04.01-22.27.37:574][  0]LoadErrors: Failed to load /Game/Assets/Models/Troop_melee/wire_087225087_002.wire_087225087_002 Referenced by troop_melee
[2021.04.01-22.27.37:575][  0]LogLinker: Warning: While loading 'C:/Users/sethg/Desktop/High Level Development II/W21_GAM1528_NoNameYet/TowerDefence/Content/Assets/Models/Troop_melee/troop_melee.uasset' failed to load '/Game/Assets/Models/Troop_melee/wire_087225087_002': Can't find file.
[2021.04.01-22.27.37:575][  0]LoadErrors: Failed to load /Game/Assets/Models/Troop_melee/wire_087225087_002.wire_087225087_002 Referenced by troop_melee
[2021.04.01-22.27.37:575][  0]LogLinker: Warning: While loading 'C:/Users/sethg/Desktop/High Level Development II/W21_GAM1528_NoNameYet/TowerDefence/Content/Assets/Models/Troop_melee/troop_melee.uasset' failed to load '/Game/Assets/Models/Troop_melee/wire_177028149_002': Can't find file.
[2021.04.01-22.27.37:576][  0]LoadErrors: Failed to load /Game/Assets/Models/Troop_melee/wire_177028149_002.wire_177028149_002 Referenced by troop_melee
[2021.04.01-22.27.37:576][  0]LogLinker: Warning: While loading 'C:/Users/sethg/Desktop/High Level Development II/W21_GAM1528_NoNameYet/TowerDefence/Content/Assets/Models/Troop_melee/troop_melee.uasset' failed to load '/Game/Assets/Models/Troop_melee/wire_177028149_002': Can't find file.
[2021.04.01-22.27.37:576][  0]LoadErrors: Failed to load /Game/Assets/Models/Troop_melee/wire_177028149_002.wire_177028149_002 Referenced by troop_melee
[2021.04.01-22.27.37:577][  0]LogLinker: Warning: While loading 'C:/Users/sethg/Desktop/High Level Development II/W21_GAM1528_NoNameYet/TowerDefence/Content/Assets/Models/Troop_melee/troop_melee.uasset' failed to load '/Game/Assets/Models/Troop_melee/Material_001': Can't find file.
[2021.04.01-22.27.37:577][  0]LoadErrors: Failed to load /Game/Assets/Models/Troop_melee/Material_001.Material_001 Referenced by troop_melee
[2021.04.01-22.27.37:578][  0]LogLinker: Warning: While loading 'C:/Users/sethg/Desktop/High Level Development II/W21_GAM1528_NoNameYet/TowerDefence/Content/Assets/Models/Troop_melee/troop_melee.uasset' failed to load '/Game/Assets/Models/Troop_melee/Material_001': Can't find file.
[2021.04.01-22.27.37:578][  0]LoadErrors: Failed to load /Game/Assets/Models/Troop_melee/Material_001.Material_001 Referenced by troop_melee
[2021.04.01-22.27.37:617][  0]LogMaterial: Display: Missing cached shader map for material M_Brick_Clay_Beveled, compiling. 
[2021.04.01-22.27.37:621][  0]LogMaterial: Warning: C:\Users\sethg\Desktop\High Level Development II\W21_GAM1528_NoNameYet\TowerDefence\Content\StarterContent\Materials\M_Brick_Clay_Beveled.uasset: Failed to compile Material for platform PCD3D_SM5, Default Material will be used in game.
[2021.04.01-22.27.37:622][  0]LogMaterial: Display: 	(Node TextureSample) Texture Sample> Missing input texture
[2021.04.01-22.27.37:658][  0]LogAIModule: Creating AISystem for world Test
[2021.04.01-22.27.37:658][  0]LogAISub: UAISubsystem::UAISubsystem EnvQueryManager (00000272A5000A00), frame # 0
[2021.04.01-22.27.37:658][  0]LogAISub: UAISubsystem::UAISubsystem AIPerceptionSystem (00000272A55C4B80), frame # 0
[2021.04.01-22.27.37:667][  0]LogEditorServer: Finished looking for orphan Actors (0.000 secs)
[2021.04.01-22.27.37:689][  0]LogUObjectHash: Compacting FUObjectHashTables data took   1.04ms
[2021.04.01-22.27.37:690][  0]Cmd: MAP CHECKDEP NOCLEARLOG
[2021.04.01-22.27.37:690][  0]MapCheck: Map check complete: 0 Error(s), 0 Warning(s), took 0.217ms to complete.
[2021.04.01-22.27.37:690][  0]LogFileHelpers: Loading map 'Test' took 0.437
[2021.04.01-22.27.37:698][  0]LogUnrealEdMisc: Total Editor Startup Time, took 11.759
[2021.04.01-22.27.37:859][  0]LogSlate: Updating window title bar state: overlay mode, drag disabled, window buttons hidden, title bar hidden
[2021.04.01-22.27.37:869][  0]LogSlate: Updating window title bar state: overlay mode, drag disabled, window buttons hidden, title bar hidden
[2021.04.01-22.27.37:880][  0]LogSlate: Updating window title bar state: overlay mode, drag disabled, window buttons hidden, title bar hidden
[2021.04.01-22.27.37:890][  0]LogSlate: Updating window title bar state: overlay mode, drag disabled, window buttons hidden, title bar hidden
[2021.04.01-22.27.37:907][  0]LogCollectionManager: Loaded 0 collections in 0.002399 seconds
[2021.04.01-22.27.37:938][  0]LogFileCache: Scanning file cache for directory 'C:/Users/sethg/Desktop/High Level Development II/W21_GAM1528_NoNameYet/TowerDefence/Saved/Collections/' took 0.00s
[2021.04.01-22.27.37:938][  0]LogFileCache: Scanning file cache for directory 'C:/Users/sethg/Desktop/High Level Development II/W21_GAM1528_NoNameYet/TowerDefence/Content/Developers/sethg/Collections/' took 0.01s
[2021.04.01-22.27.37:938][  0]LogFileCache: Scanning file cache for directory 'C:/Users/sethg/Desktop/High Level Development II/W21_GAM1528_NoNameYet/TowerDefence/Content/Collections/' took 0.00s
[2021.04.01-22.27.37:938][  0]LogContentBrowser: Native class hierarchy populated in 0.0129 seconds. Added 3448 classes and 824 folders.
[2021.04.01-22.27.37:943][  0]LogContentBrowser: Native class hierarchy updated for 'WidgetCarousel' in 0.0008 seconds. Added 0 classes and 0 folders.
[2021.04.01-22.27.38:069][  0]LogContentBrowser: Native class hierarchy updated for 'AddContentDialog' in 0.0006 seconds. Added 0 classes and 0 folders.
[2021.04.01-22.27.38:070][  0]LogContentBrowser: Native class hierarchy updated for 'SceneOutliner' in 0.0005 seconds. Added 2 classes and 0 folders.
[2021.04.01-22.27.38:213][  0]LogSlate: Took 0.000372 seconds to synchronously load lazily loaded font '../../../Engine/Content/Slate/Fonts/Roboto-Regular.ttf' (155K)
[2021.04.01-22.27.38:217][  0]LogSlate: Took 0.000417 seconds to synchronously load lazily loaded font '../../../Engine/Content/Slate/Fonts/Roboto-Bold.ttf' (160K)
[2021.04.01-22.27.38:224][  0]LogSlate: Took 0.000271 seconds to synchronously load lazily loaded font '../../../Engine/Content/Editor/Slate/Fonts/FontAwesome.ttf' (139K)
[2021.04.01-22.27.38:334][  0]LogRenderer: Reallocating scene render targets to support 1088x536 Format 10 NumSamples 1 (Frame:1).
[2021.04.01-22.27.38:567][  0]LogContentBrowser: Native class hierarchy updated for 'HierarchicalLODOutliner' in 0.0009 seconds. Added 0 classes and 0 folders.
[2021.04.01-22.27.38:567][  0]LogLoad: (Engine Initialization) Total time: 12.63 seconds
[2021.04.01-22.27.38:567][  0]LogLoad: (Engine Initialization) Total Blueprint compile time: 0.00 seconds
[2021.04.01-22.27.38:635][  0]LogAssetRegistry: Asset discovery search completed in 6.0843 seconds
[2021.04.01-22.27.38:641][  0]LogCollectionManager: Fixed up redirectors for 0 collections in 0.000003 seconds (updated 0 objects)
[2021.04.01-22.27.38:642][  0]LogContentStreaming: Texture pool size now 1000 MB
[2021.04.01-22.27.38:862][  0]LogRenderer: Reallocating scene render targets to support 1088x552 Format 10 NumSamples 1 (Frame:3).
[2021.04.01-22.27.38:862][  0]LogSlate: Took 0.000288 seconds to synchronously load lazily loaded font '../../../Engine/Content/Slate/Fonts/Roboto-Light.ttf' (167K)
[2021.04.01-22.27.38:868][  0]LogSlate: Took 0.000294 seconds to synchronously load lazily loaded font '../../../Engine/Content/Slate/Fonts/DroidSansMono.ttf' (77K)
[2021.04.01-22.27.40:358][ 75]LogSlate: Window 'Message Log' being destroyed
[2021.04.01-22.27.40:365][ 75]LogSlate: Window 'Message Log' being destroyed
[2021.04.01-22.28.08:018][608]LogTemp: Repeating last play command: Selected Viewport
[2021.04.01-22.28.08:034][608]LogPlayLevel: PlayLevel: No blueprints needed recompiling
[2021.04.01-22.28.08:035][608]PIE: New page: PIE session: Test (Apr. 1, 2021, 2:28:08 p.m.)
[2021.04.01-22.28.08:037][608]LogOnline: OSS: Creating online subsystem instance for: NULL
[2021.04.01-22.28.08:040][608]LogOnline: OSS: TryLoadSubsystemAndSetDefault: Loaded subsystem for module [NULL]
[2021.04.01-22.28.08:040][608]LogPlayLevel: Creating play world package: /Game/Maps/UEDPIE_0_Test
[2021.04.01-22.28.08:047][608]LogPlayLevel: PIE: StaticDuplicateObject took: (0.006086s)
[2021.04.01-22.28.08:048][608]LogAIModule: Creating AISystem for world Test
[2021.04.01-22.28.08:049][608]LogAISub: UAISubsystem::UAISubsystem EnvQueryManager (00000272E3EEFE00), frame # 608
[2021.04.01-22.28.08:049][608]LogAISub: UAISubsystem::UAISubsystem AIPerceptionSystem (00000272A5476480), frame # 608
[2021.04.01-22.28.08:049][608]LogPlayLevel: PIE: World Init took: (0.002330s)
[2021.04.01-22.28.08:050][608]LogPlayLevel: PIE: Created PIE world by copying editor world from /Game/Maps/Test.Test to /Game/Maps/UEDPIE_0_Test.Test (0.009079s)
[2021.04.01-22.28.08:062][608]LogUObjectHash: Compacting FUObjectHashTables data took   0.58ms
[2021.04.01-22.28.08:064][608]LogAudioMixer: Display: Audio Mixer Platform Settings:
[2021.04.01-22.28.08:064][608]LogAudioMixer: Display: 	Sample Rate:						  48000
[2021.04.01-22.28.08:065][608]LogAudioMixer: Display: 	Callback Buffer Frame Size Requested: 1024
[2021.04.01-22.28.08:065][608]LogAudioMixer: Display: 	Callback Buffer Frame Size To Use:	  1024
[2021.04.01-22.28.08:065][608]LogAudioMixer: Display: 	Number of buffers to queue:			  2
[2021.04.01-22.28.08:065][608]LogAudioMixer: Display: 	Max Channels (voices):				  32
[2021.04.01-22.28.08:065][608]LogAudioMixer: Display: 	Number of Async Source Workers:		  0
[2021.04.01-22.28.08:065][608]LogAudio: Display: AudioDevice MaxSources: 32
[2021.04.01-22.28.08:066][608]LogAudio: Display: Using built-in audio occlusion.
[2021.04.01-22.28.08:066][608]LogAudioMixer: Display: Initializing audio mixer.
[2021.04.01-22.28.08:071][608]LogAudioMixer: Display: 0: FrontLeft
[2021.04.01-22.28.08:071][608]LogAudioMixer: Display: 1: FrontRight
[2021.04.01-22.28.08:143][608]LogAudioMixer: Display: Using Audio Device Speakers (Realtek(R) Audio)
[2021.04.01-22.28.08:143][608]LogAudioMixer: Display: Initializing Sound Submixes...
[2021.04.01-22.28.08:143][608]LogAudioMixer: Display: Creating Master Submix 'MasterSubmixDefault'
[2021.04.01-22.28.08:143][608]LogAudioMixer: Display: Creating Master Submix 'MasterReverbSubmixDefault'
[2021.04.01-22.28.08:144][608]LogAudioMixer: Display: Creating Master Submix 'MasterEQSubmixDefault'
[2021.04.01-22.28.08:160][608]LogInit: FAudioDevice initialized.
[2021.04.01-22.28.08:176][608]LogLoad: Game class is 'BP_GameMode_C'
[2021.04.01-22.28.08:179][608]LogWorld: Bringing World /Game/Maps/UEDPIE_0_Test.Test up for play (max tick rate 60) at 2021.04.01-18.28.08
[2021.04.01-22.28.08:180][608]LogWorld: Bringing up level for play took: 0.001682
[2021.04.01-22.28.08:180][608]LogOnline: OSS: Creating online subsystem instance for: :Context_1
[2021.04.01-22.28.08:266][608]LogContentBrowser: Native class hierarchy updated for 'MovieSceneCapture' in 0.0005 seconds. Added 20 classes and 0 folders.
[2021.04.01-22.28.08:268][608]PIE: Server logged in
[2021.04.01-22.28.08:269][608]PIE: Play in editor total start time 0.239 seconds.
[2021.04.01-22.28.47:919][404]LogTemp: Resetting audio stream to device id 
[2021.04.01-22.28.47:983][404]LogAudioMixer: Display: 0: FrontLeft
[2021.04.01-22.28.47:983][404]LogAudioMixer: Display: 1: FrontRight
[2021.04.01-22.28.48:045][404]LogTemp: Resetting audio stream to device id 
[2021.04.01-22.28.48:100][404]LogAudioMixer: Display: 0: FrontLeft
[2021.04.01-22.28.48:101][404]LogAudioMixer: Display: 1: FrontRight
[2021.04.01-22.29.31:693][921]LogTemp: Resetting audio stream to device id 
[2021.04.01-22.29.31:763][921]LogAudioMixer: Display: 0: FrontLeft
[2021.04.01-22.29.31:763][921]LogAudioMixer: Display: 1: FrontRight
[2021.04.01-22.29.31:835][921]LogTemp: Resetting audio stream to device id 
[2021.04.01-22.29.31:909][921]LogAudioMixer: Display: 0: FrontLeft
[2021.04.01-22.29.31:910][921]LogAudioMixer: Display: 1: FrontRight
