Log file open, 02/22/21 14:10:59
LogInit: Display: Running engine for game: TowerDefence
LogPlatformFile: Not using cached read wrapper
LogTaskGraph: Started task graph with 5 named threads and 35 total threads with 3 sets of task threads.
LogStats: Stats thread started at 0.791790
LogD3D11RHI: Loaded GFSDK_Aftermath_Lib.x64.dll
LogICUInternationalization: ICU TimeZone Detection - Raw Offset: -5:00, Platform Override: ''
LogPluginManager: Mounting plugin Paper2D
LogPluginManager: Mounting plugin AISupport
LogPluginManager: Mounting plugin LightPropagationVolume
LogPluginManager: Mounting plugin CameraShakePreviewer
LogPluginManager: Mounting plugin ActorLayerUtilities
LogPluginManager: Mounting plugin AnimationSharing
LogPluginManager: Mounting plugin CLionSourceCodeAccess
LogPluginManager: Mounting plugin CodeLiteSourceCodeAccess
LogPluginManager: Mounting plugin GitSourceControl
LogPluginManager: Mounting plugin KDevelopSourceCodeAccess
LogPluginManager: Mounting plugin NullSourceCodeAccess
LogPluginManager: Mounting plugin PerforceSourceControl
LogPluginManager: Mounting plugin PlasticSourceControl
LogPluginManager: Mounting plugin RiderSourceCodeAccess
LogPluginManager: Mounting plugin SubversionSourceControl
LogPluginManager: Mounting plugin UObjectPlugin
LogPluginManager: Mounting plugin VisualStudioCodeSourceCodeAccess
LogPluginManager: Mounting plugin VisualStudioSourceCodeAccess
LogPluginManager: Mounting plugin XCodeSourceCodeAccess
LogPluginManager: Mounting plugin AssetManagerEditor
LogPluginManager: Mounting plugin CryptoKeys
LogPluginManager: Mounting plugin CurveEditorTools
LogPluginManager: Mounting plugin DataValidation
LogPluginManager: Mounting plugin EditorScriptingUtilities
LogPluginManager: Mounting plugin FacialAnimation
LogPluginManager: Mounting plugin GameplayTagsEditor
LogPluginManager: Mounting plugin GeometryMode
LogPluginManager: Mounting plugin MacGraphicsSwitching
LogPluginManager: Mounting plugin MaterialAnalyzer
LogPluginManager: Mounting plugin MobileLauncherProfileWizard
LogPluginManager: Mounting plugin PluginBrowser
LogPluginManager: Mounting plugin SpeedTreeImporter
LogPluginManager: Mounting plugin DatasmithContent
LogPluginManager: Mounting plugin VariantManagerContent
LogPluginManager: Mounting plugin AlembicImporter
LogPluginManager: Mounting plugin AutomationUtils
LogPluginManager: Mounting plugin BackChannel
LogPluginManager: Mounting plugin ChaosCloth
LogPluginManager: Mounting plugin ChaosClothEditor
LogPluginManager: Mounting plugin ChaosEditor
LogPluginManager: Mounting plugin ChaosNiagara
LogPluginManager: Mounting plugin ChaosSolverPlugin
LogPluginManager: Mounting plugin CharacterAI
LogPluginManager: Mounting plugin GeometryCache
LogPluginManager: Mounting plugin GeometryCollectionPlugin
LogPluginManager: Mounting plugin GeometryProcessing
LogPluginManager: Mounting plugin PlanarCut
LogPluginManager: Mounting plugin PlatformCrypto
LogPluginManager: Mounting plugin ProxyLODPlugin
LogPluginManager: Mounting plugin SkeletalReduction
LogPluginManager: Mounting plugin Niagara
LogPluginManager: Mounting plugin MagicLeap
LogPluginManager: Mounting plugin MagicLeapLightEstimation
LogPluginManager: Mounting plugin MagicLeapMedia
LogPluginManager: Mounting plugin MagicLeapPassableWorld
LogPluginManager: Mounting plugin MLSDK
LogPluginManager: Mounting plugin AndroidMedia
LogPluginManager: Mounting plugin AvfMedia
LogPluginManager: Mounting plugin ImgMedia
LogPluginManager: Mounting plugin MediaCompositing
LogPluginManager: Mounting plugin MediaPlayerEditor
LogPluginManager: Mounting plugin WebMMedia
LogPluginManager: Mounting plugin WmfMedia
LogPluginManager: Mounting plugin MeshPainting
LogPluginManager: Mounting plugin TcpMessaging
LogPluginManager: Mounting plugin UdpMessaging
LogPluginManager: Mounting plugin ActorSequence
LogPluginManager: Mounting plugin LevelSequenceEditor
LogPluginManager: Mounting plugin MatineeToLevelSequence
LogPluginManager: Mounting plugin MovieRenderPipeline
LogPluginManager: Mounting plugin TemplateSequence
LogPluginManager: Mounting plugin NetcodeUnitTest
LogPluginManager: Mounting plugin NUTUnrealEngine4
LogPluginManager: Mounting plugin OnlineSubsystemGooglePlay
LogPluginManager: Mounting plugin OnlineSubsystemIOS
LogPluginManager: Mounting plugin OnlineSubsystem
LogPluginManager: Mounting plugin OnlineSubsystemNull
LogPluginManager: Mounting plugin OnlineSubsystemUtils
LogPluginManager: Mounting plugin LauncherChunkInstaller
LogPluginManager: Mounting plugin AndroidDeviceProfileSelector
LogPluginManager: Mounting plugin AndroidMoviePlayer
LogPluginManager: Mounting plugin AndroidPermission
LogPluginManager: Mounting plugin AppleImageUtils
LogPluginManager: Mounting plugin AppleMoviePlayer
LogPluginManager: Mounting plugin ArchVisCharacter
LogPluginManager: Mounting plugin AssetTags
LogPluginManager: Mounting plugin AudioCapture
LogPluginManager: Mounting plugin CableComponent
LogPluginManager: Mounting plugin CustomMeshComponent
LogPluginManager: Mounting plugin EditableMesh
LogPluginManager: Mounting plugin ExampleDeviceProfileSelector
LogPluginManager: Mounting plugin GoogleCloudMessaging
LogPluginManager: Mounting plugin GooglePAD
LogPluginManager: Mounting plugin IOSDeviceProfileSelector
LogPluginManager: Mounting plugin LinuxDeviceProfileSelector
LogPluginManager: Mounting plugin LocationServicesBPLibrary
LogPluginManager: Mounting plugin MobilePatchingUtils
LogPluginManager: Mounting plugin OculusVR
LogPluginManager: Mounting plugin PhysXVehicles
LogPluginManager: Mounting plugin PostSplashScreen
LogPluginManager: Mounting plugin ProceduralMeshComponent
LogPluginManager: Mounting plugin RuntimePhysXCooking
LogPluginManager: Mounting plugin SignificanceManager
LogPluginManager: Mounting plugin SoundFields
LogPluginManager: Mounting plugin SteamVR
LogPluginManager: Mounting plugin Synthesis
LogPluginManager: Mounting plugin WebMMoviePlayer
LogPluginManager: Mounting plugin WindowsMoviePlayer
LogPluginManager: Mounting plugin ScreenshotTools
LogInit: Using libcurl 7.55.1-DEV
LogInit:  - built for x86_64-pc-win32
LogInit:  - supports SSL with OpenSSL/1.1.1
LogInit:  - supports HTTP deflate (compression) using libz 1.2.8
LogInit:  - other features:
LogInit:      CURL_VERSION_SSL
LogInit:      CURL_VERSION_LIBZ
LogInit:      CURL_VERSION_IPV6
LogInit:      CURL_VERSION_ASYNCHDNS
LogInit:      CURL_VERSION_LARGEFILE
LogInit:      CURL_VERSION_IDN
LogInit:  CurlRequestOptions (configurable via config and command line):
LogInit:  - bVerifyPeer = true  - Libcurl will verify peer certificate
LogInit:  - bUseHttpProxy = false  - Libcurl will NOT use HTTP proxy
LogInit:  - bDontReuseConnections = false  - Libcurl will reuse connections
LogInit:  - MaxHostConnections = 16  - Libcurl will limit the number of connections to a host
LogInit:  - LocalHostAddr = Default
LogInit:  - BufferSize = 65536
LogOnline: OSS: Creating online subsystem instance for: NULL
LogInit: WinSock: version 1.1 (2.2), MaxSocks=32767, MaxUdp=65467
LogOnline: OSS: TryLoadSubsystemAndSetDefault: Loaded subsystem for module [NULL]
LogInit: Build: ++UE4+Release-4.25-CL-13942748
LogInit: Engine Version: 4.25.3-13942748+++UE4+Release-4.25
LogInit: Compatible Engine Version: 4.25.0-13144385+++UE4+Release-4.25
LogInit: Net CL: 13144385
LogInit: OS: Windows 10 (Release 1909) (), CPU: Intel(R) Core(TM) i7-8750H CPU @ 2.20GHz, GPU: Intel(R) UHD Graphics 630
LogInit: Compiled (64-bit): Jul 25 2020 02:07:48
LogInit: Compiled with Visual C++: 19.24.28315.00
LogInit: Build Configuration: Development
LogInit: Branch Name: ++UE4+Release-4.25
LogInit: Command Line:  -skipcompile
LogInit: Base Directory: D:/Epic Games Files/UE_4.25/Engine/Binaries/Win64/
LogInit: Allocator: TBB
LogInit: Installed Engine Build: 1
LogDevObjectVersion: Number of dev versions registered: 26
LogDevObjectVersion:   Dev-Blueprints (B0D832E4-1F89-4F0D-ACCF-7EB736FD4AA2): 10
LogDevObjectVersion:   Dev-Build (E1C64328-A22C-4D53-A36C-8E866417BD8C): 0
LogDevObjectVersion:   Dev-Core (375EC13C-06E4-48FB-B500-84F0262A717E): 4
LogDevObjectVersion:   Dev-Editor (E4B068ED-F494-42E9-A231-DA0B2E46BB41): 38
LogDevObjectVersion:   Dev-Framework (CFFC743F-43B0-4480-9391-14DF171D2073): 37
LogDevObjectVersion:   Dev-Mobile (B02B49B5-BB20-44E9-A304-32B752E40360): 2
LogDevObjectVersion:   Dev-Networking (A4E4105C-59A1-49B5-A7C5-40C4547EDFEE): 0
LogDevObjectVersion:   Dev-Online (39C831C9-5AE6-47DC-9A44-9C173E1C8E7C): 0
LogDevObjectVersion:   Dev-Physics (78F01B33-EBEA-4F98-B9B4-84EACCB95AA2): 4
LogDevObjectVersion:   Dev-Platform (6631380F-2D4D-43E0-8009-CF276956A95A): 0
LogDevObjectVersion:   Dev-Rendering (12F88B9F-8875-4AFC-A67C-D90C383ABD29): 43
LogDevObjectVersion:   Dev-Sequencer (7B5AE74C-D270-4C10-A958-57980B212A5A): 12
LogDevObjectVersion:   Dev-VR (D7296918-1DD6-4BDD-9DE2-64A83CC13884): 3
LogDevObjectVersion:   Dev-LoadTimes (C2A15278-BFE7-4AFE-6C17-90FF531DF755): 1
LogDevObjectVersion:   Private-Geometry (6EACA3D4-40EC-4CC1-B786-8BED09428FC5): 3
LogDevObjectVersion:   Dev-AnimPhys (29E575DD-E0A3-4627-9D10-D276232CDCEA): 17
LogDevObjectVersion:   Dev-Anim (AF43A65D-7FD3-4947-9873-3E8ED9C1BB05): 7
LogDevObjectVersion:   Dev-ReflectionCapture (6B266CEC-1EC7-4B8F-A30B-E4D90942FC07): 1
LogDevObjectVersion:   Dev-Automation (0DF73D61-A23F-47EA-B727-89E90C41499A): 1
LogDevObjectVersion:   FortniteMain (601D1886-AC64-4F84-AA16-D3DE0DEAC7D6): 31
LogDevObjectVersion:   Dev-Enterprise (9DFFBCD6-494F-0158-E221-12823C92A888): 10
LogDevObjectVersion:   Dev-Niagara (F2AED0AC-9AFE-416F-8664-AA7FFA26D6FC): 1
LogDevObjectVersion:   Dev-Destruction (174F1F0B-B4C6-45A5-B13F-2EE8D0FB917D): 10
LogDevObjectVersion:   Dev-Physics-Ext (35F94A83-E258-406C-A318-09F59610247C): 37
LogDevObjectVersion:   Dev-PhysicsMaterial-Chaos (B68FC16E-8B1B-42E2-B453-215C058844FE): 1
LogDevObjectVersion:   Dev-CineCamera (B2E18506-4273-CFC2-A54E-F4BB758BBA07): 1
LogInit: Presizing for max 25165824 objects, including 0 objects not considered by GC, pre-allocating 0 bytes for permanent pool.
LogConfig: Applying CVar settings from Section [/Script/Engine.StreamingSettings] File [C:/Users/sethg/Desktop/High Level Development II/W21_GAM1528_NoNameYet/TowerDefence/Saved/Config/Windows/Engine.ini]
LogConfig: Setting CVar [[s.MinBulkDataSizeForAsyncLoading:131072]]
LogConfig: Setting CVar [[s.AsyncLoadingThreadEnabled:0]]
LogConfig: Setting CVar [[s.EventDrivenLoaderEnabled:1]]
LogConfig: Setting CVar [[s.WarnIfTimeLimitExceeded:0]]
LogConfig: Setting CVar [[s.TimeLimitExceededMultiplier:1.5]]
LogConfig: Setting CVar [[s.TimeLimitExceededMinTime:0.005]]
LogConfig: Setting CVar [[s.UseBackgroundLevelStreaming:1]]
LogConfig: Setting CVar [[s.PriorityAsyncLoadingExtraTime:15.0]]
LogConfig: Setting CVar [[s.LevelStreamingActorsUpdateTimeLimit:5.0]]
LogConfig: Setting CVar [[s.PriorityLevelStreamingActorsUpdateExtraTime:5.0]]
LogConfig: Setting CVar [[s.LevelStreamingComponentsRegistrationGranularity:10]]
LogConfig: Setting CVar [[s.UnregisterComponentsTimeLimit:1.0]]
LogConfig: Setting CVar [[s.LevelStreamingComponentsUnregistrationGranularity:5]]
LogConfig: Setting CVar [[s.FlushStreamingOnExit:1]]
LogInit: Object subsystem initialized
LogConfig: Setting CVar [[con.DebugEarlyDefault:1]]
LogConfig: Setting CVar [[r.setres:1280x720]]
[2021.02.22-19.11.00:120][  0]LogConfig: Setting CVar [[r.VSync:0]]
[2021.02.22-19.11.00:120][  0]LogConfig: Setting CVar [[r.RHICmdBypass:0]]
[2021.02.22-19.11.00:120][  0]LogConfig: Applying CVar settings from Section [/Script/Engine.RendererSettings] File [C:/Users/sethg/Desktop/High Level Development II/W21_GAM1528_NoNameYet/TowerDefence/Saved/Config/Windows/Engine.ini]
[2021.02.22-19.11.00:120][  0]LogConfig: Setting CVar [[r.GPUCrashDebugging:0]]
[2021.02.22-19.11.00:120][  0]LogConfig: Applying CVar settings from Section [/Script/Engine.RendererOverrideSettings] File [C:/Users/sethg/Desktop/High Level Development II/W21_GAM1528_NoNameYet/TowerDefence/Saved/Config/Windows/Engine.ini]
[2021.02.22-19.11.00:120][  0]LogConfig: Applying CVar settings from Section [/Script/Engine.StreamingSettings] File [C:/Users/sethg/Desktop/High Level Development II/W21_GAM1528_NoNameYet/TowerDefence/Saved/Config/Windows/Engine.ini]
[2021.02.22-19.11.00:120][  0]LogConfig: Setting CVar [[s.MinBulkDataSizeForAsyncLoading:131072]]
[2021.02.22-19.11.00:121][  0]LogConfig: Setting CVar [[s.AsyncLoadingThreadEnabled:0]]
[2021.02.22-19.11.00:121][  0]LogConfig: Setting CVar [[s.EventDrivenLoaderEnabled:1]]
[2021.02.22-19.11.00:121][  0]LogConfig: Setting CVar [[s.WarnIfTimeLimitExceeded:0]]
[2021.02.22-19.11.00:121][  0]LogConfig: Setting CVar [[s.TimeLimitExceededMultiplier:1.5]]
[2021.02.22-19.11.00:121][  0]LogConfig: Setting CVar [[s.TimeLimitExceededMinTime:0.005]]
[2021.02.22-19.11.00:121][  0]LogConfig: Setting CVar [[s.UseBackgroundLevelStreaming:1]]
[2021.02.22-19.11.00:121][  0]LogConfig: Setting CVar [[s.PriorityAsyncLoadingExtraTime:15.0]]
[2021.02.22-19.11.00:121][  0]LogConfig: Setting CVar [[s.LevelStreamingActorsUpdateTimeLimit:5.0]]
[2021.02.22-19.11.00:121][  0]LogConfig: Setting CVar [[s.PriorityLevelStreamingActorsUpdateExtraTime:5.0]]
[2021.02.22-19.11.00:121][  0]LogConfig: Setting CVar [[s.LevelStreamingComponentsRegistrationGranularity:10]]
[2021.02.22-19.11.00:121][  0]LogConfig: Setting CVar [[s.UnregisterComponentsTimeLimit:1.0]]
[2021.02.22-19.11.00:121][  0]LogConfig: Setting CVar [[s.LevelStreamingComponentsUnregistrationGranularity:5]]
[2021.02.22-19.11.00:122][  0]LogConfig: Setting CVar [[s.FlushStreamingOnExit:1]]
[2021.02.22-19.11.00:122][  0]LogConfig: Applying CVar settings from Section [/Script/Engine.GarbageCollectionSettings] File [C:/Users/sethg/Desktop/High Level Development II/W21_GAM1528_NoNameYet/TowerDefence/Saved/Config/Windows/Engine.ini]
[2021.02.22-19.11.00:122][  0]LogConfig: Setting CVar [[gc.MaxObjectsNotConsideredByGC:1]]
[2021.02.22-19.11.00:122][  0]LogConfig: Setting CVar [[gc.SizeOfPermanentObjectPool:0]]
[2021.02.22-19.11.00:122][  0]LogConfig: Setting CVar [[gc.FlushStreamingOnGC:0]]
[2021.02.22-19.11.00:122][  0]LogConfig: Setting CVar [[gc.NumRetriesBeforeForcingGC:10]]
[2021.02.22-19.11.00:122][  0]LogConfig: Setting CVar [[gc.AllowParallelGC:1]]
[2021.02.22-19.11.00:122][  0]LogConfig: Setting CVar [[gc.TimeBetweenPurgingPendingKillObjects:61.1]]
[2021.02.22-19.11.00:122][  0]LogConfig: Setting CVar [[gc.MaxObjectsInEditor:25165824]]
[2021.02.22-19.11.00:122][  0]LogConfig: Setting CVar [[gc.IncrementalBeginDestroyEnabled:1]]
[2021.02.22-19.11.00:122][  0]LogConfig: Setting CVar [[gc.CreateGCClusters:1]]
[2021.02.22-19.11.00:122][  0]LogConfig: Setting CVar [[gc.MinGCClusterSize:5]]
[2021.02.22-19.11.00:123][  0]LogConfig: Setting CVar [[gc.ActorClusteringEnabled:0]]
[2021.02.22-19.11.00:123][  0]LogConfig: Setting CVar [[gc.BlueprintClusteringEnabled:0]]
[2021.02.22-19.11.00:123][  0]LogConfig: Setting CVar [[gc.UseDisregardForGCOnDedicatedServers:0]]
[2021.02.22-19.11.00:123][  0]LogConfig: Applying CVar settings from Section [/Script/Engine.NetworkSettings] File [C:/Users/sethg/Desktop/High Level Development II/W21_GAM1528_NoNameYet/TowerDefence/Saved/Config/Windows/Engine.ini]
[2021.02.22-19.11.00:123][  0]LogConfig: Applying CVar settings from Section [/Script/UnrealEd.CookerSettings] File [C:/Users/sethg/Desktop/High Level Development II/W21_GAM1528_NoNameYet/TowerDefence/Saved/Config/Windows/Engine.ini]
[2021.02.22-19.11.00:144][  0]LogConfig: Applying CVar settings from Section [ViewDistanceQuality@3] File [C:/Users/sethg/Desktop/High Level Development II/W21_GAM1528_NoNameYet/TowerDefence/Saved/Config/Windows/Scalability.ini]
[2021.02.22-19.11.00:145][  0]LogConfig: Setting CVar [[r.SkeletalMeshLODBias:0]]
[2021.02.22-19.11.00:145][  0]LogConfig: Setting CVar [[r.ViewDistanceScale:1.0]]
[2021.02.22-19.11.00:145][  0]LogConfig: Applying CVar settings from Section [AntiAliasingQuality@3] File [C:/Users/sethg/Desktop/High Level Development II/W21_GAM1528_NoNameYet/TowerDefence/Saved/Config/Windows/Scalability.ini]
[2021.02.22-19.11.00:145][  0]LogConfig: Setting CVar [[r.PostProcessAAQuality:4]]
[2021.02.22-19.11.00:145][  0]LogConfig: Applying CVar settings from Section [ShadowQuality@3] File [C:/Users/sethg/Desktop/High Level Development II/W21_GAM1528_NoNameYet/TowerDefence/Saved/Config/Windows/Scalability.ini]
[2021.02.22-19.11.00:145][  0]LogConfig: Setting CVar [[r.LightFunctionQuality:1]]
[2021.02.22-19.11.00:145][  0]LogConfig: Setting CVar [[r.ShadowQuality:5]]
[2021.02.22-19.11.00:145][  0]LogConfig: Setting CVar [[r.Shadow.CSM.MaxCascades:10]]
[2021.02.22-19.11.00:145][  0]LogConfig: Setting CVar [[r.Shadow.MaxResolution:2048]]
[2021.02.22-19.11.00:145][  0]LogConfig: Setting CVar [[r.Shadow.MaxCSMResolution:2048]]
[2021.02.22-19.11.00:145][  0]LogConfig: Setting CVar [[r.Shadow.RadiusThreshold:0.01]]
[2021.02.22-19.11.00:145][  0]LogConfig: Setting CVar [[r.Shadow.DistanceScale:1.0]]
[2021.02.22-19.11.00:146][  0]LogConfig: Setting CVar [[r.Shadow.CSM.TransitionScale:1.0]]
[2021.02.22-19.11.00:146][  0]LogConfig: Setting CVar [[r.Shadow.PreShadowResolutionFactor:1.0]]
[2021.02.22-19.11.00:146][  0]LogConfig: Setting CVar [[r.DistanceFieldShadowing:1]]
[2021.02.22-19.11.00:146][  0]LogConfig: Setting CVar [[r.DistanceFieldAO:1]]
[2021.02.22-19.11.00:146][  0]LogConfig: Setting CVar [[r.AOQuality:2]]
[2021.02.22-19.11.00:146][  0]LogConfig: Setting CVar [[r.VolumetricFog:1]]
[2021.02.22-19.11.00:146][  0]LogConfig: Setting CVar [[r.VolumetricFog.GridPixelSize:8]]
[2021.02.22-19.11.00:146][  0]LogConfig: Setting CVar [[r.VolumetricFog.GridSizeZ:128]]
[2021.02.22-19.11.00:146][  0]LogConfig: Setting CVar [[r.VolumetricFog.HistoryMissSupersampleCount:4]]
[2021.02.22-19.11.00:146][  0]LogConfig: Setting CVar [[r.LightMaxDrawDistanceScale:1]]
[2021.02.22-19.11.00:146][  0]LogConfig: Setting CVar [[r.CapsuleShadows:1]]
[2021.02.22-19.11.00:146][  0]LogConfig: Applying CVar settings from Section [PostProcessQuality@3] File [C:/Users/sethg/Desktop/High Level Development II/W21_GAM1528_NoNameYet/TowerDefence/Saved/Config/Windows/Scalability.ini]
[2021.02.22-19.11.00:146][  0]LogConfig: Setting CVar [[r.MotionBlurQuality:4]]
[2021.02.22-19.11.00:146][  0]LogConfig: Setting CVar [[r.AmbientOcclusionMipLevelFactor:0.4]]
[2021.02.22-19.11.00:146][  0]LogConfig: Setting CVar [[r.AmbientOcclusionMaxQuality:100]]
[2021.02.22-19.11.00:146][  0]LogConfig: Setting CVar [[r.AmbientOcclusionLevels:-1]]
[2021.02.22-19.11.00:146][  0]LogConfig: Setting CVar [[r.AmbientOcclusionRadiusScale:1.0]]
[2021.02.22-19.11.00:147][  0]LogConfig: Setting CVar [[r.DepthOfFieldQuality:2]]
[2021.02.22-19.11.00:147][  0]LogConfig: Setting CVar [[r.RenderTargetPoolMin:400]]
[2021.02.22-19.11.00:147][  0]LogConfig: Setting CVar [[r.LensFlareQuality:2]]
[2021.02.22-19.11.00:147][  0]LogConfig: Setting CVar [[r.SceneColorFringeQuality:1]]
[2021.02.22-19.11.00:147][  0]LogConfig: Setting CVar [[r.EyeAdaptationQuality:2]]
[2021.02.22-19.11.00:147][  0]LogConfig: Setting CVar [[r.BloomQuality:5]]
[2021.02.22-19.11.00:147][  0]LogConfig: Setting CVar [[r.FastBlurThreshold:100]]
[2021.02.22-19.11.00:147][  0]LogConfig: Setting CVar [[r.Upscale.Quality:3]]
[2021.02.22-19.11.00:147][  0]LogConfig: Setting CVar [[r.Tonemapper.GrainQuantization:1]]
[2021.02.22-19.11.00:147][  0]LogConfig: Setting CVar [[r.LightShaftQuality:1]]
[2021.02.22-19.11.00:147][  0]LogConfig: Setting CVar [[r.Filter.SizeScale:1]]
[2021.02.22-19.11.00:147][  0]LogConfig: Setting CVar [[r.Tonemapper.Quality:5]]
[2021.02.22-19.11.00:147][  0]LogConfig: Setting CVar [[r.DOF.Gather.AccumulatorQuality:1        ; higher gathering accumulator quality]]
[2021.02.22-19.11.00:147][  0]LogConfig: Setting CVar [[r.DOF.Gather.PostfilterMethod:1          ; Median3x3 postfilering method]]
[2021.02.22-19.11.00:147][  0]LogConfig: Setting CVar [[r.DOF.Gather.EnableBokehSettings:0       ; no bokeh simulation when gathering]]
[2021.02.22-19.11.00:147][  0]LogConfig: Setting CVar [[r.DOF.Gather.RingCount:4                 ; medium number of samples when gathering]]
[2021.02.22-19.11.00:148][  0]LogConfig: Setting CVar [[r.DOF.Scatter.ForegroundCompositing:1    ; additive foreground scattering]]
[2021.02.22-19.11.00:148][  0]LogConfig: Setting CVar [[r.DOF.Scatter.BackgroundCompositing:2    ; additive background scattering]]
[2021.02.22-19.11.00:148][  0]LogConfig: Setting CVar [[r.DOF.Scatter.EnableBokehSettings:1      ; bokeh simulation when scattering]]
[2021.02.22-19.11.00:148][  0]LogConfig: Setting CVar [[r.DOF.Scatter.MaxSpriteRatio:0.1         ; only a maximum of 10% of scattered bokeh]]
[2021.02.22-19.11.00:148][  0]LogConfig: Setting CVar [[r.DOF.Recombine.Quality:1                ; cheap slight out of focus]]
[2021.02.22-19.11.00:148][  0]LogConfig: Setting CVar [[r.DOF.Recombine.EnableBokehSettings:0    ; no bokeh simulation on slight out of focus]]
[2021.02.22-19.11.00:148][  0]LogConfig: Setting CVar [[r.DOF.TemporalAAQuality:1                ; more stable temporal accumulation]]
[2021.02.22-19.11.00:148][  0]LogConfig: Setting CVar [[r.DOF.Kernel.MaxForegroundRadius:0.025]]
[2021.02.22-19.11.00:148][  0]LogConfig: Setting CVar [[r.DOF.Kernel.MaxBackgroundRadius:0.025]]
[2021.02.22-19.11.00:148][  0]LogConfig: Applying CVar settings from Section [TextureQuality@3] File [C:/Users/sethg/Desktop/High Level Development II/W21_GAM1528_NoNameYet/TowerDefence/Saved/Config/Windows/Scalability.ini]
[2021.02.22-19.11.00:148][  0]LogConfig: Setting CVar [[r.Streaming.MipBias:0]]
[2021.02.22-19.11.00:148][  0]LogConfig: Setting CVar [[r.Streaming.AmortizeCPUToGPUCopy:0]]
[2021.02.22-19.11.00:148][  0]LogConfig: Setting CVar [[r.Streaming.MaxNumTexturesToStreamPerFrame:0]]
[2021.02.22-19.11.00:148][  0]LogConfig: Setting CVar [[r.Streaming.Boost:1]]
[2021.02.22-19.11.00:149][  0]LogConfig: Setting CVar [[r.MaxAnisotropy:8]]
[2021.02.22-19.11.00:149][  0]LogConfig: Setting CVar [[r.VT.MaxAnisotropy:8]]
[2021.02.22-19.11.00:149][  0]LogConfig: Setting CVar [[r.Streaming.LimitPoolSizeToVRAM:0]]
[2021.02.22-19.11.00:149][  0]LogConfig: Setting CVar [[r.Streaming.PoolSize:1000]]
[2021.02.22-19.11.00:149][  0]LogConfig: Setting CVar [[r.Streaming.MaxEffectiveScreenSize:0]]
[2021.02.22-19.11.00:149][  0]LogConfig: Applying CVar settings from Section [EffectsQuality@3] File [C:/Users/sethg/Desktop/High Level Development II/W21_GAM1528_NoNameYet/TowerDefence/Saved/Config/Windows/Scalability.ini]
[2021.02.22-19.11.00:149][  0]LogConfig: Setting CVar [[r.TranslucencyLightingVolumeDim:64]]
[2021.02.22-19.11.00:149][  0]LogConfig: Setting CVar [[r.RefractionQuality:2]]
[2021.02.22-19.11.00:149][  0]LogConfig: Setting CVar [[r.SSR.Quality:3]]
[2021.02.22-19.11.00:149][  0]LogConfig: Setting CVar [[r.SSR.HalfResSceneColor:0]]
[2021.02.22-19.11.00:149][  0]LogConfig: Setting CVar [[r.SceneColorFormat:4]]
[2021.02.22-19.11.00:149][  0]LogConfig: Setting CVar [[r.DetailMode:2]]
[2021.02.22-19.11.00:149][  0]LogConfig: Setting CVar [[r.TranslucencyVolumeBlur:1]]
[2021.02.22-19.11.00:150][  0]LogConfig: Setting CVar [[r.MaterialQualityLevel:1 ; High quality]]
[2021.02.22-19.11.00:150][  0]LogConfig: Setting CVar [[r.SSS.Scale:1]]
[2021.02.22-19.11.00:150][  0]LogConfig: Setting CVar [[r.SSS.SampleSet:2]]
[2021.02.22-19.11.00:150][  0]LogConfig: Setting CVar [[r.SSS.Quality:1]]
[2021.02.22-19.11.00:150][  0]LogConfig: Setting CVar [[r.SSS.HalfRes:0]]
[2021.02.22-19.11.00:150][  0]LogConfig: Setting CVar [[r.SSGI.Quality:3]]
[2021.02.22-19.11.00:150][  0]LogConfig: Setting CVar [[r.EmitterSpawnRateScale:1.0]]
[2021.02.22-19.11.00:150][  0]LogConfig: Setting CVar [[r.ParticleLightQuality:2]]
[2021.02.22-19.11.00:150][  0]LogConfig: Setting CVar [[r.SkyAtmosphere.AerialPerspectiveLUT.FastApplyOnOpaque:1 ; Always have FastSkyLUT 1 in this case to avoid wrong sky]]
[2021.02.22-19.11.00:150][  0]LogConfig: Setting CVar [[r.SkyAtmosphere.AerialPerspectiveLUT.SampleCountPerSlice:1]]
[2021.02.22-19.11.00:150][  0]LogConfig: Setting CVar [[r.SkyAtmosphere.AerialPerspectiveLUT.DepthResolution:16.0]]
[2021.02.22-19.11.00:150][  0]LogConfig: Setting CVar [[r.SkyAtmosphere.FastSkyLUT:1]]
[2021.02.22-19.11.00:150][  0]LogConfig: Setting CVar [[r.SkyAtmosphere.FastSkyLUT.SampleCountMin:4.0]]
[2021.02.22-19.11.00:150][  0]LogConfig: Setting CVar [[r.SkyAtmosphere.FastSkyLUT.SampleCountMax:32.0]]
[2021.02.22-19.11.00:151][  0]LogConfig: Setting CVar [[r.SkyAtmosphere.SampleCountMin:4.0]]
[2021.02.22-19.11.00:151][  0]LogConfig: Setting CVar [[r.SkyAtmosphere.SampleCountMax:32.0]]
[2021.02.22-19.11.00:151][  0]LogConfig: Setting CVar [[r.SkyAtmosphere.TransmittanceLUT.UseSmallFormat:0]]
[2021.02.22-19.11.00:151][  0]LogConfig: Setting CVar [[r.SkyAtmosphere.TransmittanceLUT.SampleCount:10.0]]
[2021.02.22-19.11.00:151][  0]LogConfig: Setting CVar [[r.SkyAtmosphere.MultiScatteringLUT.SampleCount:15.0]]
[2021.02.22-19.11.00:151][  0]LogConfig: Applying CVar settings from Section [FoliageQuality@3] File [C:/Users/sethg/Desktop/High Level Development II/W21_GAM1528_NoNameYet/TowerDefence/Saved/Config/Windows/Scalability.ini]
[2021.02.22-19.11.00:151][  0]LogConfig: Setting CVar [[foliage.DensityScale:1.0]]
[2021.02.22-19.11.00:151][  0]LogConfig: Setting CVar [[grass.DensityScale:1.0]]
[2021.02.22-19.11.00:151][  0]LogConfig: Applying CVar settings from Section [ShadingQuality@3] File [C:/Users/sethg/Desktop/High Level Development II/W21_GAM1528_NoNameYet/TowerDefence/Saved/Config/Windows/Scalability.ini]
[2021.02.22-19.11.00:151][  0]LogConfig: Setting CVar [[r.HairStrands.SkyLighting.SampleCount:16]]
[2021.02.22-19.11.00:151][  0]LogConfig: Setting CVar [[r.HairStrands.SkyLighting.JitterIntegration:0]]
[2021.02.22-19.11.00:151][  0]LogConfig: Setting CVar [[r.HairStrands.SkyAO.SampleCount:16]]
[2021.02.22-19.11.00:151][  0]LogConfig: Setting CVar [[r.HairStrands.DeepShadow.SuperSampling:0]]
[2021.02.22-19.11.00:151][  0]LogConfig: Setting CVar [[r.HairStrands.VisibilityPPLL:0]]
[2021.02.22-19.11.00:152][  0]LogConfig: Setting CVar [[r.HairStrands.RasterizationScale:0.5]]
[2021.02.22-19.11.00:152][  0]LogConfig: Setting CVar [[r.HairStrands.VelocityRasterizationScale:1]]
[2021.02.22-19.11.00:152][  0]LogInit: Selected Device Profile: [Windows]
[2021.02.22-19.11.00:152][  0]LogInit: Applying CVar settings loaded from the selected device profile: [Windows]
[2021.02.22-19.11.00:152][  0]LogHAL: Display: Platform has ~ 16 GB [17023397888 / 17179869184 / 16], which maps to Larger [LargestMinGB=32, LargerMinGB=12, DefaultMinGB=8, SmallerMinGB=6, SmallestMinGB=0)
[2021.02.22-19.11.00:152][  0]LogInit: Going up to parent DeviceProfile []
[2021.02.22-19.11.00:152][  0]LogConfig: Applying CVar settings from Section [ViewDistanceQuality@3] File [C:/Users/sethg/Desktop/High Level Development II/W21_GAM1528_NoNameYet/TowerDefence/Saved/Config/Windows/Scalability.ini]
[2021.02.22-19.11.00:152][  0]LogConfig: Setting CVar [[r.SkeletalMeshLODBias:0]]
[2021.02.22-19.11.00:152][  0]LogConfig: Setting CVar [[r.ViewDistanceScale:1.0]]
[2021.02.22-19.11.00:152][  0]LogConfig: Applying CVar settings from Section [AntiAliasingQuality@3] File [C:/Users/sethg/Desktop/High Level Development II/W21_GAM1528_NoNameYet/TowerDefence/Saved/Config/Windows/Scalability.ini]
[2021.02.22-19.11.00:152][  0]LogConfig: Setting CVar [[r.PostProcessAAQuality:4]]
[2021.02.22-19.11.00:152][  0]LogConfig: Applying CVar settings from Section [ShadowQuality@3] File [C:/Users/sethg/Desktop/High Level Development II/W21_GAM1528_NoNameYet/TowerDefence/Saved/Config/Windows/Scalability.ini]
[2021.02.22-19.11.00:153][  0]LogConfig: Setting CVar [[r.LightFunctionQuality:1]]
[2021.02.22-19.11.00:153][  0]LogConfig: Setting CVar [[r.ShadowQuality:5]]
[2021.02.22-19.11.00:153][  0]LogConfig: Setting CVar [[r.Shadow.CSM.MaxCascades:10]]
[2021.02.22-19.11.00:153][  0]LogConfig: Setting CVar [[r.Shadow.MaxResolution:2048]]
[2021.02.22-19.11.00:153][  0]LogConfig: Setting CVar [[r.Shadow.MaxCSMResolution:2048]]
[2021.02.22-19.11.00:153][  0]LogConfig: Setting CVar [[r.Shadow.RadiusThreshold:0.01]]
[2021.02.22-19.11.00:153][  0]LogConfig: Setting CVar [[r.Shadow.DistanceScale:1.0]]
[2021.02.22-19.11.00:153][  0]LogConfig: Setting CVar [[r.Shadow.CSM.TransitionScale:1.0]]
[2021.02.22-19.11.00:153][  0]LogConfig: Setting CVar [[r.Shadow.PreShadowResolutionFactor:1.0]]
[2021.02.22-19.11.00:153][  0]LogConfig: Setting CVar [[r.DistanceFieldShadowing:1]]
[2021.02.22-19.11.00:153][  0]LogConfig: Setting CVar [[r.DistanceFieldAO:1]]
[2021.02.22-19.11.00:153][  0]LogConfig: Setting CVar [[r.AOQuality:2]]
[2021.02.22-19.11.00:153][  0]LogConfig: Setting CVar [[r.VolumetricFog:1]]
[2021.02.22-19.11.00:153][  0]LogConfig: Setting CVar [[r.VolumetricFog.GridPixelSize:8]]
[2021.02.22-19.11.00:153][  0]LogConfig: Setting CVar [[r.VolumetricFog.GridSizeZ:128]]
[2021.02.22-19.11.00:153][  0]LogConfig: Setting CVar [[r.VolumetricFog.HistoryMissSupersampleCount:4]]
[2021.02.22-19.11.00:154][  0]LogConfig: Setting CVar [[r.LightMaxDrawDistanceScale:1]]
[2021.02.22-19.11.00:154][  0]LogConfig: Setting CVar [[r.CapsuleShadows:1]]
[2021.02.22-19.11.00:154][  0]LogConfig: Applying CVar settings from Section [PostProcessQuality@3] File [C:/Users/sethg/Desktop/High Level Development II/W21_GAM1528_NoNameYet/TowerDefence/Saved/Config/Windows/Scalability.ini]
[2021.02.22-19.11.00:154][  0]LogConfig: Setting CVar [[r.MotionBlurQuality:4]]
[2021.02.22-19.11.00:154][  0]LogConfig: Setting CVar [[r.AmbientOcclusionMipLevelFactor:0.4]]
[2021.02.22-19.11.00:154][  0]LogConfig: Setting CVar [[r.AmbientOcclusionMaxQuality:100]]
[2021.02.22-19.11.00:154][  0]LogConfig: Setting CVar [[r.AmbientOcclusionLevels:-1]]
[2021.02.22-19.11.00:154][  0]LogConfig: Setting CVar [[r.AmbientOcclusionRadiusScale:1.0]]
[2021.02.22-19.11.00:154][  0]LogConfig: Setting CVar [[r.DepthOfFieldQuality:2]]
[2021.02.22-19.11.00:154][  0]LogConfig: Setting CVar [[r.RenderTargetPoolMin:400]]
[2021.02.22-19.11.00:154][  0]LogConfig: Setting CVar [[r.LensFlareQuality:2]]
[2021.02.22-19.11.00:154][  0]LogConfig: Setting CVar [[r.SceneColorFringeQuality:1]]
[2021.02.22-19.11.00:154][  0]LogConfig: Setting CVar [[r.EyeAdaptationQuality:2]]
[2021.02.22-19.11.00:154][  0]LogConfig: Setting CVar [[r.BloomQuality:5]]
[2021.02.22-19.11.00:154][  0]LogConfig: Setting CVar [[r.FastBlurThreshold:100]]
[2021.02.22-19.11.00:155][  0]LogConfig: Setting CVar [[r.Upscale.Quality:3]]
[2021.02.22-19.11.00:155][  0]LogConfig: Setting CVar [[r.Tonemapper.GrainQuantization:1]]
[2021.02.22-19.11.00:155][  0]LogConfig: Setting CVar [[r.LightShaftQuality:1]]
[2021.02.22-19.11.00:155][  0]LogConfig: Setting CVar [[r.Filter.SizeScale:1]]
[2021.02.22-19.11.00:155][  0]LogConfig: Setting CVar [[r.Tonemapper.Quality:5]]
[2021.02.22-19.11.00:155][  0]LogConfig: Setting CVar [[r.DOF.Gather.AccumulatorQuality:1        ; higher gathering accumulator quality]]
[2021.02.22-19.11.00:155][  0]LogConfig: Setting CVar [[r.DOF.Gather.PostfilterMethod:1          ; Median3x3 postfilering method]]
[2021.02.22-19.11.00:155][  0]LogConfig: Setting CVar [[r.DOF.Gather.EnableBokehSettings:0       ; no bokeh simulation when gathering]]
[2021.02.22-19.11.00:155][  0]LogConfig: Setting CVar [[r.DOF.Gather.RingCount:4                 ; medium number of samples when gathering]]
[2021.02.22-19.11.00:155][  0]LogConfig: Setting CVar [[r.DOF.Scatter.ForegroundCompositing:1    ; additive foreground scattering]]
[2021.02.22-19.11.00:155][  0]LogConfig: Setting CVar [[r.DOF.Scatter.BackgroundCompositing:2    ; additive background scattering]]
[2021.02.22-19.11.00:155][  0]LogConfig: Setting CVar [[r.DOF.Scatter.EnableBokehSettings:1      ; bokeh simulation when scattering]]
[2021.02.22-19.11.00:155][  0]LogConfig: Setting CVar [[r.DOF.Scatter.MaxSpriteRatio:0.1         ; only a maximum of 10% of scattered bokeh]]
[2021.02.22-19.11.00:155][  0]LogConfig: Setting CVar [[r.DOF.Recombine.Quality:1                ; cheap slight out of focus]]
[2021.02.22-19.11.00:156][  0]LogConfig: Setting CVar [[r.DOF.Recombine.EnableBokehSettings:0    ; no bokeh simulation on slight out of focus]]
[2021.02.22-19.11.00:156][  0]LogConfig: Setting CVar [[r.DOF.TemporalAAQuality:1                ; more stable temporal accumulation]]
[2021.02.22-19.11.00:156][  0]LogConfig: Setting CVar [[r.DOF.Kernel.MaxForegroundRadius:0.025]]
[2021.02.22-19.11.00:156][  0]LogConfig: Setting CVar [[r.DOF.Kernel.MaxBackgroundRadius:0.025]]
[2021.02.22-19.11.00:156][  0]LogConfig: Applying CVar settings from Section [TextureQuality@3] File [C:/Users/sethg/Desktop/High Level Development II/W21_GAM1528_NoNameYet/TowerDefence/Saved/Config/Windows/Scalability.ini]
[2021.02.22-19.11.00:156][  0]LogConfig: Setting CVar [[r.Streaming.MipBias:0]]
[2021.02.22-19.11.00:156][  0]LogConfig: Setting CVar [[r.Streaming.AmortizeCPUToGPUCopy:0]]
[2021.02.22-19.11.00:156][  0]LogConfig: Setting CVar [[r.Streaming.MaxNumTexturesToStreamPerFrame:0]]
[2021.02.22-19.11.00:156][  0]LogConfig: Setting CVar [[r.Streaming.Boost:1]]
[2021.02.22-19.11.00:156][  0]LogConfig: Setting CVar [[r.MaxAnisotropy:8]]
[2021.02.22-19.11.00:156][  0]LogConfig: Setting CVar [[r.VT.MaxAnisotropy:8]]
[2021.02.22-19.11.00:156][  0]LogConfig: Setting CVar [[r.Streaming.LimitPoolSizeToVRAM:0]]
[2021.02.22-19.11.00:156][  0]LogConfig: Setting CVar [[r.Streaming.PoolSize:1000]]
[2021.02.22-19.11.00:157][  0]LogConfig: Setting CVar [[r.Streaming.MaxEffectiveScreenSize:0]]
[2021.02.22-19.11.00:157][  0]LogConfig: Applying CVar settings from Section [EffectsQuality@3] File [C:/Users/sethg/Desktop/High Level Development II/W21_GAM1528_NoNameYet/TowerDefence/Saved/Config/Windows/Scalability.ini]
[2021.02.22-19.11.00:157][  0]LogConfig: Setting CVar [[r.TranslucencyLightingVolumeDim:64]]
[2021.02.22-19.11.00:157][  0]LogConfig: Setting CVar [[r.RefractionQuality:2]]
[2021.02.22-19.11.00:157][  0]LogConfig: Setting CVar [[r.SSR.Quality:3]]
[2021.02.22-19.11.00:157][  0]LogConfig: Setting CVar [[r.SSR.HalfResSceneColor:0]]
[2021.02.22-19.11.00:157][  0]LogConfig: Setting CVar [[r.SceneColorFormat:4]]
[2021.02.22-19.11.00:157][  0]LogConfig: Setting CVar [[r.DetailMode:2]]
[2021.02.22-19.11.00:157][  0]LogConfig: Setting CVar [[r.TranslucencyVolumeBlur:1]]
[2021.02.22-19.11.00:157][  0]LogConfig: Setting CVar [[r.MaterialQualityLevel:1 ; High quality]]
[2021.02.22-19.11.00:157][  0]LogConfig: Setting CVar [[r.SSS.Scale:1]]
[2021.02.22-19.11.00:157][  0]LogConfig: Setting CVar [[r.SSS.SampleSet:2]]
[2021.02.22-19.11.00:157][  0]LogConfig: Setting CVar [[r.SSS.Quality:1]]
[2021.02.22-19.11.00:157][  0]LogConfig: Setting CVar [[r.SSS.HalfRes:0]]
[2021.02.22-19.11.00:158][  0]LogConfig: Setting CVar [[r.SSGI.Quality:3]]
[2021.02.22-19.11.00:158][  0]LogConfig: Setting CVar [[r.EmitterSpawnRateScale:1.0]]
[2021.02.22-19.11.00:158][  0]LogConfig: Setting CVar [[r.ParticleLightQuality:2]]
[2021.02.22-19.11.00:158][  0]LogConfig: Setting CVar [[r.SkyAtmosphere.AerialPerspectiveLUT.FastApplyOnOpaque:1 ; Always have FastSkyLUT 1 in this case to avoid wrong sky]]
[2021.02.22-19.11.00:158][  0]LogConfig: Setting CVar [[r.SkyAtmosphere.AerialPerspectiveLUT.SampleCountPerSlice:1]]
[2021.02.22-19.11.00:158][  0]LogConfig: Setting CVar [[r.SkyAtmosphere.AerialPerspectiveLUT.DepthResolution:16.0]]
[2021.02.22-19.11.00:158][  0]LogConfig: Setting CVar [[r.SkyAtmosphere.FastSkyLUT:1]]
[2021.02.22-19.11.00:158][  0]LogConfig: Setting CVar [[r.SkyAtmosphere.FastSkyLUT.SampleCountMin:4.0]]
[2021.02.22-19.11.00:158][  0]LogConfig: Setting CVar [[r.SkyAtmosphere.FastSkyLUT.SampleCountMax:32.0]]
[2021.02.22-19.11.00:158][  0]LogConfig: Setting CVar [[r.SkyAtmosphere.SampleCountMin:4.0]]
[2021.02.22-19.11.00:158][  0]LogConfig: Setting CVar [[r.SkyAtmosphere.SampleCountMax:32.0]]
[2021.02.22-19.11.00:158][  0]LogConfig: Setting CVar [[r.SkyAtmosphere.TransmittanceLUT.UseSmallFormat:0]]
[2021.02.22-19.11.00:158][  0]LogConfig: Setting CVar [[r.SkyAtmosphere.TransmittanceLUT.SampleCount:10.0]]
[2021.02.22-19.11.00:158][  0]LogConfig: Setting CVar [[r.SkyAtmosphere.MultiScatteringLUT.SampleCount:15.0]]
[2021.02.22-19.11.00:159][  0]LogConfig: Applying CVar settings from Section [FoliageQuality@3] File [C:/Users/sethg/Desktop/High Level Development II/W21_GAM1528_NoNameYet/TowerDefence/Saved/Config/Windows/Scalability.ini]
[2021.02.22-19.11.00:159][  0]LogConfig: Setting CVar [[foliage.DensityScale:1.0]]
[2021.02.22-19.11.00:159][  0]LogConfig: Setting CVar [[grass.DensityScale:1.0]]
[2021.02.22-19.11.00:159][  0]LogConfig: Applying CVar settings from Section [ShadingQuality@3] File [C:/Users/sethg/Desktop/High Level Development II/W21_GAM1528_NoNameYet/TowerDefence/Saved/Config/Windows/Scalability.ini]
[2021.02.22-19.11.00:159][  0]LogConfig: Setting CVar [[r.HairStrands.SkyLighting.SampleCount:16]]
[2021.02.22-19.11.00:159][  0]LogConfig: Setting CVar [[r.HairStrands.SkyLighting.JitterIntegration:0]]
[2021.02.22-19.11.00:159][  0]LogConfig: Setting CVar [[r.HairStrands.SkyAO.SampleCount:16]]
[2021.02.22-19.11.00:159][  0]LogConfig: Setting CVar [[r.HairStrands.DeepShadow.SuperSampling:0]]
[2021.02.22-19.11.00:159][  0]LogConfig: Setting CVar [[r.HairStrands.VisibilityPPLL:0]]
[2021.02.22-19.11.00:159][  0]LogConfig: Setting CVar [[r.HairStrands.RasterizationScale:0.5]]
[2021.02.22-19.11.00:160][  0]LogConfig: Setting CVar [[r.HairStrands.VelocityRasterizationScale:1]]
[2021.02.22-19.11.00:160][  0]LogConfig: Applying CVar settings from Section [Startup] File [../../../Engine/Config/ConsoleVariables.ini]
[2021.02.22-19.11.00:163][  0]LogConfig: Setting CVar [[net.UseAdaptiveNetUpdateFrequency:0]]
[2021.02.22-19.11.00:164][  0]LogConfig: Setting CVar [[p.chaos.AllowCreatePhysxBodies:1]]
[2021.02.22-19.11.00:165][  0]LogConfig: Setting CVar [[fx.SkipVectorVMBackendOptimizations:1]]
[2021.02.22-19.11.00:165][  0]LogConfig: Applying CVar settings from Section [ConsoleVariables] File [C:/Users/sethg/Desktop/High Level Development II/W21_GAM1528_NoNameYet/TowerDefence/Saved/Config/Windows/Engine.ini]
[2021.02.22-19.11.00:166][  0]LogInit: Computer: LAPTOP-K3PBHEDP
[2021.02.22-19.11.00:166][  0]LogInit: User: sethg
[2021.02.22-19.11.00:166][  0]LogInit: CPU Page size=4096, Cores=6
[2021.02.22-19.11.00:166][  0]LogInit: High frequency timer resolution =10.000000 MHz
[2021.02.22-19.11.00:167][  0]LogMemory: Memory total: Physical=15.9GB (16GB approx)
[2021.02.22-19.11.00:167][  0]LogMemory: Platform Memory Stats for Windows
[2021.02.22-19.11.00:167][  0]LogMemory: Process Physical Memory: 115.32 MB used, 115.33 MB peak
[2021.02.22-19.11.00:167][  0]LogMemory: Process Virtual Memory: 97.00 MB used, 97.00 MB peak
[2021.02.22-19.11.00:167][  0]LogMemory: Physical Memory: 9174.69 MB used,  7060.09 MB free, 16234.78 MB total
[2021.02.22-19.11.00:167][  0]LogMemory: Virtual Memory: 5164.91 MB used,  134212560.00 MB free, 134217728.00 MB total
[2021.02.22-19.11.00:190][  0]LogWindows: WindowsPlatformFeatures enabled
[2021.02.22-19.11.00:656][  0]LogInit: Physics initialised using underlying interface: PhysX
[2021.02.22-19.11.00:657][  0]LogInit: Using OS detected language (en-US).
[2021.02.22-19.11.00:657][  0]LogInit: Using OS detected locale (en-CA).
[2021.02.22-19.11.00:660][  0]LogTextLocalizationManager: No specific localization for 'en-US' exists, so the 'en' localization will be used.
[2021.02.22-19.11.01:058][  0]LogInit: Setting process to per monitor DPI aware
[2021.02.22-19.11.01:276][  0]LogSlate: New Slate User Created.  User Index 0, Is Virtual User: 0
[2021.02.22-19.11.01:276][  0]LogSlate: Slate User Registered.  User Index 0, Is Virtual User: 0
[2021.02.22-19.11.01:881][  0]LogHMD: Failed to initialize OpenVR with code 110
[2021.02.22-19.11.01:882][  0]LogD3D11RHI: D3D11 min allowed feature level: 11_0
[2021.02.22-19.11.01:882][  0]LogD3D11RHI: D3D11 max allowed feature level: 11_0
[2021.02.22-19.11.01:882][  0]LogD3D11RHI: D3D11 adapters:
[2021.02.22-19.11.03:145][  0]LogD3D11RHI:    0. 'NVIDIA GeForce GTX 1060' (Feature Level 11_0)
[2021.02.22-19.11.03:146][  0]LogD3D11RHI:       6052/0/8117 MB DedicatedVideo/DedicatedSystem/SharedSystem, Outputs:1, VendorId:0x10de
[2021.02.22-19.11.03:224][  0]LogD3D11RHI:    1. 'Intel(R) UHD Graphics 630' (Feature Level 11_0)
[2021.02.22-19.11.03:224][  0]LogD3D11RHI:       128/0/8117 MB DedicatedVideo/DedicatedSystem/SharedSystem, Outputs:0, VendorId:0x8086
[2021.02.22-19.11.03:244][  0]LogD3D11RHI:    2. 'Microsoft Basic Render Driver' (Feature Level 11_0)
[2021.02.22-19.11.03:244][  0]LogD3D11RHI:       0/0/8117 MB DedicatedVideo/DedicatedSystem/SharedSystem, Outputs:0, VendorId:0x1414
[2021.02.22-19.11.03:245][  0]LogD3D11RHI: Chosen D3D11 Adapter: 0
[2021.02.22-19.11.03:257][  0]LogD3D11RHI: Creating new Direct3DDevice
[2021.02.22-19.11.03:258][  0]LogD3D11RHI:     GPU DeviceId: 0x1c20 (for the marketing name, search the web for "GPU Device Id")
[2021.02.22-19.11.03:258][  0]LogWindows: EnumDisplayDevices:
[2021.02.22-19.11.03:258][  0]LogWindows:    0. 'Intel(R) UHD Graphics 630' (P:1 D:1)
[2021.02.22-19.11.03:259][  0]LogWindows:    1. 'Intel(R) UHD Graphics 630' (P:0 D:0)
[2021.02.22-19.11.03:259][  0]LogWindows:    2. 'Intel(R) UHD Graphics 630' (P:0 D:0)
[2021.02.22-19.11.03:259][  0]LogWindows:    3. 'NVIDIA GeForce GTX 1060' (P:0 D:0)
[2021.02.22-19.11.03:260][  0]LogWindows: DebugString: PrimaryIsNotTheChoosenAdapter PrimaryIsNotTheChoosenAdapter PrimaryIsNotTheChoosenAdapter 
[2021.02.22-19.11.03:260][  0]LogD3D11RHI:     Adapter Name: NVIDIA GeForce GTX 1060
[2021.02.22-19.11.03:260][  0]LogD3D11RHI:   Driver Version: 461.40 (internal:27.21.14.6140, unified:461.40)
[2021.02.22-19.11.03:260][  0]LogD3D11RHI:      Driver Date: 1-22-2021
[2021.02.22-19.11.03:260][  0]LogRHI: Texture pool is 4236 MB (70% of 6052 MB)
[2021.02.22-19.11.03:388][  0]LogD3D11RHI: RHI has support for 64 bit atomics
[2021.02.22-19.11.03:390][  0]LogD3D11RHI: [Aftermath] Enabled and primed
[2021.02.22-19.11.03:391][  0]LogD3D11RHI: Async texture creation enabled
[2021.02.22-19.11.03:391][  0]LogD3D11RHI: Array index from any shader is supported
[2021.02.22-19.11.03:451][  0]LogD3D11RHI: GPU Timing Frequency: 1000.000000 (Debug: 2 1)
[2021.02.22-19.11.04:087][  0]LogTargetPlatformManager: Display: Loaded TargetPlatform 'AllDesktop'
[2021.02.22-19.11.04:157][  0]LogTargetPlatformManager: Display: Loaded TargetPlatform 'Android'
[2021.02.22-19.11.04:157][  0]LogTargetPlatformManager: Display: Loaded TargetPlatform 'Android_ASTC'
[2021.02.22-19.11.04:157][  0]LogTargetPlatformManager: Display: Loaded TargetPlatform 'Android_DXT'
[2021.02.22-19.11.04:157][  0]LogTargetPlatformManager: Display: Loaded TargetPlatform 'Android_ETC2'
[2021.02.22-19.11.04:158][  0]LogTargetPlatformManager: Display: Loaded TargetPlatform 'AndroidClient'
[2021.02.22-19.11.04:158][  0]LogTargetPlatformManager: Display: Loaded TargetPlatform 'Android_ASTCClient'
[2021.02.22-19.11.04:158][  0]LogTargetPlatformManager: Display: Loaded TargetPlatform 'Android_DXTClient'
[2021.02.22-19.11.04:158][  0]LogTargetPlatformManager: Display: Loaded TargetPlatform 'Android_ETC2Client'
[2021.02.22-19.11.04:158][  0]LogTargetPlatformManager: Display: Loaded TargetPlatform 'Android_Multi'
[2021.02.22-19.11.04:158][  0]LogTargetPlatformManager: Display: Loaded TargetPlatform 'Android_MultiClient'
[2021.02.22-19.11.04:241][  0]LogTargetPlatformManager: Display: Loaded TargetPlatform 'IOSClient'
[2021.02.22-19.11.04:241][  0]LogTargetPlatformManager: Display: Loaded TargetPlatform 'IOS'
[2021.02.22-19.11.04:268][  0]LogTargetPlatformManager: Display: Loaded TargetPlatform 'Linux'
[2021.02.22-19.11.04:304][  0]LogTargetPlatformManager: Display: Loaded TargetPlatform 'LinuxNoEditor'
[2021.02.22-19.11.04:334][  0]LogTargetPlatformManager: Display: Loaded TargetPlatform 'LinuxClient'
[2021.02.22-19.11.04:373][  0]LogTargetPlatformManager: Display: Loaded TargetPlatform 'LinuxServer'
[2021.02.22-19.11.04:404][  0]LogTargetPlatformManager: Display: Loaded TargetPlatform 'LinuxAArch64NoEditor'
[2021.02.22-19.11.04:435][  0]LogTargetPlatformManager: Display: Loaded TargetPlatform 'LinuxAArch64Client'
[2021.02.22-19.11.04:459][  0]LogTargetPlatformManager: Display: Loaded TargetPlatform 'LinuxAArch64Server'
[2021.02.22-19.11.04:545][  0]LogTargetPlatformManager: Display: Loaded TargetPlatform 'Lumin'
[2021.02.22-19.11.04:545][  0]LogTargetPlatformManager: Display: Loaded TargetPlatform 'LuminClient'
[2021.02.22-19.11.04:587][  0]LogTargetPlatformManager: Display: Loaded TargetPlatform 'TVOSClient'
[2021.02.22-19.11.04:587][  0]LogTargetPlatformManager: Display: Loaded TargetPlatform 'TVOS'
[2021.02.22-19.11.04:619][  0]LogTargetPlatformManager: Display: Loaded TargetPlatform 'WindowsNoEditor'
[2021.02.22-19.11.04:652][  0]LogTargetPlatformManager: Display: Loaded TargetPlatform 'Windows'
[2021.02.22-19.11.04:687][  0]LogTargetPlatformManager: Display: Loaded TargetPlatform 'WindowsClient'
[2021.02.22-19.11.04:718][  0]LogTargetPlatformManager: Display: Loaded TargetPlatform 'WindowsServer'
[2021.02.22-19.11.04:718][  0]LogTargetPlatformManager: Display: Building Assets For Windows
[2021.02.22-19.11.04:785][  0]LogAudioDebug: Display: Lib vorbis DLL was dynamically loaded.
[2021.02.22-19.11.05:228][  0]LogShaderCompilers: Guid format shader working directory is -38 characters bigger than the processId version (C:/Users/sethg/Desktop/High Level Development II/W21_GAM1528_NoNameYet/TowerDefence/Intermediate/Shaders/WorkingDirectory/27596/).
[2021.02.22-19.11.05:230][  0]LogShaderCompilers: Cleaned the shader compiler working directory 'C:/Users/sethg/AppData/Local/Temp/UnrealShaderWorkingDir/A168269A416E06CE319AE6A980467248/'.
[2021.02.22-19.11.05:232][  0]LogXGEController: Cleaning working directory: C:/Users/sethg/AppData/Local/Temp/UnrealXGEWorkingDir/
[2021.02.22-19.11.05:233][  0]LogXGEController: Cannot use XGE Controller as Incredibuild is not installed on this machine.
[2021.02.22-19.11.05:234][  0]LogShaderCompilers: Cannot use XGE Shader Compiler as Incredibuild is not installed on this machine.
[2021.02.22-19.11.05:234][  0]LogShaderCompilers: Display: Using Local Shader Compiler.
[2021.02.22-19.11.06:628][  0]LogDerivedDataCache: Display: Max Cache Size: 512 MB
[2021.02.22-19.11.06:809][  0]LogDerivedDataCache: Loaded boot cache 0.18s 75MB C:/Users/sethg/AppData/Local/UnrealEngine/4.25/DerivedDataCache/Boot.ddc.
[2021.02.22-19.11.06:809][  0]LogDerivedDataCache: Display: Loaded Boot cache: C:/Users/sethg/AppData/Local/UnrealEngine/4.25/DerivedDataCache/Boot.ddc
[2021.02.22-19.11.06:810][  0]LogDerivedDataCache: FDerivedDataBackendGraph:  Pak pak cache file C:/Users/sethg/Desktop/High Level Development II/W21_GAM1528_NoNameYet/TowerDefence/DerivedDataCache/DDC.ddp not found, will not use a pak cache.
[2021.02.22-19.11.06:810][  0]LogDerivedDataCache: Unable to find inner node Pak for hierarchical cache Hierarchy.
[2021.02.22-19.11.06:811][  0]LogDerivedDataCache: FDerivedDataBackendGraph:  CompressedPak pak cache file C:/Users/sethg/Desktop/High Level Development II/W21_GAM1528_NoNameYet/TowerDefence/DerivedDataCache/Compressed.ddp not found, will not use a pak cache.
[2021.02.22-19.11.06:811][  0]LogDerivedDataCache: Unable to find inner node CompressedPak for hierarchical cache Hierarchy.
[2021.02.22-19.11.06:824][  0]LogDerivedDataCache: Display: Pak cache opened for reading ../../../Engine/DerivedDataCache/Compressed.ddp.
[2021.02.22-19.11.06:824][  0]LogDerivedDataCache: FDerivedDataBackendGraph:  EnterprisePak pak cache file ../../../Enterprise/DerivedDataCache/Compressed.ddp not found, will not use a pak cache.
[2021.02.22-19.11.06:824][  0]LogDerivedDataCache: Unable to find inner node EnterprisePak for hierarchical cache Hierarchy.
[2021.02.22-19.11.06:833][  0]LogDerivedDataCache: Using Local data cache path C:/Users/sethg/AppData/Local/UnrealEngine/Common/DerivedDataCache: Writable
[2021.02.22-19.11.06:834][  0]LogDerivedDataCache: Shared data cache path not found in *engine.ini, will not use an Shared cache.
[2021.02.22-19.11.06:834][  0]LogDerivedDataCache: Unable to find inner node Shared for hierarchical cache Hierarchy.
[2021.02.22-19.11.06:930][  0]LogSlate: Using FreeType 2.10.0
[2021.02.22-19.11.06:932][  0]LogSlate: SlateFontServices - WITH_FREETYPE: 1, WITH_HARFBUZZ: 1
[2021.02.22-19.11.06:988][  0]LogAssetRegistry: FAssetRegistry took 0.0062 seconds to start up
[2021.02.22-19.11.07:466][  0]LogInit: Selected Device Profile: [Windows]
[2021.02.22-19.11.07:755][  0]LogMeshReduction: Using QuadricMeshReduction for automatic static mesh reduction
[2021.02.22-19.11.07:755][  0]LogMeshReduction: Using SimplygonMeshReduction for automatic skeletal mesh reduction
[2021.02.22-19.11.07:755][  0]LogMeshReduction: Using ProxyLODMeshReduction for automatic mesh merging
[2021.02.22-19.11.07:755][  0]LogMeshReduction: No distributed automatic mesh merging module available
[2021.02.22-19.11.07:755][  0]LogMeshMerging: No distributed automatic mesh merging module available
[2021.02.22-19.11.07:813][  0]LogNetVersion: TowerDefence 1.0.0, NetCL: 13144385, EngineNetVer: 14, GameNetVer: 0 (Checksum: 2510641227)
[2021.02.22-19.11.08:746][  0]LogAISub: UAISubsystem::UAISubsystem AISubsystem (00000295597EE980), frame # 0
[2021.02.22-19.11.08:746][  0]LogAISub: UAISubsystem::UAISubsystem AIPerceptionSystem (000002955968EAC0), frame # 0
[2021.02.22-19.11.08:749][  0]LogAISub: UAISubsystem::UAISubsystem EnvQueryManager (00000295597EA600), frame # 0
[2021.02.22-19.11.08:921][  0]LogPackageLocalizationCache: Processed 19 localized package path(s) for 1 prioritized culture(s) in 0.164983 seconds
[2021.02.22-19.11.08:930][  0]LogUObjectArray: 15917 objects as part of root set at end of initial load.
[2021.02.22-19.11.08:931][  0]LogUObjectAllocator: 3965568 out of 0 bytes used by permanent object pool.
[2021.02.22-19.11.08:931][  0]LogUObjectArray: CloseDisregardForGC: 0/0 objects in disregard for GC pool
[2021.02.22-19.11.10:426][  0]LogTcpMessaging: Initializing TcpMessaging bridge
[2021.02.22-19.11.10:451][  0]LogUdpMessaging: Initializing bridge on interface 0.0.0.0:0 to multicast group 230.0.0.1:6666.
[2021.02.22-19.11.10:992][  0]SourceControl: Source control is disabled
[2021.02.22-19.11.10:993][  0]SourceControl: Source control is disabled
[2021.02.22-19.11.11:027][  0]SourceControl: Source control is disabled
[2021.02.22-19.11.11:057][  0]SourceControl: Source control is disabled
[2021.02.22-19.11.11:113][  0]SourceControl: Source control is disabled
[2021.02.22-19.11.12:431][  0]LogAndroidPermission: UAndroidPermissionCallbackProxy::GetInstance
[2021.02.22-19.11.12:558][  0]LogAudioCaptureCore: Display: No Audio Capture implementations found. Audio input will be silent.
[2021.02.22-19.11.12:558][  0]LogAudioCaptureCore: Display: No Audio Capture implementations found. Audio input will be silent.
[2021.02.22-19.11.12:764][  0]LogOcInput: OculusInput pre-init called
[2021.02.22-19.11.12:797][  0]LogWindows: Failed to load 'OVRPlugin.dll' (GetLastError=126)
[2021.02.22-19.11.12:798][  0]LogWindows: File 'OVRPlugin.dll' does not exist
[2021.02.22-19.11.13:007][  0]LogEngine: Initializing Engine...
[2021.02.22-19.11.13:010][  0]LogHMD: Failed to initialize OpenVR with code 110
[2021.02.22-19.11.13:011][  0]LogMagicLeap: Warning: VR disabled because ZI is not enabled.  To enable, in the editor, Edit -> Project Settings -> Plugins -> Magic Leap Plugin -> Enable Zero Iteration
[2021.02.22-19.11.13:013][  0]LogStats: UGameplayTagsManager::InitializeManager -  0.001 s
[2021.02.22-19.11.13:458][  0]LogInit: Initializing FReadOnlyCVARCache
[2021.02.22-19.11.13:488][  0]LogAIModule: Creating AISystem for world Untitled
[2021.02.22-19.11.13:488][  0]LogAISub: UAISubsystem::UAISubsystem EnvQueryManager (0000029541E4C600), frame # 0
[2021.02.22-19.11.13:488][  0]LogAISub: UAISubsystem::UAISubsystem AIPerceptionSystem (0000029541E64A40), frame # 0
[2021.02.22-19.11.13:517][  0]LogAudioMixer: Display: Audio Mixer Platform Settings:
[2021.02.22-19.11.13:518][  0]LogAudioMixer: Display: 	Sample Rate:						  48000
[2021.02.22-19.11.13:518][  0]LogAudioMixer: Display: 	Callback Buffer Frame Size Requested: 1024
[2021.02.22-19.11.13:518][  0]LogAudioMixer: Display: 	Callback Buffer Frame Size To Use:	  1024
[2021.02.22-19.11.13:518][  0]LogAudioMixer: Display: 	Number of buffers to queue:			  2
[2021.02.22-19.11.13:518][  0]LogAudioMixer: Display: 	Max Channels (voices):				  32
[2021.02.22-19.11.13:518][  0]LogAudioMixer: Display: 	Number of Async Source Workers:		  0
[2021.02.22-19.11.13:518][  0]LogAudio: Display: AudioDevice MaxSources: 32
[2021.02.22-19.11.13:520][  0]LogAudio: Display: Using built-in audio occlusion.
[2021.02.22-19.11.13:520][  0]LogAudioMixer: Display: Initializing audio mixer.
[2021.02.22-19.11.13:580][  0]LogAudioMixer: Display: 0: FrontLeft
[2021.02.22-19.11.13:580][  0]LogAudioMixer: Display: 1: FrontRight
[2021.02.22-19.11.13:810][  0]LogAudioMixer: Display: Using Audio Device Speakers (Realtek(R) Audio)
[2021.02.22-19.11.13:811][  0]LogAudioMixer: Display: Initializing Sound Submixes...
[2021.02.22-19.11.13:815][  0]LogAudioMixer: Display: Creating Master Submix 'MasterSubmixDefault'
[2021.02.22-19.11.13:815][  0]LogAudioMixer: Display: Creating Master Submix 'MasterReverbSubmixDefault'
[2021.02.22-19.11.13:817][  0]LogAudioMixer: Display: Creating Master Submix 'MasterEQSubmixDefault'
[2021.02.22-19.11.13:823][  0]LogInit: FAudioDevice initialized.
[2021.02.22-19.11.13:825][  0]LogNetVersion: Set ProjectVersion to 1.0.0.0. Version Checksum will be recalculated on next use.
[2021.02.22-19.11.13:955][  0]LogDerivedDataCache: Saved boot cache 0.13s 75MB C:/Users/sethg/AppData/Local/UnrealEngine/4.25/DerivedDataCache/Boot.ddc.
[2021.02.22-19.11.13:973][  0]LogInit: Texture streaming: Enabled
[2021.02.22-19.11.14:067][  0]LogEngineSessionManager: EngineSessionManager initialized
[2021.02.22-19.11.14:068][  0]LogEditorSessionSummary: Verbose: Initializing EditorSessionSummaryWriter for editor session tracking
[2021.02.22-19.11.14:082][  0]LogEditorSessionSummary: EditorSessionSummaryWriter initialized
[2021.02.22-19.11.14:216][  0]LogInit: Transaction tracking system initialized
[2021.02.22-19.11.14:338][  0]BlueprintLog: New page: Editor Load
[2021.02.22-19.11.14:719][  0]LocalizationService: Localization service is disabled
[2021.02.22-19.11.15:404][  0]LogCook: Display: Max memory allowance for cook 16384mb min free memory 0mb
[2021.02.22-19.11.15:406][  0]LogFileCache: Scanning file cache for directory 'C:/Users/sethg/Desktop/High Level Development II/W21_GAM1528_NoNameYet/TowerDefence/Content/' took 0.01s
[2021.02.22-19.11.15:406][  0]LogCook: Display: Mobile HDR setting 1
[2021.02.22-19.11.16:500][  0]SourceControl: Source control is disabled
[2021.02.22-19.11.16:500][  0]LogUnrealEdMisc: Loading editor; pre map load, took 21.650
[2021.02.22-19.11.16:501][  0]Cmd: MAP LOAD FILE="C:/Users/sethg/Desktop/High Level Development II/W21_GAM1528_NoNameYet/TowerDefence/Content/Maps/Test.umap" TEMPLATE=0 SHOWPROGRESS=1 FEATURELEVEL=3
[2021.02.22-19.11.16:501][  0]LogEditorServer: Warning: Can't find file 'C:/Users/sethg/Desktop/High Level Development II/W21_GAM1528_NoNameYet/TowerDefence/Content/Maps/Test.umap'
[2021.02.22-19.11.16:501][  0]Cmd: MAP CHECKDEP NOCLEARLOG
[2021.02.22-19.11.16:502][  0]MapCheck: Map check complete: 0 Error(s), 0 Warning(s), took 0.365ms to complete.
[2021.02.22-19.11.16:502][  0]LogFileHelpers: Loading map 'Test' took 0.002
[2021.02.22-19.11.16:508][  0]LogUnrealEdMisc: Total Editor Startup Time, took 21.658
[2021.02.22-19.11.16:791][  0]LogSlate: Updating window title bar state: overlay mode, drag disabled, window buttons hidden, title bar hidden
[2021.02.22-19.11.16:819][  0]LogSlate: Updating window title bar state: overlay mode, drag disabled, window buttons hidden, title bar hidden
[2021.02.22-19.11.16:839][  0]LogSlate: Updating window title bar state: overlay mode, drag disabled, window buttons hidden, title bar hidden
[2021.02.22-19.11.16:868][  0]LogSlate: Updating window title bar state: overlay mode, drag disabled, window buttons hidden, title bar hidden
[2021.02.22-19.11.16:902][  0]LogCollectionManager: Loaded 0 collections in 0.002231 seconds
[2021.02.22-19.11.16:971][  0]LogFileCache: Scanning file cache for directory 'C:/Users/sethg/Desktop/High Level Development II/W21_GAM1528_NoNameYet/TowerDefence/Saved/Collections/' took 0.01s
[2021.02.22-19.11.16:971][  0]LogFileCache: Scanning file cache for directory 'C:/Users/sethg/Desktop/High Level Development II/W21_GAM1528_NoNameYet/TowerDefence/Content/Developers/sethg/Collections/' took 0.02s
[2021.02.22-19.11.16:971][  0]LogFileCache: Scanning file cache for directory 'C:/Users/sethg/Desktop/High Level Development II/W21_GAM1528_NoNameYet/TowerDefence/Content/Collections/' took 0.01s
[2021.02.22-19.11.16:972][  0]LogContentBrowser: Native class hierarchy populated in 0.0293 seconds. Added 3437 classes and 824 folders.
[2021.02.22-19.11.16:975][  0]LogContentBrowser: Native class hierarchy updated for 'WidgetCarousel' in 0.0005 seconds. Added 0 classes and 0 folders.
[2021.02.22-19.11.17:144][  0]LogContentBrowser: Native class hierarchy updated for 'AddContentDialog' in 0.0011 seconds. Added 0 classes and 0 folders.
[2021.02.22-19.11.17:150][  0]LogContentBrowser: Native class hierarchy updated for 'SceneOutliner' in 0.0006 seconds. Added 2 classes and 0 folders.
[2021.02.22-19.11.17:433][  0]LogSlate: Took 0.002193 seconds to synchronously load lazily loaded font '../../../Engine/Content/Slate/Fonts/Roboto-Regular.ttf' (155K)
[2021.02.22-19.11.17:443][  0]LogSlate: Took 0.000650 seconds to synchronously load lazily loaded font '../../../Engine/Content/Slate/Fonts/Roboto-Bold.ttf' (160K)
[2021.02.22-19.11.17:453][  0]LogSlate: Took 0.000395 seconds to synchronously load lazily loaded font '../../../Engine/Content/Editor/Slate/Fonts/FontAwesome.ttf' (139K)
[2021.02.22-19.11.17:589][  0]LogRenderer: Reallocating scene render targets to support 1088x536 Format 10 NumSamples 1 (Frame:1).
[2021.02.22-19.11.17:890][  0]LogContentBrowser: Native class hierarchy updated for 'HierarchicalLODOutliner' in 0.0027 seconds. Added 0 classes and 0 folders.
[2021.02.22-19.11.17:892][  0]LogLoad: (Engine Initialization) Total time: 23.04 seconds
[2021.02.22-19.11.17:893][  0]LogLoad: (Engine Initialization) Total Blueprint compile time: 0.00 seconds
[2021.02.22-19.11.17:976][  0]LogContentStreaming: Texture pool size now 1000 MB
[2021.02.22-19.11.18:149][  1]LogRenderer: Reallocating scene render targets to support 1088x552 Format 10 NumSamples 1 (Frame:2).
[2021.02.22-19.11.18:180][  1]LogAssetRegistry: Asset discovery search completed in 11.1964 seconds
[2021.02.22-19.11.18:199][  1]LogCollectionManager: Fixed up redirectors for 0 collections in 0.000010 seconds (updated 0 objects)
[2021.02.22-19.11.26:351][384]LogSlate: Took 0.000320 seconds to synchronously load lazily loaded font '../../../Engine/Content/Slate/Fonts/Roboto-Light.ttf' (167K)
[2021.02.22-19.11.26:486][384]LogSlate: WidgetSwitcher ('None') active index changed to -1
[2021.02.22-19.11.26:487][384]LogSlate: WidgetSwitcher ('None') active index changed to 0
[2021.02.22-19.11.26:552][384]LogSlate: Took 0.000409 seconds to synchronously load lazily loaded font '../../../Engine/Content/Slate/Fonts/Roboto-BoldCondensed.ttf' (158K)
[2021.02.22-19.11.51:118][501]LogSlate: WidgetSwitcher ('None') active index changed to 1
[2021.02.22-19.12.05:753][232]Running D:/Epic Games Files/UE_4.25/Engine/Binaries/DotNET/UnrealBuildTool.exe  -projectfiles -project="C:/Users/sethg/Desktop/High Level Development II/W21_GAM1528_NoNameYet/TowerDefence/TowerDefence.uproject" -game -rocket -progress
[2021.02.22-19.12.06:575][232]Discovering modules, targets and source code for project...
[2021.02.22-19.12.09:899][232]Binding IntelliSense data...
[2021.02.22-19.12.13:044][232]Binding IntelliSense data... 100%
[2021.02.22-19.12.13:045][232]Writing project files...
[2021.02.22-19.12.19:896][232]Writing project files... 100%
[2021.02.22-19.12.20:101][232]Candidate modules for hot reload:
[2021.02.22-19.12.20:101][232]  TowerDefence
[2021.02.22-19.12.20:103][232]Launching UnrealBuildTool... [D:/Epic Games Files/UE_4.25/Engine/Binaries/DotNET/UnrealBuildTool.exe  -ModuleWithSuffix=TowerDefence,9775 TowerDefenceEditor Win64 Development -Project="C:/Users/sethg/Desktop/High Level Development II/W21_GAM1528_NoNameYet/TowerDefence/TowerDefence.uproject" "C:/Users/sethg/Desktop/High Level Development II/W21_GAM1528_NoNameYet/TowerDefence/TowerDefence.uproject"  -IgnoreJunk]
[2021.02.22-19.12.39:962][232]CompilerResultsLog: New page: Compilation - Feb. 22, 2021, 9:12:39 a.m.
[2021.02.22-19.12.39:963][232]CompilerResultsLog: Using 'git status' to determine working set for adaptive non-unity build (C:\Users\sethg\Desktop\High Level Development II\W21_GAM1528_NoNameYet).
[2021.02.22-19.12.39:964][232]CompilerResultsLog: Creating makefile for TowerDefenceEditor (no existing makefile)
[2021.02.22-19.12.39:964][232]CompilerResultsLog: Parsing headers for TowerDefenceEditor
[2021.02.22-19.12.39:964][232]CompilerResultsLog:   Running UnrealHeaderTool "C:\Users\sethg\Desktop\High Level Development II\W21_GAM1528_NoNameYet\TowerDefence\TowerDefence.uproject" "C:\Users\sethg\Desktop\High Level Development II\W21_GAM1528_NoNameYet\TowerDefence\Intermediate\Build\Win64\TowerDefenceEditor\Development\TowerDefenceEditor.uhtmanifest" -LogCmds="loginit warning, logexit warning, logdatabase error" -Unattended -WarningsAsErrors -abslog="C:\Users\sethg\AppData\Local\UnrealBuildTool\Log_UHT.txt" -installed
[2021.02.22-19.12.39:965][232]CompilerResultsLog: Reflection code generated for TowerDefenceEditor in 10.1031226 seconds
[2021.02.22-19.12.39:965][232]CompilerResultsLog: Building TowerDefenceEditor...
[2021.02.22-19.12.39:966][232]CompilerResultsLog: Using Visual Studio 2019 14.22.27905 toolchain (C:\Program Files (x86)\Microsoft Visual Studio\2019\Enterprise\VC\Tools\MSVC\14.22.27905) and Windows 10.0.18362.0 SDK (C:\Program Files (x86)\Windows Kits\10).
[2021.02.22-19.12.39:966][232]CompilerResultsLog: Building 6 actions with 12 processes...
[2021.02.22-19.12.39:966][232]CompilerResultsLog:   [1/6] Projectile_XBow.cpp
[2021.02.22-19.12.39:967][232]CompilerResultsLog:   [2/6] TowerDefence.init.gen.cpp
[2021.02.22-19.12.39:967][232]CompilerResultsLog:   [3/6] Projectile_XBow.gen.cpp
[2021.02.22-19.12.39:967][232]CompilerResultsLog:   [4/6] UE4Editor-TowerDefence-9775.lib
[2021.02.22-19.12.39:967][232]CompilerResultsLog:      Creating library C:\Users\sethg\Desktop\High Level Development II\W21_GAM1528_NoNameYet\TowerDefence\Intermediate\Build\Win64\UE4Editor\Development\TowerDefence\UE4Editor-TowerDefence-9775.lib and object C:\Users\sethg\Desktop\High Level Development II\W21_GAM1528_NoNameYet\TowerDefence\Intermediate\Build\Win64\UE4Editor\Development\TowerDefence\UE4Editor-TowerDefence-9775.exp
[2021.02.22-19.12.39:968][232]CompilerResultsLog:   [5/6] UE4Editor-TowerDefence-9775.dll
[2021.02.22-19.12.39:968][232]CompilerResultsLog:      Creating library C:\Users\sethg\Desktop\High Level Development II\W21_GAM1528_NoNameYet\TowerDefence\Intermediate\Build\Win64\UE4Editor\Development\TowerDefence\UE4Editor-TowerDefence-9775.suppressed.lib and object C:\Users\sethg\Desktop\High Level Development II\W21_GAM1528_NoNameYet\TowerDefence\Intermediate\Build\Win64\UE4Editor\Development\TowerDefence\UE4Editor-TowerDefence-9775.suppressed.exp
[2021.02.22-19.12.39:968][232]CompilerResultsLog:   [6/6] TowerDefenceEditor.target
[2021.02.22-19.12.39:968][232]CompilerResultsLog: Total time in Parallel executor: 4.74 seconds
[2021.02.22-19.12.39:969][232]CompilerResultsLog: Total execution time: 19.35 seconds
[2021.02.22-19.12.39:969][232]LogMainFrame: MainFrame: Module compiling took 19.901 seconds
[2021.02.22-19.12.40:098][232]LogClass: Could not find existing class Projectile_XBow in package /Script/TowerDefence for HotReload, assuming new class
[2021.02.22-19.12.40:133][232]LogContentBrowser: Native class hierarchy updated for 'TowerDefence' in 0.0017 seconds. Added 11 classes and 3 folders.
[2021.02.22-19.12.40:140][232]Display: HotReload successful (3 functions remapped  0 scriptstructs remapped)
[2021.02.22-19.12.40:288][232]LogContentBrowser: Native class hierarchy populated in 0.0217 seconds. Added 3438 classes and 824 folders.
[2021.02.22-19.12.40:289][232]Display: HotReload took 20.3s.
[2021.02.22-19.12.40:299][232]Warning: HotReload operation took 20.3s.
[2021.02.22-19.12.42:545][232]LogVSAccessor: Warning: Couldn't goto line number '1' in 'C:/Users/sethg/Desktop/High Level Development II/W21_GAM1528_NoNameYet/TowerDefence/Source/TowerDefence/Public/Projectile_XBow.h'
[2021.02.22-19.12.42:993][232]LogVSAccessor: Warning: Couldn't goto line number '1' in 'C:/Users/sethg/Desktop/High Level Development II/W21_GAM1528_NoNameYet/TowerDefence/Source/TowerDefence/Private/Projectile_XBow.cpp'
[2021.02.22-19.12.43:108][232]LogSlate: Window 'Add C++ Class' being destroyed
[2021.02.22-19.12.43:137][232]LogHotReload: New module detected: UE4Editor-TowerDefence-9775.dll
[2021.02.22-19.12.43:184][232]LogSlate: Took 0.000526 seconds to synchronously load lazily loaded font '../../../Engine/Content/Slate/Fonts/Roboto-Light.ttf' (167K)
[2021.02.22-19.12.43:335][233]LogHotReload: Starting Hot-Reload from IDE
[2021.02.22-19.12.43:399][233]LogContentBrowser: Native class hierarchy updated for 'TowerDefence' in 0.0006 seconds. Added 11 classes and 3 folders.
[2021.02.22-19.12.43:402][233]Display: HotReload successful (0 functions remapped  0 scriptstructs remapped)
[2021.02.22-19.12.43:445][233]LogContentBrowser: Native class hierarchy populated in 0.0281 seconds. Added 3438 classes and 824 folders.
[2021.02.22-19.12.43:471][233]Display: HotReload took  0.1s.
