Log file open, 04/13/21 13:28:28
LogInit: Display: Running engine for game: TowerDefence
LogPlatformFile: Not using cached read wrapper
LogTaskGraph: Started task graph with 5 named threads and 35 total threads with 3 sets of task threads.
LogStats: Stats thread started at 0.355140
LogD3D11RHI: Loaded GFSDK_Aftermath_Lib.x64.dll
LogICUInternationalization: ICU TimeZone Detection - Raw Offset: -5:00, Platform Override: ''
LogPluginManager: Mounting plugin Paper2D
LogPluginManager: Mounting plugin AISupport
LogPluginManager: Mounting plugin LightPropagationVolume
LogPluginManager: Mounting plugin CameraShakePreviewer
LogPluginManager: Mounting plugin ActorLayerUtilities
LogPluginManager: Mounting plugin AnimationSharing
LogPluginManager: Mounting plugin CLionSourceCodeAccess
LogPluginManager: Mounting plugin CodeLiteSourceCodeAccess
LogPluginManager: Mounting plugin GitSourceControl
LogPluginManager: Mounting plugin KDevelopSourceCodeAccess
LogPluginManager: Mounting plugin NullSourceCodeAccess
LogPluginManager: Mounting plugin PerforceSourceControl
LogPluginManager: Mounting plugin PlasticSourceControl
LogPluginManager: Mounting plugin RiderSourceCodeAccess
LogPluginManager: Mounting plugin SubversionSourceControl
LogPluginManager: Mounting plugin UObjectPlugin
LogPluginManager: Mounting plugin VisualStudioCodeSourceCodeAccess
LogPluginManager: Mounting plugin VisualStudioSourceCodeAccess
LogPluginManager: Mounting plugin XCodeSourceCodeAccess
LogPluginManager: Mounting plugin AssetManagerEditor
LogPluginManager: Mounting plugin CryptoKeys
LogPluginManager: Mounting plugin CurveEditorTools
LogPluginManager: Mounting plugin DataValidation
LogPluginManager: Mounting plugin EditorScriptingUtilities
LogPluginManager: Mounting plugin FacialAnimation
LogPluginManager: Mounting plugin GameplayTagsEditor
LogPluginManager: Mounting plugin GeometryMode
LogPluginManager: Mounting plugin MacGraphicsSwitching
LogPluginManager: Mounting plugin MaterialAnalyzer
LogPluginManager: Mounting plugin MobileLauncherProfileWizard
LogPluginManager: Mounting plugin PluginBrowser
LogPluginManager: Mounting plugin SpeedTreeImporter
LogPluginManager: Mounting plugin DatasmithContent
LogPluginManager: Mounting plugin VariantManagerContent
LogPluginManager: Mounting plugin AlembicImporter
LogPluginManager: Mounting plugin AutomationUtils
LogPluginManager: Mounting plugin BackChannel
LogPluginManager: Mounting plugin ChaosCloth
LogPluginManager: Mounting plugin ChaosClothEditor
LogPluginManager: Mounting plugin ChaosEditor
LogPluginManager: Mounting plugin ChaosNiagara
LogPluginManager: Mounting plugin ChaosSolverPlugin
LogPluginManager: Mounting plugin CharacterAI
LogPluginManager: Mounting plugin GeometryCache
LogPluginManager: Mounting plugin GeometryCollectionPlugin
LogPluginManager: Mounting plugin GeometryProcessing
LogPluginManager: Mounting plugin PlanarCut
LogPluginManager: Mounting plugin PlatformCrypto
LogPluginManager: Mounting plugin ProxyLODPlugin
LogPluginManager: Mounting plugin SkeletalReduction
LogPluginManager: Mounting plugin Niagara
LogPluginManager: Mounting plugin MagicLeap
LogPluginManager: Mounting plugin MagicLeapLightEstimation
LogPluginManager: Mounting plugin MagicLeapMedia
LogPluginManager: Mounting plugin MagicLeapPassableWorld
LogPluginManager: Mounting plugin MLSDK
LogPluginManager: Mounting plugin AndroidMedia
LogPluginManager: Mounting plugin AvfMedia
LogPluginManager: Mounting plugin ImgMedia
LogPluginManager: Mounting plugin MediaCompositing
LogPluginManager: Mounting plugin MediaPlayerEditor
LogPluginManager: Mounting plugin WebMMedia
LogPluginManager: Mounting plugin WmfMedia
LogPluginManager: Mounting plugin MeshPainting
LogPluginManager: Mounting plugin TcpMessaging
LogPluginManager: Mounting plugin UdpMessaging
LogPluginManager: Mounting plugin ActorSequence
LogPluginManager: Mounting plugin LevelSequenceEditor
LogPluginManager: Mounting plugin MatineeToLevelSequence
LogPluginManager: Mounting plugin MovieRenderPipeline
LogPluginManager: Mounting plugin TemplateSequence
LogPluginManager: Mounting plugin NetcodeUnitTest
LogPluginManager: Mounting plugin NUTUnrealEngine4
LogPluginManager: Mounting plugin OnlineSubsystemGooglePlay
LogPluginManager: Mounting plugin OnlineSubsystemIOS
LogPluginManager: Mounting plugin OnlineSubsystem
LogPluginManager: Mounting plugin OnlineSubsystemNull
LogPluginManager: Mounting plugin OnlineSubsystemUtils
LogPluginManager: Mounting plugin LauncherChunkInstaller
LogPluginManager: Mounting plugin AndroidDeviceProfileSelector
LogPluginManager: Mounting plugin AndroidMoviePlayer
LogPluginManager: Mounting plugin AndroidPermission
LogPluginManager: Mounting plugin AppleImageUtils
LogPluginManager: Mounting plugin AppleMoviePlayer
LogPluginManager: Mounting plugin ArchVisCharacter
LogPluginManager: Mounting plugin AssetTags
LogPluginManager: Mounting plugin AudioCapture
LogPluginManager: Mounting plugin CableComponent
LogPluginManager: Mounting plugin CustomMeshComponent
LogPluginManager: Mounting plugin EditableMesh
LogPluginManager: Mounting plugin ExampleDeviceProfileSelector
LogPluginManager: Mounting plugin GoogleCloudMessaging
LogPluginManager: Mounting plugin GooglePAD
LogPluginManager: Mounting plugin IOSDeviceProfileSelector
LogPluginManager: Mounting plugin LinuxDeviceProfileSelector
LogPluginManager: Mounting plugin LocationServicesBPLibrary
LogPluginManager: Mounting plugin MobilePatchingUtils
LogPluginManager: Mounting plugin OculusVR
LogPluginManager: Mounting plugin PhysXVehicles
LogPluginManager: Mounting plugin PostSplashScreen
LogPluginManager: Mounting plugin ProceduralMeshComponent
LogPluginManager: Mounting plugin RuntimePhysXCooking
LogPluginManager: Mounting plugin SignificanceManager
LogPluginManager: Mounting plugin SoundFields
LogPluginManager: Mounting plugin SteamVR
LogPluginManager: Mounting plugin Synthesis
LogPluginManager: Mounting plugin WebMMoviePlayer
LogPluginManager: Mounting plugin WindowsMoviePlayer
LogPluginManager: Mounting plugin ScreenshotTools
LogInit: Using libcurl 7.55.1-DEV
LogInit:  - built for x86_64-pc-win32
LogInit:  - supports SSL with OpenSSL/1.1.1
LogInit:  - supports HTTP deflate (compression) using libz 1.2.8
LogInit:  - other features:
LogInit:      CURL_VERSION_SSL
LogInit:      CURL_VERSION_LIBZ
LogInit:      CURL_VERSION_IPV6
LogInit:      CURL_VERSION_ASYNCHDNS
LogInit:      CURL_VERSION_LARGEFILE
LogInit:      CURL_VERSION_IDN
LogInit:  CurlRequestOptions (configurable via config and command line):
LogInit:  - bVerifyPeer = true  - Libcurl will verify peer certificate
LogInit:  - bUseHttpProxy = false  - Libcurl will NOT use HTTP proxy
LogInit:  - bDontReuseConnections = false  - Libcurl will reuse connections
LogInit:  - MaxHostConnections = 16  - Libcurl will limit the number of connections to a host
LogInit:  - LocalHostAddr = Default
LogInit:  - BufferSize = 65536
LogOnline: OSS: Creating online subsystem instance for: NULL
LogInit: WinSock: version 1.1 (2.2), MaxSocks=32767, MaxUdp=65467
LogOnline: OSS: TryLoadSubsystemAndSetDefault: Loaded subsystem for module [NULL]
LogInit: Build: ++UE4+Release-4.25-CL-13942748
LogInit: Engine Version: 4.25.3-13942748+++UE4+Release-4.25
LogInit: Compatible Engine Version: 4.25.0-13144385+++UE4+Release-4.25
LogInit: Net CL: 13144385
LogInit: OS: Windows 10 (Release 2009) (), CPU: Intel(R) Core(TM) i7-8750H CPU @ 2.20GHz, GPU: Intel(R) UHD Graphics 630
LogInit: Compiled (64-bit): Jul 25 2020 02:07:48
LogInit: Compiled with Visual C++: 19.24.28315.00
LogInit: Build Configuration: Development
LogInit: Branch Name: ++UE4+Release-4.25
LogInit: Command Line:  -skipcompile
LogInit: Base Directory: D:/Epic Games Files/UE_4.25/Engine/Binaries/Win64/
LogInit: Allocator: TBB
LogInit: Installed Engine Build: 1
LogDevObjectVersion: Number of dev versions registered: 26
LogDevObjectVersion:   Dev-Blueprints (B0D832E4-1F89-4F0D-ACCF-7EB736FD4AA2): 10
LogDevObjectVersion:   Dev-Build (E1C64328-A22C-4D53-A36C-8E866417BD8C): 0
LogDevObjectVersion:   Dev-Core (375EC13C-06E4-48FB-B500-84F0262A717E): 4
LogDevObjectVersion:   Dev-Editor (E4B068ED-F494-42E9-A231-DA0B2E46BB41): 38
LogDevObjectVersion:   Dev-Framework (CFFC743F-43B0-4480-9391-14DF171D2073): 37
LogDevObjectVersion:   Dev-Mobile (B02B49B5-BB20-44E9-A304-32B752E40360): 2
LogDevObjectVersion:   Dev-Networking (A4E4105C-59A1-49B5-A7C5-40C4547EDFEE): 0
LogDevObjectVersion:   Dev-Online (39C831C9-5AE6-47DC-9A44-9C173E1C8E7C): 0
LogDevObjectVersion:   Dev-Physics (78F01B33-EBEA-4F98-B9B4-84EACCB95AA2): 4
LogDevObjectVersion:   Dev-Platform (6631380F-2D4D-43E0-8009-CF276956A95A): 0
LogDevObjectVersion:   Dev-Rendering (12F88B9F-8875-4AFC-A67C-D90C383ABD29): 43
LogDevObjectVersion:   Dev-Sequencer (7B5AE74C-D270-4C10-A958-57980B212A5A): 12
LogDevObjectVersion:   Dev-VR (D7296918-1DD6-4BDD-9DE2-64A83CC13884): 3
LogDevObjectVersion:   Dev-LoadTimes (C2A15278-BFE7-4AFE-6C17-90FF531DF755): 1
LogDevObjectVersion:   Private-Geometry (6EACA3D4-40EC-4CC1-B786-8BED09428FC5): 3
LogDevObjectVersion:   Dev-AnimPhys (29E575DD-E0A3-4627-9D10-D276232CDCEA): 17
LogDevObjectVersion:   Dev-Anim (AF43A65D-7FD3-4947-9873-3E8ED9C1BB05): 7
LogDevObjectVersion:   Dev-ReflectionCapture (6B266CEC-1EC7-4B8F-A30B-E4D90942FC07): 1
LogDevObjectVersion:   Dev-Automation (0DF73D61-A23F-47EA-B727-89E90C41499A): 1
LogDevObjectVersion:   FortniteMain (601D1886-AC64-4F84-AA16-D3DE0DEAC7D6): 31
LogDevObjectVersion:   Dev-Enterprise (9DFFBCD6-494F-0158-E221-12823C92A888): 10
LogDevObjectVersion:   Dev-Niagara (F2AED0AC-9AFE-416F-8664-AA7FFA26D6FC): 1
LogDevObjectVersion:   Dev-Destruction (174F1F0B-B4C6-45A5-B13F-2EE8D0FB917D): 10
LogDevObjectVersion:   Dev-Physics-Ext (35F94A83-E258-406C-A318-09F59610247C): 37
LogDevObjectVersion:   Dev-PhysicsMaterial-Chaos (B68FC16E-8B1B-42E2-B453-215C058844FE): 1
LogDevObjectVersion:   Dev-CineCamera (B2E18506-4273-CFC2-A54E-F4BB758BBA07): 1
LogInit: Presizing for max 25165824 objects, including 0 objects not considered by GC, pre-allocating 0 bytes for permanent pool.
LogConfig: Applying CVar settings from Section [/Script/Engine.StreamingSettings] File [C:/Users/sethg/Desktop/Backups/MergeFile/W21_GAM1528_NoNameYet/TowerDefence/Saved/Config/Windows/Engine.ini]
LogConfig: Setting CVar [[s.MinBulkDataSizeForAsyncLoading:131072]]
LogConfig: Setting CVar [[s.AsyncLoadingThreadEnabled:0]]
LogConfig: Setting CVar [[s.EventDrivenLoaderEnabled:1]]
LogConfig: Setting CVar [[s.WarnIfTimeLimitExceeded:0]]
LogConfig: Setting CVar [[s.TimeLimitExceededMultiplier:1.5]]
LogConfig: Setting CVar [[s.TimeLimitExceededMinTime:0.005]]
LogConfig: Setting CVar [[s.UseBackgroundLevelStreaming:1]]
LogConfig: Setting CVar [[s.PriorityAsyncLoadingExtraTime:15.0]]
LogConfig: Setting CVar [[s.LevelStreamingActorsUpdateTimeLimit:5.0]]
LogConfig: Setting CVar [[s.PriorityLevelStreamingActorsUpdateExtraTime:5.0]]
LogConfig: Setting CVar [[s.LevelStreamingComponentsRegistrationGranularity:10]]
LogConfig: Setting CVar [[s.UnregisterComponentsTimeLimit:1.0]]
LogConfig: Setting CVar [[s.LevelStreamingComponentsUnregistrationGranularity:5]]
LogConfig: Setting CVar [[s.FlushStreamingOnExit:1]]
LogInit: Object subsystem initialized
LogConfig: Setting CVar [[con.DebugEarlyDefault:1]]
LogConfig: Setting CVar [[r.setres:1280x720]]
[2021.04.13-17.28.28:743][  0]LogConfig: Setting CVar [[r.VSync:0]]
[2021.04.13-17.28.28:743][  0]LogConfig: Setting CVar [[r.RHICmdBypass:0]]
[2021.04.13-17.28.28:743][  0]LogConfig: Applying CVar settings from Section [/Script/Engine.RendererSettings] File [C:/Users/sethg/Desktop/Backups/MergeFile/W21_GAM1528_NoNameYet/TowerDefence/Saved/Config/Windows/Engine.ini]
[2021.04.13-17.28.28:743][  0]LogConfig: Setting CVar [[r.GPUCrashDebugging:0]]
[2021.04.13-17.28.28:743][  0]LogConfig: Applying CVar settings from Section [/Script/Engine.RendererOverrideSettings] File [C:/Users/sethg/Desktop/Backups/MergeFile/W21_GAM1528_NoNameYet/TowerDefence/Saved/Config/Windows/Engine.ini]
[2021.04.13-17.28.28:743][  0]LogConfig: Applying CVar settings from Section [/Script/Engine.StreamingSettings] File [C:/Users/sethg/Desktop/Backups/MergeFile/W21_GAM1528_NoNameYet/TowerDefence/Saved/Config/Windows/Engine.ini]
[2021.04.13-17.28.28:743][  0]LogConfig: Setting CVar [[s.MinBulkDataSizeForAsyncLoading:131072]]
[2021.04.13-17.28.28:743][  0]LogConfig: Setting CVar [[s.AsyncLoadingThreadEnabled:0]]
[2021.04.13-17.28.28:743][  0]LogConfig: Setting CVar [[s.EventDrivenLoaderEnabled:1]]
[2021.04.13-17.28.28:743][  0]LogConfig: Setting CVar [[s.WarnIfTimeLimitExceeded:0]]
[2021.04.13-17.28.28:743][  0]LogConfig: Setting CVar [[s.TimeLimitExceededMultiplier:1.5]]
[2021.04.13-17.28.28:744][  0]LogConfig: Setting CVar [[s.TimeLimitExceededMinTime:0.005]]
[2021.04.13-17.28.28:744][  0]LogConfig: Setting CVar [[s.UseBackgroundLevelStreaming:1]]
[2021.04.13-17.28.28:744][  0]LogConfig: Setting CVar [[s.PriorityAsyncLoadingExtraTime:15.0]]
[2021.04.13-17.28.28:744][  0]LogConfig: Setting CVar [[s.LevelStreamingActorsUpdateTimeLimit:5.0]]
[2021.04.13-17.28.28:744][  0]LogConfig: Setting CVar [[s.PriorityLevelStreamingActorsUpdateExtraTime:5.0]]
[2021.04.13-17.28.28:744][  0]LogConfig: Setting CVar [[s.LevelStreamingComponentsRegistrationGranularity:10]]
[2021.04.13-17.28.28:744][  0]LogConfig: Setting CVar [[s.UnregisterComponentsTimeLimit:1.0]]
[2021.04.13-17.28.28:744][  0]LogConfig: Setting CVar [[s.LevelStreamingComponentsUnregistrationGranularity:5]]
[2021.04.13-17.28.28:744][  0]LogConfig: Setting CVar [[s.FlushStreamingOnExit:1]]
[2021.04.13-17.28.28:744][  0]LogConfig: Applying CVar settings from Section [/Script/Engine.GarbageCollectionSettings] File [C:/Users/sethg/Desktop/Backups/MergeFile/W21_GAM1528_NoNameYet/TowerDefence/Saved/Config/Windows/Engine.ini]
[2021.04.13-17.28.28:744][  0]LogConfig: Setting CVar [[gc.MaxObjectsNotConsideredByGC:1]]
[2021.04.13-17.28.28:744][  0]LogConfig: Setting CVar [[gc.SizeOfPermanentObjectPool:0]]
[2021.04.13-17.28.28:744][  0]LogConfig: Setting CVar [[gc.FlushStreamingOnGC:0]]
[2021.04.13-17.28.28:744][  0]LogConfig: Setting CVar [[gc.NumRetriesBeforeForcingGC:10]]
[2021.04.13-17.28.28:744][  0]LogConfig: Setting CVar [[gc.AllowParallelGC:1]]
[2021.04.13-17.28.28:744][  0]LogConfig: Setting CVar [[gc.TimeBetweenPurgingPendingKillObjects:61.1]]
[2021.04.13-17.28.28:744][  0]LogConfig: Setting CVar [[gc.MaxObjectsInEditor:25165824]]
[2021.04.13-17.28.28:744][  0]LogConfig: Setting CVar [[gc.IncrementalBeginDestroyEnabled:1]]
[2021.04.13-17.28.28:744][  0]LogConfig: Setting CVar [[gc.CreateGCClusters:1]]
[2021.04.13-17.28.28:744][  0]LogConfig: Setting CVar [[gc.MinGCClusterSize:5]]
[2021.04.13-17.28.28:745][  0]LogConfig: Setting CVar [[gc.ActorClusteringEnabled:0]]
[2021.04.13-17.28.28:745][  0]LogConfig: Setting CVar [[gc.BlueprintClusteringEnabled:0]]
[2021.04.13-17.28.28:745][  0]LogConfig: Setting CVar [[gc.UseDisregardForGCOnDedicatedServers:0]]
[2021.04.13-17.28.28:745][  0]LogConfig: Applying CVar settings from Section [/Script/Engine.NetworkSettings] File [C:/Users/sethg/Desktop/Backups/MergeFile/W21_GAM1528_NoNameYet/TowerDefence/Saved/Config/Windows/Engine.ini]
[2021.04.13-17.28.28:745][  0]LogConfig: Applying CVar settings from Section [/Script/UnrealEd.CookerSettings] File [C:/Users/sethg/Desktop/Backups/MergeFile/W21_GAM1528_NoNameYet/TowerDefence/Saved/Config/Windows/Engine.ini]
[2021.04.13-17.28.28:750][  0]LogConfig: Applying CVar settings from Section [ViewDistanceQuality@3] File [C:/Users/sethg/Desktop/Backups/MergeFile/W21_GAM1528_NoNameYet/TowerDefence/Saved/Config/Windows/Scalability.ini]
[2021.04.13-17.28.28:750][  0]LogConfig: Setting CVar [[r.SkeletalMeshLODBias:0]]
[2021.04.13-17.28.28:750][  0]LogConfig: Setting CVar [[r.ViewDistanceScale:1.0]]
[2021.04.13-17.28.28:750][  0]LogConfig: Applying CVar settings from Section [AntiAliasingQuality@3] File [C:/Users/sethg/Desktop/Backups/MergeFile/W21_GAM1528_NoNameYet/TowerDefence/Saved/Config/Windows/Scalability.ini]
[2021.04.13-17.28.28:750][  0]LogConfig: Setting CVar [[r.PostProcessAAQuality:4]]
[2021.04.13-17.28.28:750][  0]LogConfig: Applying CVar settings from Section [ShadowQuality@3] File [C:/Users/sethg/Desktop/Backups/MergeFile/W21_GAM1528_NoNameYet/TowerDefence/Saved/Config/Windows/Scalability.ini]
[2021.04.13-17.28.28:750][  0]LogConfig: Setting CVar [[r.LightFunctionQuality:1]]
[2021.04.13-17.28.28:750][  0]LogConfig: Setting CVar [[r.ShadowQuality:5]]
[2021.04.13-17.28.28:750][  0]LogConfig: Setting CVar [[r.Shadow.CSM.MaxCascades:10]]
[2021.04.13-17.28.28:750][  0]LogConfig: Setting CVar [[r.Shadow.MaxResolution:2048]]
[2021.04.13-17.28.28:751][  0]LogConfig: Setting CVar [[r.Shadow.MaxCSMResolution:2048]]
[2021.04.13-17.28.28:751][  0]LogConfig: Setting CVar [[r.Shadow.RadiusThreshold:0.01]]
[2021.04.13-17.28.28:751][  0]LogConfig: Setting CVar [[r.Shadow.DistanceScale:1.0]]
[2021.04.13-17.28.28:751][  0]LogConfig: Setting CVar [[r.Shadow.CSM.TransitionScale:1.0]]
[2021.04.13-17.28.28:751][  0]LogConfig: Setting CVar [[r.Shadow.PreShadowResolutionFactor:1.0]]
[2021.04.13-17.28.28:751][  0]LogConfig: Setting CVar [[r.DistanceFieldShadowing:1]]
[2021.04.13-17.28.28:751][  0]LogConfig: Setting CVar [[r.DistanceFieldAO:1]]
[2021.04.13-17.28.28:751][  0]LogConfig: Setting CVar [[r.AOQuality:2]]
[2021.04.13-17.28.28:751][  0]LogConfig: Setting CVar [[r.VolumetricFog:1]]
[2021.04.13-17.28.28:751][  0]LogConfig: Setting CVar [[r.VolumetricFog.GridPixelSize:8]]
[2021.04.13-17.28.28:751][  0]LogConfig: Setting CVar [[r.VolumetricFog.GridSizeZ:128]]
[2021.04.13-17.28.28:751][  0]LogConfig: Setting CVar [[r.VolumetricFog.HistoryMissSupersampleCount:4]]
[2021.04.13-17.28.28:751][  0]LogConfig: Setting CVar [[r.LightMaxDrawDistanceScale:1]]
[2021.04.13-17.28.28:751][  0]LogConfig: Setting CVar [[r.CapsuleShadows:1]]
[2021.04.13-17.28.28:751][  0]LogConfig: Applying CVar settings from Section [PostProcessQuality@3] File [C:/Users/sethg/Desktop/Backups/MergeFile/W21_GAM1528_NoNameYet/TowerDefence/Saved/Config/Windows/Scalability.ini]
[2021.04.13-17.28.28:751][  0]LogConfig: Setting CVar [[r.MotionBlurQuality:4]]
[2021.04.13-17.28.28:751][  0]LogConfig: Setting CVar [[r.AmbientOcclusionMipLevelFactor:0.4]]
[2021.04.13-17.28.28:751][  0]LogConfig: Setting CVar [[r.AmbientOcclusionMaxQuality:100]]
[2021.04.13-17.28.28:751][  0]LogConfig: Setting CVar [[r.AmbientOcclusionLevels:-1]]
[2021.04.13-17.28.28:751][  0]LogConfig: Setting CVar [[r.AmbientOcclusionRadiusScale:1.0]]
[2021.04.13-17.28.28:752][  0]LogConfig: Setting CVar [[r.DepthOfFieldQuality:2]]
[2021.04.13-17.28.28:752][  0]LogConfig: Setting CVar [[r.RenderTargetPoolMin:400]]
[2021.04.13-17.28.28:752][  0]LogConfig: Setting CVar [[r.LensFlareQuality:2]]
[2021.04.13-17.28.28:752][  0]LogConfig: Setting CVar [[r.SceneColorFringeQuality:1]]
[2021.04.13-17.28.28:752][  0]LogConfig: Setting CVar [[r.EyeAdaptationQuality:2]]
[2021.04.13-17.28.28:752][  0]LogConfig: Setting CVar [[r.BloomQuality:5]]
[2021.04.13-17.28.28:752][  0]LogConfig: Setting CVar [[r.FastBlurThreshold:100]]
[2021.04.13-17.28.28:752][  0]LogConfig: Setting CVar [[r.Upscale.Quality:3]]
[2021.04.13-17.28.28:752][  0]LogConfig: Setting CVar [[r.Tonemapper.GrainQuantization:1]]
[2021.04.13-17.28.28:752][  0]LogConfig: Setting CVar [[r.LightShaftQuality:1]]
[2021.04.13-17.28.28:752][  0]LogConfig: Setting CVar [[r.Filter.SizeScale:1]]
[2021.04.13-17.28.28:752][  0]LogConfig: Setting CVar [[r.Tonemapper.Quality:5]]
[2021.04.13-17.28.28:752][  0]LogConfig: Setting CVar [[r.DOF.Gather.AccumulatorQuality:1        ; higher gathering accumulator quality]]
[2021.04.13-17.28.28:752][  0]LogConfig: Setting CVar [[r.DOF.Gather.PostfilterMethod:1          ; Median3x3 postfilering method]]
[2021.04.13-17.28.28:752][  0]LogConfig: Setting CVar [[r.DOF.Gather.EnableBokehSettings:0       ; no bokeh simulation when gathering]]
[2021.04.13-17.28.28:752][  0]LogConfig: Setting CVar [[r.DOF.Gather.RingCount:4                 ; medium number of samples when gathering]]
[2021.04.13-17.28.28:752][  0]LogConfig: Setting CVar [[r.DOF.Scatter.ForegroundCompositing:1    ; additive foreground scattering]]
[2021.04.13-17.28.28:752][  0]LogConfig: Setting CVar [[r.DOF.Scatter.BackgroundCompositing:2    ; additive background scattering]]
[2021.04.13-17.28.28:752][  0]LogConfig: Setting CVar [[r.DOF.Scatter.EnableBokehSettings:1      ; bokeh simulation when scattering]]
[2021.04.13-17.28.28:752][  0]LogConfig: Setting CVar [[r.DOF.Scatter.MaxSpriteRatio:0.1         ; only a maximum of 10% of scattered bokeh]]
[2021.04.13-17.28.28:753][  0]LogConfig: Setting CVar [[r.DOF.Recombine.Quality:1                ; cheap slight out of focus]]
[2021.04.13-17.28.28:753][  0]LogConfig: Setting CVar [[r.DOF.Recombine.EnableBokehSettings:0    ; no bokeh simulation on slight out of focus]]
[2021.04.13-17.28.28:753][  0]LogConfig: Setting CVar [[r.DOF.TemporalAAQuality:1                ; more stable temporal accumulation]]
[2021.04.13-17.28.28:753][  0]LogConfig: Setting CVar [[r.DOF.Kernel.MaxForegroundRadius:0.025]]
[2021.04.13-17.28.28:753][  0]LogConfig: Setting CVar [[r.DOF.Kernel.MaxBackgroundRadius:0.025]]
[2021.04.13-17.28.28:753][  0]LogConfig: Applying CVar settings from Section [TextureQuality@3] File [C:/Users/sethg/Desktop/Backups/MergeFile/W21_GAM1528_NoNameYet/TowerDefence/Saved/Config/Windows/Scalability.ini]
[2021.04.13-17.28.28:753][  0]LogConfig: Setting CVar [[r.Streaming.MipBias:0]]
[2021.04.13-17.28.28:753][  0]LogConfig: Setting CVar [[r.Streaming.AmortizeCPUToGPUCopy:0]]
[2021.04.13-17.28.28:753][  0]LogConfig: Setting CVar [[r.Streaming.MaxNumTexturesToStreamPerFrame:0]]
[2021.04.13-17.28.28:753][  0]LogConfig: Setting CVar [[r.Streaming.Boost:1]]
[2021.04.13-17.28.28:753][  0]LogConfig: Setting CVar [[r.MaxAnisotropy:8]]
[2021.04.13-17.28.28:753][  0]LogConfig: Setting CVar [[r.VT.MaxAnisotropy:8]]
[2021.04.13-17.28.28:753][  0]LogConfig: Setting CVar [[r.Streaming.LimitPoolSizeToVRAM:0]]
[2021.04.13-17.28.28:753][  0]LogConfig: Setting CVar [[r.Streaming.PoolSize:1000]]
[2021.04.13-17.28.28:753][  0]LogConfig: Setting CVar [[r.Streaming.MaxEffectiveScreenSize:0]]
[2021.04.13-17.28.28:753][  0]LogConfig: Applying CVar settings from Section [EffectsQuality@3] File [C:/Users/sethg/Desktop/Backups/MergeFile/W21_GAM1528_NoNameYet/TowerDefence/Saved/Config/Windows/Scalability.ini]
[2021.04.13-17.28.28:754][  0]LogConfig: Setting CVar [[r.TranslucencyLightingVolumeDim:64]]
[2021.04.13-17.28.28:754][  0]LogConfig: Setting CVar [[r.RefractionQuality:2]]
[2021.04.13-17.28.28:754][  0]LogConfig: Setting CVar [[r.SSR.Quality:3]]
[2021.04.13-17.28.28:754][  0]LogConfig: Setting CVar [[r.SSR.HalfResSceneColor:0]]
[2021.04.13-17.28.28:754][  0]LogConfig: Setting CVar [[r.SceneColorFormat:4]]
[2021.04.13-17.28.28:754][  0]LogConfig: Setting CVar [[r.DetailMode:2]]
[2021.04.13-17.28.28:754][  0]LogConfig: Setting CVar [[r.TranslucencyVolumeBlur:1]]
[2021.04.13-17.28.28:754][  0]LogConfig: Setting CVar [[r.MaterialQualityLevel:1 ; High quality]]
[2021.04.13-17.28.28:754][  0]LogConfig: Setting CVar [[r.SSS.Scale:1]]
[2021.04.13-17.28.28:754][  0]LogConfig: Setting CVar [[r.SSS.SampleSet:2]]
[2021.04.13-17.28.28:754][  0]LogConfig: Setting CVar [[r.SSS.Quality:1]]
[2021.04.13-17.28.28:754][  0]LogConfig: Setting CVar [[r.SSS.HalfRes:0]]
[2021.04.13-17.28.28:754][  0]LogConfig: Setting CVar [[r.SSGI.Quality:3]]
[2021.04.13-17.28.28:754][  0]LogConfig: Setting CVar [[r.EmitterSpawnRateScale:1.0]]
[2021.04.13-17.28.28:754][  0]LogConfig: Setting CVar [[r.ParticleLightQuality:2]]
[2021.04.13-17.28.28:754][  0]LogConfig: Setting CVar [[r.SkyAtmosphere.AerialPerspectiveLUT.FastApplyOnOpaque:1 ; Always have FastSkyLUT 1 in this case to avoid wrong sky]]
[2021.04.13-17.28.28:754][  0]LogConfig: Setting CVar [[r.SkyAtmosphere.AerialPerspectiveLUT.SampleCountPerSlice:1]]
[2021.04.13-17.28.28:755][  0]LogConfig: Setting CVar [[r.SkyAtmosphere.AerialPerspectiveLUT.DepthResolution:16.0]]
[2021.04.13-17.28.28:755][  0]LogConfig: Setting CVar [[r.SkyAtmosphere.FastSkyLUT:1]]
[2021.04.13-17.28.28:755][  0]LogConfig: Setting CVar [[r.SkyAtmosphere.FastSkyLUT.SampleCountMin:4.0]]
[2021.04.13-17.28.28:755][  0]LogConfig: Setting CVar [[r.SkyAtmosphere.FastSkyLUT.SampleCountMax:32.0]]
[2021.04.13-17.28.28:755][  0]LogConfig: Setting CVar [[r.SkyAtmosphere.SampleCountMin:4.0]]
[2021.04.13-17.28.28:755][  0]LogConfig: Setting CVar [[r.SkyAtmosphere.SampleCountMax:32.0]]
[2021.04.13-17.28.28:755][  0]LogConfig: Setting CVar [[r.SkyAtmosphere.TransmittanceLUT.UseSmallFormat:0]]
[2021.04.13-17.28.28:755][  0]LogConfig: Setting CVar [[r.SkyAtmosphere.TransmittanceLUT.SampleCount:10.0]]
[2021.04.13-17.28.28:755][  0]LogConfig: Setting CVar [[r.SkyAtmosphere.MultiScatteringLUT.SampleCount:15.0]]
[2021.04.13-17.28.28:755][  0]LogConfig: Applying CVar settings from Section [FoliageQuality@3] File [C:/Users/sethg/Desktop/Backups/MergeFile/W21_GAM1528_NoNameYet/TowerDefence/Saved/Config/Windows/Scalability.ini]
[2021.04.13-17.28.28:755][  0]LogConfig: Setting CVar [[foliage.DensityScale:1.0]]
[2021.04.13-17.28.28:755][  0]LogConfig: Setting CVar [[grass.DensityScale:1.0]]
[2021.04.13-17.28.28:755][  0]LogConfig: Applying CVar settings from Section [ShadingQuality@3] File [C:/Users/sethg/Desktop/Backups/MergeFile/W21_GAM1528_NoNameYet/TowerDefence/Saved/Config/Windows/Scalability.ini]
[2021.04.13-17.28.28:755][  0]LogConfig: Setting CVar [[r.HairStrands.SkyLighting.SampleCount:16]]
[2021.04.13-17.28.28:755][  0]LogConfig: Setting CVar [[r.HairStrands.SkyLighting.JitterIntegration:0]]
[2021.04.13-17.28.28:756][  0]LogConfig: Setting CVar [[r.HairStrands.SkyAO.SampleCount:16]]
[2021.04.13-17.28.28:756][  0]LogConfig: Setting CVar [[r.HairStrands.DeepShadow.SuperSampling:0]]
[2021.04.13-17.28.28:756][  0]LogConfig: Setting CVar [[r.HairStrands.VisibilityPPLL:0]]
[2021.04.13-17.28.28:756][  0]LogConfig: Setting CVar [[r.HairStrands.RasterizationScale:0.5]]
[2021.04.13-17.28.28:756][  0]LogConfig: Setting CVar [[r.HairStrands.VelocityRasterizationScale:1]]
[2021.04.13-17.28.28:756][  0]LogInit: Selected Device Profile: [Windows]
[2021.04.13-17.28.28:756][  0]LogInit: Applying CVar settings loaded from the selected device profile: [Windows]
[2021.04.13-17.28.28:756][  0]LogHAL: Display: Platform has ~ 16 GB [17023397888 / 17179869184 / 16], which maps to Larger [LargestMinGB=32, LargerMinGB=12, DefaultMinGB=8, SmallerMinGB=6, SmallestMinGB=0)
[2021.04.13-17.28.28:756][  0]LogInit: Going up to parent DeviceProfile []
[2021.04.13-17.28.28:756][  0]LogConfig: Applying CVar settings from Section [ViewDistanceQuality@3] File [C:/Users/sethg/Desktop/Backups/MergeFile/W21_GAM1528_NoNameYet/TowerDefence/Saved/Config/Windows/Scalability.ini]
[2021.04.13-17.28.28:756][  0]LogConfig: Setting CVar [[r.SkeletalMeshLODBias:0]]
[2021.04.13-17.28.28:756][  0]LogConfig: Setting CVar [[r.ViewDistanceScale:1.0]]
[2021.04.13-17.28.28:756][  0]LogConfig: Applying CVar settings from Section [AntiAliasingQuality@3] File [C:/Users/sethg/Desktop/Backups/MergeFile/W21_GAM1528_NoNameYet/TowerDefence/Saved/Config/Windows/Scalability.ini]
[2021.04.13-17.28.28:757][  0]LogConfig: Setting CVar [[r.PostProcessAAQuality:4]]
[2021.04.13-17.28.28:757][  0]LogConfig: Applying CVar settings from Section [ShadowQuality@3] File [C:/Users/sethg/Desktop/Backups/MergeFile/W21_GAM1528_NoNameYet/TowerDefence/Saved/Config/Windows/Scalability.ini]
[2021.04.13-17.28.28:757][  0]LogConfig: Setting CVar [[r.LightFunctionQuality:1]]
[2021.04.13-17.28.28:757][  0]LogConfig: Setting CVar [[r.ShadowQuality:5]]
[2021.04.13-17.28.28:757][  0]LogConfig: Setting CVar [[r.Shadow.CSM.MaxCascades:10]]
[2021.04.13-17.28.28:757][  0]LogConfig: Setting CVar [[r.Shadow.MaxResolution:2048]]
[2021.04.13-17.28.28:757][  0]LogConfig: Setting CVar [[r.Shadow.MaxCSMResolution:2048]]
[2021.04.13-17.28.28:757][  0]LogConfig: Setting CVar [[r.Shadow.RadiusThreshold:0.01]]
[2021.04.13-17.28.28:757][  0]LogConfig: Setting CVar [[r.Shadow.DistanceScale:1.0]]
[2021.04.13-17.28.28:757][  0]LogConfig: Setting CVar [[r.Shadow.CSM.TransitionScale:1.0]]
[2021.04.13-17.28.28:757][  0]LogConfig: Setting CVar [[r.Shadow.PreShadowResolutionFactor:1.0]]
[2021.04.13-17.28.28:757][  0]LogConfig: Setting CVar [[r.DistanceFieldShadowing:1]]
[2021.04.13-17.28.28:757][  0]LogConfig: Setting CVar [[r.DistanceFieldAO:1]]
[2021.04.13-17.28.28:757][  0]LogConfig: Setting CVar [[r.AOQuality:2]]
[2021.04.13-17.28.28:757][  0]LogConfig: Setting CVar [[r.VolumetricFog:1]]
[2021.04.13-17.28.28:757][  0]LogConfig: Setting CVar [[r.VolumetricFog.GridPixelSize:8]]
[2021.04.13-17.28.28:757][  0]LogConfig: Setting CVar [[r.VolumetricFog.GridSizeZ:128]]
[2021.04.13-17.28.28:757][  0]LogConfig: Setting CVar [[r.VolumetricFog.HistoryMissSupersampleCount:4]]
[2021.04.13-17.28.28:758][  0]LogConfig: Setting CVar [[r.LightMaxDrawDistanceScale:1]]
[2021.04.13-17.28.28:758][  0]LogConfig: Setting CVar [[r.CapsuleShadows:1]]
[2021.04.13-17.28.28:758][  0]LogConfig: Applying CVar settings from Section [PostProcessQuality@3] File [C:/Users/sethg/Desktop/Backups/MergeFile/W21_GAM1528_NoNameYet/TowerDefence/Saved/Config/Windows/Scalability.ini]
[2021.04.13-17.28.28:758][  0]LogConfig: Setting CVar [[r.MotionBlurQuality:4]]
[2021.04.13-17.28.28:758][  0]LogConfig: Setting CVar [[r.AmbientOcclusionMipLevelFactor:0.4]]
[2021.04.13-17.28.28:758][  0]LogConfig: Setting CVar [[r.AmbientOcclusionMaxQuality:100]]
[2021.04.13-17.28.28:758][  0]LogConfig: Setting CVar [[r.AmbientOcclusionLevels:-1]]
[2021.04.13-17.28.28:758][  0]LogConfig: Setting CVar [[r.AmbientOcclusionRadiusScale:1.0]]
[2021.04.13-17.28.28:758][  0]LogConfig: Setting CVar [[r.DepthOfFieldQuality:2]]
[2021.04.13-17.28.28:758][  0]LogConfig: Setting CVar [[r.RenderTargetPoolMin:400]]
[2021.04.13-17.28.28:758][  0]LogConfig: Setting CVar [[r.LensFlareQuality:2]]
[2021.04.13-17.28.28:758][  0]LogConfig: Setting CVar [[r.SceneColorFringeQuality:1]]
[2021.04.13-17.28.28:758][  0]LogConfig: Setting CVar [[r.EyeAdaptationQuality:2]]
[2021.04.13-17.28.28:758][  0]LogConfig: Setting CVar [[r.BloomQuality:5]]
[2021.04.13-17.28.28:758][  0]LogConfig: Setting CVar [[r.FastBlurThreshold:100]]
[2021.04.13-17.28.28:758][  0]LogConfig: Setting CVar [[r.Upscale.Quality:3]]
[2021.04.13-17.28.28:758][  0]LogConfig: Setting CVar [[r.Tonemapper.GrainQuantization:1]]
[2021.04.13-17.28.28:758][  0]LogConfig: Setting CVar [[r.LightShaftQuality:1]]
[2021.04.13-17.28.28:759][  0]LogConfig: Setting CVar [[r.Filter.SizeScale:1]]
[2021.04.13-17.28.28:759][  0]LogConfig: Setting CVar [[r.Tonemapper.Quality:5]]
[2021.04.13-17.28.28:759][  0]LogConfig: Setting CVar [[r.DOF.Gather.AccumulatorQuality:1        ; higher gathering accumulator quality]]
[2021.04.13-17.28.28:759][  0]LogConfig: Setting CVar [[r.DOF.Gather.PostfilterMethod:1          ; Median3x3 postfilering method]]
[2021.04.13-17.28.28:759][  0]LogConfig: Setting CVar [[r.DOF.Gather.EnableBokehSettings:0       ; no bokeh simulation when gathering]]
[2021.04.13-17.28.28:759][  0]LogConfig: Setting CVar [[r.DOF.Gather.RingCount:4                 ; medium number of samples when gathering]]
[2021.04.13-17.28.28:759][  0]LogConfig: Setting CVar [[r.DOF.Scatter.ForegroundCompositing:1    ; additive foreground scattering]]
[2021.04.13-17.28.28:759][  0]LogConfig: Setting CVar [[r.DOF.Scatter.BackgroundCompositing:2    ; additive background scattering]]
[2021.04.13-17.28.28:759][  0]LogConfig: Setting CVar [[r.DOF.Scatter.EnableBokehSettings:1      ; bokeh simulation when scattering]]
[2021.04.13-17.28.28:759][  0]LogConfig: Setting CVar [[r.DOF.Scatter.MaxSpriteRatio:0.1         ; only a maximum of 10% of scattered bokeh]]
[2021.04.13-17.28.28:759][  0]LogConfig: Setting CVar [[r.DOF.Recombine.Quality:1                ; cheap slight out of focus]]
[2021.04.13-17.28.28:759][  0]LogConfig: Setting CVar [[r.DOF.Recombine.EnableBokehSettings:0    ; no bokeh simulation on slight out of focus]]
[2021.04.13-17.28.28:759][  0]LogConfig: Setting CVar [[r.DOF.TemporalAAQuality:1                ; more stable temporal accumulation]]
[2021.04.13-17.28.28:759][  0]LogConfig: Setting CVar [[r.DOF.Kernel.MaxForegroundRadius:0.025]]
[2021.04.13-17.28.28:759][  0]LogConfig: Setting CVar [[r.DOF.Kernel.MaxBackgroundRadius:0.025]]
[2021.04.13-17.28.28:759][  0]LogConfig: Applying CVar settings from Section [TextureQuality@3] File [C:/Users/sethg/Desktop/Backups/MergeFile/W21_GAM1528_NoNameYet/TowerDefence/Saved/Config/Windows/Scalability.ini]
[2021.04.13-17.28.28:760][  0]LogConfig: Setting CVar [[r.Streaming.MipBias:0]]
[2021.04.13-17.28.28:760][  0]LogConfig: Setting CVar [[r.Streaming.AmortizeCPUToGPUCopy:0]]
[2021.04.13-17.28.28:760][  0]LogConfig: Setting CVar [[r.Streaming.MaxNumTexturesToStreamPerFrame:0]]
[2021.04.13-17.28.28:760][  0]LogConfig: Setting CVar [[r.Streaming.Boost:1]]
[2021.04.13-17.28.28:760][  0]LogConfig: Setting CVar [[r.MaxAnisotropy:8]]
[2021.04.13-17.28.28:760][  0]LogConfig: Setting CVar [[r.VT.MaxAnisotropy:8]]
[2021.04.13-17.28.28:760][  0]LogConfig: Setting CVar [[r.Streaming.LimitPoolSizeToVRAM:0]]
[2021.04.13-17.28.28:760][  0]LogConfig: Setting CVar [[r.Streaming.PoolSize:1000]]
[2021.04.13-17.28.28:760][  0]LogConfig: Setting CVar [[r.Streaming.MaxEffectiveScreenSize:0]]
[2021.04.13-17.28.28:760][  0]LogConfig: Applying CVar settings from Section [EffectsQuality@3] File [C:/Users/sethg/Desktop/Backups/MergeFile/W21_GAM1528_NoNameYet/TowerDefence/Saved/Config/Windows/Scalability.ini]
[2021.04.13-17.28.28:760][  0]LogConfig: Setting CVar [[r.TranslucencyLightingVolumeDim:64]]
[2021.04.13-17.28.28:760][  0]LogConfig: Setting CVar [[r.RefractionQuality:2]]
[2021.04.13-17.28.28:760][  0]LogConfig: Setting CVar [[r.SSR.Quality:3]]
[2021.04.13-17.28.28:760][  0]LogConfig: Setting CVar [[r.SSR.HalfResSceneColor:0]]
[2021.04.13-17.28.28:760][  0]LogConfig: Setting CVar [[r.SceneColorFormat:4]]
[2021.04.13-17.28.28:760][  0]LogConfig: Setting CVar [[r.DetailMode:2]]
[2021.04.13-17.28.28:760][  0]LogConfig: Setting CVar [[r.TranslucencyVolumeBlur:1]]
[2021.04.13-17.28.28:760][  0]LogConfig: Setting CVar [[r.MaterialQualityLevel:1 ; High quality]]
[2021.04.13-17.28.28:760][  0]LogConfig: Setting CVar [[r.SSS.Scale:1]]
[2021.04.13-17.28.28:760][  0]LogConfig: Setting CVar [[r.SSS.SampleSet:2]]
[2021.04.13-17.28.28:761][  0]LogConfig: Setting CVar [[r.SSS.Quality:1]]
[2021.04.13-17.28.28:761][  0]LogConfig: Setting CVar [[r.SSS.HalfRes:0]]
[2021.04.13-17.28.28:761][  0]LogConfig: Setting CVar [[r.SSGI.Quality:3]]
[2021.04.13-17.28.28:761][  0]LogConfig: Setting CVar [[r.EmitterSpawnRateScale:1.0]]
[2021.04.13-17.28.28:761][  0]LogConfig: Setting CVar [[r.ParticleLightQuality:2]]
[2021.04.13-17.28.28:761][  0]LogConfig: Setting CVar [[r.SkyAtmosphere.AerialPerspectiveLUT.FastApplyOnOpaque:1 ; Always have FastSkyLUT 1 in this case to avoid wrong sky]]
[2021.04.13-17.28.28:761][  0]LogConfig: Setting CVar [[r.SkyAtmosphere.AerialPerspectiveLUT.SampleCountPerSlice:1]]
[2021.04.13-17.28.28:761][  0]LogConfig: Setting CVar [[r.SkyAtmosphere.AerialPerspectiveLUT.DepthResolution:16.0]]
[2021.04.13-17.28.28:761][  0]LogConfig: Setting CVar [[r.SkyAtmosphere.FastSkyLUT:1]]
[2021.04.13-17.28.28:761][  0]LogConfig: Setting CVar [[r.SkyAtmosphere.FastSkyLUT.SampleCountMin:4.0]]
[2021.04.13-17.28.28:761][  0]LogConfig: Setting CVar [[r.SkyAtmosphere.FastSkyLUT.SampleCountMax:32.0]]
[2021.04.13-17.28.28:761][  0]LogConfig: Setting CVar [[r.SkyAtmosphere.SampleCountMin:4.0]]
[2021.04.13-17.28.28:761][  0]LogConfig: Setting CVar [[r.SkyAtmosphere.SampleCountMax:32.0]]
[2021.04.13-17.28.28:761][  0]LogConfig: Setting CVar [[r.SkyAtmosphere.TransmittanceLUT.UseSmallFormat:0]]
[2021.04.13-17.28.28:761][  0]LogConfig: Setting CVar [[r.SkyAtmosphere.TransmittanceLUT.SampleCount:10.0]]
[2021.04.13-17.28.28:761][  0]LogConfig: Setting CVar [[r.SkyAtmosphere.MultiScatteringLUT.SampleCount:15.0]]
[2021.04.13-17.28.28:761][  0]LogConfig: Applying CVar settings from Section [FoliageQuality@3] File [C:/Users/sethg/Desktop/Backups/MergeFile/W21_GAM1528_NoNameYet/TowerDefence/Saved/Config/Windows/Scalability.ini]
[2021.04.13-17.28.28:761][  0]LogConfig: Setting CVar [[foliage.DensityScale:1.0]]
[2021.04.13-17.28.28:761][  0]LogConfig: Setting CVar [[grass.DensityScale:1.0]]
[2021.04.13-17.28.28:762][  0]LogConfig: Applying CVar settings from Section [ShadingQuality@3] File [C:/Users/sethg/Desktop/Backups/MergeFile/W21_GAM1528_NoNameYet/TowerDefence/Saved/Config/Windows/Scalability.ini]
[2021.04.13-17.28.28:762][  0]LogConfig: Setting CVar [[r.HairStrands.SkyLighting.SampleCount:16]]
[2021.04.13-17.28.28:762][  0]LogConfig: Setting CVar [[r.HairStrands.SkyLighting.JitterIntegration:0]]
[2021.04.13-17.28.28:762][  0]LogConfig: Setting CVar [[r.HairStrands.SkyAO.SampleCount:16]]
[2021.04.13-17.28.28:762][  0]LogConfig: Setting CVar [[r.HairStrands.DeepShadow.SuperSampling:0]]
[2021.04.13-17.28.28:762][  0]LogConfig: Setting CVar [[r.HairStrands.VisibilityPPLL:0]]
[2021.04.13-17.28.28:762][  0]LogConfig: Setting CVar [[r.HairStrands.RasterizationScale:0.5]]
[2021.04.13-17.28.28:762][  0]LogConfig: Setting CVar [[r.HairStrands.VelocityRasterizationScale:1]]
[2021.04.13-17.28.28:762][  0]LogConfig: Applying CVar settings from Section [Startup] File [../../../Engine/Config/ConsoleVariables.ini]
[2021.04.13-17.28.28:763][  0]LogConfig: Setting CVar [[net.UseAdaptiveNetUpdateFrequency:0]]
[2021.04.13-17.28.28:763][  0]LogConfig: Setting CVar [[p.chaos.AllowCreatePhysxBodies:1]]
[2021.04.13-17.28.28:763][  0]LogConfig: Setting CVar [[fx.SkipVectorVMBackendOptimizations:1]]
[2021.04.13-17.28.28:763][  0]LogConfig: Applying CVar settings from Section [ConsoleVariables] File [C:/Users/sethg/Desktop/Backups/MergeFile/W21_GAM1528_NoNameYet/TowerDefence/Saved/Config/Windows/Engine.ini]
[2021.04.13-17.28.28:763][  0]LogInit: Computer: LAPTOP-K3PBHEDP
[2021.04.13-17.28.28:763][  0]LogInit: User: sethg
[2021.04.13-17.28.28:763][  0]LogInit: CPU Page size=4096, Cores=6
[2021.04.13-17.28.28:763][  0]LogInit: High frequency timer resolution =10.000000 MHz
[2021.04.13-17.28.28:763][  0]LogMemory: Memory total: Physical=15.9GB (16GB approx)
[2021.04.13-17.28.28:763][  0]LogMemory: Platform Memory Stats for Windows
[2021.04.13-17.28.28:763][  0]LogMemory: Process Physical Memory: 116.72 MB used, 116.72 MB peak
[2021.04.13-17.28.28:763][  0]LogMemory: Process Virtual Memory: 97.01 MB used, 97.01 MB peak
[2021.04.13-17.28.28:763][  0]LogMemory: Physical Memory: 9162.05 MB used,  7072.72 MB free, 16234.78 MB total
[2021.04.13-17.28.28:763][  0]LogMemory: Virtual Memory: 5166.71 MB used,  134212560.00 MB free, 134217728.00 MB total
[2021.04.13-17.28.28:777][  0]LogWindows: WindowsPlatformFeatures enabled
[2021.04.13-17.28.29:044][  0]LogInit: Physics initialised using underlying interface: PhysX
[2021.04.13-17.28.29:045][  0]LogInit: Using OS detected language (en-US).
[2021.04.13-17.28.29:045][  0]LogInit: Using OS detected locale (en-CA).
[2021.04.13-17.28.29:047][  0]LogTextLocalizationManager: No specific localization for 'en-US' exists, so the 'en' localization will be used.
[2021.04.13-17.28.29:225][  0]LogInit: Setting process to per monitor DPI aware
[2021.04.13-17.28.29:282][  0]LogSlate: New Slate User Created.  User Index 0, Is Virtual User: 0
[2021.04.13-17.28.29:282][  0]LogSlate: Slate User Registered.  User Index 0, Is Virtual User: 0
[2021.04.13-17.28.29:588][  0]LogHMD: Failed to initialize OpenVR with code 110
[2021.04.13-17.28.29:588][  0]LogD3D11RHI: D3D11 min allowed feature level: 11_0
[2021.04.13-17.28.29:589][  0]LogD3D11RHI: D3D11 max allowed feature level: 11_0
[2021.04.13-17.28.29:589][  0]LogD3D11RHI: D3D11 adapters:
[2021.04.13-17.28.30:575][  0]LogD3D11RHI:    0. 'NVIDIA GeForce GTX 1060' (Feature Level 11_0)
[2021.04.13-17.28.30:575][  0]LogD3D11RHI:       6052/0/8117 MB DedicatedVideo/DedicatedSystem/SharedSystem, Outputs:1, VendorId:0x10de
[2021.04.13-17.28.30:613][  0]LogD3D11RHI:    1. 'Intel(R) UHD Graphics 630' (Feature Level 11_0)
[2021.04.13-17.28.30:614][  0]LogD3D11RHI:       128/0/8117 MB DedicatedVideo/DedicatedSystem/SharedSystem, Outputs:0, VendorId:0x8086
[2021.04.13-17.28.30:620][  0]LogD3D11RHI:    2. 'Microsoft Basic Render Driver' (Feature Level 11_0)
[2021.04.13-17.28.30:620][  0]LogD3D11RHI:       0/0/8117 MB DedicatedVideo/DedicatedSystem/SharedSystem, Outputs:0, VendorId:0x1414
[2021.04.13-17.28.30:620][  0]LogD3D11RHI: Chosen D3D11 Adapter: 0
[2021.04.13-17.28.30:667][  0]LogD3D11RHI: Creating new Direct3DDevice
[2021.04.13-17.28.30:667][  0]LogD3D11RHI:     GPU DeviceId: 0x1c20 (for the marketing name, search the web for "GPU Device Id")
[2021.04.13-17.28.30:667][  0]LogWindows: EnumDisplayDevices:
[2021.04.13-17.28.30:667][  0]LogWindows:    0. 'Intel(R) UHD Graphics 630' (P:1 D:1)
[2021.04.13-17.28.30:668][  0]LogWindows:    1. 'Intel(R) UHD Graphics 630' (P:0 D:0)
[2021.04.13-17.28.30:668][  0]LogWindows:    2. 'Intel(R) UHD Graphics 630' (P:0 D:0)
[2021.04.13-17.28.30:669][  0]LogWindows:    3. 'NVIDIA GeForce GTX 1060' (P:0 D:0)
[2021.04.13-17.28.30:669][  0]LogWindows: DebugString: PrimaryIsNotTheChoosenAdapter PrimaryIsNotTheChoosenAdapter PrimaryIsNotTheChoosenAdapter 
[2021.04.13-17.28.30:669][  0]LogD3D11RHI:     Adapter Name: NVIDIA GeForce GTX 1060
[2021.04.13-17.28.30:669][  0]LogD3D11RHI:   Driver Version: 451.67 (internal:27.21.14.5167, unified:451.67)
[2021.04.13-17.28.30:669][  0]LogD3D11RHI:      Driver Date: 7-5-2020
[2021.04.13-17.28.30:669][  0]LogRHI: Texture pool is 4236 MB (70% of 6052 MB)
[2021.04.13-17.28.30:737][  0]LogD3D11RHI: RHI has support for 64 bit atomics
[2021.04.13-17.28.30:739][  0]LogD3D11RHI: [Aftermath] Enabled and primed
[2021.04.13-17.28.30:739][  0]LogD3D11RHI: Async texture creation enabled
[2021.04.13-17.28.30:739][  0]LogD3D11RHI: Array index from any shader is supported
[2021.04.13-17.28.30:775][  0]LogD3D11RHI: GPU Timing Frequency: 1000.000000 (Debug: 2 1)
[2021.04.13-17.28.31:114][  0]LogTargetPlatformManager: Display: Loaded TargetPlatform 'AllDesktop'
[2021.04.13-17.28.31:140][  0]LogTargetPlatformManager: Display: Loaded TargetPlatform 'Android'
[2021.04.13-17.28.31:140][  0]LogTargetPlatformManager: Display: Loaded TargetPlatform 'Android_ASTC'
[2021.04.13-17.28.31:140][  0]LogTargetPlatformManager: Display: Loaded TargetPlatform 'Android_DXT'
[2021.04.13-17.28.31:140][  0]LogTargetPlatformManager: Display: Loaded TargetPlatform 'Android_ETC2'
[2021.04.13-17.28.31:140][  0]LogTargetPlatformManager: Display: Loaded TargetPlatform 'AndroidClient'
[2021.04.13-17.28.31:141][  0]LogTargetPlatformManager: Display: Loaded TargetPlatform 'Android_ASTCClient'
[2021.04.13-17.28.31:141][  0]LogTargetPlatformManager: Display: Loaded TargetPlatform 'Android_DXTClient'
[2021.04.13-17.28.31:141][  0]LogTargetPlatformManager: Display: Loaded TargetPlatform 'Android_ETC2Client'
[2021.04.13-17.28.31:141][  0]LogTargetPlatformManager: Display: Loaded TargetPlatform 'Android_Multi'
[2021.04.13-17.28.31:141][  0]LogTargetPlatformManager: Display: Loaded TargetPlatform 'Android_MultiClient'
[2021.04.13-17.28.31:178][  0]LogTargetPlatformManager: Display: Loaded TargetPlatform 'IOSClient'
[2021.04.13-17.28.31:178][  0]LogTargetPlatformManager: Display: Loaded TargetPlatform 'IOS'
[2021.04.13-17.28.31:191][  0]LogTargetPlatformManager: Display: Loaded TargetPlatform 'Linux'
[2021.04.13-17.28.31:205][  0]LogTargetPlatformManager: Display: Loaded TargetPlatform 'LinuxNoEditor'
[2021.04.13-17.28.31:216][  0]LogTargetPlatformManager: Display: Loaded TargetPlatform 'LinuxClient'
[2021.04.13-17.28.31:229][  0]LogTargetPlatformManager: Display: Loaded TargetPlatform 'LinuxServer'
[2021.04.13-17.28.31:242][  0]LogTargetPlatformManager: Display: Loaded TargetPlatform 'LinuxAArch64NoEditor'
[2021.04.13-17.28.31:254][  0]LogTargetPlatformManager: Display: Loaded TargetPlatform 'LinuxAArch64Client'
[2021.04.13-17.28.31:266][  0]LogTargetPlatformManager: Display: Loaded TargetPlatform 'LinuxAArch64Server'
[2021.04.13-17.28.31:302][  0]LogTargetPlatformManager: Display: Loaded TargetPlatform 'Lumin'
[2021.04.13-17.28.31:302][  0]LogTargetPlatformManager: Display: Loaded TargetPlatform 'LuminClient'
[2021.04.13-17.28.31:321][  0]LogTargetPlatformManager: Display: Loaded TargetPlatform 'TVOSClient'
[2021.04.13-17.28.31:321][  0]LogTargetPlatformManager: Display: Loaded TargetPlatform 'TVOS'
[2021.04.13-17.28.31:335][  0]LogTargetPlatformManager: Display: Loaded TargetPlatform 'WindowsNoEditor'
[2021.04.13-17.28.31:349][  0]LogTargetPlatformManager: Display: Loaded TargetPlatform 'Windows'
[2021.04.13-17.28.31:363][  0]LogTargetPlatformManager: Display: Loaded TargetPlatform 'WindowsClient'
[2021.04.13-17.28.31:376][  0]LogTargetPlatformManager: Display: Loaded TargetPlatform 'WindowsServer'
[2021.04.13-17.28.31:376][  0]LogTargetPlatformManager: Display: Building Assets For Windows
[2021.04.13-17.28.31:397][  0]LogAudioDebug: Display: Lib vorbis DLL was dynamically loaded.
[2021.04.13-17.28.31:512][  0]LogShaderCompilers: Guid format shader working directory is -30 characters bigger than the processId version (C:/Users/sethg/Desktop/Backups/MergeFile/W21_GAM1528_NoNameYet/TowerDefence/Intermediate/Shaders/WorkingDirectory/18012/).
[2021.04.13-17.28.31:512][  0]LogShaderCompilers: Cleaned the shader compiler working directory 'C:/Users/sethg/AppData/Local/Temp/UnrealShaderWorkingDir/409654734EA5E61243D39A929CCBD6D6/'.
[2021.04.13-17.28.31:513][  0]LogXGEController: Cleaning working directory: C:/Users/sethg/AppData/Local/Temp/UnrealXGEWorkingDir/
[2021.04.13-17.28.31:513][  0]LogXGEController: Cannot use XGE Controller as Incredibuild is not installed on this machine.
[2021.04.13-17.28.31:513][  0]LogShaderCompilers: Cannot use XGE Shader Compiler as Incredibuild is not installed on this machine.
[2021.04.13-17.28.31:513][  0]LogShaderCompilers: Display: Using Local Shader Compiler.
[2021.04.13-17.28.32:317][  0]LogDerivedDataCache: Display: Max Cache Size: 512 MB
[2021.04.13-17.28.32:379][  0]LogDerivedDataCache: Loaded boot cache 0.06s 75MB C:/Users/sethg/AppData/Local/UnrealEngine/4.25/DerivedDataCache/Boot.ddc.
[2021.04.13-17.28.32:379][  0]LogDerivedDataCache: Display: Loaded Boot cache: C:/Users/sethg/AppData/Local/UnrealEngine/4.25/DerivedDataCache/Boot.ddc
[2021.04.13-17.28.32:380][  0]LogDerivedDataCache: FDerivedDataBackendGraph:  Pak pak cache file C:/Users/sethg/Desktop/Backups/MergeFile/W21_GAM1528_NoNameYet/TowerDefence/DerivedDataCache/DDC.ddp not found, will not use a pak cache.
[2021.04.13-17.28.32:380][  0]LogDerivedDataCache: Unable to find inner node Pak for hierarchical cache Hierarchy.
[2021.04.13-17.28.32:380][  0]LogDerivedDataCache: FDerivedDataBackendGraph:  CompressedPak pak cache file C:/Users/sethg/Desktop/Backups/MergeFile/W21_GAM1528_NoNameYet/TowerDefence/DerivedDataCache/Compressed.ddp not found, will not use a pak cache.
[2021.04.13-17.28.32:380][  0]LogDerivedDataCache: Unable to find inner node CompressedPak for hierarchical cache Hierarchy.
[2021.04.13-17.28.32:390][  0]LogDerivedDataCache: Display: Pak cache opened for reading ../../../Engine/DerivedDataCache/Compressed.ddp.
[2021.04.13-17.28.32:390][  0]LogDerivedDataCache: FDerivedDataBackendGraph:  EnterprisePak pak cache file ../../../Enterprise/DerivedDataCache/Compressed.ddp not found, will not use a pak cache.
[2021.04.13-17.28.32:390][  0]LogDerivedDataCache: Unable to find inner node EnterprisePak for hierarchical cache Hierarchy.
[2021.04.13-17.28.32:393][  0]LogDerivedDataCache: Using Local data cache path C:/Users/sethg/AppData/Local/UnrealEngine/Common/DerivedDataCache: Writable
[2021.04.13-17.28.32:393][  0]LogDerivedDataCache: Shared data cache path not found in *engine.ini, will not use an Shared cache.
[2021.04.13-17.28.32:393][  0]LogDerivedDataCache: Unable to find inner node Shared for hierarchical cache Hierarchy.
[2021.04.13-17.28.32:444][  0]LogSlate: Using FreeType 2.10.0
[2021.04.13-17.28.32:444][  0]LogSlate: SlateFontServices - WITH_FREETYPE: 1, WITH_HARFBUZZ: 1
[2021.04.13-17.28.32:477][  0]LogAssetRegistry: FAssetRegistry took 0.0061 seconds to start up
[2021.04.13-17.28.32:708][  0]LogInit: Selected Device Profile: [Windows]
[2021.04.13-17.28.32:876][  0]LogMeshReduction: Using QuadricMeshReduction for automatic static mesh reduction
[2021.04.13-17.28.32:876][  0]LogMeshReduction: Using SimplygonMeshReduction for automatic skeletal mesh reduction
[2021.04.13-17.28.32:876][  0]LogMeshReduction: Using ProxyLODMeshReduction for automatic mesh merging
[2021.04.13-17.28.32:876][  0]LogMeshReduction: No distributed automatic mesh merging module available
[2021.04.13-17.28.32:876][  0]LogMeshMerging: No distributed automatic mesh merging module available
[2021.04.13-17.28.32:900][  0]LogNetVersion: TowerDefence 1.0.0, NetCL: 13144385, EngineNetVer: 14, GameNetVer: 0 (Checksum: 2510641227)
[2021.04.13-17.28.33:356][  0]LogAISub: UAISubsystem::UAISubsystem AISubsystem (00000246635F4380), frame # 0
[2021.04.13-17.28.33:356][  0]LogAISub: UAISubsystem::UAISubsystem AIPerceptionSystem (0000024663543740), frame # 0
[2021.04.13-17.28.33:357][  0]LogAISub: UAISubsystem::UAISubsystem EnvQueryManager (00000246635ACA00), frame # 0
[2021.04.13-17.28.33:430][  0]LogPackageLocalizationCache: Processed 19 localized package path(s) for 1 prioritized culture(s) in 0.063503 seconds
[2021.04.13-17.28.33:435][  0]LogUObjectArray: 15917 objects as part of root set at end of initial load.
[2021.04.13-17.28.33:436][  0]LogUObjectAllocator: 3965568 out of 0 bytes used by permanent object pool.
[2021.04.13-17.28.33:436][  0]LogUObjectArray: CloseDisregardForGC: 0/0 objects in disregard for GC pool
[2021.04.13-17.28.34:125][  0]LogTcpMessaging: Initializing TcpMessaging bridge
[2021.04.13-17.28.34:135][  0]LogUdpMessaging: Initializing bridge on interface 0.0.0.0:0 to multicast group 230.0.0.1:6666.
[2021.04.13-17.28.34:469][  0]SourceControl: Source control is disabled
[2021.04.13-17.28.34:469][  0]SourceControl: Source control is disabled
[2021.04.13-17.28.34:475][  0]SourceControl: Source control is disabled
[2021.04.13-17.28.34:480][  0]SourceControl: Source control is disabled
[2021.04.13-17.28.34:492][  0]SourceControl: Source control is disabled
[2021.04.13-17.28.34:890][  0]LogAndroidPermission: UAndroidPermissionCallbackProxy::GetInstance
[2021.04.13-17.28.34:924][  0]LogAudioCaptureCore: Display: No Audio Capture implementations found. Audio input will be silent.
[2021.04.13-17.28.34:924][  0]LogAudioCaptureCore: Display: No Audio Capture implementations found. Audio input will be silent.
[2021.04.13-17.28.34:993][  0]LogOcInput: OculusInput pre-init called
[2021.04.13-17.28.35:009][  0]LogWindows: Failed to load 'OVRPlugin.dll' (GetLastError=126)
[2021.04.13-17.28.35:010][  0]LogWindows: File 'OVRPlugin.dll' does not exist
[2021.04.13-17.28.35:084][  0]LogEngine: Initializing Engine...
[2021.04.13-17.28.35:087][  0]LogHMD: Failed to initialize OpenVR with code 110
[2021.04.13-17.28.35:087][  0]LogMagicLeap: Warning: VR disabled because ZI is not enabled.  To enable, in the editor, Edit -> Project Settings -> Plugins -> Magic Leap Plugin -> Enable Zero Iteration
[2021.04.13-17.28.35:088][  0]LogStats: UGameplayTagsManager::InitializeManager -  0.000 s
[2021.04.13-17.28.35:229][  0]LogInit: Initializing FReadOnlyCVARCache
[2021.04.13-17.28.35:240][  0]LogAIModule: Creating AISystem for world Untitled
[2021.04.13-17.28.35:240][  0]LogAISub: UAISubsystem::UAISubsystem EnvQueryManager (0000024665CE5C00), frame # 0
[2021.04.13-17.28.35:240][  0]LogAISub: UAISubsystem::UAISubsystem AIPerceptionSystem (0000024665D10900), frame # 0
[2021.04.13-17.28.35:264][  0]LogAudioMixer: Display: Audio Mixer Platform Settings:
[2021.04.13-17.28.35:264][  0]LogAudioMixer: Display: 	Sample Rate:						  48000
[2021.04.13-17.28.35:264][  0]LogAudioMixer: Display: 	Callback Buffer Frame Size Requested: 1024
[2021.04.13-17.28.35:265][  0]LogAudioMixer: Display: 	Callback Buffer Frame Size To Use:	  1024
[2021.04.13-17.28.35:265][  0]LogAudioMixer: Display: 	Number of buffers to queue:			  2
[2021.04.13-17.28.35:265][  0]LogAudioMixer: Display: 	Max Channels (voices):				  32
[2021.04.13-17.28.35:265][  0]LogAudioMixer: Display: 	Number of Async Source Workers:		  0
[2021.04.13-17.28.35:265][  0]LogAudio: Display: AudioDevice MaxSources: 32
[2021.04.13-17.28.35:266][  0]LogAudio: Display: Using built-in audio occlusion.
[2021.04.13-17.28.35:266][  0]LogAudioMixer: Display: Initializing audio mixer.
[2021.04.13-17.28.35:288][  0]LogAudioMixer: Display: 0: FrontLeft
[2021.04.13-17.28.35:288][  0]LogAudioMixer: Display: 1: FrontRight
[2021.04.13-17.28.35:373][  0]LogAudioMixer: Display: Using Audio Device Speakers (Realtek(R) Audio)
[2021.04.13-17.28.35:376][  0]LogAudioMixer: Display: Initializing Sound Submixes...
[2021.04.13-17.28.35:379][  0]LogAudioMixer: Display: Creating Master Submix 'MasterSubmixDefault'
[2021.04.13-17.28.35:379][  0]LogAudioMixer: Display: Creating Master Submix 'MasterReverbSubmixDefault'
[2021.04.13-17.28.35:380][  0]LogAudioMixer: Display: Creating Master Submix 'MasterEQSubmixDefault'
[2021.04.13-17.28.35:383][  0]LogInit: FAudioDevice initialized.
[2021.04.13-17.28.35:383][  0]LogNetVersion: Set ProjectVersion to 1.0.0.0. Version Checksum will be recalculated on next use.
[2021.04.13-17.28.35:455][  0]LogDerivedDataCache: Saved boot cache 0.07s 75MB C:/Users/sethg/AppData/Local/UnrealEngine/4.25/DerivedDataCache/Boot.ddc.
[2021.04.13-17.28.35:457][  0]LogInit: Texture streaming: Enabled
[2021.04.13-17.28.35:486][  0]LogEngineSessionManager: EngineSessionManager initialized
[2021.04.13-17.28.35:486][  0]LogEditorSessionSummary: Verbose: Initializing EditorSessionSummaryWriter for editor session tracking
[2021.04.13-17.28.35:493][  0]LogEditorSessionSummary: EditorSessionSummaryWriter initialized
[2021.04.13-17.28.35:531][  0]LogInit: Transaction tracking system initialized
[2021.04.13-17.28.35:568][  0]BlueprintLog: New page: Editor Load
[2021.04.13-17.28.35:689][  0]LocalizationService: Localization service is disabled
[2021.04.13-17.28.35:888][  0]LogCook: Display: Max memory allowance for cook 16384mb min free memory 0mb
[2021.04.13-17.28.35:888][  0]LogCook: Display: Mobile HDR setting 1
[2021.04.13-17.28.36:126][  0]LogFileCache: Scanning file cache for directory 'C:/Users/sethg/Desktop/Backups/MergeFile/W21_GAM1528_NoNameYet/TowerDefence/Content/' took 0.01s
[2021.04.13-17.28.36:370][  0]SourceControl: Source control is disabled
[2021.04.13-17.28.36:370][  0]LogUnrealEdMisc: Loading editor; pre map load, took 10.182
[2021.04.13-17.28.36:371][  0]Cmd: MAP LOAD FILE="C:/Users/sethg/Desktop/Backups/MergeFile/W21_GAM1528_NoNameYet/TowerDefence/Content/Maps/Test.umap" TEMPLATE=0 SHOWPROGRESS=1 FEATURELEVEL=3
[2021.04.13-17.28.36:371][  0]LightingResults: New page: Lighting Build
[2021.04.13-17.28.36:372][  0]LogWorld: UWorld::CleanupWorld for Untitled, bSessionEnded=true, bCleanupResources=true
[2021.04.13-17.28.36:372][  0]LogSlate: InvalidateAllWidgets triggered.  All widgets were invalidated
[2021.04.13-17.28.36:372][  0]MapCheck: New page: Map Check
[2021.04.13-17.28.36:372][  0]LightingResults: New page: Lighting Build
[2021.04.13-17.28.36:383][  0]LogAISub: UAISubsystem::~UAISubsystem EnvQueryManager (0000024665CE5C00), frame # 0
[2021.04.13-17.28.36:383][  0]LogAISub: UAISubsystem::~UAISubsystem AIPerceptionSystem (0000024665D10900), frame # 0
[2021.04.13-17.28.36:384][  0]LogUObjectHash: Compacting FUObjectHashTables data took   0.74ms
[2021.04.13-17.28.36:394][  0]LogLinker: Warning: While loading 'C:/Users/sethg/Desktop/Backups/MergeFile/W21_GAM1528_NoNameYet/TowerDefence/Content/Assets/Models/Troop_melee/troop_melee.uasset' failed to load '/Game/Assets/Models/Troop_melee/Material_001': Can't find file.
[2021.04.13-17.28.36:396][  0]LogLinker: Warning: While loading 'C:/Users/sethg/Desktop/Backups/MergeFile/W21_GAM1528_NoNameYet/TowerDefence/Content/Assets/Models/Troop_melee/troop_melee.uasset' failed to load '/Game/Assets/Models/Troop_melee/Material_001': Can't find file.
[2021.04.13-17.28.36:396][  0]LogLinker: Warning: While loading 'C:/Users/sethg/Desktop/Backups/MergeFile/W21_GAM1528_NoNameYet/TowerDefence/Content/Assets/Models/Troop_melee/troop_melee.uasset' failed to load '/Game/Assets/Models/Troop_melee/wire_087225087_002': Can't find file.
[2021.04.13-17.28.36:397][  0]LogLinker: Warning: While loading 'C:/Users/sethg/Desktop/Backups/MergeFile/W21_GAM1528_NoNameYet/TowerDefence/Content/Assets/Models/Troop_melee/troop_melee.uasset' failed to load '/Game/Assets/Models/Troop_melee/wire_087225087_002': Can't find file.
[2021.04.13-17.28.36:397][  0]LogLinker: Warning: While loading 'C:/Users/sethg/Desktop/Backups/MergeFile/W21_GAM1528_NoNameYet/TowerDefence/Content/Assets/Models/Troop_melee/troop_melee.uasset' failed to load '/Game/Assets/Models/Troop_melee/wire_177028149_002': Can't find file.
[2021.04.13-17.28.36:397][  0]LogLinker: Warning: While loading 'C:/Users/sethg/Desktop/Backups/MergeFile/W21_GAM1528_NoNameYet/TowerDefence/Content/Assets/Models/Troop_melee/troop_melee.uasset' failed to load '/Game/Assets/Models/Troop_melee/wire_177028149_002': Can't find file.
[2021.04.13-17.28.36:398][  0]LogLinker: Warning: While loading 'C:/Users/sethg/Desktop/Backups/MergeFile/W21_GAM1528_NoNameYet/TowerDefence/Content/Assets/Models/Troop_melee/troop_melee.uasset' failed to load '/Game/Assets/Models/Troop_melee/Material_001': Can't find file.
[2021.04.13-17.28.36:398][  0]LogLinker: Warning: While loading 'C:/Users/sethg/Desktop/Backups/MergeFile/W21_GAM1528_NoNameYet/TowerDefence/Content/Assets/Models/Troop_melee/troop_melee.uasset' failed to load '/Game/Assets/Models/Troop_melee/Material_001': Can't find file.
[2021.04.13-17.28.36:399][  0]LogLinker: Warning: While loading 'C:/Users/sethg/Desktop/Backups/MergeFile/W21_GAM1528_NoNameYet/TowerDefence/Content/Assets/Models/Troop_melee/troop_melee.uasset' failed to load '/Game/Assets/Models/Troop_melee/wire_087225087_002': Can't find file.
[2021.04.13-17.28.36:400][  0]LogLinker: Warning: While loading 'C:/Users/sethg/Desktop/Backups/MergeFile/W21_GAM1528_NoNameYet/TowerDefence/Content/Assets/Models/Troop_melee/troop_melee.uasset' failed to load '/Game/Assets/Models/Troop_melee/wire_087225087_002': Can't find file.
[2021.04.13-17.28.36:400][  0]LogLinker: Warning: While loading 'C:/Users/sethg/Desktop/Backups/MergeFile/W21_GAM1528_NoNameYet/TowerDefence/Content/Assets/Models/Troop_melee/troop_melee.uasset' failed to load '/Game/Assets/Models/Troop_melee/wire_177028149_002': Can't find file.
[2021.04.13-17.28.36:401][  0]LogLinker: Warning: While loading 'C:/Users/sethg/Desktop/Backups/MergeFile/W21_GAM1528_NoNameYet/TowerDefence/Content/Assets/Models/Troop_melee/troop_melee.uasset' failed to load '/Game/Assets/Models/Troop_melee/wire_177028149_002': Can't find file.
[2021.04.13-17.28.36:544][  0]LogLinker: Warning: While loading 'C:/Users/sethg/Desktop/Backups/MergeFile/W21_GAM1528_NoNameYet/TowerDefence/Content/StarterContent/Materials/M_Brick_Clay_Beveled.uasset' failed to load '/Game/StarterContent/Textures/T_Brick_Clay_Beveled_D': Can't find file.
[2021.04.13-17.28.36:544][  0]LogLinker: Warning: While loading 'C:/Users/sethg/Desktop/Backups/MergeFile/W21_GAM1528_NoNameYet/TowerDefence/Content/StarterContent/Materials/M_Brick_Clay_Beveled.uasset' failed to load '/Game/StarterContent/Textures/T_Brick_Clay_Beveled_D': Can't find file.
[2021.04.13-17.28.36:544][  0]LogLinker: Warning: While loading 'C:/Users/sethg/Desktop/Backups/MergeFile/W21_GAM1528_NoNameYet/TowerDefence/Content/StarterContent/Materials/M_Brick_Clay_Beveled.uasset' failed to load '/Game/StarterContent/Textures/T_Brick_Clay_Beveled_M': Can't find file.
[2021.04.13-17.28.36:545][  0]LogLinker: Warning: While loading 'C:/Users/sethg/Desktop/Backups/MergeFile/W21_GAM1528_NoNameYet/TowerDefence/Content/StarterContent/Materials/M_Brick_Clay_Beveled.uasset' failed to load '/Game/StarterContent/Textures/T_Brick_Clay_Beveled_M': Can't find file.
[2021.04.13-17.28.36:545][  0]LogLinker: Warning: While loading 'C:/Users/sethg/Desktop/Backups/MergeFile/W21_GAM1528_NoNameYet/TowerDefence/Content/StarterContent/Materials/M_Brick_Clay_Beveled.uasset' failed to load '/Game/StarterContent/Textures/T_Brick_Clay_Beveled_N': Can't find file.
[2021.04.13-17.28.36:545][  0]LogLinker: Warning: While loading 'C:/Users/sethg/Desktop/Backups/MergeFile/W21_GAM1528_NoNameYet/TowerDefence/Content/StarterContent/Materials/M_Brick_Clay_Beveled.uasset' failed to load '/Game/StarterContent/Textures/T_Brick_Clay_Beveled_N': Can't find file.
[2021.04.13-17.28.36:546][  0]LogLinker: Warning: While loading 'C:/Users/sethg/Desktop/Backups/MergeFile/W21_GAM1528_NoNameYet/TowerDefence/Content/StarterContent/Materials/M_Brick_Clay_Beveled.uasset' failed to load '/Game/StarterContent/Textures/T_Brick_Clay_Beveled_D': Can't find file.
[2021.04.13-17.28.36:547][  0]LogLinker: Warning: While loading 'C:/Users/sethg/Desktop/Backups/MergeFile/W21_GAM1528_NoNameYet/TowerDefence/Content/StarterContent/Materials/M_Brick_Clay_Beveled.uasset' failed to load '/Game/StarterContent/Textures/T_Brick_Clay_Beveled_D': Can't find file.
[2021.04.13-17.28.36:547][  0]LogLinker: Warning: While loading 'C:/Users/sethg/Desktop/Backups/MergeFile/W21_GAM1528_NoNameYet/TowerDefence/Content/StarterContent/Materials/M_Brick_Clay_Beveled.uasset' failed to load '/Game/StarterContent/Textures/T_Brick_Clay_Beveled_M': Can't find file.
[2021.04.13-17.28.36:547][  0]LogLinker: Warning: While loading 'C:/Users/sethg/Desktop/Backups/MergeFile/W21_GAM1528_NoNameYet/TowerDefence/Content/StarterContent/Materials/M_Brick_Clay_Beveled.uasset' failed to load '/Game/StarterContent/Textures/T_Brick_Clay_Beveled_M': Can't find file.
[2021.04.13-17.28.36:548][  0]LogLinker: Warning: While loading 'C:/Users/sethg/Desktop/Backups/MergeFile/W21_GAM1528_NoNameYet/TowerDefence/Content/StarterContent/Materials/M_Brick_Clay_Beveled.uasset' failed to load '/Game/StarterContent/Textures/T_Brick_Clay_Beveled_N': Can't find file.
[2021.04.13-17.28.36:548][  0]LogLinker: Warning: While loading 'C:/Users/sethg/Desktop/Backups/MergeFile/W21_GAM1528_NoNameYet/TowerDefence/Content/StarterContent/Materials/M_Brick_Clay_Beveled.uasset' failed to load '/Game/StarterContent/Textures/T_Brick_Clay_Beveled_N': Can't find file.
[2021.04.13-17.28.36:559][  0]LogLinker: Warning: While loading 'C:/Users/sethg/Desktop/Backups/MergeFile/W21_GAM1528_NoNameYet/TowerDefence/Content/StarterContent/Materials/M_Brick_Clay_Beveled.uasset' failed to load '/Game/StarterContent/Textures/T_Brick_Clay_Beveled_N': Can't find file.
[2021.04.13-17.28.36:559][  0]LoadErrors: Failed to load /Game/StarterContent/Textures/T_Brick_Clay_Beveled_N.T_Brick_Clay_Beveled_N Referenced by MaterialExpressionTextureSample_1
[2021.04.13-17.28.36:560][  0]LogLinker: Warning: While loading 'C:/Users/sethg/Desktop/Backups/MergeFile/W21_GAM1528_NoNameYet/TowerDefence/Content/StarterContent/Materials/M_Brick_Clay_Beveled.uasset' failed to load '/Game/StarterContent/Textures/T_Brick_Clay_Beveled_N': Can't find file.
[2021.04.13-17.28.36:560][  0]LoadErrors: Failed to load /Game/StarterContent/Textures/T_Brick_Clay_Beveled_N.T_Brick_Clay_Beveled_N Referenced by MaterialExpressionTextureSample_1
[2021.04.13-17.28.36:560][  0]LogLinker: Warning: While loading 'C:/Users/sethg/Desktop/Backups/MergeFile/W21_GAM1528_NoNameYet/TowerDefence/Content/StarterContent/Materials/M_Brick_Clay_Beveled.uasset' failed to load '/Game/StarterContent/Textures/T_Brick_Clay_Beveled_M': Can't find file.
[2021.04.13-17.28.36:561][  0]LoadErrors: Failed to load /Game/StarterContent/Textures/T_Brick_Clay_Beveled_M.T_Brick_Clay_Beveled_M Referenced by MaterialExpressionTextureSample_2
[2021.04.13-17.28.36:561][  0]LogLinker: Warning: While loading 'C:/Users/sethg/Desktop/Backups/MergeFile/W21_GAM1528_NoNameYet/TowerDefence/Content/StarterContent/Materials/M_Brick_Clay_Beveled.uasset' failed to load '/Game/StarterContent/Textures/T_Brick_Clay_Beveled_M': Can't find file.
[2021.04.13-17.28.36:561][  0]LoadErrors: Failed to load /Game/StarterContent/Textures/T_Brick_Clay_Beveled_M.T_Brick_Clay_Beveled_M Referenced by MaterialExpressionTextureSample_2
[2021.04.13-17.28.36:562][  0]LogLinker: Warning: While loading 'C:/Users/sethg/Desktop/Backups/MergeFile/W21_GAM1528_NoNameYet/TowerDefence/Content/StarterContent/Materials/M_Brick_Clay_Beveled.uasset' failed to load '/Game/StarterContent/Textures/T_Brick_Clay_Beveled_D': Can't find file.
[2021.04.13-17.28.36:562][  0]LoadErrors: Failed to load /Game/StarterContent/Textures/T_Brick_Clay_Beveled_D.T_Brick_Clay_Beveled_D Referenced by MaterialExpressionTextureSample_4
[2021.04.13-17.28.36:562][  0]LogLinker: Warning: While loading 'C:/Users/sethg/Desktop/Backups/MergeFile/W21_GAM1528_NoNameYet/TowerDefence/Content/StarterContent/Materials/M_Brick_Clay_Beveled.uasset' failed to load '/Game/StarterContent/Textures/T_Brick_Clay_Beveled_D': Can't find file.
[2021.04.13-17.28.36:563][  0]LoadErrors: Failed to load /Game/StarterContent/Textures/T_Brick_Clay_Beveled_D.T_Brick_Clay_Beveled_D Referenced by MaterialExpressionTextureSample_4
[2021.04.13-17.28.36:563][  0]LogLinker: Warning: While loading 'C:/Users/sethg/Desktop/Backups/MergeFile/W21_GAM1528_NoNameYet/TowerDefence/Content/StarterContent/Materials/M_Brick_Clay_Beveled.uasset' failed to load '/Game/StarterContent/Textures/T_Brick_Clay_Beveled_D': Can't find file.
[2021.04.13-17.28.36:563][  0]LoadErrors: Failed to load /Game/StarterContent/Textures/T_Brick_Clay_Beveled_D.T_Brick_Clay_Beveled_D Referenced by MaterialExpressionTextureSample_5
[2021.04.13-17.28.36:564][  0]LogLinker: Warning: While loading 'C:/Users/sethg/Desktop/Backups/MergeFile/W21_GAM1528_NoNameYet/TowerDefence/Content/StarterContent/Materials/M_Brick_Clay_Beveled.uasset' failed to load '/Game/StarterContent/Textures/T_Brick_Clay_Beveled_D': Can't find file.
[2021.04.13-17.28.36:564][  0]LoadErrors: Failed to load /Game/StarterContent/Textures/T_Brick_Clay_Beveled_D.T_Brick_Clay_Beveled_D Referenced by MaterialExpressionTextureSample_5
[2021.04.13-17.28.36:568][  0]LogLinker: Warning: While loading 'C:/Users/sethg/Desktop/Backups/MergeFile/W21_GAM1528_NoNameYet/TowerDefence/Content/Assets/Models/Troop_melee/troop_melee.uasset' failed to load '/Game/Assets/Models/Troop_melee/wire_087225087_002': Can't find file.
[2021.04.13-17.28.36:568][  0]LoadErrors: Failed to load /Game/Assets/Models/Troop_melee/wire_087225087_002.wire_087225087_002 Referenced by troop_melee
[2021.04.13-17.28.36:569][  0]LogLinker: Warning: While loading 'C:/Users/sethg/Desktop/Backups/MergeFile/W21_GAM1528_NoNameYet/TowerDefence/Content/Assets/Models/Troop_melee/troop_melee.uasset' failed to load '/Game/Assets/Models/Troop_melee/wire_087225087_002': Can't find file.
[2021.04.13-17.28.36:569][  0]LoadErrors: Failed to load /Game/Assets/Models/Troop_melee/wire_087225087_002.wire_087225087_002 Referenced by troop_melee
[2021.04.13-17.28.36:569][  0]LogLinker: Warning: While loading 'C:/Users/sethg/Desktop/Backups/MergeFile/W21_GAM1528_NoNameYet/TowerDefence/Content/Assets/Models/Troop_melee/troop_melee.uasset' failed to load '/Game/Assets/Models/Troop_melee/wire_177028149_002': Can't find file.
[2021.04.13-17.28.36:569][  0]LoadErrors: Failed to load /Game/Assets/Models/Troop_melee/wire_177028149_002.wire_177028149_002 Referenced by troop_melee
[2021.04.13-17.28.36:570][  0]LogLinker: Warning: While loading 'C:/Users/sethg/Desktop/Backups/MergeFile/W21_GAM1528_NoNameYet/TowerDefence/Content/Assets/Models/Troop_melee/troop_melee.uasset' failed to load '/Game/Assets/Models/Troop_melee/wire_177028149_002': Can't find file.
[2021.04.13-17.28.36:570][  0]LoadErrors: Failed to load /Game/Assets/Models/Troop_melee/wire_177028149_002.wire_177028149_002 Referenced by troop_melee
[2021.04.13-17.28.36:570][  0]LogLinker: Warning: While loading 'C:/Users/sethg/Desktop/Backups/MergeFile/W21_GAM1528_NoNameYet/TowerDefence/Content/Assets/Models/Troop_melee/troop_melee.uasset' failed to load '/Game/Assets/Models/Troop_melee/Material_001': Can't find file.
[2021.04.13-17.28.36:571][  0]LoadErrors: Failed to load /Game/Assets/Models/Troop_melee/Material_001.Material_001 Referenced by troop_melee
[2021.04.13-17.28.36:571][  0]LogLinker: Warning: While loading 'C:/Users/sethg/Desktop/Backups/MergeFile/W21_GAM1528_NoNameYet/TowerDefence/Content/Assets/Models/Troop_melee/troop_melee.uasset' failed to load '/Game/Assets/Models/Troop_melee/Material_001': Can't find file.
[2021.04.13-17.28.36:571][  0]LoadErrors: Failed to load /Game/Assets/Models/Troop_melee/Material_001.Material_001 Referenced by troop_melee
[2021.04.13-17.28.36:602][  0]LogMaterial: Display: Missing cached shader map for material M_Brick_Clay_Beveled, compiling. 
[2021.04.13-17.28.36:604][  0]LogMaterial: Warning: C:\Users\sethg\Desktop\Backups\MergeFile\W21_GAM1528_NoNameYet\TowerDefence\Content\StarterContent\Materials\M_Brick_Clay_Beveled.uasset: Failed to compile Material for platform PCD3D_SM5, Default Material will be used in game.
[2021.04.13-17.28.36:604][  0]LogMaterial: Display: 	(Node TextureSample) Texture Sample> Missing input texture
[2021.04.13-17.28.36:625][  0]LogAIModule: Creating AISystem for world Test
[2021.04.13-17.28.36:625][  0]LogAISub: UAISubsystem::UAISubsystem EnvQueryManager (0000024655797E00), frame # 0
[2021.04.13-17.28.36:625][  0]LogAISub: UAISubsystem::UAISubsystem AIPerceptionSystem (0000024655830B80), frame # 0
[2021.04.13-17.28.36:634][  0]LogEditorServer: Finished looking for orphan Actors (0.000 secs)
[2021.04.13-17.28.36:652][  0]LogUObjectHash: Compacting FUObjectHashTables data took   1.29ms
[2021.04.13-17.28.36:652][  0]Cmd: MAP CHECKDEP NOCLEARLOG
[2021.04.13-17.28.36:653][  0]MapCheck: Map check complete: 0 Error(s), 0 Warning(s), took 0.219ms to complete.
[2021.04.13-17.28.36:653][  0]LogFileHelpers: Loading map 'Test' took 0.282
[2021.04.13-17.28.36:658][  0]LogUnrealEdMisc: Total Editor Startup Time, took 10.470
[2021.04.13-17.28.36:798][  0]LogSlate: Updating window title bar state: overlay mode, drag disabled, window buttons hidden, title bar hidden
[2021.04.13-17.28.36:806][  0]LogSlate: Updating window title bar state: overlay mode, drag disabled, window buttons hidden, title bar hidden
[2021.04.13-17.28.36:811][  0]LogSlate: Updating window title bar state: overlay mode, drag disabled, window buttons hidden, title bar hidden
[2021.04.13-17.28.36:819][  0]LogSlate: Updating window title bar state: overlay mode, drag disabled, window buttons hidden, title bar hidden
[2021.04.13-17.28.36:832][  0]LogCollectionManager: Loaded 0 collections in 0.001694 seconds
[2021.04.13-17.28.36:859][  0]LogFileCache: Scanning file cache for directory 'C:/Users/sethg/Desktop/Backups/MergeFile/W21_GAM1528_NoNameYet/TowerDefence/Saved/Collections/' took 0.00s
[2021.04.13-17.28.36:859][  0]LogFileCache: Scanning file cache for directory 'C:/Users/sethg/Desktop/Backups/MergeFile/W21_GAM1528_NoNameYet/TowerDefence/Content/Developers/sethg/Collections/' took 0.00s
[2021.04.13-17.28.36:860][  0]LogFileCache: Scanning file cache for directory 'C:/Users/sethg/Desktop/Backups/MergeFile/W21_GAM1528_NoNameYet/TowerDefence/Content/Collections/' took 0.00s
[2021.04.13-17.28.36:860][  0]LogContentBrowser: Native class hierarchy populated in 0.0111 seconds. Added 3449 classes and 824 folders.
[2021.04.13-17.28.36:866][  0]LogContentBrowser: Native class hierarchy updated for 'WidgetCarousel' in 0.0007 seconds. Added 0 classes and 0 folders.
[2021.04.13-17.28.36:959][  0]LogContentBrowser: Native class hierarchy updated for 'AddContentDialog' in 0.0006 seconds. Added 0 classes and 0 folders.
[2021.04.13-17.28.36:961][  0]LogContentBrowser: Native class hierarchy updated for 'SceneOutliner' in 0.0008 seconds. Added 2 classes and 0 folders.
[2021.04.13-17.28.37:078][  0]LogSlate: Took 0.000395 seconds to synchronously load lazily loaded font '../../../Engine/Content/Slate/Fonts/Roboto-Regular.ttf' (155K)
[2021.04.13-17.28.37:082][  0]LogSlate: Took 0.000599 seconds to synchronously load lazily loaded font '../../../Engine/Content/Slate/Fonts/Roboto-Bold.ttf' (160K)
[2021.04.13-17.28.37:090][  0]LogSlate: Took 0.000324 seconds to synchronously load lazily loaded font '../../../Engine/Content/Editor/Slate/Fonts/FontAwesome.ttf' (139K)
[2021.04.13-17.28.37:201][  0]LogRenderer: Reallocating scene render targets to support 1088x536 Format 10 NumSamples 1 (Frame:1).
[2021.04.13-17.28.37:414][  0]LogContentBrowser: Native class hierarchy updated for 'HierarchicalLODOutliner' in 0.0004 seconds. Added 0 classes and 0 folders.
[2021.04.13-17.28.37:414][  0]LogLoad: (Engine Initialization) Total time: 11.23 seconds
[2021.04.13-17.28.37:414][  0]LogLoad: (Engine Initialization) Total Blueprint compile time: 0.00 seconds
[2021.04.13-17.28.37:463][  0]LogAssetRegistry: Asset discovery search completed in 4.9904 seconds
[2021.04.13-17.28.37:467][  0]LogCollectionManager: Fixed up redirectors for 0 collections in 0.000002 seconds (updated 0 objects)
[2021.04.13-17.28.37:468][  0]LogContentStreaming: Texture pool size now 1000 MB
[2021.04.13-17.28.37:585][  0]LogRenderer: Reallocating scene render targets to support 1088x552 Format 10 NumSamples 1 (Frame:3).
[2021.04.13-17.28.37:586][  0]LogSlate: Took 0.000469 seconds to synchronously load lazily loaded font '../../../Engine/Content/Slate/Fonts/Roboto-Light.ttf' (167K)
[2021.04.13-17.28.37:596][  0]LogSlate: Took 0.000549 seconds to synchronously load lazily loaded font '../../../Engine/Content/Slate/Fonts/DroidSansMono.ttf' (77K)
[2021.04.13-17.28.37:610][  1]LogFileCache: Retrieving MD5 hashes for directory 'C:/Users/sethg/Desktop/Backups/MergeFile/W21_GAM1528_NoNameYet/TowerDefence/Content/' took 0.18s
[2021.04.13-17.28.38:832][ 64]LogSlate: Window 'Message Log' being destroyed
[2021.04.13-17.28.38:840][ 64]LogSlate: Window 'Message Log' being destroyed
[2021.04.13-17.28.47:941][608]LogTemp: Repeating last play command: Selected Viewport
[2021.04.13-17.28.47:948][608]LogPlayLevel: PlayLevel: No blueprints needed recompiling
[2021.04.13-17.28.47:948][608]PIE: New page: PIE session: Test (Apr. 13, 2021, 9:28:47 a.m.)
[2021.04.13-17.28.47:951][608]LogOnline: OSS: Creating online subsystem instance for: NULL
[2021.04.13-17.28.47:954][608]LogOnline: OSS: TryLoadSubsystemAndSetDefault: Loaded subsystem for module [NULL]
[2021.04.13-17.28.47:954][608]LogPlayLevel: Creating play world package: /Game/Maps/UEDPIE_0_Test
[2021.04.13-17.28.47:958][608]LogPlayLevel: PIE: StaticDuplicateObject took: (0.003714s)
[2021.04.13-17.28.47:959][608]LogAIModule: Creating AISystem for world Test
[2021.04.13-17.28.47:960][608]LogAISub: UAISubsystem::UAISubsystem EnvQueryManager (000002467F9BBE00), frame # 608
[2021.04.13-17.28.47:960][608]LogAISub: UAISubsystem::UAISubsystem AIPerceptionSystem (00000246557707C0), frame # 608
[2021.04.13-17.28.47:961][608]LogPlayLevel: PIE: World Init took: (0.002708s)
[2021.04.13-17.28.47:961][608]LogPlayLevel: PIE: Created PIE world by copying editor world from /Game/Maps/Test.Test to /Game/Maps/UEDPIE_0_Test.Test (0.007048s)
[2021.04.13-17.28.47:973][608]LogUObjectHash: Compacting FUObjectHashTables data took   0.64ms
[2021.04.13-17.28.47:975][608]LogAudioMixer: Display: Audio Mixer Platform Settings:
[2021.04.13-17.28.47:975][608]LogAudioMixer: Display: 	Sample Rate:						  48000
[2021.04.13-17.28.47:975][608]LogAudioMixer: Display: 	Callback Buffer Frame Size Requested: 1024
[2021.04.13-17.28.47:975][608]LogAudioMixer: Display: 	Callback Buffer Frame Size To Use:	  1024
[2021.04.13-17.28.47:976][608]LogAudioMixer: Display: 	Number of buffers to queue:			  2
[2021.04.13-17.28.47:976][608]LogAudioMixer: Display: 	Max Channels (voices):				  32
[2021.04.13-17.28.47:976][608]LogAudioMixer: Display: 	Number of Async Source Workers:		  0
[2021.04.13-17.28.47:976][608]LogAudio: Display: AudioDevice MaxSources: 32
[2021.04.13-17.28.47:977][608]LogAudio: Display: Using built-in audio occlusion.
[2021.04.13-17.28.47:977][608]LogAudioMixer: Display: Initializing audio mixer.
[2021.04.13-17.28.47:980][608]LogAudioMixer: Display: 0: FrontLeft
[2021.04.13-17.28.47:981][608]LogAudioMixer: Display: 1: FrontRight
[2021.04.13-17.28.48:055][608]LogAudioMixer: Display: Using Audio Device Speakers (Realtek(R) Audio)
[2021.04.13-17.28.48:055][608]LogAudioMixer: Display: Initializing Sound Submixes...
[2021.04.13-17.28.48:056][608]LogAudioMixer: Display: Creating Master Submix 'MasterSubmixDefault'
[2021.04.13-17.28.48:056][608]LogAudioMixer: Display: Creating Master Submix 'MasterReverbSubmixDefault'
[2021.04.13-17.28.48:056][608]LogAudioMixer: Display: Creating Master Submix 'MasterEQSubmixDefault'
[2021.04.13-17.28.48:074][608]LogInit: FAudioDevice initialized.
[2021.04.13-17.28.48:086][608]LogLoad: Game class is 'BP_GameMode_C'
[2021.04.13-17.28.48:088][608]LogWorld: Bringing World /Game/Maps/UEDPIE_0_Test.Test up for play (max tick rate 60) at 2021.04.13-13.28.48
[2021.04.13-17.28.48:089][608]LogWorld: Bringing up level for play took: 0.001705
[2021.04.13-17.28.48:089][608]LogOnline: OSS: Creating online subsystem instance for: :Context_1
[2021.04.13-17.28.48:096][608]LogContentBrowser: Native class hierarchy updated for 'MovieSceneCapture' in 0.0006 seconds. Added 20 classes and 0 folders.
[2021.04.13-17.28.48:099][608]PIE: Server logged in
[2021.04.13-17.28.48:101][608]PIE: Play in editor total start time 0.157 seconds.
[2021.04.13-17.28.54:414][981]LogSlate: Updating window title bar state: overlay mode, drag disabled, window buttons hidden, title bar hidden
[2021.04.13-17.28.54:414][981]LogWorld: BeginTearingDown for /Game/Maps/UEDPIE_0_Test
[2021.04.13-17.28.54:414][981]LogWorld: UWorld::CleanupWorld for Test, bSessionEnded=true, bCleanupResources=true
[2021.04.13-17.28.54:415][981]LogSlate: InvalidateAllWidgets triggered.  All widgets were invalidated
[2021.04.13-17.28.54:428][981]LogPlayLevel: Display: Shutting down PIE online subsystems
[2021.04.13-17.28.54:429][981]LogSlate: InvalidateAllWidgets triggered.  All widgets were invalidated
[2021.04.13-17.28.54:498][981]LogSlate: Updating window title bar state: overlay mode, drag disabled, window buttons hidden, title bar hidden
[2021.04.13-17.28.54:499][981]LogAISub: UAISubsystem::~UAISubsystem AIPerceptionSystem (00000246557707C0), frame # 981
[2021.04.13-17.28.54:500][981]LogAISub: UAISubsystem::~UAISubsystem EnvQueryManager (000002467F9BBE00), frame # 981
[2021.04.13-17.28.54:500][981]LogUObjectHash: Compacting FUObjectHashTables data took   0.62ms
[2021.04.13-17.28.54:522][982]LogPlayLevel: Display: Destroying online subsystem :Context_1
[2021.04.13-17.29.08:957][802]LogTemp: Repeating last play command: Selected Viewport
[2021.04.13-17.29.08:967][802]LogPlayLevel: PlayLevel: No blueprints needed recompiling
[2021.04.13-17.29.08:967][802]PIE: New page: PIE session: Test (Apr. 13, 2021, 9:29:08 a.m.)
[2021.04.13-17.29.08:967][802]LogPlayLevel: Creating play world package: /Game/Maps/UEDPIE_0_Test
[2021.04.13-17.29.08:970][802]LogPlayLevel: PIE: StaticDuplicateObject took: (0.003025s)
[2021.04.13-17.29.08:971][802]LogAIModule: Creating AISystem for world Test
[2021.04.13-17.29.08:972][802]LogAISub: UAISubsystem::UAISubsystem EnvQueryManager (0000024607D09E00), frame # 1802
[2021.04.13-17.29.08:972][802]LogAISub: UAISubsystem::UAISubsystem AIPerceptionSystem (000002465529C2C0), frame # 1802
[2021.04.13-17.29.08:972][802]LogPlayLevel: PIE: World Init took: (0.001787s)
[2021.04.13-17.29.08:972][802]LogPlayLevel: PIE: Created PIE world by copying editor world from /Game/Maps/Test.Test to /Game/Maps/UEDPIE_0_Test.Test (0.005276s)
[2021.04.13-17.29.08:983][802]LogUObjectHash: Compacting FUObjectHashTables data took   0.67ms
[2021.04.13-17.29.08:985][802]LogAudioMixer: Display: Audio Mixer Platform Settings:
[2021.04.13-17.29.08:985][802]LogAudioMixer: Display: 	Sample Rate:						  48000
[2021.04.13-17.29.08:985][802]LogAudioMixer: Display: 	Callback Buffer Frame Size Requested: 1024
[2021.04.13-17.29.08:985][802]LogAudioMixer: Display: 	Callback Buffer Frame Size To Use:	  1024
[2021.04.13-17.29.08:985][802]LogAudioMixer: Display: 	Number of buffers to queue:			  2
[2021.04.13-17.29.08:986][802]LogAudioMixer: Display: 	Max Channels (voices):				  32
[2021.04.13-17.29.08:986][802]LogAudioMixer: Display: 	Number of Async Source Workers:		  0
[2021.04.13-17.29.08:986][802]LogAudio: Display: AudioDevice MaxSources: 32
[2021.04.13-17.29.08:986][802]LogAudio: Display: Using built-in audio occlusion.
[2021.04.13-17.29.08:986][802]LogAudioMixer: Display: Initializing audio mixer.
[2021.04.13-17.29.08:990][802]LogAudioMixer: Display: 0: FrontLeft
[2021.04.13-17.29.08:991][802]LogAudioMixer: Display: 1: FrontRight
[2021.04.13-17.29.09:058][802]LogAudioMixer: Display: Using Audio Device Speakers (Realtek(R) Audio)
[2021.04.13-17.29.09:058][802]LogAudioMixer: Display: Initializing Sound Submixes...
[2021.04.13-17.29.09:058][802]LogAudioMixer: Display: Creating Master Submix 'MasterSubmixDefault'
[2021.04.13-17.29.09:058][802]LogAudioMixer: Display: Creating Master Submix 'MasterReverbSubmixDefault'
[2021.04.13-17.29.09:059][802]LogAudioMixer: Display: Creating Master Submix 'MasterEQSubmixDefault'
[2021.04.13-17.29.09:079][802]LogInit: FAudioDevice initialized.
[2021.04.13-17.29.09:102][802]LogLoad: Game class is 'BP_GameMode_C'
[2021.04.13-17.29.09:104][802]LogWorld: Bringing World /Game/Maps/UEDPIE_0_Test.Test up for play (max tick rate 60) at 2021.04.13-13.29.09
[2021.04.13-17.29.09:104][802]LogWorld: Bringing up level for play took: 0.001048
[2021.04.13-17.29.09:105][802]LogOnline: OSS: Creating online subsystem instance for: :Context_3
[2021.04.13-17.29.09:109][802]PIE: Server logged in
[2021.04.13-17.29.09:110][802]PIE: Play in editor total start time 0.148 seconds.
