Log file open, 04/13/21 13:36:19
LogInit: Display: Running engine for game: TowerDefence
LogPlatformFile: Not using cached read wrapper
LogTaskGraph: Started task graph with 5 named threads and 35 total threads with 3 sets of task threads.
LogStats: Stats thread started at 0.392126
LogD3D11RHI: Loaded GFSDK_Aftermath_Lib.x64.dll
LogICUInternationalization: ICU TimeZone Detection - Raw Offset: -5:00, Platform Override: ''
LogPluginManager: Mounting plugin Paper2D
LogPluginManager: Mounting plugin AISupport
LogPluginManager: Mounting plugin LightPropagationVolume
LogPluginManager: Mounting plugin CameraShakePreviewer
LogPluginManager: Mounting plugin ActorLayerUtilities
LogPluginManager: Mounting plugin AnimationSharing
LogPluginManager: Mounting plugin CLionSourceCodeAccess
LogPluginManager: Mounting plugin CodeLiteSourceCodeAccess
LogPluginManager: Mounting plugin GitSourceControl
LogPluginManager: Mounting plugin KDevelopSourceCodeAccess
LogPluginManager: Mounting plugin NullSourceCodeAccess
LogPluginManager: Mounting plugin PerforceSourceControl
LogPluginManager: Mounting plugin PlasticSourceControl
LogPluginManager: Mounting plugin RiderSourceCodeAccess
LogPluginManager: Mounting plugin SubversionSourceControl
LogPluginManager: Mounting plugin UObjectPlugin
LogPluginManager: Mounting plugin VisualStudioCodeSourceCodeAccess
LogPluginManager: Mounting plugin VisualStudioSourceCodeAccess
LogPluginManager: Mounting plugin XCodeSourceCodeAccess
LogPluginManager: Mounting plugin AssetManagerEditor
LogPluginManager: Mounting plugin CryptoKeys
LogPluginManager: Mounting plugin CurveEditorTools
LogPluginManager: Mounting plugin DataValidation
LogPluginManager: Mounting plugin EditorScriptingUtilities
LogPluginManager: Mounting plugin FacialAnimation
LogPluginManager: Mounting plugin GameplayTagsEditor
LogPluginManager: Mounting plugin GeometryMode
LogPluginManager: Mounting plugin MacGraphicsSwitching
LogPluginManager: Mounting plugin MaterialAnalyzer
LogPluginManager: Mounting plugin MobileLauncherProfileWizard
LogPluginManager: Mounting plugin PluginBrowser
LogPluginManager: Mounting plugin SpeedTreeImporter
LogPluginManager: Mounting plugin DatasmithContent
LogPluginManager: Mounting plugin VariantManagerContent
LogPluginManager: Mounting plugin AlembicImporter
LogPluginManager: Mounting plugin AutomationUtils
LogPluginManager: Mounting plugin BackChannel
LogPluginManager: Mounting plugin ChaosCloth
LogPluginManager: Mounting plugin ChaosClothEditor
LogPluginManager: Mounting plugin ChaosEditor
LogPluginManager: Mounting plugin ChaosNiagara
LogPluginManager: Mounting plugin ChaosSolverPlugin
LogPluginManager: Mounting plugin CharacterAI
LogPluginManager: Mounting plugin GeometryCache
LogPluginManager: Mounting plugin GeometryCollectionPlugin
LogPluginManager: Mounting plugin GeometryProcessing
LogPluginManager: Mounting plugin PlanarCut
LogPluginManager: Mounting plugin PlatformCrypto
LogPluginManager: Mounting plugin ProxyLODPlugin
LogPluginManager: Mounting plugin SkeletalReduction
LogPluginManager: Mounting plugin Niagara
LogPluginManager: Mounting plugin MagicLeap
LogPluginManager: Mounting plugin MagicLeapLightEstimation
LogPluginManager: Mounting plugin MagicLeapMedia
LogPluginManager: Mounting plugin MagicLeapPassableWorld
LogPluginManager: Mounting plugin MLSDK
LogPluginManager: Mounting plugin AndroidMedia
LogPluginManager: Mounting plugin AvfMedia
LogPluginManager: Mounting plugin ImgMedia
LogPluginManager: Mounting plugin MediaCompositing
LogPluginManager: Mounting plugin MediaPlayerEditor
LogPluginManager: Mounting plugin WebMMedia
LogPluginManager: Mounting plugin WmfMedia
LogPluginManager: Mounting plugin MeshPainting
LogPluginManager: Mounting plugin TcpMessaging
LogPluginManager: Mounting plugin UdpMessaging
LogPluginManager: Mounting plugin ActorSequence
LogPluginManager: Mounting plugin LevelSequenceEditor
LogPluginManager: Mounting plugin MatineeToLevelSequence
LogPluginManager: Mounting plugin MovieRenderPipeline
LogPluginManager: Mounting plugin TemplateSequence
LogPluginManager: Mounting plugin NetcodeUnitTest
LogPluginManager: Mounting plugin NUTUnrealEngine4
LogPluginManager: Mounting plugin OnlineSubsystemGooglePlay
LogPluginManager: Mounting plugin OnlineSubsystemIOS
LogPluginManager: Mounting plugin OnlineSubsystem
LogPluginManager: Mounting plugin OnlineSubsystemNull
LogPluginManager: Mounting plugin OnlineSubsystemUtils
LogPluginManager: Mounting plugin LauncherChunkInstaller
LogPluginManager: Mounting plugin AndroidDeviceProfileSelector
LogPluginManager: Mounting plugin AndroidMoviePlayer
LogPluginManager: Mounting plugin AndroidPermission
LogPluginManager: Mounting plugin AppleImageUtils
LogPluginManager: Mounting plugin AppleMoviePlayer
LogPluginManager: Mounting plugin ArchVisCharacter
LogPluginManager: Mounting plugin AssetTags
LogPluginManager: Mounting plugin AudioCapture
LogPluginManager: Mounting plugin CableComponent
LogPluginManager: Mounting plugin CustomMeshComponent
LogPluginManager: Mounting plugin EditableMesh
LogPluginManager: Mounting plugin ExampleDeviceProfileSelector
LogPluginManager: Mounting plugin GoogleCloudMessaging
LogPluginManager: Mounting plugin GooglePAD
LogPluginManager: Mounting plugin IOSDeviceProfileSelector
LogPluginManager: Mounting plugin LinuxDeviceProfileSelector
LogPluginManager: Mounting plugin LocationServicesBPLibrary
LogPluginManager: Mounting plugin MobilePatchingUtils
LogPluginManager: Mounting plugin OculusVR
LogPluginManager: Mounting plugin PhysXVehicles
LogPluginManager: Mounting plugin PostSplashScreen
LogPluginManager: Mounting plugin ProceduralMeshComponent
LogPluginManager: Mounting plugin RuntimePhysXCooking
LogPluginManager: Mounting plugin SignificanceManager
LogPluginManager: Mounting plugin SoundFields
LogPluginManager: Mounting plugin SteamVR
LogPluginManager: Mounting plugin Synthesis
LogPluginManager: Mounting plugin WebMMoviePlayer
LogPluginManager: Mounting plugin WindowsMoviePlayer
LogPluginManager: Mounting plugin ScreenshotTools
LogInit: Using libcurl 7.55.1-DEV
LogInit:  - built for x86_64-pc-win32
LogInit:  - supports SSL with OpenSSL/1.1.1
LogInit:  - supports HTTP deflate (compression) using libz 1.2.8
LogInit:  - other features:
LogInit:      CURL_VERSION_SSL
LogInit:      CURL_VERSION_LIBZ
LogInit:      CURL_VERSION_IPV6
LogInit:      CURL_VERSION_ASYNCHDNS
LogInit:      CURL_VERSION_LARGEFILE
LogInit:      CURL_VERSION_IDN
LogInit:  CurlRequestOptions (configurable via config and command line):
LogInit:  - bVerifyPeer = true  - Libcurl will verify peer certificate
LogInit:  - bUseHttpProxy = false  - Libcurl will NOT use HTTP proxy
LogInit:  - bDontReuseConnections = false  - Libcurl will reuse connections
LogInit:  - MaxHostConnections = 16  - Libcurl will limit the number of connections to a host
LogInit:  - LocalHostAddr = Default
LogInit:  - BufferSize = 65536
LogOnline: OSS: Creating online subsystem instance for: NULL
LogInit: WinSock: version 1.1 (2.2), MaxSocks=32767, MaxUdp=65467
LogOnline: OSS: TryLoadSubsystemAndSetDefault: Loaded subsystem for module [NULL]
LogInit: Build: ++UE4+Release-4.25-CL-13942748
LogInit: Engine Version: 4.25.3-13942748+++UE4+Release-4.25
LogInit: Compatible Engine Version: 4.25.0-13144385+++UE4+Release-4.25
LogInit: Net CL: 13144385
LogInit: OS: Windows 10 (Release 2009) (), CPU: Intel(R) Core(TM) i7-8750H CPU @ 2.20GHz, GPU: Intel(R) UHD Graphics 630
LogInit: Compiled (64-bit): Jul 25 2020 02:07:48
LogInit: Compiled with Visual C++: 19.24.28315.00
LogInit: Build Configuration: Development
LogInit: Branch Name: ++UE4+Release-4.25
LogInit: Command Line:  -skipcompile
LogInit: Base Directory: D:/Epic Games Files/UE_4.25/Engine/Binaries/Win64/
LogInit: Allocator: TBB
LogInit: Installed Engine Build: 1
LogDevObjectVersion: Number of dev versions registered: 26
LogDevObjectVersion:   Dev-Blueprints (B0D832E4-1F89-4F0D-ACCF-7EB736FD4AA2): 10
LogDevObjectVersion:   Dev-Build (E1C64328-A22C-4D53-A36C-8E866417BD8C): 0
LogDevObjectVersion:   Dev-Core (375EC13C-06E4-48FB-B500-84F0262A717E): 4
LogDevObjectVersion:   Dev-Editor (E4B068ED-F494-42E9-A231-DA0B2E46BB41): 38
LogDevObjectVersion:   Dev-Framework (CFFC743F-43B0-4480-9391-14DF171D2073): 37
LogDevObjectVersion:   Dev-Mobile (B02B49B5-BB20-44E9-A304-32B752E40360): 2
LogDevObjectVersion:   Dev-Networking (A4E4105C-59A1-49B5-A7C5-40C4547EDFEE): 0
LogDevObjectVersion:   Dev-Online (39C831C9-5AE6-47DC-9A44-9C173E1C8E7C): 0
LogDevObjectVersion:   Dev-Physics (78F01B33-EBEA-4F98-B9B4-84EACCB95AA2): 4
LogDevObjectVersion:   Dev-Platform (6631380F-2D4D-43E0-8009-CF276956A95A): 0
LogDevObjectVersion:   Dev-Rendering (12F88B9F-8875-4AFC-A67C-D90C383ABD29): 43
LogDevObjectVersion:   Dev-Sequencer (7B5AE74C-D270-4C10-A958-57980B212A5A): 12
LogDevObjectVersion:   Dev-VR (D7296918-1DD6-4BDD-9DE2-64A83CC13884): 3
LogDevObjectVersion:   Dev-LoadTimes (C2A15278-BFE7-4AFE-6C17-90FF531DF755): 1
LogDevObjectVersion:   Private-Geometry (6EACA3D4-40EC-4CC1-B786-8BED09428FC5): 3
LogDevObjectVersion:   Dev-AnimPhys (29E575DD-E0A3-4627-9D10-D276232CDCEA): 17
LogDevObjectVersion:   Dev-Anim (AF43A65D-7FD3-4947-9873-3E8ED9C1BB05): 7
LogDevObjectVersion:   Dev-ReflectionCapture (6B266CEC-1EC7-4B8F-A30B-E4D90942FC07): 1
LogDevObjectVersion:   Dev-Automation (0DF73D61-A23F-47EA-B727-89E90C41499A): 1
LogDevObjectVersion:   FortniteMain (601D1886-AC64-4F84-AA16-D3DE0DEAC7D6): 31
LogDevObjectVersion:   Dev-Enterprise (9DFFBCD6-494F-0158-E221-12823C92A888): 10
LogDevObjectVersion:   Dev-Niagara (F2AED0AC-9AFE-416F-8664-AA7FFA26D6FC): 1
LogDevObjectVersion:   Dev-Destruction (174F1F0B-B4C6-45A5-B13F-2EE8D0FB917D): 10
LogDevObjectVersion:   Dev-Physics-Ext (35F94A83-E258-406C-A318-09F59610247C): 37
LogDevObjectVersion:   Dev-PhysicsMaterial-Chaos (B68FC16E-8B1B-42E2-B453-215C058844FE): 1
LogDevObjectVersion:   Dev-CineCamera (B2E18506-4273-CFC2-A54E-F4BB758BBA07): 1
LogInit: Presizing for max 25165824 objects, including 0 objects not considered by GC, pre-allocating 0 bytes for permanent pool.
LogConfig: Applying CVar settings from Section [/Script/Engine.StreamingSettings] File [C:/Users/sethg/Desktop/Backups/MergeFile/W21_GAM1528_NoNameYet/TowerDefence/Saved/Config/Windows/Engine.ini]
LogConfig: Setting CVar [[s.MinBulkDataSizeForAsyncLoading:131072]]
LogConfig: Setting CVar [[s.AsyncLoadingThreadEnabled:0]]
LogConfig: Setting CVar [[s.EventDrivenLoaderEnabled:1]]
LogConfig: Setting CVar [[s.WarnIfTimeLimitExceeded:0]]
LogConfig: Setting CVar [[s.TimeLimitExceededMultiplier:1.5]]
LogConfig: Setting CVar [[s.TimeLimitExceededMinTime:0.005]]
LogConfig: Setting CVar [[s.UseBackgroundLevelStreaming:1]]
LogConfig: Setting CVar [[s.PriorityAsyncLoadingExtraTime:15.0]]
LogConfig: Setting CVar [[s.LevelStreamingActorsUpdateTimeLimit:5.0]]
LogConfig: Setting CVar [[s.PriorityLevelStreamingActorsUpdateExtraTime:5.0]]
LogConfig: Setting CVar [[s.LevelStreamingComponentsRegistrationGranularity:10]]
LogConfig: Setting CVar [[s.UnregisterComponentsTimeLimit:1.0]]
LogConfig: Setting CVar [[s.LevelStreamingComponentsUnregistrationGranularity:5]]
LogConfig: Setting CVar [[s.FlushStreamingOnExit:1]]
LogInit: Object subsystem initialized
LogConfig: Setting CVar [[con.DebugEarlyDefault:1]]
LogConfig: Setting CVar [[r.setres:1280x720]]
[2021.04.13-17.36.20:420][  0]LogConfig: Setting CVar [[r.VSync:0]]
[2021.04.13-17.36.20:420][  0]LogConfig: Setting CVar [[r.RHICmdBypass:0]]
[2021.04.13-17.36.20:420][  0]LogConfig: Applying CVar settings from Section [/Script/Engine.RendererSettings] File [C:/Users/sethg/Desktop/Backups/MergeFile/W21_GAM1528_NoNameYet/TowerDefence/Saved/Config/Windows/Engine.ini]
[2021.04.13-17.36.20:420][  0]LogConfig: Setting CVar [[r.GPUCrashDebugging:0]]
[2021.04.13-17.36.20:420][  0]LogConfig: Applying CVar settings from Section [/Script/Engine.RendererOverrideSettings] File [C:/Users/sethg/Desktop/Backups/MergeFile/W21_GAM1528_NoNameYet/TowerDefence/Saved/Config/Windows/Engine.ini]
[2021.04.13-17.36.20:420][  0]LogConfig: Applying CVar settings from Section [/Script/Engine.StreamingSettings] File [C:/Users/sethg/Desktop/Backups/MergeFile/W21_GAM1528_NoNameYet/TowerDefence/Saved/Config/Windows/Engine.ini]
[2021.04.13-17.36.20:420][  0]LogConfig: Setting CVar [[s.MinBulkDataSizeForAsyncLoading:131072]]
[2021.04.13-17.36.20:420][  0]LogConfig: Setting CVar [[s.AsyncLoadingThreadEnabled:0]]
[2021.04.13-17.36.20:420][  0]LogConfig: Setting CVar [[s.EventDrivenLoaderEnabled:1]]
[2021.04.13-17.36.20:420][  0]LogConfig: Setting CVar [[s.WarnIfTimeLimitExceeded:0]]
[2021.04.13-17.36.20:420][  0]LogConfig: Setting CVar [[s.TimeLimitExceededMultiplier:1.5]]
[2021.04.13-17.36.20:421][  0]LogConfig: Setting CVar [[s.TimeLimitExceededMinTime:0.005]]
[2021.04.13-17.36.20:421][  0]LogConfig: Setting CVar [[s.UseBackgroundLevelStreaming:1]]
[2021.04.13-17.36.20:421][  0]LogConfig: Setting CVar [[s.PriorityAsyncLoadingExtraTime:15.0]]
[2021.04.13-17.36.20:421][  0]LogConfig: Setting CVar [[s.LevelStreamingActorsUpdateTimeLimit:5.0]]
[2021.04.13-17.36.20:421][  0]LogConfig: Setting CVar [[s.PriorityLevelStreamingActorsUpdateExtraTime:5.0]]
[2021.04.13-17.36.20:421][  0]LogConfig: Setting CVar [[s.LevelStreamingComponentsRegistrationGranularity:10]]
[2021.04.13-17.36.20:421][  0]LogConfig: Setting CVar [[s.UnregisterComponentsTimeLimit:1.0]]
[2021.04.13-17.36.20:421][  0]LogConfig: Setting CVar [[s.LevelStreamingComponentsUnregistrationGranularity:5]]
[2021.04.13-17.36.20:421][  0]LogConfig: Setting CVar [[s.FlushStreamingOnExit:1]]
[2021.04.13-17.36.20:421][  0]LogConfig: Applying CVar settings from Section [/Script/Engine.GarbageCollectionSettings] File [C:/Users/sethg/Desktop/Backups/MergeFile/W21_GAM1528_NoNameYet/TowerDefence/Saved/Config/Windows/Engine.ini]
[2021.04.13-17.36.20:421][  0]LogConfig: Setting CVar [[gc.MaxObjectsNotConsideredByGC:1]]
[2021.04.13-17.36.20:421][  0]LogConfig: Setting CVar [[gc.SizeOfPermanentObjectPool:0]]
[2021.04.13-17.36.20:421][  0]LogConfig: Setting CVar [[gc.FlushStreamingOnGC:0]]
[2021.04.13-17.36.20:421][  0]LogConfig: Setting CVar [[gc.NumRetriesBeforeForcingGC:10]]
[2021.04.13-17.36.20:421][  0]LogConfig: Setting CVar [[gc.AllowParallelGC:1]]
[2021.04.13-17.36.20:421][  0]LogConfig: Setting CVar [[gc.TimeBetweenPurgingPendingKillObjects:61.1]]
[2021.04.13-17.36.20:421][  0]LogConfig: Setting CVar [[gc.MaxObjectsInEditor:25165824]]
[2021.04.13-17.36.20:422][  0]LogConfig: Setting CVar [[gc.IncrementalBeginDestroyEnabled:1]]
[2021.04.13-17.36.20:422][  0]LogConfig: Setting CVar [[gc.CreateGCClusters:1]]
[2021.04.13-17.36.20:422][  0]LogConfig: Setting CVar [[gc.MinGCClusterSize:5]]
[2021.04.13-17.36.20:422][  0]LogConfig: Setting CVar [[gc.ActorClusteringEnabled:0]]
[2021.04.13-17.36.20:422][  0]LogConfig: Setting CVar [[gc.BlueprintClusteringEnabled:0]]
[2021.04.13-17.36.20:422][  0]LogConfig: Setting CVar [[gc.UseDisregardForGCOnDedicatedServers:0]]
[2021.04.13-17.36.20:422][  0]LogConfig: Applying CVar settings from Section [/Script/Engine.NetworkSettings] File [C:/Users/sethg/Desktop/Backups/MergeFile/W21_GAM1528_NoNameYet/TowerDefence/Saved/Config/Windows/Engine.ini]
[2021.04.13-17.36.20:422][  0]LogConfig: Applying CVar settings from Section [/Script/UnrealEd.CookerSettings] File [C:/Users/sethg/Desktop/Backups/MergeFile/W21_GAM1528_NoNameYet/TowerDefence/Saved/Config/Windows/Engine.ini]
[2021.04.13-17.36.20:430][  0]LogConfig: Applying CVar settings from Section [ViewDistanceQuality@3] File [C:/Users/sethg/Desktop/Backups/MergeFile/W21_GAM1528_NoNameYet/TowerDefence/Saved/Config/Windows/Scalability.ini]
[2021.04.13-17.36.20:430][  0]LogConfig: Setting CVar [[r.SkeletalMeshLODBias:0]]
[2021.04.13-17.36.20:430][  0]LogConfig: Setting CVar [[r.ViewDistanceScale:1.0]]
[2021.04.13-17.36.20:430][  0]LogConfig: Applying CVar settings from Section [AntiAliasingQuality@3] File [C:/Users/sethg/Desktop/Backups/MergeFile/W21_GAM1528_NoNameYet/TowerDefence/Saved/Config/Windows/Scalability.ini]
[2021.04.13-17.36.20:430][  0]LogConfig: Setting CVar [[r.PostProcessAAQuality:4]]
[2021.04.13-17.36.20:430][  0]LogConfig: Applying CVar settings from Section [ShadowQuality@3] File [C:/Users/sethg/Desktop/Backups/MergeFile/W21_GAM1528_NoNameYet/TowerDefence/Saved/Config/Windows/Scalability.ini]
[2021.04.13-17.36.20:430][  0]LogConfig: Setting CVar [[r.LightFunctionQuality:1]]
[2021.04.13-17.36.20:430][  0]LogConfig: Setting CVar [[r.ShadowQuality:5]]
[2021.04.13-17.36.20:430][  0]LogConfig: Setting CVar [[r.Shadow.CSM.MaxCascades:10]]
[2021.04.13-17.36.20:430][  0]LogConfig: Setting CVar [[r.Shadow.MaxResolution:2048]]
[2021.04.13-17.36.20:430][  0]LogConfig: Setting CVar [[r.Shadow.MaxCSMResolution:2048]]
[2021.04.13-17.36.20:430][  0]LogConfig: Setting CVar [[r.Shadow.RadiusThreshold:0.01]]
[2021.04.13-17.36.20:430][  0]LogConfig: Setting CVar [[r.Shadow.DistanceScale:1.0]]
[2021.04.13-17.36.20:430][  0]LogConfig: Setting CVar [[r.Shadow.CSM.TransitionScale:1.0]]
[2021.04.13-17.36.20:430][  0]LogConfig: Setting CVar [[r.Shadow.PreShadowResolutionFactor:1.0]]
[2021.04.13-17.36.20:430][  0]LogConfig: Setting CVar [[r.DistanceFieldShadowing:1]]
[2021.04.13-17.36.20:430][  0]LogConfig: Setting CVar [[r.DistanceFieldAO:1]]
[2021.04.13-17.36.20:430][  0]LogConfig: Setting CVar [[r.AOQuality:2]]
[2021.04.13-17.36.20:431][  0]LogConfig: Setting CVar [[r.VolumetricFog:1]]
[2021.04.13-17.36.20:431][  0]LogConfig: Setting CVar [[r.VolumetricFog.GridPixelSize:8]]
[2021.04.13-17.36.20:431][  0]LogConfig: Setting CVar [[r.VolumetricFog.GridSizeZ:128]]
[2021.04.13-17.36.20:431][  0]LogConfig: Setting CVar [[r.VolumetricFog.HistoryMissSupersampleCount:4]]
[2021.04.13-17.36.20:431][  0]LogConfig: Setting CVar [[r.LightMaxDrawDistanceScale:1]]
[2021.04.13-17.36.20:431][  0]LogConfig: Setting CVar [[r.CapsuleShadows:1]]
[2021.04.13-17.36.20:431][  0]LogConfig: Applying CVar settings from Section [PostProcessQuality@3] File [C:/Users/sethg/Desktop/Backups/MergeFile/W21_GAM1528_NoNameYet/TowerDefence/Saved/Config/Windows/Scalability.ini]
[2021.04.13-17.36.20:431][  0]LogConfig: Setting CVar [[r.MotionBlurQuality:4]]
[2021.04.13-17.36.20:431][  0]LogConfig: Setting CVar [[r.AmbientOcclusionMipLevelFactor:0.4]]
[2021.04.13-17.36.20:431][  0]LogConfig: Setting CVar [[r.AmbientOcclusionMaxQuality:100]]
[2021.04.13-17.36.20:431][  0]LogConfig: Setting CVar [[r.AmbientOcclusionLevels:-1]]
[2021.04.13-17.36.20:431][  0]LogConfig: Setting CVar [[r.AmbientOcclusionRadiusScale:1.0]]
[2021.04.13-17.36.20:431][  0]LogConfig: Setting CVar [[r.DepthOfFieldQuality:2]]
[2021.04.13-17.36.20:431][  0]LogConfig: Setting CVar [[r.RenderTargetPoolMin:400]]
[2021.04.13-17.36.20:431][  0]LogConfig: Setting CVar [[r.LensFlareQuality:2]]
[2021.04.13-17.36.20:431][  0]LogConfig: Setting CVar [[r.SceneColorFringeQuality:1]]
[2021.04.13-17.36.20:431][  0]LogConfig: Setting CVar [[r.EyeAdaptationQuality:2]]
[2021.04.13-17.36.20:431][  0]LogConfig: Setting CVar [[r.BloomQuality:5]]
[2021.04.13-17.36.20:431][  0]LogConfig: Setting CVar [[r.FastBlurThreshold:100]]
[2021.04.13-17.36.20:432][  0]LogConfig: Setting CVar [[r.Upscale.Quality:3]]
[2021.04.13-17.36.20:432][  0]LogConfig: Setting CVar [[r.Tonemapper.GrainQuantization:1]]
[2021.04.13-17.36.20:432][  0]LogConfig: Setting CVar [[r.LightShaftQuality:1]]
[2021.04.13-17.36.20:432][  0]LogConfig: Setting CVar [[r.Filter.SizeScale:1]]
[2021.04.13-17.36.20:432][  0]LogConfig: Setting CVar [[r.Tonemapper.Quality:5]]
[2021.04.13-17.36.20:432][  0]LogConfig: Setting CVar [[r.DOF.Gather.AccumulatorQuality:1        ; higher gathering accumulator quality]]
[2021.04.13-17.36.20:432][  0]LogConfig: Setting CVar [[r.DOF.Gather.PostfilterMethod:1          ; Median3x3 postfilering method]]
[2021.04.13-17.36.20:432][  0]LogConfig: Setting CVar [[r.DOF.Gather.EnableBokehSettings:0       ; no bokeh simulation when gathering]]
[2021.04.13-17.36.20:432][  0]LogConfig: Setting CVar [[r.DOF.Gather.RingCount:4                 ; medium number of samples when gathering]]
[2021.04.13-17.36.20:432][  0]LogConfig: Setting CVar [[r.DOF.Scatter.ForegroundCompositing:1    ; additive foreground scattering]]
[2021.04.13-17.36.20:432][  0]LogConfig: Setting CVar [[r.DOF.Scatter.BackgroundCompositing:2    ; additive background scattering]]
[2021.04.13-17.36.20:432][  0]LogConfig: Setting CVar [[r.DOF.Scatter.EnableBokehSettings:1      ; bokeh simulation when scattering]]
[2021.04.13-17.36.20:432][  0]LogConfig: Setting CVar [[r.DOF.Scatter.MaxSpriteRatio:0.1         ; only a maximum of 10% of scattered bokeh]]
[2021.04.13-17.36.20:432][  0]LogConfig: Setting CVar [[r.DOF.Recombine.Quality:1                ; cheap slight out of focus]]
[2021.04.13-17.36.20:432][  0]LogConfig: Setting CVar [[r.DOF.Recombine.EnableBokehSettings:0    ; no bokeh simulation on slight out of focus]]
[2021.04.13-17.36.20:432][  0]LogConfig: Setting CVar [[r.DOF.TemporalAAQuality:1                ; more stable temporal accumulation]]
[2021.04.13-17.36.20:432][  0]LogConfig: Setting CVar [[r.DOF.Kernel.MaxForegroundRadius:0.025]]
[2021.04.13-17.36.20:432][  0]LogConfig: Setting CVar [[r.DOF.Kernel.MaxBackgroundRadius:0.025]]
[2021.04.13-17.36.20:433][  0]LogConfig: Applying CVar settings from Section [TextureQuality@3] File [C:/Users/sethg/Desktop/Backups/MergeFile/W21_GAM1528_NoNameYet/TowerDefence/Saved/Config/Windows/Scalability.ini]
[2021.04.13-17.36.20:433][  0]LogConfig: Setting CVar [[r.Streaming.MipBias:0]]
[2021.04.13-17.36.20:433][  0]LogConfig: Setting CVar [[r.Streaming.AmortizeCPUToGPUCopy:0]]
[2021.04.13-17.36.20:433][  0]LogConfig: Setting CVar [[r.Streaming.MaxNumTexturesToStreamPerFrame:0]]
[2021.04.13-17.36.20:433][  0]LogConfig: Setting CVar [[r.Streaming.Boost:1]]
[2021.04.13-17.36.20:433][  0]LogConfig: Setting CVar [[r.MaxAnisotropy:8]]
[2021.04.13-17.36.20:433][  0]LogConfig: Setting CVar [[r.VT.MaxAnisotropy:8]]
[2021.04.13-17.36.20:433][  0]LogConfig: Setting CVar [[r.Streaming.LimitPoolSizeToVRAM:0]]
[2021.04.13-17.36.20:433][  0]LogConfig: Setting CVar [[r.Streaming.PoolSize:1000]]
[2021.04.13-17.36.20:433][  0]LogConfig: Setting CVar [[r.Streaming.MaxEffectiveScreenSize:0]]
[2021.04.13-17.36.20:433][  0]LogConfig: Applying CVar settings from Section [EffectsQuality@3] File [C:/Users/sethg/Desktop/Backups/MergeFile/W21_GAM1528_NoNameYet/TowerDefence/Saved/Config/Windows/Scalability.ini]
[2021.04.13-17.36.20:433][  0]LogConfig: Setting CVar [[r.TranslucencyLightingVolumeDim:64]]
[2021.04.13-17.36.20:433][  0]LogConfig: Setting CVar [[r.RefractionQuality:2]]
[2021.04.13-17.36.20:433][  0]LogConfig: Setting CVar [[r.SSR.Quality:3]]
[2021.04.13-17.36.20:433][  0]LogConfig: Setting CVar [[r.SSR.HalfResSceneColor:0]]
[2021.04.13-17.36.20:433][  0]LogConfig: Setting CVar [[r.SceneColorFormat:4]]
[2021.04.13-17.36.20:433][  0]LogConfig: Setting CVar [[r.DetailMode:2]]
[2021.04.13-17.36.20:433][  0]LogConfig: Setting CVar [[r.TranslucencyVolumeBlur:1]]
[2021.04.13-17.36.20:434][  0]LogConfig: Setting CVar [[r.MaterialQualityLevel:1 ; High quality]]
[2021.04.13-17.36.20:434][  0]LogConfig: Setting CVar [[r.SSS.Scale:1]]
[2021.04.13-17.36.20:434][  0]LogConfig: Setting CVar [[r.SSS.SampleSet:2]]
[2021.04.13-17.36.20:434][  0]LogConfig: Setting CVar [[r.SSS.Quality:1]]
[2021.04.13-17.36.20:434][  0]LogConfig: Setting CVar [[r.SSS.HalfRes:0]]
[2021.04.13-17.36.20:434][  0]LogConfig: Setting CVar [[r.SSGI.Quality:3]]
[2021.04.13-17.36.20:434][  0]LogConfig: Setting CVar [[r.EmitterSpawnRateScale:1.0]]
[2021.04.13-17.36.20:434][  0]LogConfig: Setting CVar [[r.ParticleLightQuality:2]]
[2021.04.13-17.36.20:434][  0]LogConfig: Setting CVar [[r.SkyAtmosphere.AerialPerspectiveLUT.FastApplyOnOpaque:1 ; Always have FastSkyLUT 1 in this case to avoid wrong sky]]
[2021.04.13-17.36.20:434][  0]LogConfig: Setting CVar [[r.SkyAtmosphere.AerialPerspectiveLUT.SampleCountPerSlice:1]]
[2021.04.13-17.36.20:434][  0]LogConfig: Setting CVar [[r.SkyAtmosphere.AerialPerspectiveLUT.DepthResolution:16.0]]
[2021.04.13-17.36.20:434][  0]LogConfig: Setting CVar [[r.SkyAtmosphere.FastSkyLUT:1]]
[2021.04.13-17.36.20:434][  0]LogConfig: Setting CVar [[r.SkyAtmosphere.FastSkyLUT.SampleCountMin:4.0]]
[2021.04.13-17.36.20:434][  0]LogConfig: Setting CVar [[r.SkyAtmosphere.FastSkyLUT.SampleCountMax:32.0]]
[2021.04.13-17.36.20:434][  0]LogConfig: Setting CVar [[r.SkyAtmosphere.SampleCountMin:4.0]]
[2021.04.13-17.36.20:434][  0]LogConfig: Setting CVar [[r.SkyAtmosphere.SampleCountMax:32.0]]
[2021.04.13-17.36.20:434][  0]LogConfig: Setting CVar [[r.SkyAtmosphere.TransmittanceLUT.UseSmallFormat:0]]
[2021.04.13-17.36.20:434][  0]LogConfig: Setting CVar [[r.SkyAtmosphere.TransmittanceLUT.SampleCount:10.0]]
[2021.04.13-17.36.20:434][  0]LogConfig: Setting CVar [[r.SkyAtmosphere.MultiScatteringLUT.SampleCount:15.0]]
[2021.04.13-17.36.20:434][  0]LogConfig: Applying CVar settings from Section [FoliageQuality@3] File [C:/Users/sethg/Desktop/Backups/MergeFile/W21_GAM1528_NoNameYet/TowerDefence/Saved/Config/Windows/Scalability.ini]
[2021.04.13-17.36.20:435][  0]LogConfig: Setting CVar [[foliage.DensityScale:1.0]]
[2021.04.13-17.36.20:435][  0]LogConfig: Setting CVar [[grass.DensityScale:1.0]]
[2021.04.13-17.36.20:435][  0]LogConfig: Applying CVar settings from Section [ShadingQuality@3] File [C:/Users/sethg/Desktop/Backups/MergeFile/W21_GAM1528_NoNameYet/TowerDefence/Saved/Config/Windows/Scalability.ini]
[2021.04.13-17.36.20:435][  0]LogConfig: Setting CVar [[r.HairStrands.SkyLighting.SampleCount:16]]
[2021.04.13-17.36.20:435][  0]LogConfig: Setting CVar [[r.HairStrands.SkyLighting.JitterIntegration:0]]
[2021.04.13-17.36.20:435][  0]LogConfig: Setting CVar [[r.HairStrands.SkyAO.SampleCount:16]]
[2021.04.13-17.36.20:435][  0]LogConfig: Setting CVar [[r.HairStrands.DeepShadow.SuperSampling:0]]
[2021.04.13-17.36.20:435][  0]LogConfig: Setting CVar [[r.HairStrands.VisibilityPPLL:0]]
[2021.04.13-17.36.20:435][  0]LogConfig: Setting CVar [[r.HairStrands.RasterizationScale:0.5]]
[2021.04.13-17.36.20:435][  0]LogConfig: Setting CVar [[r.HairStrands.VelocityRasterizationScale:1]]
[2021.04.13-17.36.20:435][  0]LogInit: Selected Device Profile: [Windows]
[2021.04.13-17.36.20:435][  0]LogInit: Applying CVar settings loaded from the selected device profile: [Windows]
[2021.04.13-17.36.20:435][  0]LogHAL: Display: Platform has ~ 16 GB [17023397888 / 17179869184 / 16], which maps to Larger [LargestMinGB=32, LargerMinGB=12, DefaultMinGB=8, SmallerMinGB=6, SmallestMinGB=0)
[2021.04.13-17.36.20:435][  0]LogInit: Going up to parent DeviceProfile []
[2021.04.13-17.36.20:435][  0]LogConfig: Applying CVar settings from Section [ViewDistanceQuality@3] File [C:/Users/sethg/Desktop/Backups/MergeFile/W21_GAM1528_NoNameYet/TowerDefence/Saved/Config/Windows/Scalability.ini]
[2021.04.13-17.36.20:435][  0]LogConfig: Setting CVar [[r.SkeletalMeshLODBias:0]]
[2021.04.13-17.36.20:435][  0]LogConfig: Setting CVar [[r.ViewDistanceScale:1.0]]
[2021.04.13-17.36.20:436][  0]LogConfig: Applying CVar settings from Section [AntiAliasingQuality@3] File [C:/Users/sethg/Desktop/Backups/MergeFile/W21_GAM1528_NoNameYet/TowerDefence/Saved/Config/Windows/Scalability.ini]
[2021.04.13-17.36.20:436][  0]LogConfig: Setting CVar [[r.PostProcessAAQuality:4]]
[2021.04.13-17.36.20:436][  0]LogConfig: Applying CVar settings from Section [ShadowQuality@3] File [C:/Users/sethg/Desktop/Backups/MergeFile/W21_GAM1528_NoNameYet/TowerDefence/Saved/Config/Windows/Scalability.ini]
[2021.04.13-17.36.20:436][  0]LogConfig: Setting CVar [[r.LightFunctionQuality:1]]
[2021.04.13-17.36.20:436][  0]LogConfig: Setting CVar [[r.ShadowQuality:5]]
[2021.04.13-17.36.20:436][  0]LogConfig: Setting CVar [[r.Shadow.CSM.MaxCascades:10]]
[2021.04.13-17.36.20:436][  0]LogConfig: Setting CVar [[r.Shadow.MaxResolution:2048]]
[2021.04.13-17.36.20:436][  0]LogConfig: Setting CVar [[r.Shadow.MaxCSMResolution:2048]]
[2021.04.13-17.36.20:436][  0]LogConfig: Setting CVar [[r.Shadow.RadiusThreshold:0.01]]
[2021.04.13-17.36.20:436][  0]LogConfig: Setting CVar [[r.Shadow.DistanceScale:1.0]]
[2021.04.13-17.36.20:436][  0]LogConfig: Setting CVar [[r.Shadow.CSM.TransitionScale:1.0]]
[2021.04.13-17.36.20:436][  0]LogConfig: Setting CVar [[r.Shadow.PreShadowResolutionFactor:1.0]]
[2021.04.13-17.36.20:436][  0]LogConfig: Setting CVar [[r.DistanceFieldShadowing:1]]
[2021.04.13-17.36.20:436][  0]LogConfig: Setting CVar [[r.DistanceFieldAO:1]]
[2021.04.13-17.36.20:436][  0]LogConfig: Setting CVar [[r.AOQuality:2]]
[2021.04.13-17.36.20:436][  0]LogConfig: Setting CVar [[r.VolumetricFog:1]]
[2021.04.13-17.36.20:436][  0]LogConfig: Setting CVar [[r.VolumetricFog.GridPixelSize:8]]
[2021.04.13-17.36.20:436][  0]LogConfig: Setting CVar [[r.VolumetricFog.GridSizeZ:128]]
[2021.04.13-17.36.20:436][  0]LogConfig: Setting CVar [[r.VolumetricFog.HistoryMissSupersampleCount:4]]
[2021.04.13-17.36.20:436][  0]LogConfig: Setting CVar [[r.LightMaxDrawDistanceScale:1]]
[2021.04.13-17.36.20:436][  0]LogConfig: Setting CVar [[r.CapsuleShadows:1]]
[2021.04.13-17.36.20:437][  0]LogConfig: Applying CVar settings from Section [PostProcessQuality@3] File [C:/Users/sethg/Desktop/Backups/MergeFile/W21_GAM1528_NoNameYet/TowerDefence/Saved/Config/Windows/Scalability.ini]
[2021.04.13-17.36.20:437][  0]LogConfig: Setting CVar [[r.MotionBlurQuality:4]]
[2021.04.13-17.36.20:437][  0]LogConfig: Setting CVar [[r.AmbientOcclusionMipLevelFactor:0.4]]
[2021.04.13-17.36.20:437][  0]LogConfig: Setting CVar [[r.AmbientOcclusionMaxQuality:100]]
[2021.04.13-17.36.20:437][  0]LogConfig: Setting CVar [[r.AmbientOcclusionLevels:-1]]
[2021.04.13-17.36.20:437][  0]LogConfig: Setting CVar [[r.AmbientOcclusionRadiusScale:1.0]]
[2021.04.13-17.36.20:437][  0]LogConfig: Setting CVar [[r.DepthOfFieldQuality:2]]
[2021.04.13-17.36.20:437][  0]LogConfig: Setting CVar [[r.RenderTargetPoolMin:400]]
[2021.04.13-17.36.20:437][  0]LogConfig: Setting CVar [[r.LensFlareQuality:2]]
[2021.04.13-17.36.20:437][  0]LogConfig: Setting CVar [[r.SceneColorFringeQuality:1]]
[2021.04.13-17.36.20:437][  0]LogConfig: Setting CVar [[r.EyeAdaptationQuality:2]]
[2021.04.13-17.36.20:437][  0]LogConfig: Setting CVar [[r.BloomQuality:5]]
[2021.04.13-17.36.20:437][  0]LogConfig: Setting CVar [[r.FastBlurThreshold:100]]
[2021.04.13-17.36.20:437][  0]LogConfig: Setting CVar [[r.Upscale.Quality:3]]
[2021.04.13-17.36.20:437][  0]LogConfig: Setting CVar [[r.Tonemapper.GrainQuantization:1]]
[2021.04.13-17.36.20:437][  0]LogConfig: Setting CVar [[r.LightShaftQuality:1]]
[2021.04.13-17.36.20:437][  0]LogConfig: Setting CVar [[r.Filter.SizeScale:1]]
[2021.04.13-17.36.20:437][  0]LogConfig: Setting CVar [[r.Tonemapper.Quality:5]]
[2021.04.13-17.36.20:437][  0]LogConfig: Setting CVar [[r.DOF.Gather.AccumulatorQuality:1        ; higher gathering accumulator quality]]
[2021.04.13-17.36.20:437][  0]LogConfig: Setting CVar [[r.DOF.Gather.PostfilterMethod:1          ; Median3x3 postfilering method]]
[2021.04.13-17.36.20:438][  0]LogConfig: Setting CVar [[r.DOF.Gather.EnableBokehSettings:0       ; no bokeh simulation when gathering]]
[2021.04.13-17.36.20:438][  0]LogConfig: Setting CVar [[r.DOF.Gather.RingCount:4                 ; medium number of samples when gathering]]
[2021.04.13-17.36.20:438][  0]LogConfig: Setting CVar [[r.DOF.Scatter.ForegroundCompositing:1    ; additive foreground scattering]]
[2021.04.13-17.36.20:438][  0]LogConfig: Setting CVar [[r.DOF.Scatter.BackgroundCompositing:2    ; additive background scattering]]
[2021.04.13-17.36.20:438][  0]LogConfig: Setting CVar [[r.DOF.Scatter.EnableBokehSettings:1      ; bokeh simulation when scattering]]
[2021.04.13-17.36.20:438][  0]LogConfig: Setting CVar [[r.DOF.Scatter.MaxSpriteRatio:0.1         ; only a maximum of 10% of scattered bokeh]]
[2021.04.13-17.36.20:438][  0]LogConfig: Setting CVar [[r.DOF.Recombine.Quality:1                ; cheap slight out of focus]]
[2021.04.13-17.36.20:438][  0]LogConfig: Setting CVar [[r.DOF.Recombine.EnableBokehSettings:0    ; no bokeh simulation on slight out of focus]]
[2021.04.13-17.36.20:438][  0]LogConfig: Setting CVar [[r.DOF.TemporalAAQuality:1                ; more stable temporal accumulation]]
[2021.04.13-17.36.20:438][  0]LogConfig: Setting CVar [[r.DOF.Kernel.MaxForegroundRadius:0.025]]
[2021.04.13-17.36.20:438][  0]LogConfig: Setting CVar [[r.DOF.Kernel.MaxBackgroundRadius:0.025]]
[2021.04.13-17.36.20:438][  0]LogConfig: Applying CVar settings from Section [TextureQuality@3] File [C:/Users/sethg/Desktop/Backups/MergeFile/W21_GAM1528_NoNameYet/TowerDefence/Saved/Config/Windows/Scalability.ini]
[2021.04.13-17.36.20:438][  0]LogConfig: Setting CVar [[r.Streaming.MipBias:0]]
[2021.04.13-17.36.20:438][  0]LogConfig: Setting CVar [[r.Streaming.AmortizeCPUToGPUCopy:0]]
[2021.04.13-17.36.20:438][  0]LogConfig: Setting CVar [[r.Streaming.MaxNumTexturesToStreamPerFrame:0]]
[2021.04.13-17.36.20:438][  0]LogConfig: Setting CVar [[r.Streaming.Boost:1]]
[2021.04.13-17.36.20:438][  0]LogConfig: Setting CVar [[r.MaxAnisotropy:8]]
[2021.04.13-17.36.20:438][  0]LogConfig: Setting CVar [[r.VT.MaxAnisotropy:8]]
[2021.04.13-17.36.20:438][  0]LogConfig: Setting CVar [[r.Streaming.LimitPoolSizeToVRAM:0]]
[2021.04.13-17.36.20:438][  0]LogConfig: Setting CVar [[r.Streaming.PoolSize:1000]]
[2021.04.13-17.36.20:439][  0]LogConfig: Setting CVar [[r.Streaming.MaxEffectiveScreenSize:0]]
[2021.04.13-17.36.20:439][  0]LogConfig: Applying CVar settings from Section [EffectsQuality@3] File [C:/Users/sethg/Desktop/Backups/MergeFile/W21_GAM1528_NoNameYet/TowerDefence/Saved/Config/Windows/Scalability.ini]
[2021.04.13-17.36.20:439][  0]LogConfig: Setting CVar [[r.TranslucencyLightingVolumeDim:64]]
[2021.04.13-17.36.20:439][  0]LogConfig: Setting CVar [[r.RefractionQuality:2]]
[2021.04.13-17.36.20:439][  0]LogConfig: Setting CVar [[r.SSR.Quality:3]]
[2021.04.13-17.36.20:439][  0]LogConfig: Setting CVar [[r.SSR.HalfResSceneColor:0]]
[2021.04.13-17.36.20:439][  0]LogConfig: Setting CVar [[r.SceneColorFormat:4]]
[2021.04.13-17.36.20:439][  0]LogConfig: Setting CVar [[r.DetailMode:2]]
[2021.04.13-17.36.20:439][  0]LogConfig: Setting CVar [[r.TranslucencyVolumeBlur:1]]
[2021.04.13-17.36.20:439][  0]LogConfig: Setting CVar [[r.MaterialQualityLevel:1 ; High quality]]
[2021.04.13-17.36.20:439][  0]LogConfig: Setting CVar [[r.SSS.Scale:1]]
[2021.04.13-17.36.20:439][  0]LogConfig: Setting CVar [[r.SSS.SampleSet:2]]
[2021.04.13-17.36.20:439][  0]LogConfig: Setting CVar [[r.SSS.Quality:1]]
[2021.04.13-17.36.20:439][  0]LogConfig: Setting CVar [[r.SSS.HalfRes:0]]
[2021.04.13-17.36.20:439][  0]LogConfig: Setting CVar [[r.SSGI.Quality:3]]
[2021.04.13-17.36.20:439][  0]LogConfig: Setting CVar [[r.EmitterSpawnRateScale:1.0]]
[2021.04.13-17.36.20:439][  0]LogConfig: Setting CVar [[r.ParticleLightQuality:2]]
[2021.04.13-17.36.20:439][  0]LogConfig: Setting CVar [[r.SkyAtmosphere.AerialPerspectiveLUT.FastApplyOnOpaque:1 ; Always have FastSkyLUT 1 in this case to avoid wrong sky]]
[2021.04.13-17.36.20:439][  0]LogConfig: Setting CVar [[r.SkyAtmosphere.AerialPerspectiveLUT.SampleCountPerSlice:1]]
[2021.04.13-17.36.20:439][  0]LogConfig: Setting CVar [[r.SkyAtmosphere.AerialPerspectiveLUT.DepthResolution:16.0]]
[2021.04.13-17.36.20:440][  0]LogConfig: Setting CVar [[r.SkyAtmosphere.FastSkyLUT:1]]
[2021.04.13-17.36.20:440][  0]LogConfig: Setting CVar [[r.SkyAtmosphere.FastSkyLUT.SampleCountMin:4.0]]
[2021.04.13-17.36.20:440][  0]LogConfig: Setting CVar [[r.SkyAtmosphere.FastSkyLUT.SampleCountMax:32.0]]
[2021.04.13-17.36.20:440][  0]LogConfig: Setting CVar [[r.SkyAtmosphere.SampleCountMin:4.0]]
[2021.04.13-17.36.20:440][  0]LogConfig: Setting CVar [[r.SkyAtmosphere.SampleCountMax:32.0]]
[2021.04.13-17.36.20:440][  0]LogConfig: Setting CVar [[r.SkyAtmosphere.TransmittanceLUT.UseSmallFormat:0]]
[2021.04.13-17.36.20:440][  0]LogConfig: Setting CVar [[r.SkyAtmosphere.TransmittanceLUT.SampleCount:10.0]]
[2021.04.13-17.36.20:440][  0]LogConfig: Setting CVar [[r.SkyAtmosphere.MultiScatteringLUT.SampleCount:15.0]]
[2021.04.13-17.36.20:440][  0]LogConfig: Applying CVar settings from Section [FoliageQuality@3] File [C:/Users/sethg/Desktop/Backups/MergeFile/W21_GAM1528_NoNameYet/TowerDefence/Saved/Config/Windows/Scalability.ini]
[2021.04.13-17.36.20:440][  0]LogConfig: Setting CVar [[foliage.DensityScale:1.0]]
[2021.04.13-17.36.20:440][  0]LogConfig: Setting CVar [[grass.DensityScale:1.0]]
[2021.04.13-17.36.20:440][  0]LogConfig: Applying CVar settings from Section [ShadingQuality@3] File [C:/Users/sethg/Desktop/Backups/MergeFile/W21_GAM1528_NoNameYet/TowerDefence/Saved/Config/Windows/Scalability.ini]
[2021.04.13-17.36.20:440][  0]LogConfig: Setting CVar [[r.HairStrands.SkyLighting.SampleCount:16]]
[2021.04.13-17.36.20:440][  0]LogConfig: Setting CVar [[r.HairStrands.SkyLighting.JitterIntegration:0]]
[2021.04.13-17.36.20:440][  0]LogConfig: Setting CVar [[r.HairStrands.SkyAO.SampleCount:16]]
[2021.04.13-17.36.20:440][  0]LogConfig: Setting CVar [[r.HairStrands.DeepShadow.SuperSampling:0]]
[2021.04.13-17.36.20:440][  0]LogConfig: Setting CVar [[r.HairStrands.VisibilityPPLL:0]]
[2021.04.13-17.36.20:440][  0]LogConfig: Setting CVar [[r.HairStrands.RasterizationScale:0.5]]
[2021.04.13-17.36.20:440][  0]LogConfig: Setting CVar [[r.HairStrands.VelocityRasterizationScale:1]]
[2021.04.13-17.36.20:440][  0]LogConfig: Applying CVar settings from Section [Startup] File [../../../Engine/Config/ConsoleVariables.ini]
[2021.04.13-17.36.20:441][  0]LogConfig: Setting CVar [[net.UseAdaptiveNetUpdateFrequency:0]]
[2021.04.13-17.36.20:441][  0]LogConfig: Setting CVar [[p.chaos.AllowCreatePhysxBodies:1]]
[2021.04.13-17.36.20:441][  0]LogConfig: Setting CVar [[fx.SkipVectorVMBackendOptimizations:1]]
[2021.04.13-17.36.20:441][  0]LogConfig: Applying CVar settings from Section [ConsoleVariables] File [C:/Users/sethg/Desktop/Backups/MergeFile/W21_GAM1528_NoNameYet/TowerDefence/Saved/Config/Windows/Engine.ini]
[2021.04.13-17.36.20:442][  0]LogInit: Computer: LAPTOP-K3PBHEDP
[2021.04.13-17.36.20:442][  0]LogInit: User: sethg
[2021.04.13-17.36.20:442][  0]LogInit: CPU Page size=4096, Cores=6
[2021.04.13-17.36.20:442][  0]LogInit: High frequency timer resolution =10.000000 MHz
[2021.04.13-17.36.20:442][  0]LogMemory: Memory total: Physical=15.9GB (16GB approx)
[2021.04.13-17.36.20:442][  0]LogMemory: Platform Memory Stats for Windows
[2021.04.13-17.36.20:442][  0]LogMemory: Process Physical Memory: 116.67 MB used, 116.67 MB peak
[2021.04.13-17.36.20:442][  0]LogMemory: Process Virtual Memory: 97.02 MB used, 97.02 MB peak
[2021.04.13-17.36.20:442][  0]LogMemory: Physical Memory: 9867.55 MB used,  6367.22 MB free, 16234.78 MB total
[2021.04.13-17.36.20:442][  0]LogMemory: Virtual Memory: 5166.71 MB used,  134212560.00 MB free, 134217728.00 MB total
[2021.04.13-17.36.20:452][  0]LogWindows: WindowsPlatformFeatures enabled
[2021.04.13-17.36.20:720][  0]LogInit: Physics initialised using underlying interface: PhysX
[2021.04.13-17.36.20:722][  0]LogInit: Using OS detected language (en-US).
[2021.04.13-17.36.20:722][  0]LogInit: Using OS detected locale (en-CA).
[2021.04.13-17.36.20:724][  0]LogTextLocalizationManager: No specific localization for 'en-US' exists, so the 'en' localization will be used.
[2021.04.13-17.36.20:899][  0]LogInit: Setting process to per monitor DPI aware
[2021.04.13-17.36.20:960][  0]LogSlate: New Slate User Created.  User Index 0, Is Virtual User: 0
[2021.04.13-17.36.20:960][  0]LogSlate: Slate User Registered.  User Index 0, Is Virtual User: 0
[2021.04.13-17.36.21:245][  0]LogHMD: Failed to initialize OpenVR with code 110
[2021.04.13-17.36.21:245][  0]LogD3D11RHI: D3D11 min allowed feature level: 11_0
[2021.04.13-17.36.21:245][  0]LogD3D11RHI: D3D11 max allowed feature level: 11_0
[2021.04.13-17.36.21:245][  0]LogD3D11RHI: D3D11 adapters:
[2021.04.13-17.36.22:246][  0]LogD3D11RHI:    0. 'NVIDIA GeForce GTX 1060' (Feature Level 11_0)
[2021.04.13-17.36.22:246][  0]LogD3D11RHI:       6052/0/8117 MB DedicatedVideo/DedicatedSystem/SharedSystem, Outputs:1, VendorId:0x10de
[2021.04.13-17.36.22:284][  0]LogD3D11RHI:    1. 'Intel(R) UHD Graphics 630' (Feature Level 11_0)
[2021.04.13-17.36.22:284][  0]LogD3D11RHI:       128/0/8117 MB DedicatedVideo/DedicatedSystem/SharedSystem, Outputs:0, VendorId:0x8086
[2021.04.13-17.36.22:291][  0]LogD3D11RHI:    2. 'Microsoft Basic Render Driver' (Feature Level 11_0)
[2021.04.13-17.36.22:291][  0]LogD3D11RHI:       0/0/8117 MB DedicatedVideo/DedicatedSystem/SharedSystem, Outputs:0, VendorId:0x1414
[2021.04.13-17.36.22:291][  0]LogD3D11RHI: Chosen D3D11 Adapter: 0
[2021.04.13-17.36.22:337][  0]LogD3D11RHI: Creating new Direct3DDevice
[2021.04.13-17.36.22:337][  0]LogD3D11RHI:     GPU DeviceId: 0x1c20 (for the marketing name, search the web for "GPU Device Id")
[2021.04.13-17.36.22:338][  0]LogWindows: EnumDisplayDevices:
[2021.04.13-17.36.22:338][  0]LogWindows:    0. 'Intel(R) UHD Graphics 630' (P:1 D:1)
[2021.04.13-17.36.22:338][  0]LogWindows:    1. 'Intel(R) UHD Graphics 630' (P:0 D:0)
[2021.04.13-17.36.22:339][  0]LogWindows:    2. 'Intel(R) UHD Graphics 630' (P:0 D:0)
[2021.04.13-17.36.22:339][  0]LogWindows:    3. 'NVIDIA GeForce GTX 1060' (P:0 D:0)
[2021.04.13-17.36.22:339][  0]LogWindows: DebugString: PrimaryIsNotTheChoosenAdapter PrimaryIsNotTheChoosenAdapter PrimaryIsNotTheChoosenAdapter 
[2021.04.13-17.36.22:339][  0]LogD3D11RHI:     Adapter Name: NVIDIA GeForce GTX 1060
[2021.04.13-17.36.22:339][  0]LogD3D11RHI:   Driver Version: 451.67 (internal:27.21.14.5167, unified:451.67)
[2021.04.13-17.36.22:339][  0]LogD3D11RHI:      Driver Date: 7-5-2020
[2021.04.13-17.36.22:339][  0]LogRHI: Texture pool is 4236 MB (70% of 6052 MB)
[2021.04.13-17.36.22:411][  0]LogD3D11RHI: RHI has support for 64 bit atomics
[2021.04.13-17.36.22:413][  0]LogD3D11RHI: [Aftermath] Enabled and primed
[2021.04.13-17.36.22:413][  0]LogD3D11RHI: Async texture creation enabled
[2021.04.13-17.36.22:413][  0]LogD3D11RHI: Array index from any shader is supported
[2021.04.13-17.36.22:453][  0]LogD3D11RHI: GPU Timing Frequency: 1000.000000 (Debug: 2 1)
[2021.04.13-17.36.22:798][  0]LogTargetPlatformManager: Display: Loaded TargetPlatform 'AllDesktop'
[2021.04.13-17.36.22:825][  0]LogTargetPlatformManager: Display: Loaded TargetPlatform 'Android'
[2021.04.13-17.36.22:825][  0]LogTargetPlatformManager: Display: Loaded TargetPlatform 'Android_ASTC'
[2021.04.13-17.36.22:825][  0]LogTargetPlatformManager: Display: Loaded TargetPlatform 'Android_DXT'
[2021.04.13-17.36.22:825][  0]LogTargetPlatformManager: Display: Loaded TargetPlatform 'Android_ETC2'
[2021.04.13-17.36.22:825][  0]LogTargetPlatformManager: Display: Loaded TargetPlatform 'AndroidClient'
[2021.04.13-17.36.22:825][  0]LogTargetPlatformManager: Display: Loaded TargetPlatform 'Android_ASTCClient'
[2021.04.13-17.36.22:826][  0]LogTargetPlatformManager: Display: Loaded TargetPlatform 'Android_DXTClient'
[2021.04.13-17.36.22:826][  0]LogTargetPlatformManager: Display: Loaded TargetPlatform 'Android_ETC2Client'
[2021.04.13-17.36.22:826][  0]LogTargetPlatformManager: Display: Loaded TargetPlatform 'Android_Multi'
[2021.04.13-17.36.22:826][  0]LogTargetPlatformManager: Display: Loaded TargetPlatform 'Android_MultiClient'
[2021.04.13-17.36.22:861][  0]LogTargetPlatformManager: Display: Loaded TargetPlatform 'IOSClient'
[2021.04.13-17.36.22:861][  0]LogTargetPlatformManager: Display: Loaded TargetPlatform 'IOS'
[2021.04.13-17.36.22:874][  0]LogTargetPlatformManager: Display: Loaded TargetPlatform 'Linux'
[2021.04.13-17.36.22:886][  0]LogTargetPlatformManager: Display: Loaded TargetPlatform 'LinuxNoEditor'
[2021.04.13-17.36.22:899][  0]LogTargetPlatformManager: Display: Loaded TargetPlatform 'LinuxClient'
[2021.04.13-17.36.22:910][  0]LogTargetPlatformManager: Display: Loaded TargetPlatform 'LinuxServer'
[2021.04.13-17.36.22:922][  0]LogTargetPlatformManager: Display: Loaded TargetPlatform 'LinuxAArch64NoEditor'
[2021.04.13-17.36.22:936][  0]LogTargetPlatformManager: Display: Loaded TargetPlatform 'LinuxAArch64Client'
[2021.04.13-17.36.22:948][  0]LogTargetPlatformManager: Display: Loaded TargetPlatform 'LinuxAArch64Server'
[2021.04.13-17.36.22:977][  0]LogTargetPlatformManager: Display: Loaded TargetPlatform 'Lumin'
[2021.04.13-17.36.22:977][  0]LogTargetPlatformManager: Display: Loaded TargetPlatform 'LuminClient'
[2021.04.13-17.36.22:998][  0]LogTargetPlatformManager: Display: Loaded TargetPlatform 'TVOSClient'
[2021.04.13-17.36.22:998][  0]LogTargetPlatformManager: Display: Loaded TargetPlatform 'TVOS'
[2021.04.13-17.36.23:011][  0]LogTargetPlatformManager: Display: Loaded TargetPlatform 'WindowsNoEditor'
[2021.04.13-17.36.23:025][  0]LogTargetPlatformManager: Display: Loaded TargetPlatform 'Windows'
[2021.04.13-17.36.23:040][  0]LogTargetPlatformManager: Display: Loaded TargetPlatform 'WindowsClient'
[2021.04.13-17.36.23:052][  0]LogTargetPlatformManager: Display: Loaded TargetPlatform 'WindowsServer'
[2021.04.13-17.36.23:052][  0]LogTargetPlatformManager: Display: Building Assets For Windows
[2021.04.13-17.36.23:077][  0]LogAudioDebug: Display: Lib vorbis DLL was dynamically loaded.
[2021.04.13-17.36.23:195][  0]LogShaderCompilers: Guid format shader working directory is -30 characters bigger than the processId version (C:/Users/sethg/Desktop/Backups/MergeFile/W21_GAM1528_NoNameYet/TowerDefence/Intermediate/Shaders/WorkingDirectory/23916/).
[2021.04.13-17.36.23:195][  0]LogShaderCompilers: Cleaned the shader compiler working directory 'C:/Users/sethg/AppData/Local/Temp/UnrealShaderWorkingDir/0142ED434B46565E5E6CA0BEEA4FDB3A/'.
[2021.04.13-17.36.23:196][  0]LogXGEController: Cleaning working directory: C:/Users/sethg/AppData/Local/Temp/UnrealXGEWorkingDir/
[2021.04.13-17.36.23:196][  0]LogXGEController: Cannot use XGE Controller as Incredibuild is not installed on this machine.
[2021.04.13-17.36.23:196][  0]LogShaderCompilers: Cannot use XGE Shader Compiler as Incredibuild is not installed on this machine.
[2021.04.13-17.36.23:197][  0]LogShaderCompilers: Display: Using Local Shader Compiler.
[2021.04.13-17.36.23:958][  0]LogDerivedDataCache: Display: Max Cache Size: 512 MB
[2021.04.13-17.36.24:015][  0]LogDerivedDataCache: Loaded boot cache 0.06s 75MB C:/Users/sethg/AppData/Local/UnrealEngine/4.25/DerivedDataCache/Boot.ddc.
[2021.04.13-17.36.24:016][  0]LogDerivedDataCache: Display: Loaded Boot cache: C:/Users/sethg/AppData/Local/UnrealEngine/4.25/DerivedDataCache/Boot.ddc
[2021.04.13-17.36.24:016][  0]LogDerivedDataCache: FDerivedDataBackendGraph:  Pak pak cache file C:/Users/sethg/Desktop/Backups/MergeFile/W21_GAM1528_NoNameYet/TowerDefence/DerivedDataCache/DDC.ddp not found, will not use a pak cache.
[2021.04.13-17.36.24:016][  0]LogDerivedDataCache: Unable to find inner node Pak for hierarchical cache Hierarchy.
[2021.04.13-17.36.24:016][  0]LogDerivedDataCache: FDerivedDataBackendGraph:  CompressedPak pak cache file C:/Users/sethg/Desktop/Backups/MergeFile/W21_GAM1528_NoNameYet/TowerDefence/DerivedDataCache/Compressed.ddp not found, will not use a pak cache.
[2021.04.13-17.36.24:016][  0]LogDerivedDataCache: Unable to find inner node CompressedPak for hierarchical cache Hierarchy.
[2021.04.13-17.36.24:026][  0]LogDerivedDataCache: Display: Pak cache opened for reading ../../../Engine/DerivedDataCache/Compressed.ddp.
[2021.04.13-17.36.24:027][  0]LogDerivedDataCache: FDerivedDataBackendGraph:  EnterprisePak pak cache file ../../../Enterprise/DerivedDataCache/Compressed.ddp not found, will not use a pak cache.
[2021.04.13-17.36.24:027][  0]LogDerivedDataCache: Unable to find inner node EnterprisePak for hierarchical cache Hierarchy.
[2021.04.13-17.36.24:033][  0]LogDerivedDataCache: Using Local data cache path C:/Users/sethg/AppData/Local/UnrealEngine/Common/DerivedDataCache: Writable
[2021.04.13-17.36.24:033][  0]LogDerivedDataCache: Shared data cache path not found in *engine.ini, will not use an Shared cache.
[2021.04.13-17.36.24:034][  0]LogDerivedDataCache: Unable to find inner node Shared for hierarchical cache Hierarchy.
[2021.04.13-17.36.24:081][  0]LogSlate: Using FreeType 2.10.0
[2021.04.13-17.36.24:082][  0]LogSlate: SlateFontServices - WITH_FREETYPE: 1, WITH_HARFBUZZ: 1
[2021.04.13-17.36.24:117][  0]LogAssetRegistry: FAssetRegistry took 0.0059 seconds to start up
[2021.04.13-17.36.24:351][  0]LogInit: Selected Device Profile: [Windows]
[2021.04.13-17.36.24:503][  0]LogMeshReduction: Using QuadricMeshReduction for automatic static mesh reduction
[2021.04.13-17.36.24:504][  0]LogMeshReduction: Using SimplygonMeshReduction for automatic skeletal mesh reduction
[2021.04.13-17.36.24:504][  0]LogMeshReduction: Using ProxyLODMeshReduction for automatic mesh merging
[2021.04.13-17.36.24:504][  0]LogMeshReduction: No distributed automatic mesh merging module available
[2021.04.13-17.36.24:504][  0]LogMeshMerging: No distributed automatic mesh merging module available
[2021.04.13-17.36.24:525][  0]LogNetVersion: TowerDefence 1.0.0, NetCL: 13144385, EngineNetVer: 14, GameNetVer: 0 (Checksum: 2510641227)
[2021.04.13-17.36.25:055][  0]LogAISub: UAISubsystem::UAISubsystem AISubsystem (00000124F3E30380), frame # 0
[2021.04.13-17.36.25:055][  0]LogAISub: UAISubsystem::UAISubsystem AIPerceptionSystem (00000124F3D73740), frame # 0
[2021.04.13-17.36.25:057][  0]LogAISub: UAISubsystem::UAISubsystem EnvQueryManager (00000124F3DDCA00), frame # 0
[2021.04.13-17.36.25:121][  0]LogPackageLocalizationCache: Processed 19 localized package path(s) for 1 prioritized culture(s) in 0.056691 seconds
[2021.04.13-17.36.25:129][  0]LogUObjectArray: 15917 objects as part of root set at end of initial load.
[2021.04.13-17.36.25:129][  0]LogUObjectAllocator: 3965568 out of 0 bytes used by permanent object pool.
[2021.04.13-17.36.25:129][  0]LogUObjectArray: CloseDisregardForGC: 0/0 objects in disregard for GC pool
[2021.04.13-17.36.25:745][  0]LogTcpMessaging: Initializing TcpMessaging bridge
[2021.04.13-17.36.25:754][  0]LogUdpMessaging: Initializing bridge on interface 0.0.0.0:0 to multicast group 230.0.0.1:6666.
[2021.04.13-17.36.26:080][  0]SourceControl: Source control is disabled
[2021.04.13-17.36.26:080][  0]SourceControl: Source control is disabled
[2021.04.13-17.36.26:085][  0]SourceControl: Source control is disabled
[2021.04.13-17.36.26:090][  0]SourceControl: Source control is disabled
[2021.04.13-17.36.26:103][  0]SourceControl: Source control is disabled
[2021.04.13-17.36.26:493][  0]LogAndroidPermission: UAndroidPermissionCallbackProxy::GetInstance
[2021.04.13-17.36.26:530][  0]LogAudioCaptureCore: Display: No Audio Capture implementations found. Audio input will be silent.
[2021.04.13-17.36.26:531][  0]LogAudioCaptureCore: Display: No Audio Capture implementations found. Audio input will be silent.
[2021.04.13-17.36.26:601][  0]LogOcInput: OculusInput pre-init called
[2021.04.13-17.36.26:615][  0]LogWindows: Failed to load 'OVRPlugin.dll' (GetLastError=126)
[2021.04.13-17.36.26:616][  0]LogWindows: File 'OVRPlugin.dll' does not exist
[2021.04.13-17.36.26:698][  0]LogEngine: Initializing Engine...
[2021.04.13-17.36.26:700][  0]LogHMD: Failed to initialize OpenVR with code 110
[2021.04.13-17.36.26:700][  0]LogMagicLeap: Warning: VR disabled because ZI is not enabled.  To enable, in the editor, Edit -> Project Settings -> Plugins -> Magic Leap Plugin -> Enable Zero Iteration
[2021.04.13-17.36.26:701][  0]LogStats: UGameplayTagsManager::InitializeManager -  0.000 s
[2021.04.13-17.36.26:837][  0]LogInit: Initializing FReadOnlyCVARCache
[2021.04.13-17.36.26:847][  0]LogAIModule: Creating AISystem for world Untitled
[2021.04.13-17.36.26:847][  0]LogAISub: UAISubsystem::UAISubsystem EnvQueryManager (00000124F6FADC00), frame # 0
[2021.04.13-17.36.26:847][  0]LogAISub: UAISubsystem::UAISubsystem AIPerceptionSystem (00000124F6FE0900), frame # 0
[2021.04.13-17.36.26:875][  0]LogAudioMixer: Display: Audio Mixer Platform Settings:
[2021.04.13-17.36.26:875][  0]LogAudioMixer: Display: 	Sample Rate:						  48000
[2021.04.13-17.36.26:875][  0]LogAudioMixer: Display: 	Callback Buffer Frame Size Requested: 1024
[2021.04.13-17.36.26:875][  0]LogAudioMixer: Display: 	Callback Buffer Frame Size To Use:	  1024
[2021.04.13-17.36.26:875][  0]LogAudioMixer: Display: 	Number of buffers to queue:			  2
[2021.04.13-17.36.26:875][  0]LogAudioMixer: Display: 	Max Channels (voices):				  32
[2021.04.13-17.36.26:876][  0]LogAudioMixer: Display: 	Number of Async Source Workers:		  0
[2021.04.13-17.36.26:876][  0]LogAudio: Display: AudioDevice MaxSources: 32
[2021.04.13-17.36.26:876][  0]LogAudio: Display: Using built-in audio occlusion.
[2021.04.13-17.36.26:876][  0]LogAudioMixer: Display: Initializing audio mixer.
[2021.04.13-17.36.26:900][  0]LogAudioMixer: Display: 0: FrontLeft
[2021.04.13-17.36.26:900][  0]LogAudioMixer: Display: 1: FrontRight
[2021.04.13-17.36.26:984][  0]LogAudioMixer: Display: Using Audio Device Speakers (Realtek(R) Audio)
[2021.04.13-17.36.26:987][  0]LogAudioMixer: Display: Initializing Sound Submixes...
[2021.04.13-17.36.26:989][  0]LogAudioMixer: Display: Creating Master Submix 'MasterSubmixDefault'
[2021.04.13-17.36.26:990][  0]LogAudioMixer: Display: Creating Master Submix 'MasterReverbSubmixDefault'
[2021.04.13-17.36.26:992][  0]LogAudioMixer: Display: Creating Master Submix 'MasterEQSubmixDefault'
[2021.04.13-17.36.26:996][  0]LogInit: FAudioDevice initialized.
[2021.04.13-17.36.26:997][  0]LogNetVersion: Set ProjectVersion to 1.0.0.0. Version Checksum will be recalculated on next use.
[2021.04.13-17.36.27:066][  0]LogDerivedDataCache: Saved boot cache 0.07s 75MB C:/Users/sethg/AppData/Local/UnrealEngine/4.25/DerivedDataCache/Boot.ddc.
[2021.04.13-17.36.27:067][  0]LogInit: Texture streaming: Enabled
[2021.04.13-17.36.27:098][  0]LogEngineSessionManager: EngineSessionManager initialized
[2021.04.13-17.36.27:098][  0]LogEngineSessionManager: EngineSessionManager sent abnormal shutdown report. Type=Debugger, SessionId={CEA819CD-437D-9C25-7C42-A39FF5AC88FD}
[2021.04.13-17.36.27:099][  0]LogEngineSessionManager: EngineSessionManager sent abnormal shutdown report. Type=Debugger, SessionId={25DDDAEB-4612-8A40-80E1-C8B037058D55}
[2021.04.13-17.36.27:099][  0]LogEditorSessionSummary: Verbose: Initializing EditorSessionSummaryWriter for editor session tracking
[2021.04.13-17.36.27:105][  0]LogEditorSessionSummary: EditorSessionSummaryWriter initialized
[2021.04.13-17.36.27:143][  0]LogInit: Transaction tracking system initialized
[2021.04.13-17.36.27:181][  0]BlueprintLog: New page: Editor Load
[2021.04.13-17.36.27:303][  0]LocalizationService: Localization service is disabled
[2021.04.13-17.36.27:550][  0]LogCook: Display: Max memory allowance for cook 16384mb min free memory 0mb
[2021.04.13-17.36.27:550][  0]LogCook: Display: Mobile HDR setting 1
[2021.04.13-17.36.27:809][  0]LogFileCache: Scanning file cache for directory 'C:/Users/sethg/Desktop/Backups/MergeFile/W21_GAM1528_NoNameYet/TowerDefence/Content/' took 0.01s
[2021.04.13-17.36.28:041][  0]SourceControl: Source control is disabled
[2021.04.13-17.36.28:041][  0]LogUnrealEdMisc: Loading editor; pre map load, took 10.228
[2021.04.13-17.36.28:042][  0]Cmd: MAP LOAD FILE="C:/Users/sethg/Desktop/Backups/MergeFile/W21_GAM1528_NoNameYet/TowerDefence/Content/Maps/Test.umap" TEMPLATE=0 SHOWPROGRESS=1 FEATURELEVEL=3
[2021.04.13-17.36.28:042][  0]LightingResults: New page: Lighting Build
[2021.04.13-17.36.28:043][  0]LogWorld: UWorld::CleanupWorld for Untitled, bSessionEnded=true, bCleanupResources=true
[2021.04.13-17.36.28:043][  0]LogSlate: InvalidateAllWidgets triggered.  All widgets were invalidated
[2021.04.13-17.36.28:043][  0]MapCheck: New page: Map Check
[2021.04.13-17.36.28:043][  0]LightingResults: New page: Lighting Build
[2021.04.13-17.36.28:055][  0]LogAISub: UAISubsystem::~UAISubsystem EnvQueryManager (00000124F6FADC00), frame # 0
[2021.04.13-17.36.28:055][  0]LogAISub: UAISubsystem::~UAISubsystem AIPerceptionSystem (00000124F6FE0900), frame # 0
[2021.04.13-17.36.28:055][  0]LogUObjectHash: Compacting FUObjectHashTables data took   0.64ms
[2021.04.13-17.36.28:069][  0]LogLinker: Warning: While loading 'C:/Users/sethg/Desktop/Backups/MergeFile/W21_GAM1528_NoNameYet/TowerDefence/Content/Assets/Models/Troop_melee/troop_melee.uasset' failed to load '/Game/Assets/Models/Troop_melee/Material_001': Can't find file.
[2021.04.13-17.36.28:070][  0]LogLinker: Warning: While loading 'C:/Users/sethg/Desktop/Backups/MergeFile/W21_GAM1528_NoNameYet/TowerDefence/Content/Assets/Models/Troop_melee/troop_melee.uasset' failed to load '/Game/Assets/Models/Troop_melee/Material_001': Can't find file.
[2021.04.13-17.36.28:070][  0]LogLinker: Warning: While loading 'C:/Users/sethg/Desktop/Backups/MergeFile/W21_GAM1528_NoNameYet/TowerDefence/Content/Assets/Models/Troop_melee/troop_melee.uasset' failed to load '/Game/Assets/Models/Troop_melee/wire_087225087_002': Can't find file.
[2021.04.13-17.36.28:070][  0]LogLinker: Warning: While loading 'C:/Users/sethg/Desktop/Backups/MergeFile/W21_GAM1528_NoNameYet/TowerDefence/Content/Assets/Models/Troop_melee/troop_melee.uasset' failed to load '/Game/Assets/Models/Troop_melee/wire_087225087_002': Can't find file.
[2021.04.13-17.36.28:071][  0]LogLinker: Warning: While loading 'C:/Users/sethg/Desktop/Backups/MergeFile/W21_GAM1528_NoNameYet/TowerDefence/Content/Assets/Models/Troop_melee/troop_melee.uasset' failed to load '/Game/Assets/Models/Troop_melee/wire_177028149_002': Can't find file.
[2021.04.13-17.36.28:071][  0]LogLinker: Warning: While loading 'C:/Users/sethg/Desktop/Backups/MergeFile/W21_GAM1528_NoNameYet/TowerDefence/Content/Assets/Models/Troop_melee/troop_melee.uasset' failed to load '/Game/Assets/Models/Troop_melee/wire_177028149_002': Can't find file.
[2021.04.13-17.36.28:071][  0]LogLinker: Warning: While loading 'C:/Users/sethg/Desktop/Backups/MergeFile/W21_GAM1528_NoNameYet/TowerDefence/Content/Assets/Models/Troop_melee/troop_melee.uasset' failed to load '/Game/Assets/Models/Troop_melee/Material_001': Can't find file.
[2021.04.13-17.36.28:072][  0]LogLinker: Warning: While loading 'C:/Users/sethg/Desktop/Backups/MergeFile/W21_GAM1528_NoNameYet/TowerDefence/Content/Assets/Models/Troop_melee/troop_melee.uasset' failed to load '/Game/Assets/Models/Troop_melee/Material_001': Can't find file.
[2021.04.13-17.36.28:073][  0]LogLinker: Warning: While loading 'C:/Users/sethg/Desktop/Backups/MergeFile/W21_GAM1528_NoNameYet/TowerDefence/Content/Assets/Models/Troop_melee/troop_melee.uasset' failed to load '/Game/Assets/Models/Troop_melee/wire_087225087_002': Can't find file.
[2021.04.13-17.36.28:073][  0]LogLinker: Warning: While loading 'C:/Users/sethg/Desktop/Backups/MergeFile/W21_GAM1528_NoNameYet/TowerDefence/Content/Assets/Models/Troop_melee/troop_melee.uasset' failed to load '/Game/Assets/Models/Troop_melee/wire_087225087_002': Can't find file.
[2021.04.13-17.36.28:074][  0]LogLinker: Warning: While loading 'C:/Users/sethg/Desktop/Backups/MergeFile/W21_GAM1528_NoNameYet/TowerDefence/Content/Assets/Models/Troop_melee/troop_melee.uasset' failed to load '/Game/Assets/Models/Troop_melee/wire_177028149_002': Can't find file.
[2021.04.13-17.36.28:074][  0]LogLinker: Warning: While loading 'C:/Users/sethg/Desktop/Backups/MergeFile/W21_GAM1528_NoNameYet/TowerDefence/Content/Assets/Models/Troop_melee/troop_melee.uasset' failed to load '/Game/Assets/Models/Troop_melee/wire_177028149_002': Can't find file.
[2021.04.13-17.36.28:202][  0]LogLinker: Warning: While loading 'C:/Users/sethg/Desktop/Backups/MergeFile/W21_GAM1528_NoNameYet/TowerDefence/Content/StarterContent/Materials/M_Brick_Clay_Beveled.uasset' failed to load '/Game/StarterContent/Textures/T_Brick_Clay_Beveled_D': Can't find file.
[2021.04.13-17.36.28:202][  0]LogLinker: Warning: While loading 'C:/Users/sethg/Desktop/Backups/MergeFile/W21_GAM1528_NoNameYet/TowerDefence/Content/StarterContent/Materials/M_Brick_Clay_Beveled.uasset' failed to load '/Game/StarterContent/Textures/T_Brick_Clay_Beveled_D': Can't find file.
[2021.04.13-17.36.28:202][  0]LogLinker: Warning: While loading 'C:/Users/sethg/Desktop/Backups/MergeFile/W21_GAM1528_NoNameYet/TowerDefence/Content/StarterContent/Materials/M_Brick_Clay_Beveled.uasset' failed to load '/Game/StarterContent/Textures/T_Brick_Clay_Beveled_M': Can't find file.
[2021.04.13-17.36.28:203][  0]LogLinker: Warning: While loading 'C:/Users/sethg/Desktop/Backups/MergeFile/W21_GAM1528_NoNameYet/TowerDefence/Content/StarterContent/Materials/M_Brick_Clay_Beveled.uasset' failed to load '/Game/StarterContent/Textures/T_Brick_Clay_Beveled_M': Can't find file.
[2021.04.13-17.36.28:203][  0]LogLinker: Warning: While loading 'C:/Users/sethg/Desktop/Backups/MergeFile/W21_GAM1528_NoNameYet/TowerDefence/Content/StarterContent/Materials/M_Brick_Clay_Beveled.uasset' failed to load '/Game/StarterContent/Textures/T_Brick_Clay_Beveled_N': Can't find file.
[2021.04.13-17.36.28:203][  0]LogLinker: Warning: While loading 'C:/Users/sethg/Desktop/Backups/MergeFile/W21_GAM1528_NoNameYet/TowerDefence/Content/StarterContent/Materials/M_Brick_Clay_Beveled.uasset' failed to load '/Game/StarterContent/Textures/T_Brick_Clay_Beveled_N': Can't find file.
[2021.04.13-17.36.28:204][  0]LogLinker: Warning: While loading 'C:/Users/sethg/Desktop/Backups/MergeFile/W21_GAM1528_NoNameYet/TowerDefence/Content/StarterContent/Materials/M_Brick_Clay_Beveled.uasset' failed to load '/Game/StarterContent/Textures/T_Brick_Clay_Beveled_D': Can't find file.
[2021.04.13-17.36.28:205][  0]LogLinker: Warning: While loading 'C:/Users/sethg/Desktop/Backups/MergeFile/W21_GAM1528_NoNameYet/TowerDefence/Content/StarterContent/Materials/M_Brick_Clay_Beveled.uasset' failed to load '/Game/StarterContent/Textures/T_Brick_Clay_Beveled_D': Can't find file.
[2021.04.13-17.36.28:205][  0]LogLinker: Warning: While loading 'C:/Users/sethg/Desktop/Backups/MergeFile/W21_GAM1528_NoNameYet/TowerDefence/Content/StarterContent/Materials/M_Brick_Clay_Beveled.uasset' failed to load '/Game/StarterContent/Textures/T_Brick_Clay_Beveled_M': Can't find file.
[2021.04.13-17.36.28:205][  0]LogLinker: Warning: While loading 'C:/Users/sethg/Desktop/Backups/MergeFile/W21_GAM1528_NoNameYet/TowerDefence/Content/StarterContent/Materials/M_Brick_Clay_Beveled.uasset' failed to load '/Game/StarterContent/Textures/T_Brick_Clay_Beveled_M': Can't find file.
[2021.04.13-17.36.28:206][  0]LogLinker: Warning: While loading 'C:/Users/sethg/Desktop/Backups/MergeFile/W21_GAM1528_NoNameYet/TowerDefence/Content/StarterContent/Materials/M_Brick_Clay_Beveled.uasset' failed to load '/Game/StarterContent/Textures/T_Brick_Clay_Beveled_N': Can't find file.
[2021.04.13-17.36.28:206][  0]LogLinker: Warning: While loading 'C:/Users/sethg/Desktop/Backups/MergeFile/W21_GAM1528_NoNameYet/TowerDefence/Content/StarterContent/Materials/M_Brick_Clay_Beveled.uasset' failed to load '/Game/StarterContent/Textures/T_Brick_Clay_Beveled_N': Can't find file.
[2021.04.13-17.36.28:214][  0]LogLinker: Warning: While loading 'C:/Users/sethg/Desktop/Backups/MergeFile/W21_GAM1528_NoNameYet/TowerDefence/Content/StarterContent/Materials/M_Brick_Clay_Beveled.uasset' failed to load '/Game/StarterContent/Textures/T_Brick_Clay_Beveled_N': Can't find file.
[2021.04.13-17.36.28:214][  0]LoadErrors: Failed to load /Game/StarterContent/Textures/T_Brick_Clay_Beveled_N.T_Brick_Clay_Beveled_N Referenced by MaterialExpressionTextureSample_1
[2021.04.13-17.36.28:214][  0]LogLinker: Warning: While loading 'C:/Users/sethg/Desktop/Backups/MergeFile/W21_GAM1528_NoNameYet/TowerDefence/Content/StarterContent/Materials/M_Brick_Clay_Beveled.uasset' failed to load '/Game/StarterContent/Textures/T_Brick_Clay_Beveled_N': Can't find file.
[2021.04.13-17.36.28:214][  0]LoadErrors: Failed to load /Game/StarterContent/Textures/T_Brick_Clay_Beveled_N.T_Brick_Clay_Beveled_N Referenced by MaterialExpressionTextureSample_1
[2021.04.13-17.36.28:215][  0]LogLinker: Warning: While loading 'C:/Users/sethg/Desktop/Backups/MergeFile/W21_GAM1528_NoNameYet/TowerDefence/Content/StarterContent/Materials/M_Brick_Clay_Beveled.uasset' failed to load '/Game/StarterContent/Textures/T_Brick_Clay_Beveled_M': Can't find file.
[2021.04.13-17.36.28:215][  0]LoadErrors: Failed to load /Game/StarterContent/Textures/T_Brick_Clay_Beveled_M.T_Brick_Clay_Beveled_M Referenced by MaterialExpressionTextureSample_2
[2021.04.13-17.36.28:215][  0]LogLinker: Warning: While loading 'C:/Users/sethg/Desktop/Backups/MergeFile/W21_GAM1528_NoNameYet/TowerDefence/Content/StarterContent/Materials/M_Brick_Clay_Beveled.uasset' failed to load '/Game/StarterContent/Textures/T_Brick_Clay_Beveled_M': Can't find file.
[2021.04.13-17.36.28:215][  0]LoadErrors: Failed to load /Game/StarterContent/Textures/T_Brick_Clay_Beveled_M.T_Brick_Clay_Beveled_M Referenced by MaterialExpressionTextureSample_2
[2021.04.13-17.36.28:215][  0]LogLinker: Warning: While loading 'C:/Users/sethg/Desktop/Backups/MergeFile/W21_GAM1528_NoNameYet/TowerDefence/Content/StarterContent/Materials/M_Brick_Clay_Beveled.uasset' failed to load '/Game/StarterContent/Textures/T_Brick_Clay_Beveled_D': Can't find file.
[2021.04.13-17.36.28:216][  0]LoadErrors: Failed to load /Game/StarterContent/Textures/T_Brick_Clay_Beveled_D.T_Brick_Clay_Beveled_D Referenced by MaterialExpressionTextureSample_4
[2021.04.13-17.36.28:216][  0]LogLinker: Warning: While loading 'C:/Users/sethg/Desktop/Backups/MergeFile/W21_GAM1528_NoNameYet/TowerDefence/Content/StarterContent/Materials/M_Brick_Clay_Beveled.uasset' failed to load '/Game/StarterContent/Textures/T_Brick_Clay_Beveled_D': Can't find file.
[2021.04.13-17.36.28:216][  0]LoadErrors: Failed to load /Game/StarterContent/Textures/T_Brick_Clay_Beveled_D.T_Brick_Clay_Beveled_D Referenced by MaterialExpressionTextureSample_4
[2021.04.13-17.36.28:216][  0]LogLinker: Warning: While loading 'C:/Users/sethg/Desktop/Backups/MergeFile/W21_GAM1528_NoNameYet/TowerDefence/Content/StarterContent/Materials/M_Brick_Clay_Beveled.uasset' failed to load '/Game/StarterContent/Textures/T_Brick_Clay_Beveled_D': Can't find file.
[2021.04.13-17.36.28:216][  0]LoadErrors: Failed to load /Game/StarterContent/Textures/T_Brick_Clay_Beveled_D.T_Brick_Clay_Beveled_D Referenced by MaterialExpressionTextureSample_5
[2021.04.13-17.36.28:217][  0]LogLinker: Warning: While loading 'C:/Users/sethg/Desktop/Backups/MergeFile/W21_GAM1528_NoNameYet/TowerDefence/Content/StarterContent/Materials/M_Brick_Clay_Beveled.uasset' failed to load '/Game/StarterContent/Textures/T_Brick_Clay_Beveled_D': Can't find file.
[2021.04.13-17.36.28:217][  0]LoadErrors: Failed to load /Game/StarterContent/Textures/T_Brick_Clay_Beveled_D.T_Brick_Clay_Beveled_D Referenced by MaterialExpressionTextureSample_5
[2021.04.13-17.36.28:220][  0]LogLinker: Warning: While loading 'C:/Users/sethg/Desktop/Backups/MergeFile/W21_GAM1528_NoNameYet/TowerDefence/Content/Assets/Models/Troop_melee/troop_melee.uasset' failed to load '/Game/Assets/Models/Troop_melee/wire_087225087_002': Can't find file.
[2021.04.13-17.36.28:221][  0]LoadErrors: Failed to load /Game/Assets/Models/Troop_melee/wire_087225087_002.wire_087225087_002 Referenced by troop_melee
[2021.04.13-17.36.28:221][  0]LogLinker: Warning: While loading 'C:/Users/sethg/Desktop/Backups/MergeFile/W21_GAM1528_NoNameYet/TowerDefence/Content/Assets/Models/Troop_melee/troop_melee.uasset' failed to load '/Game/Assets/Models/Troop_melee/wire_087225087_002': Can't find file.
[2021.04.13-17.36.28:221][  0]LoadErrors: Failed to load /Game/Assets/Models/Troop_melee/wire_087225087_002.wire_087225087_002 Referenced by troop_melee
[2021.04.13-17.36.28:221][  0]LogLinker: Warning: While loading 'C:/Users/sethg/Desktop/Backups/MergeFile/W21_GAM1528_NoNameYet/TowerDefence/Content/Assets/Models/Troop_melee/troop_melee.uasset' failed to load '/Game/Assets/Models/Troop_melee/wire_177028149_002': Can't find file.
[2021.04.13-17.36.28:221][  0]LoadErrors: Failed to load /Game/Assets/Models/Troop_melee/wire_177028149_002.wire_177028149_002 Referenced by troop_melee
[2021.04.13-17.36.28:222][  0]LogLinker: Warning: While loading 'C:/Users/sethg/Desktop/Backups/MergeFile/W21_GAM1528_NoNameYet/TowerDefence/Content/Assets/Models/Troop_melee/troop_melee.uasset' failed to load '/Game/Assets/Models/Troop_melee/wire_177028149_002': Can't find file.
[2021.04.13-17.36.28:222][  0]LoadErrors: Failed to load /Game/Assets/Models/Troop_melee/wire_177028149_002.wire_177028149_002 Referenced by troop_melee
[2021.04.13-17.36.28:222][  0]LogLinker: Warning: While loading 'C:/Users/sethg/Desktop/Backups/MergeFile/W21_GAM1528_NoNameYet/TowerDefence/Content/Assets/Models/Troop_melee/troop_melee.uasset' failed to load '/Game/Assets/Models/Troop_melee/Material_001': Can't find file.
[2021.04.13-17.36.28:222][  0]LoadErrors: Failed to load /Game/Assets/Models/Troop_melee/Material_001.Material_001 Referenced by troop_melee
[2021.04.13-17.36.28:222][  0]LogLinker: Warning: While loading 'C:/Users/sethg/Desktop/Backups/MergeFile/W21_GAM1528_NoNameYet/TowerDefence/Content/Assets/Models/Troop_melee/troop_melee.uasset' failed to load '/Game/Assets/Models/Troop_melee/Material_001': Can't find file.
[2021.04.13-17.36.28:223][  0]LoadErrors: Failed to load /Game/Assets/Models/Troop_melee/Material_001.Material_001 Referenced by troop_melee
[2021.04.13-17.36.28:257][  0]LogMaterial: Display: Missing cached shader map for material M_Brick_Clay_Beveled, compiling. 
[2021.04.13-17.36.28:258][  0]LogMaterial: Warning: C:\Users\sethg\Desktop\Backups\MergeFile\W21_GAM1528_NoNameYet\TowerDefence\Content\StarterContent\Materials\M_Brick_Clay_Beveled.uasset: Failed to compile Material for platform PCD3D_SM5, Default Material will be used in game.
[2021.04.13-17.36.28:259][  0]LogMaterial: Display: 	(Node TextureSample) Texture Sample> Missing input texture
[2021.04.13-17.36.28:279][  0]LogAIModule: Creating AISystem for world Test
[2021.04.13-17.36.28:279][  0]LogAISub: UAISubsystem::UAISubsystem EnvQueryManager (000001248A05BE00), frame # 0
[2021.04.13-17.36.28:279][  0]LogAISub: UAISubsystem::UAISubsystem AIPerceptionSystem (00000124815747C0), frame # 0
[2021.04.13-17.36.28:287][  0]LogEditorServer: Finished looking for orphan Actors (0.000 secs)
[2021.04.13-17.36.28:304][  0]LogUObjectHash: Compacting FUObjectHashTables data took   0.83ms
[2021.04.13-17.36.28:305][  0]Cmd: MAP CHECKDEP NOCLEARLOG
[2021.04.13-17.36.28:305][  0]MapCheck: Map check complete: 0 Error(s), 0 Warning(s), took 0.203ms to complete.
[2021.04.13-17.36.28:305][  0]LogFileHelpers: Loading map 'Test' took 0.264
[2021.04.13-17.36.28:310][  0]LogUnrealEdMisc: Total Editor Startup Time, took 10.497
[2021.04.13-17.36.28:432][  0]LogSlate: Updating window title bar state: overlay mode, drag disabled, window buttons hidden, title bar hidden
[2021.04.13-17.36.28:446][  0]LogSlate: Updating window title bar state: overlay mode, drag disabled, window buttons hidden, title bar hidden
[2021.04.13-17.36.28:454][  0]LogSlate: Updating window title bar state: overlay mode, drag disabled, window buttons hidden, title bar hidden
[2021.04.13-17.36.28:464][  0]LogSlate: Updating window title bar state: overlay mode, drag disabled, window buttons hidden, title bar hidden
[2021.04.13-17.36.28:476][  0]LogCollectionManager: Loaded 0 collections in 0.001825 seconds
[2021.04.13-17.36.28:510][  0]LogFileCache: Scanning file cache for directory 'C:/Users/sethg/Desktop/Backups/MergeFile/W21_GAM1528_NoNameYet/TowerDefence/Saved/Collections/' took 0.00s
[2021.04.13-17.36.28:510][  0]LogFileCache: Scanning file cache for directory 'C:/Users/sethg/Desktop/Backups/MergeFile/W21_GAM1528_NoNameYet/TowerDefence/Content/Developers/sethg/Collections/' took 0.00s
[2021.04.13-17.36.28:510][  0]LogFileCache: Scanning file cache for directory 'C:/Users/sethg/Desktop/Backups/MergeFile/W21_GAM1528_NoNameYet/TowerDefence/Content/Collections/' took 0.01s
[2021.04.13-17.36.28:510][  0]LogContentBrowser: Native class hierarchy populated in 0.0122 seconds. Added 3449 classes and 824 folders.
[2021.04.13-17.36.28:513][  0]LogContentBrowser: Native class hierarchy updated for 'WidgetCarousel' in 0.0005 seconds. Added 0 classes and 0 folders.
[2021.04.13-17.36.28:608][  0]LogContentBrowser: Native class hierarchy updated for 'AddContentDialog' in 0.0005 seconds. Added 0 classes and 0 folders.
[2021.04.13-17.36.28:610][  0]LogContentBrowser: Native class hierarchy updated for 'SceneOutliner' in 0.0005 seconds. Added 2 classes and 0 folders.
[2021.04.13-17.36.28:738][  0]LogSlate: Took 0.000376 seconds to synchronously load lazily loaded font '../../../Engine/Content/Slate/Fonts/Roboto-Regular.ttf' (155K)
[2021.04.13-17.36.28:742][  0]LogSlate: Took 0.000995 seconds to synchronously load lazily loaded font '../../../Engine/Content/Slate/Fonts/Roboto-Bold.ttf' (160K)
[2021.04.13-17.36.28:750][  0]LogSlate: Took 0.000209 seconds to synchronously load lazily loaded font '../../../Engine/Content/Editor/Slate/Fonts/FontAwesome.ttf' (139K)
[2021.04.13-17.36.28:835][  0]LogRenderer: Reallocating scene render targets to support 1088x536 Format 10 NumSamples 1 (Frame:1).
[2021.04.13-17.36.29:084][  0]LogContentBrowser: Native class hierarchy updated for 'HierarchicalLODOutliner' in 0.0007 seconds. Added 0 classes and 0 folders.
[2021.04.13-17.36.29:084][  0]LogLoad: (Engine Initialization) Total time: 11.27 seconds
[2021.04.13-17.36.29:084][  0]LogLoad: (Engine Initialization) Total Blueprint compile time: 0.00 seconds
[2021.04.13-17.36.29:127][  0]LogAssetRegistry: Asset discovery search completed in 5.0139 seconds
[2021.04.13-17.36.29:132][  0]LogCollectionManager: Fixed up redirectors for 0 collections in 0.000003 seconds (updated 0 objects)
[2021.04.13-17.36.29:133][  0]LogContentStreaming: Texture pool size now 1000 MB
[2021.04.13-17.36.29:236][  0]LogRenderer: Reallocating scene render targets to support 1088x552 Format 10 NumSamples 1 (Frame:3).
[2021.04.13-17.36.29:236][  0]LogSlate: Took 0.000294 seconds to synchronously load lazily loaded font '../../../Engine/Content/Slate/Fonts/Roboto-Light.ttf' (167K)
[2021.04.13-17.36.29:244][  0]LogSlate: Took 0.000673 seconds to synchronously load lazily loaded font '../../../Engine/Content/Slate/Fonts/DroidSansMono.ttf' (77K)
[2021.04.13-17.36.35:461][362]LogSlate: Window 'Message Log' being destroyed
[2021.04.13-17.36.35:467][362]LogSlate: Window 'Message Log' being destroyed
[2021.04.13-17.36.42:260][758]LogTemp: Repeating last play command: Selected Viewport
[2021.04.13-17.36.42:270][758]LogPlayLevel: PlayLevel: No blueprints needed recompiling
[2021.04.13-17.36.42:270][758]PIE: New page: PIE session: Test (Apr. 13, 2021, 9:36:42 a.m.)
[2021.04.13-17.36.42:272][758]LogOnline: OSS: Creating online subsystem instance for: NULL
[2021.04.13-17.36.42:275][758]LogOnline: OSS: TryLoadSubsystemAndSetDefault: Loaded subsystem for module [NULL]
[2021.04.13-17.36.42:275][758]LogPlayLevel: Creating play world package: /Game/Maps/UEDPIE_0_Test
[2021.04.13-17.36.42:278][758]LogPlayLevel: PIE: StaticDuplicateObject took: (0.003007s)
[2021.04.13-17.36.42:279][758]LogAIModule: Creating AISystem for world Test
[2021.04.13-17.36.42:279][758]LogAISub: UAISubsystem::UAISubsystem EnvQueryManager (00000124AEF82000), frame # 758
[2021.04.13-17.36.42:280][758]LogAISub: UAISubsystem::UAISubsystem AIPerceptionSystem (000001248A3F7380), frame # 758
[2021.04.13-17.36.42:280][758]LogPlayLevel: PIE: World Init took: (0.001609s)
[2021.04.13-17.36.42:280][758]LogPlayLevel: PIE: Created PIE world by copying editor world from /Game/Maps/Test.Test to /Game/Maps/UEDPIE_0_Test.Test (0.005064s)
[2021.04.13-17.36.42:291][758]LogUObjectHash: Compacting FUObjectHashTables data took   0.82ms
[2021.04.13-17.36.42:294][758]LogAudioMixer: Display: Audio Mixer Platform Settings:
[2021.04.13-17.36.42:295][758]LogAudioMixer: Display: 	Sample Rate:						  48000
[2021.04.13-17.36.42:295][758]LogAudioMixer: Display: 	Callback Buffer Frame Size Requested: 1024
[2021.04.13-17.36.42:295][758]LogAudioMixer: Display: 	Callback Buffer Frame Size To Use:	  1024
[2021.04.13-17.36.42:295][758]LogAudioMixer: Display: 	Number of buffers to queue:			  2
[2021.04.13-17.36.42:295][758]LogAudioMixer: Display: 	Max Channels (voices):				  32
[2021.04.13-17.36.42:295][758]LogAudioMixer: Display: 	Number of Async Source Workers:		  0
[2021.04.13-17.36.42:295][758]LogAudio: Display: AudioDevice MaxSources: 32
[2021.04.13-17.36.42:296][758]LogAudio: Display: Using built-in audio occlusion.
[2021.04.13-17.36.42:296][758]LogAudioMixer: Display: Initializing audio mixer.
[2021.04.13-17.36.42:300][758]LogAudioMixer: Display: 0: FrontLeft
[2021.04.13-17.36.42:300][758]LogAudioMixer: Display: 1: FrontRight
[2021.04.13-17.36.42:355][758]LogAudioMixer: Display: Using Audio Device Speakers (Realtek(R) Audio)
[2021.04.13-17.36.42:356][758]LogAudioMixer: Display: Initializing Sound Submixes...
[2021.04.13-17.36.42:356][758]LogAudioMixer: Display: Creating Master Submix 'MasterSubmixDefault'
[2021.04.13-17.36.42:356][758]LogAudioMixer: Display: Creating Master Submix 'MasterReverbSubmixDefault'
[2021.04.13-17.36.42:357][758]LogAudioMixer: Display: Creating Master Submix 'MasterEQSubmixDefault'
[2021.04.13-17.36.42:373][758]LogInit: FAudioDevice initialized.
[2021.04.13-17.36.42:395][758]LogLoad: Game class is 'BP_GameMode_C'
[2021.04.13-17.36.42:399][758]LogWorld: Bringing World /Game/Maps/UEDPIE_0_Test.Test up for play (max tick rate 60) at 2021.04.13-13.36.42
[2021.04.13-17.36.42:400][758]LogWorld: Bringing up level for play took: 0.002293
[2021.04.13-17.36.42:400][758]LogOnline: OSS: Creating online subsystem instance for: :Context_2
[2021.04.13-17.36.42:407][758]LogContentBrowser: Native class hierarchy updated for 'MovieSceneCapture' in 0.0006 seconds. Added 20 classes and 0 folders.
[2021.04.13-17.36.42:410][758]PIE: Server logged in
[2021.04.13-17.36.42:412][758]PIE: Play in editor total start time 0.148 seconds.
[2021.04.13-17.36.54:685][488]LogSlate: Updating window title bar state: overlay mode, drag disabled, window buttons hidden, title bar hidden
[2021.04.13-17.36.54:685][488]LogWorld: BeginTearingDown for /Game/Maps/UEDPIE_0_Test
[2021.04.13-17.36.54:685][488]LogWorld: UWorld::CleanupWorld for Test, bSessionEnded=true, bCleanupResources=true
[2021.04.13-17.36.54:686][488]LogSlate: InvalidateAllWidgets triggered.  All widgets were invalidated
[2021.04.13-17.36.54:701][488]LogPlayLevel: Display: Shutting down PIE online subsystems
[2021.04.13-17.36.54:702][488]LogSlate: InvalidateAllWidgets triggered.  All widgets were invalidated
[2021.04.13-17.36.54:766][488]LogSlate: Updating window title bar state: overlay mode, drag disabled, window buttons hidden, title bar hidden
[2021.04.13-17.36.54:767][488]LogAISub: UAISubsystem::~UAISubsystem AIPerceptionSystem (000001248A3F7380), frame # 1488
[2021.04.13-17.36.54:767][488]LogAISub: UAISubsystem::~UAISubsystem EnvQueryManager (00000124AEF82000), frame # 1488
[2021.04.13-17.36.54:768][488]LogUObjectHash: Compacting FUObjectHashTables data took   0.59ms
[2021.04.13-17.36.54:781][489]LogPlayLevel: Display: Destroying online subsystem :Context_2
[2021.04.13-17.36.55:615][534]LogUObjectHash: Compacting FUObjectHashTables data took   0.60ms
[2021.04.13-17.37.01:168][534]LogSlate: Window 'Save Content' being destroyed
[2021.04.13-17.37.01:182][534]LogSlate: Took 0.000429 seconds to synchronously load lazily loaded font '../../../Engine/Content/Slate/Fonts/Roboto-Light.ttf' (167K)
[2021.04.13-17.37.01:230][534]Cmd: OBJ SAVEPACKAGE PACKAGE="/Game/Maps/Test" FILE="C:/Users/sethg/Desktop/Backups/MergeFile/W21_GAM1528_NoNameYet/TowerDefence/Content/Maps/Test.umap" SILENT=true AUTOSAVING=false KEEPDIRTY=false
[2021.04.13-17.37.01:250][534]LogUObjectHash: Compacting FUObjectHashTables data took   0.40ms
[2021.04.13-17.37.01:290][534]LogSavePackage: Moving 'C:/Users/sethg/Desktop/Backups/MergeFile/W21_GAM1528_NoNameYet/TowerDefence/Saved/Test2B1B538E4AF72EBB3E66C898349DC6F8.tmp' to 'C:/Users/sethg/Desktop/Backups/MergeFile/W21_GAM1528_NoNameYet/TowerDefence/Content/Maps/Test.umap'
[2021.04.13-17.37.01:307][534]LogFileHelpers: Saving map 'Test' took 0.078
[2021.04.13-17.37.01:356][534]LogSlate: Window 'TowerDefence - Unreal Editor' being destroyed
[2021.04.13-17.37.01:357][534]LogWindowsTextInputMethodSystem: Display: IME system now deactivated.
[2021.04.13-17.37.01:565][534]AssetCheck: New page: Asset Save: Test
[2021.04.13-17.37.01:565][534]LogContentValidation: Display: Validating World /Game/Maps/Test.Test
[2021.04.13-17.37.01:566][535]Cmd: QUIT_EDITOR
[2021.04.13-17.37.01:566][535]LogCore: Engine exit requested (reason: UUnrealEdEngine::CloseEditor())
[2021.04.13-17.37.01:574][535]LogCore: Engine exit requested (reason: EngineExit() was called; note: exit was already requested)
[2021.04.13-17.37.02:393][535]LogExit: Preparing to exit.
[2021.04.13-17.37.02:757][535]LogWorld: UWorld::CleanupWorld for World_0, bSessionEnded=true, bCleanupResources=true
[2021.04.13-17.37.02:770][535]LogDemo: Cleaned up 0 splitscreen connections with owner deletion
[2021.04.13-17.37.02:772][535]LogWorld: UWorld::CleanupWorld for None, bSessionEnded=true, bCleanupResources=true
[2021.04.13-17.37.02:772][535]LogExit: Editor shut down
[2021.04.13-17.37.02:773][535]LogExit: Transaction tracking system shut down
