Log file open, 04/15/21 12:54:48
LogInit: Display: Running engine for game: TowerDefence
LogPlatformFile: Not using cached read wrapper
LogTaskGraph: Started task graph with 5 named threads and 35 total threads with 3 sets of task threads.
LogStats: Stats thread started at 0.328515
LogD3D11RHI: Loaded GFSDK_Aftermath_Lib.x64.dll
LogICUInternationalization: ICU TimeZone Detection - Raw Offset: -5:00, Platform Override: ''
LogPluginManager: Mounting plugin Paper2D
LogPluginManager: Mounting plugin AISupport
LogPluginManager: Mounting plugin LightPropagationVolume
LogPluginManager: Mounting plugin CameraShakePreviewer
LogPluginManager: Mounting plugin ActorLayerUtilities
LogPluginManager: Mounting plugin AnimationSharing
LogPluginManager: Mounting plugin CLionSourceCodeAccess
LogPluginManager: Mounting plugin CodeLiteSourceCodeAccess
LogPluginManager: Mounting plugin GitSourceControl
LogPluginManager: Mounting plugin KDevelopSourceCodeAccess
LogPluginManager: Mounting plugin NullSourceCodeAccess
LogPluginManager: Mounting plugin PerforceSourceControl
LogPluginManager: Mounting plugin PlasticSourceControl
LogPluginManager: Mounting plugin RiderSourceCodeAccess
LogPluginManager: Mounting plugin SubversionSourceControl
LogPluginManager: Mounting plugin UObjectPlugin
LogPluginManager: Mounting plugin VisualStudioCodeSourceCodeAccess
LogPluginManager: Mounting plugin VisualStudioSourceCodeAccess
LogPluginManager: Mounting plugin XCodeSourceCodeAccess
LogPluginManager: Mounting plugin AssetManagerEditor
LogPluginManager: Mounting plugin CryptoKeys
LogPluginManager: Mounting plugin CurveEditorTools
LogPluginManager: Mounting plugin DataValidation
LogPluginManager: Mounting plugin EditorScriptingUtilities
LogPluginManager: Mounting plugin FacialAnimation
LogPluginManager: Mounting plugin GameplayTagsEditor
LogPluginManager: Mounting plugin GeometryMode
LogPluginManager: Mounting plugin MacGraphicsSwitching
LogPluginManager: Mounting plugin MaterialAnalyzer
LogPluginManager: Mounting plugin MobileLauncherProfileWizard
LogPluginManager: Mounting plugin PluginBrowser
LogPluginManager: Mounting plugin SpeedTreeImporter
LogPluginManager: Mounting plugin DatasmithContent
LogPluginManager: Mounting plugin VariantManagerContent
LogPluginManager: Mounting plugin AlembicImporter
LogPluginManager: Mounting plugin AutomationUtils
LogPluginManager: Mounting plugin BackChannel
LogPluginManager: Mounting plugin ChaosCloth
LogPluginManager: Mounting plugin ChaosClothEditor
LogPluginManager: Mounting plugin ChaosEditor
LogPluginManager: Mounting plugin ChaosNiagara
LogPluginManager: Mounting plugin ChaosSolverPlugin
LogPluginManager: Mounting plugin CharacterAI
LogPluginManager: Mounting plugin GeometryCache
LogPluginManager: Mounting plugin GeometryCollectionPlugin
LogPluginManager: Mounting plugin GeometryProcessing
LogPluginManager: Mounting plugin PlanarCut
LogPluginManager: Mounting plugin PlatformCrypto
LogPluginManager: Mounting plugin ProxyLODPlugin
LogPluginManager: Mounting plugin SkeletalReduction
LogPluginManager: Mounting plugin Niagara
LogPluginManager: Mounting plugin MagicLeap
LogPluginManager: Mounting plugin MagicLeapLightEstimation
LogPluginManager: Mounting plugin MagicLeapMedia
LogPluginManager: Mounting plugin MagicLeapPassableWorld
LogPluginManager: Mounting plugin MLSDK
LogPluginManager: Mounting plugin AndroidMedia
LogPluginManager: Mounting plugin AvfMedia
LogPluginManager: Mounting plugin ImgMedia
LogPluginManager: Mounting plugin MediaCompositing
LogPluginManager: Mounting plugin MediaPlayerEditor
LogPluginManager: Mounting plugin WebMMedia
LogPluginManager: Mounting plugin WmfMedia
LogPluginManager: Mounting plugin MeshPainting
LogPluginManager: Mounting plugin TcpMessaging
LogPluginManager: Mounting plugin UdpMessaging
LogPluginManager: Mounting plugin ActorSequence
LogPluginManager: Mounting plugin LevelSequenceEditor
LogPluginManager: Mounting plugin MatineeToLevelSequence
LogPluginManager: Mounting plugin MovieRenderPipeline
LogPluginManager: Mounting plugin TemplateSequence
LogPluginManager: Mounting plugin NetcodeUnitTest
LogPluginManager: Mounting plugin NUTUnrealEngine4
LogPluginManager: Mounting plugin OnlineSubsystemGooglePlay
LogPluginManager: Mounting plugin OnlineSubsystemIOS
LogPluginManager: Mounting plugin OnlineSubsystem
LogPluginManager: Mounting plugin OnlineSubsystemNull
LogPluginManager: Mounting plugin OnlineSubsystemUtils
LogPluginManager: Mounting plugin LauncherChunkInstaller
LogPluginManager: Mounting plugin AndroidDeviceProfileSelector
LogPluginManager: Mounting plugin AndroidMoviePlayer
LogPluginManager: Mounting plugin AndroidPermission
LogPluginManager: Mounting plugin AppleImageUtils
LogPluginManager: Mounting plugin AppleMoviePlayer
LogPluginManager: Mounting plugin ArchVisCharacter
LogPluginManager: Mounting plugin AssetTags
LogPluginManager: Mounting plugin AudioCapture
LogPluginManager: Mounting plugin CableComponent
LogPluginManager: Mounting plugin CustomMeshComponent
LogPluginManager: Mounting plugin EditableMesh
LogPluginManager: Mounting plugin ExampleDeviceProfileSelector
LogPluginManager: Mounting plugin GoogleCloudMessaging
LogPluginManager: Mounting plugin GooglePAD
LogPluginManager: Mounting plugin IOSDeviceProfileSelector
LogPluginManager: Mounting plugin LinuxDeviceProfileSelector
LogPluginManager: Mounting plugin LocationServicesBPLibrary
LogPluginManager: Mounting plugin MobilePatchingUtils
LogPluginManager: Mounting plugin OculusVR
LogPluginManager: Mounting plugin PhysXVehicles
LogPluginManager: Mounting plugin PostSplashScreen
LogPluginManager: Mounting plugin ProceduralMeshComponent
LogPluginManager: Mounting plugin RuntimePhysXCooking
LogPluginManager: Mounting plugin SignificanceManager
LogPluginManager: Mounting plugin SoundFields
LogPluginManager: Mounting plugin SteamVR
LogPluginManager: Mounting plugin Synthesis
LogPluginManager: Mounting plugin WebMMoviePlayer
LogPluginManager: Mounting plugin WindowsMoviePlayer
LogPluginManager: Mounting plugin ScreenshotTools
LogInit: Using libcurl 7.55.1-DEV
LogInit:  - built for x86_64-pc-win32
LogInit:  - supports SSL with OpenSSL/1.1.1
LogInit:  - supports HTTP deflate (compression) using libz 1.2.8
LogInit:  - other features:
LogInit:      CURL_VERSION_SSL
LogInit:      CURL_VERSION_LIBZ
LogInit:      CURL_VERSION_IPV6
LogInit:      CURL_VERSION_ASYNCHDNS
LogInit:      CURL_VERSION_LARGEFILE
LogInit:      CURL_VERSION_IDN
LogInit:  CurlRequestOptions (configurable via config and command line):
LogInit:  - bVerifyPeer = true  - Libcurl will verify peer certificate
LogInit:  - bUseHttpProxy = false  - Libcurl will NOT use HTTP proxy
LogInit:  - bDontReuseConnections = false  - Libcurl will reuse connections
LogInit:  - MaxHostConnections = 16  - Libcurl will limit the number of connections to a host
LogInit:  - LocalHostAddr = Default
LogInit:  - BufferSize = 65536
LogOnline: OSS: Creating online subsystem instance for: NULL
LogInit: WinSock: version 1.1 (2.2), MaxSocks=32767, MaxUdp=65467
LogOnline: OSS: TryLoadSubsystemAndSetDefault: Loaded subsystem for module [NULL]
LogInit: Build: ++UE4+Release-4.25-CL-13942748
LogInit: Engine Version: 4.25.3-13942748+++UE4+Release-4.25
LogInit: Compatible Engine Version: 4.25.0-13144385+++UE4+Release-4.25
LogInit: Net CL: 13144385
LogInit: OS: Windows 10 (Release 2009) (), CPU: Intel(R) Core(TM) i7-8750H CPU @ 2.20GHz, GPU: Intel(R) UHD Graphics 630
LogInit: Compiled (64-bit): Jul 25 2020 02:07:48
LogInit: Compiled with Visual C++: 19.24.28315.00
LogInit: Build Configuration: Development
LogInit: Branch Name: ++UE4+Release-4.25
LogInit: Command Line:  -skipcompile
LogInit: Base Directory: D:/Epic Games Files/UE_4.25/Engine/Binaries/Win64/
LogInit: Allocator: TBB
LogInit: Installed Engine Build: 1
LogDevObjectVersion: Number of dev versions registered: 26
LogDevObjectVersion:   Dev-Blueprints (B0D832E4-1F89-4F0D-ACCF-7EB736FD4AA2): 10
LogDevObjectVersion:   Dev-Build (E1C64328-A22C-4D53-A36C-8E866417BD8C): 0
LogDevObjectVersion:   Dev-Core (375EC13C-06E4-48FB-B500-84F0262A717E): 4
LogDevObjectVersion:   Dev-Editor (E4B068ED-F494-42E9-A231-DA0B2E46BB41): 38
LogDevObjectVersion:   Dev-Framework (CFFC743F-43B0-4480-9391-14DF171D2073): 37
LogDevObjectVersion:   Dev-Mobile (B02B49B5-BB20-44E9-A304-32B752E40360): 2
LogDevObjectVersion:   Dev-Networking (A4E4105C-59A1-49B5-A7C5-40C4547EDFEE): 0
LogDevObjectVersion:   Dev-Online (39C831C9-5AE6-47DC-9A44-9C173E1C8E7C): 0
LogDevObjectVersion:   Dev-Physics (78F01B33-EBEA-4F98-B9B4-84EACCB95AA2): 4
LogDevObjectVersion:   Dev-Platform (6631380F-2D4D-43E0-8009-CF276956A95A): 0
LogDevObjectVersion:   Dev-Rendering (12F88B9F-8875-4AFC-A67C-D90C383ABD29): 43
LogDevObjectVersion:   Dev-Sequencer (7B5AE74C-D270-4C10-A958-57980B212A5A): 12
LogDevObjectVersion:   Dev-VR (D7296918-1DD6-4BDD-9DE2-64A83CC13884): 3
LogDevObjectVersion:   Dev-LoadTimes (C2A15278-BFE7-4AFE-6C17-90FF531DF755): 1
LogDevObjectVersion:   Private-Geometry (6EACA3D4-40EC-4CC1-B786-8BED09428FC5): 3
LogDevObjectVersion:   Dev-AnimPhys (29E575DD-E0A3-4627-9D10-D276232CDCEA): 17
LogDevObjectVersion:   Dev-Anim (AF43A65D-7FD3-4947-9873-3E8ED9C1BB05): 7
LogDevObjectVersion:   Dev-ReflectionCapture (6B266CEC-1EC7-4B8F-A30B-E4D90942FC07): 1
LogDevObjectVersion:   Dev-Automation (0DF73D61-A23F-47EA-B727-89E90C41499A): 1
LogDevObjectVersion:   FortniteMain (601D1886-AC64-4F84-AA16-D3DE0DEAC7D6): 31
LogDevObjectVersion:   Dev-Enterprise (9DFFBCD6-494F-0158-E221-12823C92A888): 10
LogDevObjectVersion:   Dev-Niagara (F2AED0AC-9AFE-416F-8664-AA7FFA26D6FC): 1
LogDevObjectVersion:   Dev-Destruction (174F1F0B-B4C6-45A5-B13F-2EE8D0FB917D): 10
LogDevObjectVersion:   Dev-Physics-Ext (35F94A83-E258-406C-A318-09F59610247C): 37
LogDevObjectVersion:   Dev-PhysicsMaterial-Chaos (B68FC16E-8B1B-42E2-B453-215C058844FE): 1
LogDevObjectVersion:   Dev-CineCamera (B2E18506-4273-CFC2-A54E-F4BB758BBA07): 1
LogInit: Presizing for max 25165824 objects, including 0 objects not considered by GC, pre-allocating 0 bytes for permanent pool.
LogConfig: Applying CVar settings from Section [/Script/Engine.StreamingSettings] File [C:/Users/sethg/Desktop/High Level Development II/W21_GAM1528_NoNameYet/TowerDefence/Saved/Config/Windows/Engine.ini]
LogConfig: Setting CVar [[s.MinBulkDataSizeForAsyncLoading:131072]]
LogConfig: Setting CVar [[s.AsyncLoadingThreadEnabled:0]]
LogConfig: Setting CVar [[s.EventDrivenLoaderEnabled:1]]
LogConfig: Setting CVar [[s.WarnIfTimeLimitExceeded:0]]
LogConfig: Setting CVar [[s.TimeLimitExceededMultiplier:1.5]]
LogConfig: Setting CVar [[s.TimeLimitExceededMinTime:0.005]]
LogConfig: Setting CVar [[s.UseBackgroundLevelStreaming:1]]
LogConfig: Setting CVar [[s.PriorityAsyncLoadingExtraTime:15.0]]
LogConfig: Setting CVar [[s.LevelStreamingActorsUpdateTimeLimit:5.0]]
LogConfig: Setting CVar [[s.PriorityLevelStreamingActorsUpdateExtraTime:5.0]]
LogConfig: Setting CVar [[s.LevelStreamingComponentsRegistrationGranularity:10]]
LogConfig: Setting CVar [[s.UnregisterComponentsTimeLimit:1.0]]
LogConfig: Setting CVar [[s.LevelStreamingComponentsUnregistrationGranularity:5]]
LogConfig: Setting CVar [[s.FlushStreamingOnExit:1]]
LogInit: Object subsystem initialized
LogConfig: Setting CVar [[con.DebugEarlyDefault:1]]
LogConfig: Setting CVar [[r.setres:1280x720]]
[2021.04.15-16.54.49:487][  0]LogConfig: Setting CVar [[r.VSync:0]]
[2021.04.15-16.54.49:487][  0]LogConfig: Setting CVar [[r.RHICmdBypass:0]]
[2021.04.15-16.54.49:487][  0]LogConfig: Applying CVar settings from Section [/Script/Engine.RendererSettings] File [C:/Users/sethg/Desktop/High Level Development II/W21_GAM1528_NoNameYet/TowerDefence/Saved/Config/Windows/Engine.ini]
[2021.04.15-16.54.49:487][  0]LogConfig: Setting CVar [[r.GPUCrashDebugging:0]]
[2021.04.15-16.54.49:487][  0]LogConfig: Applying CVar settings from Section [/Script/Engine.RendererOverrideSettings] File [C:/Users/sethg/Desktop/High Level Development II/W21_GAM1528_NoNameYet/TowerDefence/Saved/Config/Windows/Engine.ini]
[2021.04.15-16.54.49:487][  0]LogConfig: Applying CVar settings from Section [/Script/Engine.StreamingSettings] File [C:/Users/sethg/Desktop/High Level Development II/W21_GAM1528_NoNameYet/TowerDefence/Saved/Config/Windows/Engine.ini]
[2021.04.15-16.54.49:487][  0]LogConfig: Setting CVar [[s.MinBulkDataSizeForAsyncLoading:131072]]
[2021.04.15-16.54.49:488][  0]LogConfig: Setting CVar [[s.AsyncLoadingThreadEnabled:0]]
[2021.04.15-16.54.49:488][  0]LogConfig: Setting CVar [[s.EventDrivenLoaderEnabled:1]]
[2021.04.15-16.54.49:488][  0]LogConfig: Setting CVar [[s.WarnIfTimeLimitExceeded:0]]
[2021.04.15-16.54.49:488][  0]LogConfig: Setting CVar [[s.TimeLimitExceededMultiplier:1.5]]
[2021.04.15-16.54.49:488][  0]LogConfig: Setting CVar [[s.TimeLimitExceededMinTime:0.005]]
[2021.04.15-16.54.49:488][  0]LogConfig: Setting CVar [[s.UseBackgroundLevelStreaming:1]]
[2021.04.15-16.54.49:488][  0]LogConfig: Setting CVar [[s.PriorityAsyncLoadingExtraTime:15.0]]
[2021.04.15-16.54.49:488][  0]LogConfig: Setting CVar [[s.LevelStreamingActorsUpdateTimeLimit:5.0]]
[2021.04.15-16.54.49:488][  0]LogConfig: Setting CVar [[s.PriorityLevelStreamingActorsUpdateExtraTime:5.0]]
[2021.04.15-16.54.49:488][  0]LogConfig: Setting CVar [[s.LevelStreamingComponentsRegistrationGranularity:10]]
[2021.04.15-16.54.49:488][  0]LogConfig: Setting CVar [[s.UnregisterComponentsTimeLimit:1.0]]
[2021.04.15-16.54.49:488][  0]LogConfig: Setting CVar [[s.LevelStreamingComponentsUnregistrationGranularity:5]]
[2021.04.15-16.54.49:489][  0]LogConfig: Setting CVar [[s.FlushStreamingOnExit:1]]
[2021.04.15-16.54.49:489][  0]LogConfig: Applying CVar settings from Section [/Script/Engine.GarbageCollectionSettings] File [C:/Users/sethg/Desktop/High Level Development II/W21_GAM1528_NoNameYet/TowerDefence/Saved/Config/Windows/Engine.ini]
[2021.04.15-16.54.49:489][  0]LogConfig: Setting CVar [[gc.MaxObjectsNotConsideredByGC:1]]
[2021.04.15-16.54.49:489][  0]LogConfig: Setting CVar [[gc.SizeOfPermanentObjectPool:0]]
[2021.04.15-16.54.49:489][  0]LogConfig: Setting CVar [[gc.FlushStreamingOnGC:0]]
[2021.04.15-16.54.49:489][  0]LogConfig: Setting CVar [[gc.NumRetriesBeforeForcingGC:10]]
[2021.04.15-16.54.49:489][  0]LogConfig: Setting CVar [[gc.AllowParallelGC:1]]
[2021.04.15-16.54.49:489][  0]LogConfig: Setting CVar [[gc.TimeBetweenPurgingPendingKillObjects:61.1]]
[2021.04.15-16.54.49:489][  0]LogConfig: Setting CVar [[gc.MaxObjectsInEditor:25165824]]
[2021.04.15-16.54.49:489][  0]LogConfig: Setting CVar [[gc.IncrementalBeginDestroyEnabled:1]]
[2021.04.15-16.54.49:489][  0]LogConfig: Setting CVar [[gc.CreateGCClusters:1]]
[2021.04.15-16.54.49:489][  0]LogConfig: Setting CVar [[gc.MinGCClusterSize:5]]
[2021.04.15-16.54.49:489][  0]LogConfig: Setting CVar [[gc.ActorClusteringEnabled:0]]
[2021.04.15-16.54.49:489][  0]LogConfig: Setting CVar [[gc.BlueprintClusteringEnabled:0]]
[2021.04.15-16.54.49:489][  0]LogConfig: Setting CVar [[gc.UseDisregardForGCOnDedicatedServers:0]]
[2021.04.15-16.54.49:489][  0]LogConfig: Applying CVar settings from Section [/Script/Engine.NetworkSettings] File [C:/Users/sethg/Desktop/High Level Development II/W21_GAM1528_NoNameYet/TowerDefence/Saved/Config/Windows/Engine.ini]
[2021.04.15-16.54.49:490][  0]LogConfig: Applying CVar settings from Section [/Script/UnrealEd.CookerSettings] File [C:/Users/sethg/Desktop/High Level Development II/W21_GAM1528_NoNameYet/TowerDefence/Saved/Config/Windows/Engine.ini]
[2021.04.15-16.54.49:498][  0]LogConfig: Applying CVar settings from Section [ViewDistanceQuality@3] File [C:/Users/sethg/Desktop/High Level Development II/W21_GAM1528_NoNameYet/TowerDefence/Saved/Config/Windows/Scalability.ini]
[2021.04.15-16.54.49:498][  0]LogConfig: Setting CVar [[r.SkeletalMeshLODBias:0]]
[2021.04.15-16.54.49:498][  0]LogConfig: Setting CVar [[r.ViewDistanceScale:1.0]]
[2021.04.15-16.54.49:498][  0]LogConfig: Applying CVar settings from Section [AntiAliasingQuality@3] File [C:/Users/sethg/Desktop/High Level Development II/W21_GAM1528_NoNameYet/TowerDefence/Saved/Config/Windows/Scalability.ini]
[2021.04.15-16.54.49:498][  0]LogConfig: Setting CVar [[r.PostProcessAAQuality:4]]
[2021.04.15-16.54.49:498][  0]LogConfig: Applying CVar settings from Section [ShadowQuality@3] File [C:/Users/sethg/Desktop/High Level Development II/W21_GAM1528_NoNameYet/TowerDefence/Saved/Config/Windows/Scalability.ini]
[2021.04.15-16.54.49:498][  0]LogConfig: Setting CVar [[r.LightFunctionQuality:1]]
[2021.04.15-16.54.49:498][  0]LogConfig: Setting CVar [[r.ShadowQuality:5]]
[2021.04.15-16.54.49:498][  0]LogConfig: Setting CVar [[r.Shadow.CSM.MaxCascades:10]]
[2021.04.15-16.54.49:499][  0]LogConfig: Setting CVar [[r.Shadow.MaxResolution:2048]]
[2021.04.15-16.54.49:499][  0]LogConfig: Setting CVar [[r.Shadow.MaxCSMResolution:2048]]
[2021.04.15-16.54.49:499][  0]LogConfig: Setting CVar [[r.Shadow.RadiusThreshold:0.01]]
[2021.04.15-16.54.49:499][  0]LogConfig: Setting CVar [[r.Shadow.DistanceScale:1.0]]
[2021.04.15-16.54.49:499][  0]LogConfig: Setting CVar [[r.Shadow.CSM.TransitionScale:1.0]]
[2021.04.15-16.54.49:499][  0]LogConfig: Setting CVar [[r.Shadow.PreShadowResolutionFactor:1.0]]
[2021.04.15-16.54.49:499][  0]LogConfig: Setting CVar [[r.DistanceFieldShadowing:1]]
[2021.04.15-16.54.49:499][  0]LogConfig: Setting CVar [[r.DistanceFieldAO:1]]
[2021.04.15-16.54.49:499][  0]LogConfig: Setting CVar [[r.AOQuality:2]]
[2021.04.15-16.54.49:499][  0]LogConfig: Setting CVar [[r.VolumetricFog:1]]
[2021.04.15-16.54.49:499][  0]LogConfig: Setting CVar [[r.VolumetricFog.GridPixelSize:8]]
[2021.04.15-16.54.49:499][  0]LogConfig: Setting CVar [[r.VolumetricFog.GridSizeZ:128]]
[2021.04.15-16.54.49:499][  0]LogConfig: Setting CVar [[r.VolumetricFog.HistoryMissSupersampleCount:4]]
[2021.04.15-16.54.49:499][  0]LogConfig: Setting CVar [[r.LightMaxDrawDistanceScale:1]]
[2021.04.15-16.54.49:499][  0]LogConfig: Setting CVar [[r.CapsuleShadows:1]]
[2021.04.15-16.54.49:499][  0]LogConfig: Applying CVar settings from Section [PostProcessQuality@3] File [C:/Users/sethg/Desktop/High Level Development II/W21_GAM1528_NoNameYet/TowerDefence/Saved/Config/Windows/Scalability.ini]
[2021.04.15-16.54.49:499][  0]LogConfig: Setting CVar [[r.MotionBlurQuality:4]]
[2021.04.15-16.54.49:499][  0]LogConfig: Setting CVar [[r.AmbientOcclusionMipLevelFactor:0.4]]
[2021.04.15-16.54.49:499][  0]LogConfig: Setting CVar [[r.AmbientOcclusionMaxQuality:100]]
[2021.04.15-16.54.49:500][  0]LogConfig: Setting CVar [[r.AmbientOcclusionLevels:-1]]
[2021.04.15-16.54.49:500][  0]LogConfig: Setting CVar [[r.AmbientOcclusionRadiusScale:1.0]]
[2021.04.15-16.54.49:500][  0]LogConfig: Setting CVar [[r.DepthOfFieldQuality:2]]
[2021.04.15-16.54.49:500][  0]LogConfig: Setting CVar [[r.RenderTargetPoolMin:400]]
[2021.04.15-16.54.49:500][  0]LogConfig: Setting CVar [[r.LensFlareQuality:2]]
[2021.04.15-16.54.49:500][  0]LogConfig: Setting CVar [[r.SceneColorFringeQuality:1]]
[2021.04.15-16.54.49:500][  0]LogConfig: Setting CVar [[r.EyeAdaptationQuality:2]]
[2021.04.15-16.54.49:500][  0]LogConfig: Setting CVar [[r.BloomQuality:5]]
[2021.04.15-16.54.49:500][  0]LogConfig: Setting CVar [[r.FastBlurThreshold:100]]
[2021.04.15-16.54.49:500][  0]LogConfig: Setting CVar [[r.Upscale.Quality:3]]
[2021.04.15-16.54.49:500][  0]LogConfig: Setting CVar [[r.Tonemapper.GrainQuantization:1]]
[2021.04.15-16.54.49:500][  0]LogConfig: Setting CVar [[r.LightShaftQuality:1]]
[2021.04.15-16.54.49:500][  0]LogConfig: Setting CVar [[r.Filter.SizeScale:1]]
[2021.04.15-16.54.49:500][  0]LogConfig: Setting CVar [[r.Tonemapper.Quality:5]]
[2021.04.15-16.54.49:500][  0]LogConfig: Setting CVar [[r.DOF.Gather.AccumulatorQuality:1        ; higher gathering accumulator quality]]
[2021.04.15-16.54.49:500][  0]LogConfig: Setting CVar [[r.DOF.Gather.PostfilterMethod:1          ; Median3x3 postfilering method]]
[2021.04.15-16.54.49:500][  0]LogConfig: Setting CVar [[r.DOF.Gather.EnableBokehSettings:0       ; no bokeh simulation when gathering]]
[2021.04.15-16.54.49:500][  0]LogConfig: Setting CVar [[r.DOF.Gather.RingCount:4                 ; medium number of samples when gathering]]
[2021.04.15-16.54.49:500][  0]LogConfig: Setting CVar [[r.DOF.Scatter.ForegroundCompositing:1    ; additive foreground scattering]]
[2021.04.15-16.54.49:500][  0]LogConfig: Setting CVar [[r.DOF.Scatter.BackgroundCompositing:2    ; additive background scattering]]
[2021.04.15-16.54.49:501][  0]LogConfig: Setting CVar [[r.DOF.Scatter.EnableBokehSettings:1      ; bokeh simulation when scattering]]
[2021.04.15-16.54.49:501][  0]LogConfig: Setting CVar [[r.DOF.Scatter.MaxSpriteRatio:0.1         ; only a maximum of 10% of scattered bokeh]]
[2021.04.15-16.54.49:501][  0]LogConfig: Setting CVar [[r.DOF.Recombine.Quality:1                ; cheap slight out of focus]]
[2021.04.15-16.54.49:501][  0]LogConfig: Setting CVar [[r.DOF.Recombine.EnableBokehSettings:0    ; no bokeh simulation on slight out of focus]]
[2021.04.15-16.54.49:501][  0]LogConfig: Setting CVar [[r.DOF.TemporalAAQuality:1                ; more stable temporal accumulation]]
[2021.04.15-16.54.49:501][  0]LogConfig: Setting CVar [[r.DOF.Kernel.MaxForegroundRadius:0.025]]
[2021.04.15-16.54.49:501][  0]LogConfig: Setting CVar [[r.DOF.Kernel.MaxBackgroundRadius:0.025]]
[2021.04.15-16.54.49:501][  0]LogConfig: Applying CVar settings from Section [TextureQuality@3] File [C:/Users/sethg/Desktop/High Level Development II/W21_GAM1528_NoNameYet/TowerDefence/Saved/Config/Windows/Scalability.ini]
[2021.04.15-16.54.49:501][  0]LogConfig: Setting CVar [[r.Streaming.MipBias:0]]
[2021.04.15-16.54.49:501][  0]LogConfig: Setting CVar [[r.Streaming.AmortizeCPUToGPUCopy:0]]
[2021.04.15-16.54.49:501][  0]LogConfig: Setting CVar [[r.Streaming.MaxNumTexturesToStreamPerFrame:0]]
[2021.04.15-16.54.49:501][  0]LogConfig: Setting CVar [[r.Streaming.Boost:1]]
[2021.04.15-16.54.49:501][  0]LogConfig: Setting CVar [[r.MaxAnisotropy:8]]
[2021.04.15-16.54.49:501][  0]LogConfig: Setting CVar [[r.VT.MaxAnisotropy:8]]
[2021.04.15-16.54.49:501][  0]LogConfig: Setting CVar [[r.Streaming.LimitPoolSizeToVRAM:0]]
[2021.04.15-16.54.49:501][  0]LogConfig: Setting CVar [[r.Streaming.PoolSize:1000]]
[2021.04.15-16.54.49:501][  0]LogConfig: Setting CVar [[r.Streaming.MaxEffectiveScreenSize:0]]
[2021.04.15-16.54.49:501][  0]LogConfig: Applying CVar settings from Section [EffectsQuality@3] File [C:/Users/sethg/Desktop/High Level Development II/W21_GAM1528_NoNameYet/TowerDefence/Saved/Config/Windows/Scalability.ini]
[2021.04.15-16.54.49:502][  0]LogConfig: Setting CVar [[r.TranslucencyLightingVolumeDim:64]]
[2021.04.15-16.54.49:502][  0]LogConfig: Setting CVar [[r.RefractionQuality:2]]
[2021.04.15-16.54.49:502][  0]LogConfig: Setting CVar [[r.SSR.Quality:3]]
[2021.04.15-16.54.49:502][  0]LogConfig: Setting CVar [[r.SSR.HalfResSceneColor:0]]
[2021.04.15-16.54.49:502][  0]LogConfig: Setting CVar [[r.SceneColorFormat:4]]
[2021.04.15-16.54.49:502][  0]LogConfig: Setting CVar [[r.DetailMode:2]]
[2021.04.15-16.54.49:502][  0]LogConfig: Setting CVar [[r.TranslucencyVolumeBlur:1]]
[2021.04.15-16.54.49:502][  0]LogConfig: Setting CVar [[r.MaterialQualityLevel:1 ; High quality]]
[2021.04.15-16.54.49:502][  0]LogConfig: Setting CVar [[r.SSS.Scale:1]]
[2021.04.15-16.54.49:502][  0]LogConfig: Setting CVar [[r.SSS.SampleSet:2]]
[2021.04.15-16.54.49:502][  0]LogConfig: Setting CVar [[r.SSS.Quality:1]]
[2021.04.15-16.54.49:502][  0]LogConfig: Setting CVar [[r.SSS.HalfRes:0]]
[2021.04.15-16.54.49:502][  0]LogConfig: Setting CVar [[r.SSGI.Quality:3]]
[2021.04.15-16.54.49:502][  0]LogConfig: Setting CVar [[r.EmitterSpawnRateScale:1.0]]
[2021.04.15-16.54.49:502][  0]LogConfig: Setting CVar [[r.ParticleLightQuality:2]]
[2021.04.15-16.54.49:502][  0]LogConfig: Setting CVar [[r.SkyAtmosphere.AerialPerspectiveLUT.FastApplyOnOpaque:1 ; Always have FastSkyLUT 1 in this case to avoid wrong sky]]
[2021.04.15-16.54.49:502][  0]LogConfig: Setting CVar [[r.SkyAtmosphere.AerialPerspectiveLUT.SampleCountPerSlice:1]]
[2021.04.15-16.54.49:502][  0]LogConfig: Setting CVar [[r.SkyAtmosphere.AerialPerspectiveLUT.DepthResolution:16.0]]
[2021.04.15-16.54.49:503][  0]LogConfig: Setting CVar [[r.SkyAtmosphere.FastSkyLUT:1]]
[2021.04.15-16.54.49:503][  0]LogConfig: Setting CVar [[r.SkyAtmosphere.FastSkyLUT.SampleCountMin:4.0]]
[2021.04.15-16.54.49:503][  0]LogConfig: Setting CVar [[r.SkyAtmosphere.FastSkyLUT.SampleCountMax:32.0]]
[2021.04.15-16.54.49:503][  0]LogConfig: Setting CVar [[r.SkyAtmosphere.SampleCountMin:4.0]]
[2021.04.15-16.54.49:503][  0]LogConfig: Setting CVar [[r.SkyAtmosphere.SampleCountMax:32.0]]
[2021.04.15-16.54.49:503][  0]LogConfig: Setting CVar [[r.SkyAtmosphere.TransmittanceLUT.UseSmallFormat:0]]
[2021.04.15-16.54.49:503][  0]LogConfig: Setting CVar [[r.SkyAtmosphere.TransmittanceLUT.SampleCount:10.0]]
[2021.04.15-16.54.49:503][  0]LogConfig: Setting CVar [[r.SkyAtmosphere.MultiScatteringLUT.SampleCount:15.0]]
[2021.04.15-16.54.49:503][  0]LogConfig: Applying CVar settings from Section [FoliageQuality@3] File [C:/Users/sethg/Desktop/High Level Development II/W21_GAM1528_NoNameYet/TowerDefence/Saved/Config/Windows/Scalability.ini]
[2021.04.15-16.54.49:503][  0]LogConfig: Setting CVar [[foliage.DensityScale:1.0]]
[2021.04.15-16.54.49:503][  0]LogConfig: Setting CVar [[grass.DensityScale:1.0]]
[2021.04.15-16.54.49:503][  0]LogConfig: Applying CVar settings from Section [ShadingQuality@3] File [C:/Users/sethg/Desktop/High Level Development II/W21_GAM1528_NoNameYet/TowerDefence/Saved/Config/Windows/Scalability.ini]
[2021.04.15-16.54.49:503][  0]LogConfig: Setting CVar [[r.HairStrands.SkyLighting.SampleCount:16]]
[2021.04.15-16.54.49:503][  0]LogConfig: Setting CVar [[r.HairStrands.SkyLighting.JitterIntegration:0]]
[2021.04.15-16.54.49:503][  0]LogConfig: Setting CVar [[r.HairStrands.SkyAO.SampleCount:16]]
[2021.04.15-16.54.49:503][  0]LogConfig: Setting CVar [[r.HairStrands.DeepShadow.SuperSampling:0]]
[2021.04.15-16.54.49:503][  0]LogConfig: Setting CVar [[r.HairStrands.VisibilityPPLL:0]]
[2021.04.15-16.54.49:503][  0]LogConfig: Setting CVar [[r.HairStrands.RasterizationScale:0.5]]
[2021.04.15-16.54.49:503][  0]LogConfig: Setting CVar [[r.HairStrands.VelocityRasterizationScale:1]]
[2021.04.15-16.54.49:504][  0]LogInit: Selected Device Profile: [Windows]
[2021.04.15-16.54.49:504][  0]LogInit: Applying CVar settings loaded from the selected device profile: [Windows]
[2021.04.15-16.54.49:504][  0]LogHAL: Display: Platform has ~ 16 GB [17023397888 / 17179869184 / 16], which maps to Larger [LargestMinGB=32, LargerMinGB=12, DefaultMinGB=8, SmallerMinGB=6, SmallestMinGB=0)
[2021.04.15-16.54.49:504][  0]LogInit: Going up to parent DeviceProfile []
[2021.04.15-16.54.49:504][  0]LogConfig: Applying CVar settings from Section [ViewDistanceQuality@3] File [C:/Users/sethg/Desktop/High Level Development II/W21_GAM1528_NoNameYet/TowerDefence/Saved/Config/Windows/Scalability.ini]
[2021.04.15-16.54.49:504][  0]LogConfig: Setting CVar [[r.SkeletalMeshLODBias:0]]
[2021.04.15-16.54.49:504][  0]LogConfig: Setting CVar [[r.ViewDistanceScale:1.0]]
[2021.04.15-16.54.49:504][  0]LogConfig: Applying CVar settings from Section [AntiAliasingQuality@3] File [C:/Users/sethg/Desktop/High Level Development II/W21_GAM1528_NoNameYet/TowerDefence/Saved/Config/Windows/Scalability.ini]
[2021.04.15-16.54.49:504][  0]LogConfig: Setting CVar [[r.PostProcessAAQuality:4]]
[2021.04.15-16.54.49:504][  0]LogConfig: Applying CVar settings from Section [ShadowQuality@3] File [C:/Users/sethg/Desktop/High Level Development II/W21_GAM1528_NoNameYet/TowerDefence/Saved/Config/Windows/Scalability.ini]
[2021.04.15-16.54.49:504][  0]LogConfig: Setting CVar [[r.LightFunctionQuality:1]]
[2021.04.15-16.54.49:504][  0]LogConfig: Setting CVar [[r.ShadowQuality:5]]
[2021.04.15-16.54.49:504][  0]LogConfig: Setting CVar [[r.Shadow.CSM.MaxCascades:10]]
[2021.04.15-16.54.49:504][  0]LogConfig: Setting CVar [[r.Shadow.MaxResolution:2048]]
[2021.04.15-16.54.49:504][  0]LogConfig: Setting CVar [[r.Shadow.MaxCSMResolution:2048]]
[2021.04.15-16.54.49:504][  0]LogConfig: Setting CVar [[r.Shadow.RadiusThreshold:0.01]]
[2021.04.15-16.54.49:504][  0]LogConfig: Setting CVar [[r.Shadow.DistanceScale:1.0]]
[2021.04.15-16.54.49:504][  0]LogConfig: Setting CVar [[r.Shadow.CSM.TransitionScale:1.0]]
[2021.04.15-16.54.49:504][  0]LogConfig: Setting CVar [[r.Shadow.PreShadowResolutionFactor:1.0]]
[2021.04.15-16.54.49:505][  0]LogConfig: Setting CVar [[r.DistanceFieldShadowing:1]]
[2021.04.15-16.54.49:505][  0]LogConfig: Setting CVar [[r.DistanceFieldAO:1]]
[2021.04.15-16.54.49:505][  0]LogConfig: Setting CVar [[r.AOQuality:2]]
[2021.04.15-16.54.49:505][  0]LogConfig: Setting CVar [[r.VolumetricFog:1]]
[2021.04.15-16.54.49:505][  0]LogConfig: Setting CVar [[r.VolumetricFog.GridPixelSize:8]]
[2021.04.15-16.54.49:505][  0]LogConfig: Setting CVar [[r.VolumetricFog.GridSizeZ:128]]
[2021.04.15-16.54.49:505][  0]LogConfig: Setting CVar [[r.VolumetricFog.HistoryMissSupersampleCount:4]]
[2021.04.15-16.54.49:505][  0]LogConfig: Setting CVar [[r.LightMaxDrawDistanceScale:1]]
[2021.04.15-16.54.49:505][  0]LogConfig: Setting CVar [[r.CapsuleShadows:1]]
[2021.04.15-16.54.49:505][  0]LogConfig: Applying CVar settings from Section [PostProcessQuality@3] File [C:/Users/sethg/Desktop/High Level Development II/W21_GAM1528_NoNameYet/TowerDefence/Saved/Config/Windows/Scalability.ini]
[2021.04.15-16.54.49:505][  0]LogConfig: Setting CVar [[r.MotionBlurQuality:4]]
[2021.04.15-16.54.49:505][  0]LogConfig: Setting CVar [[r.AmbientOcclusionMipLevelFactor:0.4]]
[2021.04.15-16.54.49:505][  0]LogConfig: Setting CVar [[r.AmbientOcclusionMaxQuality:100]]
[2021.04.15-16.54.49:505][  0]LogConfig: Setting CVar [[r.AmbientOcclusionLevels:-1]]
[2021.04.15-16.54.49:505][  0]LogConfig: Setting CVar [[r.AmbientOcclusionRadiusScale:1.0]]
[2021.04.15-16.54.49:505][  0]LogConfig: Setting CVar [[r.DepthOfFieldQuality:2]]
[2021.04.15-16.54.49:505][  0]LogConfig: Setting CVar [[r.RenderTargetPoolMin:400]]
[2021.04.15-16.54.49:505][  0]LogConfig: Setting CVar [[r.LensFlareQuality:2]]
[2021.04.15-16.54.49:505][  0]LogConfig: Setting CVar [[r.SceneColorFringeQuality:1]]
[2021.04.15-16.54.49:505][  0]LogConfig: Setting CVar [[r.EyeAdaptationQuality:2]]
[2021.04.15-16.54.49:506][  0]LogConfig: Setting CVar [[r.BloomQuality:5]]
[2021.04.15-16.54.49:506][  0]LogConfig: Setting CVar [[r.FastBlurThreshold:100]]
[2021.04.15-16.54.49:506][  0]LogConfig: Setting CVar [[r.Upscale.Quality:3]]
[2021.04.15-16.54.49:506][  0]LogConfig: Setting CVar [[r.Tonemapper.GrainQuantization:1]]
[2021.04.15-16.54.49:506][  0]LogConfig: Setting CVar [[r.LightShaftQuality:1]]
[2021.04.15-16.54.49:506][  0]LogConfig: Setting CVar [[r.Filter.SizeScale:1]]
[2021.04.15-16.54.49:506][  0]LogConfig: Setting CVar [[r.Tonemapper.Quality:5]]
[2021.04.15-16.54.49:506][  0]LogConfig: Setting CVar [[r.DOF.Gather.AccumulatorQuality:1        ; higher gathering accumulator quality]]
[2021.04.15-16.54.49:506][  0]LogConfig: Setting CVar [[r.DOF.Gather.PostfilterMethod:1          ; Median3x3 postfilering method]]
[2021.04.15-16.54.49:506][  0]LogConfig: Setting CVar [[r.DOF.Gather.EnableBokehSettings:0       ; no bokeh simulation when gathering]]
[2021.04.15-16.54.49:506][  0]LogConfig: Setting CVar [[r.DOF.Gather.RingCount:4                 ; medium number of samples when gathering]]
[2021.04.15-16.54.49:506][  0]LogConfig: Setting CVar [[r.DOF.Scatter.ForegroundCompositing:1    ; additive foreground scattering]]
[2021.04.15-16.54.49:506][  0]LogConfig: Setting CVar [[r.DOF.Scatter.BackgroundCompositing:2    ; additive background scattering]]
[2021.04.15-16.54.49:506][  0]LogConfig: Setting CVar [[r.DOF.Scatter.EnableBokehSettings:1      ; bokeh simulation when scattering]]
[2021.04.15-16.54.49:506][  0]LogConfig: Setting CVar [[r.DOF.Scatter.MaxSpriteRatio:0.1         ; only a maximum of 10% of scattered bokeh]]
[2021.04.15-16.54.49:506][  0]LogConfig: Setting CVar [[r.DOF.Recombine.Quality:1                ; cheap slight out of focus]]
[2021.04.15-16.54.49:506][  0]LogConfig: Setting CVar [[r.DOF.Recombine.EnableBokehSettings:0    ; no bokeh simulation on slight out of focus]]
[2021.04.15-16.54.49:506][  0]LogConfig: Setting CVar [[r.DOF.TemporalAAQuality:1                ; more stable temporal accumulation]]
[2021.04.15-16.54.49:506][  0]LogConfig: Setting CVar [[r.DOF.Kernel.MaxForegroundRadius:0.025]]
[2021.04.15-16.54.49:506][  0]LogConfig: Setting CVar [[r.DOF.Kernel.MaxBackgroundRadius:0.025]]
[2021.04.15-16.54.49:507][  0]LogConfig: Applying CVar settings from Section [TextureQuality@3] File [C:/Users/sethg/Desktop/High Level Development II/W21_GAM1528_NoNameYet/TowerDefence/Saved/Config/Windows/Scalability.ini]
[2021.04.15-16.54.49:507][  0]LogConfig: Setting CVar [[r.Streaming.MipBias:0]]
[2021.04.15-16.54.49:507][  0]LogConfig: Setting CVar [[r.Streaming.AmortizeCPUToGPUCopy:0]]
[2021.04.15-16.54.49:507][  0]LogConfig: Setting CVar [[r.Streaming.MaxNumTexturesToStreamPerFrame:0]]
[2021.04.15-16.54.49:507][  0]LogConfig: Setting CVar [[r.Streaming.Boost:1]]
[2021.04.15-16.54.49:507][  0]LogConfig: Setting CVar [[r.MaxAnisotropy:8]]
[2021.04.15-16.54.49:507][  0]LogConfig: Setting CVar [[r.VT.MaxAnisotropy:8]]
[2021.04.15-16.54.49:507][  0]LogConfig: Setting CVar [[r.Streaming.LimitPoolSizeToVRAM:0]]
[2021.04.15-16.54.49:507][  0]LogConfig: Setting CVar [[r.Streaming.PoolSize:1000]]
[2021.04.15-16.54.49:507][  0]LogConfig: Setting CVar [[r.Streaming.MaxEffectiveScreenSize:0]]
[2021.04.15-16.54.49:507][  0]LogConfig: Applying CVar settings from Section [EffectsQuality@3] File [C:/Users/sethg/Desktop/High Level Development II/W21_GAM1528_NoNameYet/TowerDefence/Saved/Config/Windows/Scalability.ini]
[2021.04.15-16.54.49:507][  0]LogConfig: Setting CVar [[r.TranslucencyLightingVolumeDim:64]]
[2021.04.15-16.54.49:507][  0]LogConfig: Setting CVar [[r.RefractionQuality:2]]
[2021.04.15-16.54.49:507][  0]LogConfig: Setting CVar [[r.SSR.Quality:3]]
[2021.04.15-16.54.49:507][  0]LogConfig: Setting CVar [[r.SSR.HalfResSceneColor:0]]
[2021.04.15-16.54.49:507][  0]LogConfig: Setting CVar [[r.SceneColorFormat:4]]
[2021.04.15-16.54.49:507][  0]LogConfig: Setting CVar [[r.DetailMode:2]]
[2021.04.15-16.54.49:507][  0]LogConfig: Setting CVar [[r.TranslucencyVolumeBlur:1]]
[2021.04.15-16.54.49:507][  0]LogConfig: Setting CVar [[r.MaterialQualityLevel:1 ; High quality]]
[2021.04.15-16.54.49:507][  0]LogConfig: Setting CVar [[r.SSS.Scale:1]]
[2021.04.15-16.54.49:508][  0]LogConfig: Setting CVar [[r.SSS.SampleSet:2]]
[2021.04.15-16.54.49:508][  0]LogConfig: Setting CVar [[r.SSS.Quality:1]]
[2021.04.15-16.54.49:508][  0]LogConfig: Setting CVar [[r.SSS.HalfRes:0]]
[2021.04.15-16.54.49:508][  0]LogConfig: Setting CVar [[r.SSGI.Quality:3]]
[2021.04.15-16.54.49:508][  0]LogConfig: Setting CVar [[r.EmitterSpawnRateScale:1.0]]
[2021.04.15-16.54.49:508][  0]LogConfig: Setting CVar [[r.ParticleLightQuality:2]]
[2021.04.15-16.54.49:508][  0]LogConfig: Setting CVar [[r.SkyAtmosphere.AerialPerspectiveLUT.FastApplyOnOpaque:1 ; Always have FastSkyLUT 1 in this case to avoid wrong sky]]
[2021.04.15-16.54.49:508][  0]LogConfig: Setting CVar [[r.SkyAtmosphere.AerialPerspectiveLUT.SampleCountPerSlice:1]]
[2021.04.15-16.54.49:508][  0]LogConfig: Setting CVar [[r.SkyAtmosphere.AerialPerspectiveLUT.DepthResolution:16.0]]
[2021.04.15-16.54.49:508][  0]LogConfig: Setting CVar [[r.SkyAtmosphere.FastSkyLUT:1]]
[2021.04.15-16.54.49:508][  0]LogConfig: Setting CVar [[r.SkyAtmosphere.FastSkyLUT.SampleCountMin:4.0]]
[2021.04.15-16.54.49:508][  0]LogConfig: Setting CVar [[r.SkyAtmosphere.FastSkyLUT.SampleCountMax:32.0]]
[2021.04.15-16.54.49:508][  0]LogConfig: Setting CVar [[r.SkyAtmosphere.SampleCountMin:4.0]]
[2021.04.15-16.54.49:508][  0]LogConfig: Setting CVar [[r.SkyAtmosphere.SampleCountMax:32.0]]
[2021.04.15-16.54.49:508][  0]LogConfig: Setting CVar [[r.SkyAtmosphere.TransmittanceLUT.UseSmallFormat:0]]
[2021.04.15-16.54.49:508][  0]LogConfig: Setting CVar [[r.SkyAtmosphere.TransmittanceLUT.SampleCount:10.0]]
[2021.04.15-16.54.49:508][  0]LogConfig: Setting CVar [[r.SkyAtmosphere.MultiScatteringLUT.SampleCount:15.0]]
[2021.04.15-16.54.49:508][  0]LogConfig: Applying CVar settings from Section [FoliageQuality@3] File [C:/Users/sethg/Desktop/High Level Development II/W21_GAM1528_NoNameYet/TowerDefence/Saved/Config/Windows/Scalability.ini]
[2021.04.15-16.54.49:508][  0]LogConfig: Setting CVar [[foliage.DensityScale:1.0]]
[2021.04.15-16.54.49:508][  0]LogConfig: Setting CVar [[grass.DensityScale:1.0]]
[2021.04.15-16.54.49:509][  0]LogConfig: Applying CVar settings from Section [ShadingQuality@3] File [C:/Users/sethg/Desktop/High Level Development II/W21_GAM1528_NoNameYet/TowerDefence/Saved/Config/Windows/Scalability.ini]
[2021.04.15-16.54.49:509][  0]LogConfig: Setting CVar [[r.HairStrands.SkyLighting.SampleCount:16]]
[2021.04.15-16.54.49:509][  0]LogConfig: Setting CVar [[r.HairStrands.SkyLighting.JitterIntegration:0]]
[2021.04.15-16.54.49:509][  0]LogConfig: Setting CVar [[r.HairStrands.SkyAO.SampleCount:16]]
[2021.04.15-16.54.49:509][  0]LogConfig: Setting CVar [[r.HairStrands.DeepShadow.SuperSampling:0]]
[2021.04.15-16.54.49:509][  0]LogConfig: Setting CVar [[r.HairStrands.VisibilityPPLL:0]]
[2021.04.15-16.54.49:509][  0]LogConfig: Setting CVar [[r.HairStrands.RasterizationScale:0.5]]
[2021.04.15-16.54.49:509][  0]LogConfig: Setting CVar [[r.HairStrands.VelocityRasterizationScale:1]]
[2021.04.15-16.54.49:509][  0]LogConfig: Applying CVar settings from Section [Startup] File [../../../Engine/Config/ConsoleVariables.ini]
[2021.04.15-16.54.49:510][  0]LogConfig: Setting CVar [[net.UseAdaptiveNetUpdateFrequency:0]]
[2021.04.15-16.54.49:510][  0]LogConfig: Setting CVar [[p.chaos.AllowCreatePhysxBodies:1]]
[2021.04.15-16.54.49:510][  0]LogConfig: Setting CVar [[fx.SkipVectorVMBackendOptimizations:1]]
[2021.04.15-16.54.49:511][  0]LogConfig: Applying CVar settings from Section [ConsoleVariables] File [C:/Users/sethg/Desktop/High Level Development II/W21_GAM1528_NoNameYet/TowerDefence/Saved/Config/Windows/Engine.ini]
[2021.04.15-16.54.49:511][  0]LogInit: Computer: LAPTOP-K3PBHEDP
[2021.04.15-16.54.49:511][  0]LogInit: User: sethg
[2021.04.15-16.54.49:511][  0]LogInit: CPU Page size=4096, Cores=6
[2021.04.15-16.54.49:512][  0]LogInit: High frequency timer resolution =10.000000 MHz
[2021.04.15-16.54.49:512][  0]LogMemory: Memory total: Physical=15.9GB (16GB approx)
[2021.04.15-16.54.49:512][  0]LogMemory: Platform Memory Stats for Windows
[2021.04.15-16.54.49:512][  0]LogMemory: Process Physical Memory: 117.27 MB used, 117.28 MB peak
[2021.04.15-16.54.49:512][  0]LogMemory: Process Virtual Memory: 105.70 MB used, 105.70 MB peak
[2021.04.15-16.54.49:512][  0]LogMemory: Physical Memory: 11749.98 MB used,  4484.80 MB free, 16234.78 MB total
[2021.04.15-16.54.49:513][  0]LogMemory: Virtual Memory: 5174.91 MB used,  134212552.00 MB free, 134217728.00 MB total
[2021.04.15-16.54.49:525][  0]LogWindows: WindowsPlatformFeatures enabled
[2021.04.15-16.54.49:803][  0]LogInit: Physics initialised using underlying interface: PhysX
[2021.04.15-16.54.49:805][  0]LogInit: Using OS detected language (en-US).
[2021.04.15-16.54.49:805][  0]LogInit: Using OS detected locale (en-CA).
[2021.04.15-16.54.49:807][  0]LogTextLocalizationManager: No specific localization for 'en-US' exists, so the 'en' localization will be used.
[2021.04.15-16.54.49:986][  0]LogInit: Setting process to per monitor DPI aware
[2021.04.15-16.54.50:056][  0]LogSlate: New Slate User Created.  User Index 0, Is Virtual User: 0
[2021.04.15-16.54.50:057][  0]LogSlate: Slate User Registered.  User Index 0, Is Virtual User: 0
[2021.04.15-16.54.50:345][  0]LogHMD: Failed to initialize OpenVR with code 110
[2021.04.15-16.54.50:345][  0]LogD3D11RHI: D3D11 min allowed feature level: 11_0
[2021.04.15-16.54.50:345][  0]LogD3D11RHI: D3D11 max allowed feature level: 11_0
[2021.04.15-16.54.50:345][  0]LogD3D11RHI: D3D11 adapters:
[2021.04.15-16.54.50:471][  0]LogD3D11RHI:    0. 'NVIDIA GeForce GTX 1060' (Feature Level 11_0)
[2021.04.15-16.54.50:471][  0]LogD3D11RHI:       6052/0/8117 MB DedicatedVideo/DedicatedSystem/SharedSystem, Outputs:1, VendorId:0x10de
[2021.04.15-16.54.50:508][  0]LogD3D11RHI:    1. 'Intel(R) UHD Graphics 630' (Feature Level 11_0)
[2021.04.15-16.54.50:508][  0]LogD3D11RHI:       128/0/8117 MB DedicatedVideo/DedicatedSystem/SharedSystem, Outputs:0, VendorId:0x8086
[2021.04.15-16.54.50:518][  0]LogD3D11RHI:    2. 'Microsoft Basic Render Driver' (Feature Level 11_0)
[2021.04.15-16.54.50:518][  0]LogD3D11RHI:       0/0/8117 MB DedicatedVideo/DedicatedSystem/SharedSystem, Outputs:0, VendorId:0x1414
[2021.04.15-16.54.50:518][  0]LogD3D11RHI: Chosen D3D11 Adapter: 0
[2021.04.15-16.54.50:564][  0]LogD3D11RHI: Creating new Direct3DDevice
[2021.04.15-16.54.50:564][  0]LogD3D11RHI:     GPU DeviceId: 0x1c20 (for the marketing name, search the web for "GPU Device Id")
[2021.04.15-16.54.50:564][  0]LogWindows: EnumDisplayDevices:
[2021.04.15-16.54.50:564][  0]LogWindows:    0. 'Intel(R) UHD Graphics 630' (P:1 D:1)
[2021.04.15-16.54.50:564][  0]LogWindows:    1. 'Intel(R) UHD Graphics 630' (P:0 D:0)
[2021.04.15-16.54.50:565][  0]LogWindows:    2. 'Intel(R) UHD Graphics 630' (P:0 D:0)
[2021.04.15-16.54.50:565][  0]LogWindows:    3. 'NVIDIA GeForce GTX 1060' (P:0 D:0)
[2021.04.15-16.54.50:565][  0]LogWindows: DebugString: PrimaryIsNotTheChoosenAdapter PrimaryIsNotTheChoosenAdapter PrimaryIsNotTheChoosenAdapter 
[2021.04.15-16.54.50:566][  0]LogD3D11RHI:     Adapter Name: NVIDIA GeForce GTX 1060
[2021.04.15-16.54.50:566][  0]LogD3D11RHI:   Driver Version: 451.67 (internal:27.21.14.5167, unified:451.67)
[2021.04.15-16.54.50:566][  0]LogD3D11RHI:      Driver Date: 7-5-2020
[2021.04.15-16.54.50:566][  0]LogRHI: Texture pool is 4236 MB (70% of 6052 MB)
[2021.04.15-16.54.50:636][  0]LogD3D11RHI: RHI has support for 64 bit atomics
[2021.04.15-16.54.50:639][  0]LogD3D11RHI: [Aftermath] Enabled and primed
[2021.04.15-16.54.50:639][  0]LogD3D11RHI: Async texture creation enabled
[2021.04.15-16.54.50:639][  0]LogD3D11RHI: Array index from any shader is supported
[2021.04.15-16.54.50:678][  0]LogD3D11RHI: GPU Timing Frequency: 1000.000000 (Debug: 2 1)
[2021.04.15-16.54.51:018][  0]LogTargetPlatformManager: Display: Loaded TargetPlatform 'AllDesktop'
[2021.04.15-16.54.51:042][  0]LogTargetPlatformManager: Display: Loaded TargetPlatform 'Android'
[2021.04.15-16.54.51:043][  0]LogTargetPlatformManager: Display: Loaded TargetPlatform 'Android_ASTC'
[2021.04.15-16.54.51:043][  0]LogTargetPlatformManager: Display: Loaded TargetPlatform 'Android_DXT'
[2021.04.15-16.54.51:043][  0]LogTargetPlatformManager: Display: Loaded TargetPlatform 'Android_ETC2'
[2021.04.15-16.54.51:043][  0]LogTargetPlatformManager: Display: Loaded TargetPlatform 'AndroidClient'
[2021.04.15-16.54.51:043][  0]LogTargetPlatformManager: Display: Loaded TargetPlatform 'Android_ASTCClient'
[2021.04.15-16.54.51:043][  0]LogTargetPlatformManager: Display: Loaded TargetPlatform 'Android_DXTClient'
[2021.04.15-16.54.51:043][  0]LogTargetPlatformManager: Display: Loaded TargetPlatform 'Android_ETC2Client'
[2021.04.15-16.54.51:043][  0]LogTargetPlatformManager: Display: Loaded TargetPlatform 'Android_Multi'
[2021.04.15-16.54.51:043][  0]LogTargetPlatformManager: Display: Loaded TargetPlatform 'Android_MultiClient'
[2021.04.15-16.54.51:088][  0]LogTargetPlatformManager: Display: Loaded TargetPlatform 'IOSClient'
[2021.04.15-16.54.51:088][  0]LogTargetPlatformManager: Display: Loaded TargetPlatform 'IOS'
[2021.04.15-16.54.51:101][  0]LogTargetPlatformManager: Display: Loaded TargetPlatform 'Linux'
[2021.04.15-16.54.51:113][  0]LogTargetPlatformManager: Display: Loaded TargetPlatform 'LinuxNoEditor'
[2021.04.15-16.54.51:128][  0]LogTargetPlatformManager: Display: Loaded TargetPlatform 'LinuxClient'
[2021.04.15-16.54.51:139][  0]LogTargetPlatformManager: Display: Loaded TargetPlatform 'LinuxServer'
[2021.04.15-16.54.51:151][  0]LogTargetPlatformManager: Display: Loaded TargetPlatform 'LinuxAArch64NoEditor'
[2021.04.15-16.54.51:164][  0]LogTargetPlatformManager: Display: Loaded TargetPlatform 'LinuxAArch64Client'
[2021.04.15-16.54.51:175][  0]LogTargetPlatformManager: Display: Loaded TargetPlatform 'LinuxAArch64Server'
[2021.04.15-16.54.51:205][  0]LogTargetPlatformManager: Display: Loaded TargetPlatform 'Lumin'
[2021.04.15-16.54.51:206][  0]LogTargetPlatformManager: Display: Loaded TargetPlatform 'LuminClient'
[2021.04.15-16.54.51:225][  0]LogTargetPlatformManager: Display: Loaded TargetPlatform 'TVOSClient'
[2021.04.15-16.54.51:225][  0]LogTargetPlatformManager: Display: Loaded TargetPlatform 'TVOS'
[2021.04.15-16.54.51:237][  0]LogTargetPlatformManager: Display: Loaded TargetPlatform 'WindowsNoEditor'
[2021.04.15-16.54.51:250][  0]LogTargetPlatformManager: Display: Loaded TargetPlatform 'Windows'
[2021.04.15-16.54.51:262][  0]LogTargetPlatformManager: Display: Loaded TargetPlatform 'WindowsClient'
[2021.04.15-16.54.51:273][  0]LogTargetPlatformManager: Display: Loaded TargetPlatform 'WindowsServer'
[2021.04.15-16.54.51:273][  0]LogTargetPlatformManager: Display: Building Assets For Windows
[2021.04.15-16.54.51:297][  0]LogAudioDebug: Display: Lib vorbis DLL was dynamically loaded.
[2021.04.15-16.54.51:417][  0]LogShaderCompilers: Guid format shader working directory is -37 characters bigger than the processId version (C:/Users/sethg/Desktop/High Level Development II/W21_GAM1528_NoNameYet/TowerDefence/Intermediate/Shaders/WorkingDirectory/5012/).
[2021.04.15-16.54.51:418][  0]LogShaderCompilers: Cleaned the shader compiler working directory 'C:/Users/sethg/AppData/Local/Temp/UnrealShaderWorkingDir/24A0F1DA4E38C54F1E247AA6AB7E5B27/'.
[2021.04.15-16.54.51:418][  0]LogXGEController: Cleaning working directory: C:/Users/sethg/AppData/Local/Temp/UnrealXGEWorkingDir/
[2021.04.15-16.54.51:419][  0]LogXGEController: Cannot use XGE Controller as Incredibuild is not installed on this machine.
[2021.04.15-16.54.51:419][  0]LogShaderCompilers: Cannot use XGE Shader Compiler as Incredibuild is not installed on this machine.
[2021.04.15-16.54.51:419][  0]LogShaderCompilers: Display: Using Local Shader Compiler.
[2021.04.15-16.54.52:170][  0]LogDerivedDataCache: Display: Max Cache Size: 512 MB
[2021.04.15-16.54.52:234][  0]LogDerivedDataCache: Loaded boot cache 0.06s 75MB C:/Users/sethg/AppData/Local/UnrealEngine/4.25/DerivedDataCache/Boot.ddc.
[2021.04.15-16.54.52:234][  0]LogDerivedDataCache: Display: Loaded Boot cache: C:/Users/sethg/AppData/Local/UnrealEngine/4.25/DerivedDataCache/Boot.ddc
[2021.04.15-16.54.52:234][  0]LogDerivedDataCache: FDerivedDataBackendGraph:  Pak pak cache file C:/Users/sethg/Desktop/High Level Development II/W21_GAM1528_NoNameYet/TowerDefence/DerivedDataCache/DDC.ddp not found, will not use a pak cache.
[2021.04.15-16.54.52:234][  0]LogDerivedDataCache: Unable to find inner node Pak for hierarchical cache Hierarchy.
[2021.04.15-16.54.52:235][  0]LogDerivedDataCache: FDerivedDataBackendGraph:  CompressedPak pak cache file C:/Users/sethg/Desktop/High Level Development II/W21_GAM1528_NoNameYet/TowerDefence/DerivedDataCache/Compressed.ddp not found, will not use a pak cache.
[2021.04.15-16.54.52:235][  0]LogDerivedDataCache: Unable to find inner node CompressedPak for hierarchical cache Hierarchy.
[2021.04.15-16.54.52:245][  0]LogDerivedDataCache: Display: Pak cache opened for reading ../../../Engine/DerivedDataCache/Compressed.ddp.
[2021.04.15-16.54.52:246][  0]LogDerivedDataCache: FDerivedDataBackendGraph:  EnterprisePak pak cache file ../../../Enterprise/DerivedDataCache/Compressed.ddp not found, will not use a pak cache.
[2021.04.15-16.54.52:246][  0]LogDerivedDataCache: Unable to find inner node EnterprisePak for hierarchical cache Hierarchy.
[2021.04.15-16.54.52:251][  0]LogDerivedDataCache: Using Local data cache path C:/Users/sethg/AppData/Local/UnrealEngine/Common/DerivedDataCache: Writable
[2021.04.15-16.54.52:251][  0]LogDerivedDataCache: Shared data cache path not found in *engine.ini, will not use an Shared cache.
[2021.04.15-16.54.52:252][  0]LogDerivedDataCache: Unable to find inner node Shared for hierarchical cache Hierarchy.
[2021.04.15-16.54.52:301][  0]LogSlate: Using FreeType 2.10.0
[2021.04.15-16.54.52:302][  0]LogSlate: SlateFontServices - WITH_FREETYPE: 1, WITH_HARFBUZZ: 1
[2021.04.15-16.54.52:336][  0]LogAssetRegistry: FAssetRegistry took 0.0053 seconds to start up
[2021.04.15-16.54.52:571][  0]LogInit: Selected Device Profile: [Windows]
[2021.04.15-16.54.52:719][  0]LogMeshReduction: Using QuadricMeshReduction for automatic static mesh reduction
[2021.04.15-16.54.52:719][  0]LogMeshReduction: Using SimplygonMeshReduction for automatic skeletal mesh reduction
[2021.04.15-16.54.52:719][  0]LogMeshReduction: Using ProxyLODMeshReduction for automatic mesh merging
[2021.04.15-16.54.52:719][  0]LogMeshReduction: No distributed automatic mesh merging module available
[2021.04.15-16.54.52:719][  0]LogMeshMerging: No distributed automatic mesh merging module available
[2021.04.15-16.54.52:737][  0]LogNetVersion: TowerDefence 1.0.0, NetCL: 13144385, EngineNetVer: 14, GameNetVer: 0 (Checksum: 2510641227)
[2021.04.15-16.54.53:215][  0]LogAISub: UAISubsystem::UAISubsystem AISubsystem (000001AF43F7C380), frame # 0
[2021.04.15-16.54.53:215][  0]LogAISub: UAISubsystem::UAISubsystem AIPerceptionSystem (000001AF43EABD80), frame # 0
[2021.04.15-16.54.53:217][  0]LogAISub: UAISubsystem::UAISubsystem EnvQueryManager (000001AF43F2CA00), frame # 0
[2021.04.15-16.54.53:282][  0]LogPackageLocalizationCache: Processed 19 localized package path(s) for 1 prioritized culture(s) in 0.058057 seconds
[2021.04.15-16.54.53:289][  0]LogUObjectArray: 15917 objects as part of root set at end of initial load.
[2021.04.15-16.54.53:289][  0]LogUObjectAllocator: 3965568 out of 0 bytes used by permanent object pool.
[2021.04.15-16.54.53:289][  0]LogUObjectArray: CloseDisregardForGC: 0/0 objects in disregard for GC pool
[2021.04.15-16.54.53:930][  0]LogTcpMessaging: Initializing TcpMessaging bridge
[2021.04.15-16.54.53:939][  0]LogUdpMessaging: Initializing bridge on interface 0.0.0.0:0 to multicast group 230.0.0.1:6666.
[2021.04.15-16.54.54:275][  0]SourceControl: Source control is disabled
[2021.04.15-16.54.54:275][  0]SourceControl: Source control is disabled
[2021.04.15-16.54.54:282][  0]SourceControl: Source control is disabled
[2021.04.15-16.54.54:290][  0]SourceControl: Source control is disabled
[2021.04.15-16.54.54:302][  0]SourceControl: Source control is disabled
[2021.04.15-16.54.54:697][  0]LogAndroidPermission: UAndroidPermissionCallbackProxy::GetInstance
[2021.04.15-16.54.54:731][  0]LogAudioCaptureCore: Display: No Audio Capture implementations found. Audio input will be silent.
[2021.04.15-16.54.54:731][  0]LogAudioCaptureCore: Display: No Audio Capture implementations found. Audio input will be silent.
[2021.04.15-16.54.54:796][  0]LogOcInput: OculusInput pre-init called
[2021.04.15-16.54.54:811][  0]LogWindows: Failed to load 'OVRPlugin.dll' (GetLastError=126)
[2021.04.15-16.54.54:811][  0]LogWindows: File 'OVRPlugin.dll' does not exist
[2021.04.15-16.54.54:896][  0]LogEngine: Initializing Engine...
[2021.04.15-16.54.54:898][  0]LogHMD: Failed to initialize OpenVR with code 110
[2021.04.15-16.54.54:898][  0]LogMagicLeap: Warning: VR disabled because ZI is not enabled.  To enable, in the editor, Edit -> Project Settings -> Plugins -> Magic Leap Plugin -> Enable Zero Iteration
[2021.04.15-16.54.54:899][  0]LogStats: UGameplayTagsManager::InitializeManager -  0.000 s
[2021.04.15-16.54.55:020][  0]LogInit: Initializing FReadOnlyCVARCache
[2021.04.15-16.54.55:029][  0]LogAIModule: Creating AISystem for world Untitled
[2021.04.15-16.54.55:030][  0]LogAISub: UAISubsystem::UAISubsystem EnvQueryManager (000001AF46505800), frame # 0
[2021.04.15-16.54.55:030][  0]LogAISub: UAISubsystem::UAISubsystem AIPerceptionSystem (000001AF4651E840), frame # 0
[2021.04.15-16.54.55:054][  0]LogAudioMixer: Display: Audio Mixer Platform Settings:
[2021.04.15-16.54.55:055][  0]LogAudioMixer: Display: 	Sample Rate:						  48000
[2021.04.15-16.54.55:055][  0]LogAudioMixer: Display: 	Callback Buffer Frame Size Requested: 1024
[2021.04.15-16.54.55:055][  0]LogAudioMixer: Display: 	Callback Buffer Frame Size To Use:	  1024
[2021.04.15-16.54.55:055][  0]LogAudioMixer: Display: 	Number of buffers to queue:			  2
[2021.04.15-16.54.55:055][  0]LogAudioMixer: Display: 	Max Channels (voices):				  32
[2021.04.15-16.54.55:055][  0]LogAudioMixer: Display: 	Number of Async Source Workers:		  0
[2021.04.15-16.54.55:055][  0]LogAudio: Display: AudioDevice MaxSources: 32
[2021.04.15-16.54.55:056][  0]LogAudio: Display: Using built-in audio occlusion.
[2021.04.15-16.54.55:056][  0]LogAudioMixer: Display: Initializing audio mixer.
[2021.04.15-16.54.55:077][  0]LogAudioMixer: Display: 0: FrontLeft
[2021.04.15-16.54.55:077][  0]LogAudioMixer: Display: 1: FrontRight
[2021.04.15-16.54.55:188][  0]LogAudioMixer: Display: Using Audio Device Speakers (Realtek(R) Audio)
[2021.04.15-16.54.55:194][  0]LogAudioMixer: Display: Initializing Sound Submixes...
[2021.04.15-16.54.55:197][  0]LogAudioMixer: Display: Creating Master Submix 'MasterSubmixDefault'
[2021.04.15-16.54.55:197][  0]LogAudioMixer: Display: Creating Master Submix 'MasterReverbSubmixDefault'
[2021.04.15-16.54.55:198][  0]LogAudioMixer: Display: Creating Master Submix 'MasterEQSubmixDefault'
[2021.04.15-16.54.55:200][  0]LogInit: FAudioDevice initialized.
[2021.04.15-16.54.55:201][  0]LogNetVersion: Set ProjectVersion to 1.0.0.0. Version Checksum will be recalculated on next use.
[2021.04.15-16.54.55:252][  0]LogDerivedDataCache: Saved boot cache 0.05s 75MB C:/Users/sethg/AppData/Local/UnrealEngine/4.25/DerivedDataCache/Boot.ddc.
[2021.04.15-16.54.55:253][  0]LogInit: Texture streaming: Enabled
[2021.04.15-16.54.55:282][  0]LogEngineSessionManager: EngineSessionManager initialized
[2021.04.15-16.54.55:282][  0]LogEngineSessionManager: EngineSessionManager sent abnormal shutdown report. Type=Debugger, SessionId={612E0412-486E-E1D3-4169-3295D70745DE}
[2021.04.15-16.54.55:282][  0]LogEditorSessionSummary: Verbose: Initializing EditorSessionSummaryWriter for editor session tracking
[2021.04.15-16.54.55:289][  0]LogEditorSessionSummary: EditorSessionSummaryWriter initialized
[2021.04.15-16.54.55:334][  0]LogInit: Transaction tracking system initialized
[2021.04.15-16.54.55:377][  0]BlueprintLog: New page: Editor Load
[2021.04.15-16.54.55:515][  0]LocalizationService: Localization service is disabled
[2021.04.15-16.54.55:743][  0]LogCook: Display: Max memory allowance for cook 16384mb min free memory 0mb
[2021.04.15-16.54.55:744][  0]LogCook: Display: Mobile HDR setting 1
[2021.04.15-16.54.55:957][  0]LogFileCache: Scanning file cache for directory 'C:/Users/sethg/Desktop/High Level Development II/W21_GAM1528_NoNameYet/TowerDefence/Content/' took 0.01s
[2021.04.15-16.54.56:224][  0]SourceControl: Source control is disabled
[2021.04.15-16.54.56:224][  0]LogUnrealEdMisc: Loading editor; pre map load, took 9.394
[2021.04.15-16.54.56:224][  0]Cmd: MAP LOAD FILE="C:/Users/sethg/Desktop/High Level Development II/W21_GAM1528_NoNameYet/TowerDefence/Content/Maps/Test.umap" TEMPLATE=0 SHOWPROGRESS=1 FEATURELEVEL=3
[2021.04.15-16.54.56:225][  0]LightingResults: New page: Lighting Build
[2021.04.15-16.54.56:226][  0]LogWorld: UWorld::CleanupWorld for Untitled, bSessionEnded=true, bCleanupResources=true
[2021.04.15-16.54.56:226][  0]LogSlate: InvalidateAllWidgets triggered.  All widgets were invalidated
[2021.04.15-16.54.56:227][  0]MapCheck: New page: Map Check
[2021.04.15-16.54.56:227][  0]LightingResults: New page: Lighting Build
[2021.04.15-16.54.56:239][  0]LogAISub: UAISubsystem::~UAISubsystem EnvQueryManager (000001AF46505800), frame # 0
[2021.04.15-16.54.56:239][  0]LogAISub: UAISubsystem::~UAISubsystem AIPerceptionSystem (000001AF4651E840), frame # 0
[2021.04.15-16.54.56:240][  0]LogUObjectHash: Compacting FUObjectHashTables data took   0.69ms
[2021.04.15-16.54.56:272][  0]LogLinker: Warning: While loading 'C:/Users/sethg/Desktop/High Level Development II/W21_GAM1528_NoNameYet/TowerDefence/Content/Assets/Models/Troop_melee/troop_melee.uasset' failed to load '/Game/Assets/Models/Troop_melee/Material_001': Can't find file.
[2021.04.15-16.54.56:272][  0]LogLinker: Warning: While loading 'C:/Users/sethg/Desktop/High Level Development II/W21_GAM1528_NoNameYet/TowerDefence/Content/Assets/Models/Troop_melee/troop_melee.uasset' failed to load '/Game/Assets/Models/Troop_melee/Material_001': Can't find file.
[2021.04.15-16.54.56:272][  0]LogLinker: Warning: While loading 'C:/Users/sethg/Desktop/High Level Development II/W21_GAM1528_NoNameYet/TowerDefence/Content/Assets/Models/Troop_melee/troop_melee.uasset' failed to load '/Game/Assets/Models/Troop_melee/wire_087225087_002': Can't find file.
[2021.04.15-16.54.56:273][  0]LogLinker: Warning: While loading 'C:/Users/sethg/Desktop/High Level Development II/W21_GAM1528_NoNameYet/TowerDefence/Content/Assets/Models/Troop_melee/troop_melee.uasset' failed to load '/Game/Assets/Models/Troop_melee/wire_087225087_002': Can't find file.
[2021.04.15-16.54.56:273][  0]LogLinker: Warning: While loading 'C:/Users/sethg/Desktop/High Level Development II/W21_GAM1528_NoNameYet/TowerDefence/Content/Assets/Models/Troop_melee/troop_melee.uasset' failed to load '/Game/Assets/Models/Troop_melee/wire_177028149_002': Can't find file.
[2021.04.15-16.54.56:273][  0]LogLinker: Warning: While loading 'C:/Users/sethg/Desktop/High Level Development II/W21_GAM1528_NoNameYet/TowerDefence/Content/Assets/Models/Troop_melee/troop_melee.uasset' failed to load '/Game/Assets/Models/Troop_melee/wire_177028149_002': Can't find file.
[2021.04.15-16.54.56:274][  0]LogLinker: Warning: While loading 'C:/Users/sethg/Desktop/High Level Development II/W21_GAM1528_NoNameYet/TowerDefence/Content/Assets/Models/Troop_melee/troop_melee.uasset' failed to load '/Game/Assets/Models/Troop_melee/Material_001': Can't find file.
[2021.04.15-16.54.56:274][  0]LogLinker: Warning: While loading 'C:/Users/sethg/Desktop/High Level Development II/W21_GAM1528_NoNameYet/TowerDefence/Content/Assets/Models/Troop_melee/troop_melee.uasset' failed to load '/Game/Assets/Models/Troop_melee/Material_001': Can't find file.
[2021.04.15-16.54.56:275][  0]LogLinker: Warning: While loading 'C:/Users/sethg/Desktop/High Level Development II/W21_GAM1528_NoNameYet/TowerDefence/Content/Assets/Models/Troop_melee/troop_melee.uasset' failed to load '/Game/Assets/Models/Troop_melee/wire_087225087_002': Can't find file.
[2021.04.15-16.54.56:276][  0]LogLinker: Warning: While loading 'C:/Users/sethg/Desktop/High Level Development II/W21_GAM1528_NoNameYet/TowerDefence/Content/Assets/Models/Troop_melee/troop_melee.uasset' failed to load '/Game/Assets/Models/Troop_melee/wire_087225087_002': Can't find file.
[2021.04.15-16.54.56:276][  0]LogLinker: Warning: While loading 'C:/Users/sethg/Desktop/High Level Development II/W21_GAM1528_NoNameYet/TowerDefence/Content/Assets/Models/Troop_melee/troop_melee.uasset' failed to load '/Game/Assets/Models/Troop_melee/wire_177028149_002': Can't find file.
[2021.04.15-16.54.56:276][  0]LogLinker: Warning: While loading 'C:/Users/sethg/Desktop/High Level Development II/W21_GAM1528_NoNameYet/TowerDefence/Content/Assets/Models/Troop_melee/troop_melee.uasset' failed to load '/Game/Assets/Models/Troop_melee/wire_177028149_002': Can't find file.
[2021.04.15-16.54.56:423][  0]LogLinker: Warning: While loading 'C:/Users/sethg/Desktop/High Level Development II/W21_GAM1528_NoNameYet/TowerDefence/Content/StarterContent/Materials/M_Brick_Clay_Beveled.uasset' failed to load '/Game/StarterContent/Textures/T_Brick_Clay_Beveled_D': Can't find file.
[2021.04.15-16.54.56:424][  0]LogLinker: Warning: While loading 'C:/Users/sethg/Desktop/High Level Development II/W21_GAM1528_NoNameYet/TowerDefence/Content/StarterContent/Materials/M_Brick_Clay_Beveled.uasset' failed to load '/Game/StarterContent/Textures/T_Brick_Clay_Beveled_D': Can't find file.
[2021.04.15-16.54.56:424][  0]LogLinker: Warning: While loading 'C:/Users/sethg/Desktop/High Level Development II/W21_GAM1528_NoNameYet/TowerDefence/Content/StarterContent/Materials/M_Brick_Clay_Beveled.uasset' failed to load '/Game/StarterContent/Textures/T_Brick_Clay_Beveled_M': Can't find file.
[2021.04.15-16.54.56:424][  0]LogLinker: Warning: While loading 'C:/Users/sethg/Desktop/High Level Development II/W21_GAM1528_NoNameYet/TowerDefence/Content/StarterContent/Materials/M_Brick_Clay_Beveled.uasset' failed to load '/Game/StarterContent/Textures/T_Brick_Clay_Beveled_M': Can't find file.
[2021.04.15-16.54.56:425][  0]LogLinker: Warning: While loading 'C:/Users/sethg/Desktop/High Level Development II/W21_GAM1528_NoNameYet/TowerDefence/Content/StarterContent/Materials/M_Brick_Clay_Beveled.uasset' failed to load '/Game/StarterContent/Textures/T_Brick_Clay_Beveled_N': Can't find file.
[2021.04.15-16.54.56:425][  0]LogLinker: Warning: While loading 'C:/Users/sethg/Desktop/High Level Development II/W21_GAM1528_NoNameYet/TowerDefence/Content/StarterContent/Materials/M_Brick_Clay_Beveled.uasset' failed to load '/Game/StarterContent/Textures/T_Brick_Clay_Beveled_N': Can't find file.
[2021.04.15-16.54.56:426][  0]LogLinker: Warning: While loading 'C:/Users/sethg/Desktop/High Level Development II/W21_GAM1528_NoNameYet/TowerDefence/Content/StarterContent/Materials/M_Brick_Clay_Beveled.uasset' failed to load '/Game/StarterContent/Textures/T_Brick_Clay_Beveled_D': Can't find file.
[2021.04.15-16.54.56:426][  0]LogLinker: Warning: While loading 'C:/Users/sethg/Desktop/High Level Development II/W21_GAM1528_NoNameYet/TowerDefence/Content/StarterContent/Materials/M_Brick_Clay_Beveled.uasset' failed to load '/Game/StarterContent/Textures/T_Brick_Clay_Beveled_D': Can't find file.
[2021.04.15-16.54.56:426][  0]LogLinker: Warning: While loading 'C:/Users/sethg/Desktop/High Level Development II/W21_GAM1528_NoNameYet/TowerDefence/Content/StarterContent/Materials/M_Brick_Clay_Beveled.uasset' failed to load '/Game/StarterContent/Textures/T_Brick_Clay_Beveled_M': Can't find file.
[2021.04.15-16.54.56:427][  0]LogLinker: Warning: While loading 'C:/Users/sethg/Desktop/High Level Development II/W21_GAM1528_NoNameYet/TowerDefence/Content/StarterContent/Materials/M_Brick_Clay_Beveled.uasset' failed to load '/Game/StarterContent/Textures/T_Brick_Clay_Beveled_M': Can't find file.
[2021.04.15-16.54.56:427][  0]LogLinker: Warning: While loading 'C:/Users/sethg/Desktop/High Level Development II/W21_GAM1528_NoNameYet/TowerDefence/Content/StarterContent/Materials/M_Brick_Clay_Beveled.uasset' failed to load '/Game/StarterContent/Textures/T_Brick_Clay_Beveled_N': Can't find file.
[2021.04.15-16.54.56:427][  0]LogLinker: Warning: While loading 'C:/Users/sethg/Desktop/High Level Development II/W21_GAM1528_NoNameYet/TowerDefence/Content/StarterContent/Materials/M_Brick_Clay_Beveled.uasset' failed to load '/Game/StarterContent/Textures/T_Brick_Clay_Beveled_N': Can't find file.
[2021.04.15-16.54.56:436][  0]LogLinker: Warning: While loading 'C:/Users/sethg/Desktop/High Level Development II/W21_GAM1528_NoNameYet/TowerDefence/Content/Assets/Models/Troop_melee/troop_melee.uasset' failed to load '/Game/Assets/Models/Troop_melee/wire_087225087_002': Can't find file.
[2021.04.15-16.54.56:436][  0]LoadErrors: Failed to load /Game/Assets/Models/Troop_melee/wire_087225087_002.wire_087225087_002 Referenced by troop_melee
[2021.04.15-16.54.56:436][  0]LogLinker: Warning: While loading 'C:/Users/sethg/Desktop/High Level Development II/W21_GAM1528_NoNameYet/TowerDefence/Content/Assets/Models/Troop_melee/troop_melee.uasset' failed to load '/Game/Assets/Models/Troop_melee/wire_087225087_002': Can't find file.
[2021.04.15-16.54.56:437][  0]LoadErrors: Failed to load /Game/Assets/Models/Troop_melee/wire_087225087_002.wire_087225087_002 Referenced by troop_melee
[2021.04.15-16.54.56:437][  0]LogLinker: Warning: While loading 'C:/Users/sethg/Desktop/High Level Development II/W21_GAM1528_NoNameYet/TowerDefence/Content/Assets/Models/Troop_melee/troop_melee.uasset' failed to load '/Game/Assets/Models/Troop_melee/wire_177028149_002': Can't find file.
[2021.04.15-16.54.56:437][  0]LoadErrors: Failed to load /Game/Assets/Models/Troop_melee/wire_177028149_002.wire_177028149_002 Referenced by troop_melee
[2021.04.15-16.54.56:438][  0]LogLinker: Warning: While loading 'C:/Users/sethg/Desktop/High Level Development II/W21_GAM1528_NoNameYet/TowerDefence/Content/Assets/Models/Troop_melee/troop_melee.uasset' failed to load '/Game/Assets/Models/Troop_melee/wire_177028149_002': Can't find file.
[2021.04.15-16.54.56:438][  0]LoadErrors: Failed to load /Game/Assets/Models/Troop_melee/wire_177028149_002.wire_177028149_002 Referenced by troop_melee
[2021.04.15-16.54.56:438][  0]LogLinker: Warning: While loading 'C:/Users/sethg/Desktop/High Level Development II/W21_GAM1528_NoNameYet/TowerDefence/Content/Assets/Models/Troop_melee/troop_melee.uasset' failed to load '/Game/Assets/Models/Troop_melee/Material_001': Can't find file.
[2021.04.15-16.54.56:438][  0]LoadErrors: Failed to load /Game/Assets/Models/Troop_melee/Material_001.Material_001 Referenced by troop_melee
[2021.04.15-16.54.56:439][  0]LogLinker: Warning: While loading 'C:/Users/sethg/Desktop/High Level Development II/W21_GAM1528_NoNameYet/TowerDefence/Content/Assets/Models/Troop_melee/troop_melee.uasset' failed to load '/Game/Assets/Models/Troop_melee/Material_001': Can't find file.
[2021.04.15-16.54.56:439][  0]LoadErrors: Failed to load /Game/Assets/Models/Troop_melee/Material_001.Material_001 Referenced by troop_melee
[2021.04.15-16.54.56:458][  0]LogLinker: Warning: While loading 'C:/Users/sethg/Desktop/High Level Development II/W21_GAM1528_NoNameYet/TowerDefence/Content/StarterContent/Materials/M_Brick_Clay_Beveled.uasset' failed to load '/Game/StarterContent/Textures/T_Brick_Clay_Beveled_N': Can't find file.
[2021.04.15-16.54.56:459][  0]LoadErrors: Failed to load /Game/StarterContent/Textures/T_Brick_Clay_Beveled_N.T_Brick_Clay_Beveled_N Referenced by MaterialExpressionTextureSample_1
[2021.04.15-16.54.56:459][  0]LogLinker: Warning: While loading 'C:/Users/sethg/Desktop/High Level Development II/W21_GAM1528_NoNameYet/TowerDefence/Content/StarterContent/Materials/M_Brick_Clay_Beveled.uasset' failed to load '/Game/StarterContent/Textures/T_Brick_Clay_Beveled_N': Can't find file.
[2021.04.15-16.54.56:459][  0]LoadErrors: Failed to load /Game/StarterContent/Textures/T_Brick_Clay_Beveled_N.T_Brick_Clay_Beveled_N Referenced by MaterialExpressionTextureSample_1
[2021.04.15-16.54.56:460][  0]LogLinker: Warning: While loading 'C:/Users/sethg/Desktop/High Level Development II/W21_GAM1528_NoNameYet/TowerDefence/Content/StarterContent/Materials/M_Brick_Clay_Beveled.uasset' failed to load '/Game/StarterContent/Textures/T_Brick_Clay_Beveled_M': Can't find file.
[2021.04.15-16.54.56:460][  0]LoadErrors: Failed to load /Game/StarterContent/Textures/T_Brick_Clay_Beveled_M.T_Brick_Clay_Beveled_M Referenced by MaterialExpressionTextureSample_2
[2021.04.15-16.54.56:460][  0]LogLinker: Warning: While loading 'C:/Users/sethg/Desktop/High Level Development II/W21_GAM1528_NoNameYet/TowerDefence/Content/StarterContent/Materials/M_Brick_Clay_Beveled.uasset' failed to load '/Game/StarterContent/Textures/T_Brick_Clay_Beveled_M': Can't find file.
[2021.04.15-16.54.56:460][  0]LoadErrors: Failed to load /Game/StarterContent/Textures/T_Brick_Clay_Beveled_M.T_Brick_Clay_Beveled_M Referenced by MaterialExpressionTextureSample_2
[2021.04.15-16.54.56:460][  0]LogLinker: Warning: While loading 'C:/Users/sethg/Desktop/High Level Development II/W21_GAM1528_NoNameYet/TowerDefence/Content/StarterContent/Materials/M_Brick_Clay_Beveled.uasset' failed to load '/Game/StarterContent/Textures/T_Brick_Clay_Beveled_D': Can't find file.
[2021.04.15-16.54.56:461][  0]LoadErrors: Failed to load /Game/StarterContent/Textures/T_Brick_Clay_Beveled_D.T_Brick_Clay_Beveled_D Referenced by MaterialExpressionTextureSample_4
[2021.04.15-16.54.56:461][  0]LogLinker: Warning: While loading 'C:/Users/sethg/Desktop/High Level Development II/W21_GAM1528_NoNameYet/TowerDefence/Content/StarterContent/Materials/M_Brick_Clay_Beveled.uasset' failed to load '/Game/StarterContent/Textures/T_Brick_Clay_Beveled_D': Can't find file.
[2021.04.15-16.54.56:461][  0]LoadErrors: Failed to load /Game/StarterContent/Textures/T_Brick_Clay_Beveled_D.T_Brick_Clay_Beveled_D Referenced by MaterialExpressionTextureSample_4
[2021.04.15-16.54.56:461][  0]LogLinker: Warning: While loading 'C:/Users/sethg/Desktop/High Level Development II/W21_GAM1528_NoNameYet/TowerDefence/Content/StarterContent/Materials/M_Brick_Clay_Beveled.uasset' failed to load '/Game/StarterContent/Textures/T_Brick_Clay_Beveled_D': Can't find file.
[2021.04.15-16.54.56:461][  0]LoadErrors: Failed to load /Game/StarterContent/Textures/T_Brick_Clay_Beveled_D.T_Brick_Clay_Beveled_D Referenced by MaterialExpressionTextureSample_5
[2021.04.15-16.54.56:462][  0]LogLinker: Warning: While loading 'C:/Users/sethg/Desktop/High Level Development II/W21_GAM1528_NoNameYet/TowerDefence/Content/StarterContent/Materials/M_Brick_Clay_Beveled.uasset' failed to load '/Game/StarterContent/Textures/T_Brick_Clay_Beveled_D': Can't find file.
[2021.04.15-16.54.56:462][  0]LoadErrors: Failed to load /Game/StarterContent/Textures/T_Brick_Clay_Beveled_D.T_Brick_Clay_Beveled_D Referenced by MaterialExpressionTextureSample_5
[2021.04.15-16.54.56:514][  0]LogMaterial: Display: Missing cached shader map for material M_Brick_Clay_Beveled, compiling. 
[2021.04.15-16.54.56:515][  0]LogMaterial: Warning: C:\Users\sethg\Desktop\High Level Development II\W21_GAM1528_NoNameYet\TowerDefence\Content\StarterContent\Materials\M_Brick_Clay_Beveled.uasset: Failed to compile Material for platform PCD3D_SM5, Default Material will be used in game.
[2021.04.15-16.54.56:516][  0]LogMaterial: Display: 	(Node TextureSample) Texture Sample> Missing input texture
[2021.04.15-16.54.56:522][  0]LogAIModule: Creating AISystem for world Test
[2021.04.15-16.54.56:523][  0]LogAISub: UAISubsystem::UAISubsystem EnvQueryManager (000001AF38B47E00), frame # 0
[2021.04.15-16.54.56:523][  0]LogAISub: UAISubsystem::UAISubsystem AIPerceptionSystem (000001AF38C9D080), frame # 0
[2021.04.15-16.54.56:533][  0]LogEditorServer: Finished looking for orphan Actors (0.000 secs)
[2021.04.15-16.54.56:552][  0]LogUObjectHash: Compacting FUObjectHashTables data took   1.02ms
[2021.04.15-16.54.56:553][  0]Cmd: MAP CHECKDEP NOCLEARLOG
[2021.04.15-16.54.56:553][  0]MapCheck: Map check complete: 0 Error(s), 0 Warning(s), took 0.221ms to complete.
[2021.04.15-16.54.56:554][  0]LogFileHelpers: Loading map 'Test' took 0.330
[2021.04.15-16.54.56:558][  0]LogUnrealEdMisc: Total Editor Startup Time, took 9.728
[2021.04.15-16.54.56:704][  0]LogSlate: Updating window title bar state: overlay mode, drag disabled, window buttons hidden, title bar hidden
[2021.04.15-16.54.56:715][  0]LogSlate: Updating window title bar state: overlay mode, drag disabled, window buttons hidden, title bar hidden
[2021.04.15-16.54.56:728][  0]LogSlate: Updating window title bar state: overlay mode, drag disabled, window buttons hidden, title bar hidden
[2021.04.15-16.54.56:736][  0]LogSlate: Updating window title bar state: overlay mode, drag disabled, window buttons hidden, title bar hidden
[2021.04.15-16.54.56:751][  0]LogCollectionManager: Loaded 0 collections in 0.002517 seconds
[2021.04.15-16.54.56:783][  0]LogFileCache: Scanning file cache for directory 'C:/Users/sethg/Desktop/High Level Development II/W21_GAM1528_NoNameYet/TowerDefence/Saved/Collections/' took 0.00s
[2021.04.15-16.54.56:784][  0]LogFileCache: Scanning file cache for directory 'C:/Users/sethg/Desktop/High Level Development II/W21_GAM1528_NoNameYet/TowerDefence/Content/Developers/sethg/Collections/' took 0.00s
[2021.04.15-16.54.56:784][  0]LogFileCache: Scanning file cache for directory 'C:/Users/sethg/Desktop/High Level Development II/W21_GAM1528_NoNameYet/TowerDefence/Content/Collections/' took 0.01s
[2021.04.15-16.54.56:784][  0]LogContentBrowser: Native class hierarchy populated in 0.0135 seconds. Added 3451 classes and 824 folders.
[2021.04.15-16.54.56:788][  0]LogContentBrowser: Native class hierarchy updated for 'WidgetCarousel' in 0.0010 seconds. Added 0 classes and 0 folders.
[2021.04.15-16.54.56:895][  0]LogContentBrowser: Native class hierarchy updated for 'AddContentDialog' in 0.0005 seconds. Added 0 classes and 0 folders.
[2021.04.15-16.54.56:896][  0]LogContentBrowser: Native class hierarchy updated for 'SceneOutliner' in 0.0005 seconds. Added 2 classes and 0 folders.
[2021.04.15-16.54.57:043][  0]LogSlate: Took 0.000842 seconds to synchronously load lazily loaded font '../../../Engine/Content/Slate/Fonts/Roboto-Regular.ttf' (155K)
[2021.04.15-16.54.57:046][  0]LogSlate: Took 0.000550 seconds to synchronously load lazily loaded font '../../../Engine/Content/Slate/Fonts/Roboto-Bold.ttf' (160K)
[2021.04.15-16.54.57:058][  0]LogSlate: Took 0.000373 seconds to synchronously load lazily loaded font '../../../Engine/Content/Editor/Slate/Fonts/FontAwesome.ttf' (139K)
[2021.04.15-16.54.57:158][  0]LogRenderer: Reallocating scene render targets to support 1088x536 Format 10 NumSamples 1 (Frame:1).
[2021.04.15-16.54.57:395][  0]LogContentBrowser: Native class hierarchy updated for 'HierarchicalLODOutliner' in 0.0007 seconds. Added 0 classes and 0 folders.
[2021.04.15-16.54.57:395][  0]LogLoad: (Engine Initialization) Total time: 10.56 seconds
[2021.04.15-16.54.57:395][  0]LogLoad: (Engine Initialization) Total Blueprint compile time: 0.00 seconds
[2021.04.15-16.54.57:444][  0]LogAssetRegistry: Asset discovery search completed in 5.1121 seconds
[2021.04.15-16.54.57:450][  0]LogCollectionManager: Fixed up redirectors for 0 collections in 0.000003 seconds (updated 0 objects)
[2021.04.15-16.54.57:452][  0]LogContentStreaming: Texture pool size now 1000 MB
[2021.04.15-16.54.57:575][  0]LogRenderer: Reallocating scene render targets to support 1088x552 Format 10 NumSamples 1 (Frame:3).
[2021.04.15-16.54.57:576][  0]LogSlate: Took 0.000322 seconds to synchronously load lazily loaded font '../../../Engine/Content/Slate/Fonts/Roboto-Light.ttf' (167K)
[2021.04.15-16.54.57:593][  0]LogSlate: Took 0.000616 seconds to synchronously load lazily loaded font '../../../Engine/Content/Slate/Fonts/DroidSansMono.ttf' (77K)
[2021.04.15-16.55.13:752][956]LogSlate: Window 'Message Log' being destroyed
[2021.04.15-16.55.13:759][956]LogSlate: Window 'Message Log' being destroyed
[2021.04.15-16.55.14:514][995]LogTemp: Repeating last play command: Selected Viewport
[2021.04.15-16.55.14:525][995]LogPlayLevel: PlayLevel: No blueprints needed recompiling
[2021.04.15-16.55.14:526][995]PIE: New page: PIE session: Test (Apr. 15, 2021, 8:55:14 a.m.)
[2021.04.15-16.55.14:528][995]LogOnline: OSS: Creating online subsystem instance for: NULL
[2021.04.15-16.55.14:531][995]LogOnline: OSS: TryLoadSubsystemAndSetDefault: Loaded subsystem for module [NULL]
[2021.04.15-16.55.14:531][995]LogPlayLevel: Creating play world package: /Game/Maps/UEDPIE_0_Test
[2021.04.15-16.55.14:535][995]LogPlayLevel: PIE: StaticDuplicateObject took: (0.003394s)
[2021.04.15-16.55.14:536][995]LogAIModule: Creating AISystem for world Test
[2021.04.15-16.55.14:536][995]LogAISub: UAISubsystem::UAISubsystem EnvQueryManager (000001AF710EB000), frame # 995
[2021.04.15-16.55.14:536][995]LogAISub: UAISubsystem::UAISubsystem AIPerceptionSystem (000001AF38B01D00), frame # 995
[2021.04.15-16.55.14:537][995]LogPlayLevel: PIE: World Init took: (0.001510s)
[2021.04.15-16.55.14:537][995]LogPlayLevel: PIE: Created PIE world by copying editor world from /Game/Maps/Test.Test to /Game/Maps/UEDPIE_0_Test.Test (0.005465s)
[2021.04.15-16.55.14:550][995]LogUObjectHash: Compacting FUObjectHashTables data took   0.77ms
[2021.04.15-16.55.14:552][995]LogAudioMixer: Display: Audio Mixer Platform Settings:
[2021.04.15-16.55.14:552][995]LogAudioMixer: Display: 	Sample Rate:						  48000
[2021.04.15-16.55.14:553][995]LogAudioMixer: Display: 	Callback Buffer Frame Size Requested: 1024
[2021.04.15-16.55.14:553][995]LogAudioMixer: Display: 	Callback Buffer Frame Size To Use:	  1024
[2021.04.15-16.55.14:553][995]LogAudioMixer: Display: 	Number of buffers to queue:			  2
[2021.04.15-16.55.14:553][995]LogAudioMixer: Display: 	Max Channels (voices):				  32
[2021.04.15-16.55.14:553][995]LogAudioMixer: Display: 	Number of Async Source Workers:		  0
[2021.04.15-16.55.14:553][995]LogAudio: Display: AudioDevice MaxSources: 32
[2021.04.15-16.55.14:554][995]LogAudio: Display: Using built-in audio occlusion.
[2021.04.15-16.55.14:554][995]LogAudioMixer: Display: Initializing audio mixer.
[2021.04.15-16.55.14:558][995]LogAudioMixer: Display: 0: FrontLeft
[2021.04.15-16.55.14:558][995]LogAudioMixer: Display: 1: FrontRight
[2021.04.15-16.55.14:617][995]LogAudioMixer: Display: Using Audio Device Speakers (Realtek(R) Audio)
[2021.04.15-16.55.14:618][995]LogAudioMixer: Display: Initializing Sound Submixes...
[2021.04.15-16.55.14:618][995]LogAudioMixer: Display: Creating Master Submix 'MasterSubmixDefault'
[2021.04.15-16.55.14:618][995]LogAudioMixer: Display: Creating Master Submix 'MasterReverbSubmixDefault'
[2021.04.15-16.55.14:618][995]LogAudioMixer: Display: Creating Master Submix 'MasterEQSubmixDefault'
[2021.04.15-16.55.14:634][995]LogInit: FAudioDevice initialized.
[2021.04.15-16.55.14:648][995]LogLoad: Game class is 'BP_GameMode_C'
[2021.04.15-16.55.14:651][995]LogWorld: Bringing World /Game/Maps/UEDPIE_0_Test.Test up for play (max tick rate 60) at 2021.04.15-12.55.14
[2021.04.15-16.55.14:652][995]LogWorld: Bringing up level for play took: 0.001420
[2021.04.15-16.55.14:652][995]LogOnline: OSS: Creating online subsystem instance for: :Context_5
[2021.04.15-16.55.14:656][995]LogContentBrowser: Native class hierarchy updated for 'MovieSceneCapture' in 0.0005 seconds. Added 20 classes and 0 folders.
[2021.04.15-16.55.14:658][995]PIE: Server logged in
[2021.04.15-16.55.14:659][995]PIE: Play in editor total start time 0.138 seconds.
[2021.04.15-16.55.55:086][ 17]LogTemp: Resetting audio stream to device id 
[2021.04.15-16.55.55:138][ 17]LogAudioMixer: Display: 0: FrontLeft
[2021.04.15-16.55.55:138][ 17]LogAudioMixer: Display: 1: FrontRight
[2021.04.15-16.55.55:200][ 17]LogTemp: Resetting audio stream to device id 
[2021.04.15-16.55.55:263][ 17]LogAudioMixer: Display: 0: FrontLeft
[2021.04.15-16.55.55:263][ 17]LogAudioMixer: Display: 1: FrontRight
[2021.04.15-16.55.58:520][123]LogSlate: Updating window title bar state: overlay mode, drag disabled, window buttons hidden, title bar hidden
[2021.04.15-16.55.58:522][123]LogWorld: BeginTearingDown for /Game/Maps/UEDPIE_0_Test
[2021.04.15-16.55.58:523][123]LogWorld: UWorld::CleanupWorld for Test, bSessionEnded=true, bCleanupResources=true
[2021.04.15-16.55.58:524][123]LogSlate: InvalidateAllWidgets triggered.  All widgets were invalidated
[2021.04.15-16.55.58:541][123]LogPlayLevel: Display: Shutting down PIE online subsystems
[2021.04.15-16.55.58:546][123]LogSlate: InvalidateAllWidgets triggered.  All widgets were invalidated
[2021.04.15-16.55.58:608][123]LogSlate: Updating window title bar state: overlay mode, drag disabled, window buttons hidden, title bar hidden
[2021.04.15-16.55.58:609][123]LogAISub: UAISubsystem::~UAISubsystem AIPerceptionSystem (000001AF38B01D00), frame # 1123
[2021.04.15-16.55.58:609][123]LogAISub: UAISubsystem::~UAISubsystem EnvQueryManager (000001AF710EB000), frame # 1123
[2021.04.15-16.55.58:610][123]LogUObjectHash: Compacting FUObjectHashTables data took   0.67ms
[2021.04.15-16.55.58:631][124]LogPlayLevel: Display: Destroying online subsystem :Context_5
[2021.04.15-16.55.59:225][150]LogTemp: Repeating last play command: Selected Viewport
[2021.04.15-16.55.59:236][150]LogPlayLevel: PlayLevel: No blueprints needed recompiling
[2021.04.15-16.55.59:236][150]PIE: New page: PIE session: Test (Apr. 15, 2021, 8:55:59 a.m.)
[2021.04.15-16.55.59:237][150]LogPlayLevel: Creating play world package: /Game/Maps/UEDPIE_0_Test
[2021.04.15-16.55.59:240][150]LogPlayLevel: PIE: StaticDuplicateObject took: (0.003272s)
[2021.04.15-16.55.59:241][150]LogAIModule: Creating AISystem for world Test
[2021.04.15-16.55.59:241][150]LogAISub: UAISubsystem::UAISubsystem EnvQueryManager (000001AF70B52A00), frame # 1150
[2021.04.15-16.55.59:242][150]LogAISub: UAISubsystem::UAISubsystem AIPerceptionSystem (000001AF369B20C0), frame # 1150
[2021.04.15-16.55.59:242][150]LogPlayLevel: PIE: World Init took: (0.001606s)
[2021.04.15-16.55.59:242][150]LogPlayLevel: PIE: Created PIE world by copying editor world from /Game/Maps/Test.Test to /Game/Maps/UEDPIE_0_Test.Test (0.005307s)
[2021.04.15-16.55.59:253][150]LogUObjectHash: Compacting FUObjectHashTables data took   0.76ms
[2021.04.15-16.55.59:255][150]LogAudioMixer: Display: Audio Mixer Platform Settings:
[2021.04.15-16.55.59:255][150]LogAudioMixer: Display: 	Sample Rate:						  48000
[2021.04.15-16.55.59:255][150]LogAudioMixer: Display: 	Callback Buffer Frame Size Requested: 1024
[2021.04.15-16.55.59:256][150]LogAudioMixer: Display: 	Callback Buffer Frame Size To Use:	  1024
[2021.04.15-16.55.59:256][150]LogAudioMixer: Display: 	Number of buffers to queue:			  2
[2021.04.15-16.55.59:256][150]LogAudioMixer: Display: 	Max Channels (voices):				  32
[2021.04.15-16.55.59:256][150]LogAudioMixer: Display: 	Number of Async Source Workers:		  0
[2021.04.15-16.55.59:256][150]LogAudio: Display: AudioDevice MaxSources: 32
[2021.04.15-16.55.59:257][150]LogAudio: Display: Using built-in audio occlusion.
[2021.04.15-16.55.59:257][150]LogAudioMixer: Display: Initializing audio mixer.
[2021.04.15-16.55.59:260][150]LogAudioMixer: Display: 0: FrontLeft
[2021.04.15-16.55.59:260][150]LogAudioMixer: Display: 1: FrontRight
[2021.04.15-16.55.59:322][150]LogAudioMixer: Display: Using Audio Device Speakers (Realtek(R) Audio)
[2021.04.15-16.55.59:322][150]LogAudioMixer: Display: Initializing Sound Submixes...
[2021.04.15-16.55.59:322][150]LogAudioMixer: Display: Creating Master Submix 'MasterSubmixDefault'
[2021.04.15-16.55.59:322][150]LogAudioMixer: Display: Creating Master Submix 'MasterReverbSubmixDefault'
[2021.04.15-16.55.59:323][150]LogAudioMixer: Display: Creating Master Submix 'MasterEQSubmixDefault'
[2021.04.15-16.55.59:339][150]LogInit: FAudioDevice initialized.
[2021.04.15-16.55.59:355][150]LogLoad: Game class is 'BP_GameMode_C'
[2021.04.15-16.55.59:357][150]LogWorld: Bringing World /Game/Maps/UEDPIE_0_Test.Test up for play (max tick rate 60) at 2021.04.15-12.55.59
[2021.04.15-16.55.59:357][150]LogWorld: Bringing up level for play took: 0.001318
[2021.04.15-16.55.59:358][150]LogOnline: OSS: Creating online subsystem instance for: :Context_6
[2021.04.15-16.55.59:363][150]PIE: Server logged in
[2021.04.15-16.55.59:364][150]PIE: Play in editor total start time 0.13 seconds.
[2021.04.15-16.56.03:156][356]LogSlate: Updating window title bar state: overlay mode, drag disabled, window buttons hidden, title bar hidden
[2021.04.15-16.56.03:157][356]LogWorld: BeginTearingDown for /Game/Maps/UEDPIE_0_Test
[2021.04.15-16.56.03:157][356]LogWorld: UWorld::CleanupWorld for Test, bSessionEnded=true, bCleanupResources=true
[2021.04.15-16.56.03:157][356]LogSlate: InvalidateAllWidgets triggered.  All widgets were invalidated
[2021.04.15-16.56.03:170][356]LogPlayLevel: Display: Shutting down PIE online subsystems
[2021.04.15-16.56.03:172][356]LogSlate: InvalidateAllWidgets triggered.  All widgets were invalidated
[2021.04.15-16.56.03:182][356]LogSlate: Updating window title bar state: overlay mode, drag disabled, window buttons hidden, title bar hidden
[2021.04.15-16.56.03:236][356]LogAISub: UAISubsystem::~UAISubsystem AIPerceptionSystem (000001AF369B20C0), frame # 1356
[2021.04.15-16.56.03:237][356]LogAISub: UAISubsystem::~UAISubsystem EnvQueryManager (000001AF70B52A00), frame # 1356
[2021.04.15-16.56.03:238][356]LogUObjectHash: Compacting FUObjectHashTables data took   0.58ms
[2021.04.15-16.56.03:267][357]LogPlayLevel: Display: Destroying online subsystem :Context_6
[2021.04.15-16.56.04:641][432]LogTemp: Repeating last play command: Selected Viewport
[2021.04.15-16.56.04:652][432]LogPlayLevel: PlayLevel: No blueprints needed recompiling
[2021.04.15-16.56.04:653][432]PIE: New page: PIE session: Test (Apr. 15, 2021, 8:56:04 a.m.)
[2021.04.15-16.56.04:653][432]LogPlayLevel: Creating play world package: /Game/Maps/UEDPIE_0_Test
[2021.04.15-16.56.04:657][432]LogPlayLevel: PIE: StaticDuplicateObject took: (0.003661s)
[2021.04.15-16.56.04:658][432]LogAIModule: Creating AISystem for world Test
[2021.04.15-16.56.04:658][432]LogAISub: UAISubsystem::UAISubsystem EnvQueryManager (000001AF710EAC00), frame # 1432
[2021.04.15-16.56.04:658][432]LogAISub: UAISubsystem::UAISubsystem AIPerceptionSystem (000001AF368BA840), frame # 1432
[2021.04.15-16.56.04:659][432]LogPlayLevel: PIE: World Init took: (0.001682s)
[2021.04.15-16.56.04:659][432]LogPlayLevel: PIE: Created PIE world by copying editor world from /Game/Maps/Test.Test to /Game/Maps/UEDPIE_0_Test.Test (0.005735s)
[2021.04.15-16.56.04:669][432]LogUObjectHash: Compacting FUObjectHashTables data took   0.53ms
[2021.04.15-16.56.04:669][432]LogAudioMixer: Display: Audio Mixer Platform Settings:
[2021.04.15-16.56.04:669][432]LogAudioMixer: Display: 	Sample Rate:						  48000
[2021.04.15-16.56.04:669][432]LogAudioMixer: Display: 	Callback Buffer Frame Size Requested: 1024
[2021.04.15-16.56.04:669][432]LogAudioMixer: Display: 	Callback Buffer Frame Size To Use:	  1024
[2021.04.15-16.56.04:670][432]LogAudioMixer: Display: 	Number of buffers to queue:			  2
[2021.04.15-16.56.04:670][432]LogAudioMixer: Display: 	Max Channels (voices):				  32
[2021.04.15-16.56.04:670][432]LogAudioMixer: Display: 	Number of Async Source Workers:		  0
[2021.04.15-16.56.04:670][432]LogAudio: Display: AudioDevice MaxSources: 32
[2021.04.15-16.56.04:670][432]LogAudio: Display: Using built-in audio occlusion.
[2021.04.15-16.56.04:671][432]LogAudioMixer: Display: Initializing audio mixer.
[2021.04.15-16.56.04:674][432]LogAudioMixer: Display: 0: FrontLeft
[2021.04.15-16.56.04:674][432]LogAudioMixer: Display: 1: FrontRight
[2021.04.15-16.56.04:734][432]LogAudioMixer: Display: Using Audio Device Speakers (Realtek(R) Audio)
[2021.04.15-16.56.04:734][432]LogAudioMixer: Display: Initializing Sound Submixes...
[2021.04.15-16.56.04:734][432]LogAudioMixer: Display: Creating Master Submix 'MasterSubmixDefault'
[2021.04.15-16.56.04:735][432]LogAudioMixer: Display: Creating Master Submix 'MasterReverbSubmixDefault'
[2021.04.15-16.56.04:735][432]LogAudioMixer: Display: Creating Master Submix 'MasterEQSubmixDefault'
[2021.04.15-16.56.04:750][432]LogInit: FAudioDevice initialized.
[2021.04.15-16.56.04:762][432]LogLoad: Game class is 'BP_GameMode_C'
[2021.04.15-16.56.04:764][432]LogWorld: Bringing World /Game/Maps/UEDPIE_0_Test.Test up for play (max tick rate 60) at 2021.04.15-12.56.04
[2021.04.15-16.56.04:764][432]LogWorld: Bringing up level for play took: 0.001434
[2021.04.15-16.56.04:764][432]LogOnline: OSS: Creating online subsystem instance for: :Context_7
[2021.04.15-16.56.04:769][432]PIE: Server logged in
[2021.04.15-16.56.04:769][432]PIE: Play in editor total start time 0.121 seconds.
[2021.04.15-16.56.10:236][752]LogSlate: Updating window title bar state: overlay mode, drag disabled, window buttons hidden, title bar hidden
[2021.04.15-16.56.10:237][752]LogWorld: BeginTearingDown for /Game/Maps/UEDPIE_0_Test
[2021.04.15-16.56.10:237][752]LogWorld: UWorld::CleanupWorld for Test, bSessionEnded=true, bCleanupResources=true
[2021.04.15-16.56.10:237][752]LogSlate: InvalidateAllWidgets triggered.  All widgets were invalidated
[2021.04.15-16.56.10:253][752]LogPlayLevel: Display: Shutting down PIE online subsystems
[2021.04.15-16.56.10:254][752]LogSlate: InvalidateAllWidgets triggered.  All widgets were invalidated
[2021.04.15-16.56.10:264][752]LogSlate: Updating window title bar state: overlay mode, drag disabled, window buttons hidden, title bar hidden
[2021.04.15-16.56.10:310][752]LogAISub: UAISubsystem::~UAISubsystem AIPerceptionSystem (000001AF368BA840), frame # 1752
[2021.04.15-16.56.10:310][752]LogAISub: UAISubsystem::~UAISubsystem EnvQueryManager (000001AF710EAC00), frame # 1752
[2021.04.15-16.56.10:311][752]LogUObjectHash: Compacting FUObjectHashTables data took   0.69ms
[2021.04.15-16.56.10:331][753]LogPlayLevel: Display: Destroying online subsystem :Context_7
[2021.04.15-16.56.14:481][996]LogEditorViewport: Clicking on Actor (LMB): BP_Player_C (BP_yPlayer)
[2021.04.15-16.56.20:705][332]LogTemp: Repeating last play command: Selected Viewport
[2021.04.15-16.56.20:724][332]LogPlayLevel: PlayLevel: No blueprints needed recompiling
[2021.04.15-16.56.20:724][332]PIE: New page: PIE session: Test (Apr. 15, 2021, 8:56:20 a.m.)
[2021.04.15-16.56.20:725][332]LogPlayLevel: Creating play world package: /Game/Maps/UEDPIE_0_Test
[2021.04.15-16.56.20:728][332]LogPlayLevel: PIE: StaticDuplicateObject took: (0.003562s)
[2021.04.15-16.56.20:730][332]LogAIModule: Creating AISystem for world Test
[2021.04.15-16.56.20:730][332]LogAISub: UAISubsystem::UAISubsystem EnvQueryManager (000001AF710E9A00), frame # 2332
[2021.04.15-16.56.20:730][332]LogAISub: UAISubsystem::UAISubsystem AIPerceptionSystem (000001AF36BBD800), frame # 2332
[2021.04.15-16.56.20:730][332]LogPlayLevel: PIE: World Init took: (0.001727s)
[2021.04.15-16.56.20:731][332]LogPlayLevel: PIE: Created PIE world by copying editor world from /Game/Maps/Test.Test to /Game/Maps/UEDPIE_0_Test.Test (0.005831s)
[2021.04.15-16.56.20:740][332]LogUObjectHash: Compacting FUObjectHashTables data took   0.57ms
[2021.04.15-16.56.20:743][332]LogAudioMixer: Display: Audio Mixer Platform Settings:
[2021.04.15-16.56.20:743][332]LogAudioMixer: Display: 	Sample Rate:						  48000
[2021.04.15-16.56.20:743][332]LogAudioMixer: Display: 	Callback Buffer Frame Size Requested: 1024
[2021.04.15-16.56.20:743][332]LogAudioMixer: Display: 	Callback Buffer Frame Size To Use:	  1024
[2021.04.15-16.56.20:743][332]LogAudioMixer: Display: 	Number of buffers to queue:			  2
[2021.04.15-16.56.20:744][332]LogAudioMixer: Display: 	Max Channels (voices):				  32
[2021.04.15-16.56.20:744][332]LogAudioMixer: Display: 	Number of Async Source Workers:		  0
[2021.04.15-16.56.20:744][332]LogAudio: Display: AudioDevice MaxSources: 32
[2021.04.15-16.56.20:745][332]LogAudio: Display: Using built-in audio occlusion.
[2021.04.15-16.56.20:745][332]LogAudioMixer: Display: Initializing audio mixer.
[2021.04.15-16.56.20:749][332]LogAudioMixer: Display: 0: FrontLeft
[2021.04.15-16.56.20:750][332]LogAudioMixer: Display: 1: FrontRight
[2021.04.15-16.56.20:821][332]LogAudioMixer: Display: Using Audio Device Speakers (Realtek(R) Audio)
[2021.04.15-16.56.20:821][332]LogAudioMixer: Display: Initializing Sound Submixes...
[2021.04.15-16.56.20:821][332]LogAudioMixer: Display: Creating Master Submix 'MasterSubmixDefault'
[2021.04.15-16.56.20:821][332]LogAudioMixer: Display: Creating Master Submix 'MasterReverbSubmixDefault'
[2021.04.15-16.56.20:822][332]LogAudioMixer: Display: Creating Master Submix 'MasterEQSubmixDefault'
[2021.04.15-16.56.20:836][332]LogInit: FAudioDevice initialized.
[2021.04.15-16.56.20:852][332]LogLoad: Game class is 'BP_GameMode_C'
[2021.04.15-16.56.20:855][332]LogWorld: Bringing World /Game/Maps/UEDPIE_0_Test.Test up for play (max tick rate 60) at 2021.04.15-12.56.20
[2021.04.15-16.56.20:855][332]LogWorld: Bringing up level for play took: 0.001367
[2021.04.15-16.56.20:855][332]LogOnline: OSS: Creating online subsystem instance for: :Context_8
[2021.04.15-16.56.20:860][332]PIE: Server logged in
[2021.04.15-16.56.20:861][332]PIE: Play in editor total start time 0.148 seconds.
[2021.04.15-16.56.31:276][945]LogSlate: Updating window title bar state: overlay mode, drag disabled, window buttons hidden, title bar hidden
[2021.04.15-16.56.31:277][945]LogWorld: BeginTearingDown for /Game/Maps/UEDPIE_0_Test
[2021.04.15-16.56.31:277][945]LogWorld: UWorld::CleanupWorld for Test, bSessionEnded=true, bCleanupResources=true
[2021.04.15-16.56.31:277][945]LogSlate: InvalidateAllWidgets triggered.  All widgets were invalidated
[2021.04.15-16.56.31:291][945]LogPlayLevel: Display: Shutting down PIE online subsystems
[2021.04.15-16.56.31:293][945]LogSlate: InvalidateAllWidgets triggered.  All widgets were invalidated
[2021.04.15-16.56.31:302][945]LogSlate: Updating window title bar state: overlay mode, drag disabled, window buttons hidden, title bar hidden
[2021.04.15-16.56.31:343][945]LogAISub: UAISubsystem::~UAISubsystem AIPerceptionSystem (000001AF36BBD800), frame # 2945
[2021.04.15-16.56.31:343][945]LogAISub: UAISubsystem::~UAISubsystem EnvQueryManager (000001AF710E9A00), frame # 2945
[2021.04.15-16.56.31:344][945]LogUObjectHash: Compacting FUObjectHashTables data took   0.87ms
[2021.04.15-16.56.31:390][946]LogPlayLevel: Display: Destroying online subsystem :Context_8
